    {
      "row_id": 313,
      "Channel": "Microsoft-Windows-Sysmon/Operational",
      "CommandLine": "wmic  process call create \\\"cmd.exe /c set __COMPAT_LAYER= && wscript.exe //E:jscript //nOloGo C:\\Users\\Public\\impl.js\\\"",
      "Company": "Microsoft Corporation",
      "Computer": "thaimx",
      "CurrentDirectory": "C:\\DATN1\\",
      "Description": "WMI Commandline Utility",
      "EventID": 1,
      "EventRecordID": 210750,
      "FileVersion": "10.0.26100.5074 (WinBuild.160101.0800)",
      "Guid": "5770385F-C22A-43E0-BF4C-06F5698FFBD9",
      "Hashes": "MD5=2E51DA7B69836CFEBCB3F9AA47C08266,SHA256=7C7F386BB7C70263FD835DC58791B6DD73FC6617C27751B5503DBA8D0CDDA690,IMPHASH=43C6BE584D77B658A53A9A5C606724DD",
      "IMPHASH": "43C6BE584D77B658A53A9A5C606724DD",
      "Image": "C:\\Windows\\System32\\wbem\\WMIC.exe",
      "IntegrityLevel": "High",
      "Keywords": "0x8000000000000000",
      "Level": 4,
      "LogonGuid": "20525DD1-B76B-6A2E-D0C3-010000000000",
      "LogonId": "0x1c3d0",
      "MD5": "2E51DA7B69836CFEBCB3F9AA47C08266",
      "Opcode": 0,
      "OriginalFileName": "wmic.exe",
      "OriginalLogfile": "t1204.002__t1204.002_012.evtx",
      "ParentCommandLine": "cmd.exe /c \"wmic process call create \\\"cmd.exe /c set __COMPAT_LAYER= && wscript.exe //E:jscript //nOloGo C:\\Users\\Public\\impl.js\\\"\"",
      "ParentImage": "C:\\Windows\\System32\\cmd.exe",
      "ParentProcessGuid": "20525DD1-E864-6A2E-EF13-000000002C00",
      "ParentProcessId": 11044,
      "ParentUser": "thaimx\\thaim",
      "ProcessGuid": "20525DD1-E864-6A2E-F013-000000002C00",
      "ProcessID": "3836",
      "Product": "Microsoft® Windows® Operating System",
      "Provider_Name": "Microsoft-Windows-Sysmon",
      "RuleName": "-",
      "SHA256": "7C7F386BB7C70263FD835DC58791B6DD73FC6617C27751B5503DBA8D0CDDA690",
      "SystemTime": "2026-06-14T17:44:04.981479Z",
      "Task": 1,
      "TerminalSessionId": 1,
      "ThreadID": 3864,
      "User": "thaimx\\thaim",
      "UserID": "S-1-5-18",
      "UtcTime": "2026-06-14 17:44:04.969",
      "Version": 5
    },
    {
      "row_id": 315,
      "Channel": "Microsoft-Windows-Sysmon/Operational",
      "CommandLine": "wmic  process call create \\\"cmd.exe -\\\"c\\\" set __COMPAT_LAYER= && wscript.exe /\\\"/E:jscript\\\" -\\\"/Nologo\\\" C:\\Users\\Public\\impl.js\\\"",
      "Company": "Microsoft Corporation",
      "Computer": "thaimx",
      "CurrentDirectory": "C:\\DATN1\\",
      "Description": "WMI Commandline Utility",
      "EventID": 1,
      "EventRecordID": 210802,
      "FileVersion": "10.0.26100.5074 (WinBuild.160101.0800)",
      "Guid": "5770385F-C22A-43E0-BF4C-06F5698FFBD9",
      "Hashes": "MD5=2E51DA7B69836CFEBCB3F9AA47C08266,SHA256=7C7F386BB7C70263FD835DC58791B6DD73FC6617C27751B5503DBA8D0CDDA690,IMPHASH=43C6BE584D77B658A53A9A5C606724DD",
      "IMPHASH": "43C6BE584D77B658A53A9A5C606724DD",
      "Image": "C:\\Windows\\System32\\wbem\\WMIC.exe",
      "IntegrityLevel": "High",
      "Keywords": "0x8000000000000000",
      "Level": 4,
      "LogonGuid": "20525DD1-B76B-6A2E-D0C3-010000000000",
      "LogonId": "0x1c3d0",
      "MD5": "2E51DA7B69836CFEBCB3F9AA47C08266",
      "Opcode": 0,
      "OriginalFileName": "wmic.exe",
      "OriginalLogfile": "t1204.002__t1204.002_013.evtx",
      "ParentCommandLine": "cmd.exe /c \"wmic process call create \\\"cmd.exe -\\\"c\\\" set __COMPAT_LAYER= && wscript.exe /\\\"/E:jscript\\\" -\\\"/Nologo\\\" C:\\Users\\Public\\impl.js\\\"\"",
      "ParentImage": "C:\\Windows\\System32\\cmd.exe",
      "ParentProcessGuid": "20525DD1-E87B-6A2E-0914-000000002C00",
      "ParentProcessId": 4668,
      "ParentUser": "thaimx\\thaim",
      "ProcessGuid": "20525DD1-E87B-6A2E-0A14-000000002C00",
      "ProcessID": "3836",
      "Product": "Microsoft® Windows® Operating System",
      "Provider_Name": "Microsoft-Windows-Sysmon",
      "RuleName": "-",
      "SHA256": "7C7F386BB7C70263FD835DC58791B6DD73FC6617C27751B5503DBA8D0CDDA690",
      "SystemTime": "2026-06-14T17:44:27.833641Z",
      "Task": 1,
      "TerminalSessionId": 1,
      "ThreadID": 3864,
      "User": "thaimx\\thaim",
      "UserID": "S-1-5-18",
      "UtcTime": "2026-06-14 17:44:27.829",
      "Version": 5
    },
    {
      "row_id": 317,
      "Channel": "Microsoft-Windows-Sysmon/Operational",
      "CommandLine": "wmic  process call create \\\"cmd.exe -\\\"c\\\" set __COMPAT_LAYER= && wscript.exe /\\\"/E:jscript\\\" //Nologo C:\\Users\\Public\\impl.js\\\"",
      "Company": "Microsoft Corporation",
      "Computer": "thaimx",
      "CurrentDirectory": "C:\\DATN1\\",
      "Description": "WMI Commandline Utility",
      "EventID": 1,
      "EventRecordID": 210846,
      "FileVersion": "10.0.26100.5074 (WinBuild.160101.0800)",
      "Guid": "5770385F-C22A-43E0-BF4C-06F5698FFBD9",
      "Hashes": "MD5=2E51DA7B69836CFEBCB3F9AA47C08266,SHA256=7C7F386BB7C70263FD835DC58791B6DD73FC6617C27751B5503DBA8D0CDDA690,IMPHASH=43C6BE584D77B658A53A9A5C606724DD",
      "IMPHASH": "43C6BE584D77B658A53A9A5C606724DD",
      "Image": "C:\\Windows\\System32\\wbem\\WMIC.exe",
      "IntegrityLevel": "High",
      "Keywords": "0x8000000000000000",
      "Level": 4,
      "LogonGuid": "20525DD1-B76B-6A2E-D0C3-010000000000",
      "LogonId": "0x1c3d0",
      "MD5": "2E51DA7B69836CFEBCB3F9AA47C08266",
      "Opcode": 0,
      "OriginalFileName": "wmic.exe",
      "OriginalLogfile": "t1204.002__t1204.002_014.evtx",
      "ParentCommandLine": "cmd.exe /c \"wmic process call create \\\"cmd.exe -\\\"c\\\" set __COMPAT_LAYER= && wscript.exe /\\\"/E:jscript\\\" //Nologo C:\\Users\\Public\\impl.js\\\"\"",
      "ParentImage": "C:\\Windows\\System32\\cmd.exe",
      "ParentProcessGuid": "20525DD1-E892-6A2E-1F14-000000002C00",
      "ParentProcessId": 7092,
      "ParentUser": "thaimx\\thaim",
      "ProcessGuid": "20525DD1-E892-6A2E-2014-000000002C00",
      "ProcessID": "3836",
      "Product": "Microsoft® Windows® Operating System",
      "Provider_Name": "Microsoft-Windows-Sysmon",
      "RuleName": "-",
      "SHA256": "7C7F386BB7C70263FD835DC58791B6DD73FC6617C27751B5503DBA8D0CDDA690",
      "SystemTime": "2026-06-14T17:44:50.498566Z",
      "Task": 1,
      "TerminalSessionId": 1,
      "ThreadID": 3864,
      "User": "thaimx\\thaim",
      "UserID": "S-1-5-18",
      "UtcTime": "2026-06-14 17:44:50.495",
      "Version": 5
    },
    {
      "row_id": 319,
      "Channel": "Microsoft-Windows-Sysmon/Operational",
      "CommandLine": "wmic  process call create \\\"cmd.exe /\\\"c\\\" set __COMPAT_LAYER= && wscript.exe -\\\"/E:jscript\\\" -\\\"/Nologo\\\" C:\\Users\\Public\\impl.js\\\"",
      "Company": "Microsoft Corporation",
      "Computer": "thaimx",
      "CurrentDirectory": "C:\\DATN1\\",
      "Description": "WMI Commandline Utility",
      "EventID": 1,
      "EventRecordID": 210896,
      "FileVersion": "10.0.26100.5074 (WinBuild.160101.0800)",
      "Guid": "5770385F-C22A-43E0-BF4C-06F5698FFBD9",
      "Hashes": "MD5=2E51DA7B69836CFEBCB3F9AA47C08266,SHA256=7C7F386BB7C70263FD835DC58791B6DD73FC6617C27751B5503DBA8D0CDDA690,IMPHASH=43C6BE584D77B658A53A9A5C606724DD",
      "IMPHASH": "43C6BE584D77B658A53A9A5C606724DD",
      "Image": "C:\\Windows\\System32\\wbem\\WMIC.exe",
      "IntegrityLevel": "High",
      "Keywords": "0x8000000000000000",
      "Level": 4,
      "LogonGuid": "20525DD1-B76B-6A2E-D0C3-010000000000",
      "LogonId": "0x1c3d0",
      "MD5": "2E51DA7B69836CFEBCB3F9AA47C08266",
      "Opcode": 0,
      "OriginalFileName": "wmic.exe",
      "OriginalLogfile": "t1204.002__t1204.002_015.evtx",
      "ParentCommandLine": "cmd.exe /c \"wmic process call create \\\"cmd.exe /\\\"c\\\" set __COMPAT_LAYER= && wscript.exe -\\\"/E:jscript\\\" -\\\"/Nologo\\\" C:\\Users\\Public\\impl.js\\\"\"",
      "ParentImage": "C:\\Windows\\System32\\cmd.exe",
      "ParentProcessGuid": "20525DD1-E8AA-6A2E-3814-000000002C00",
      "ParentProcessId": 7832,
      "ParentUser": "thaimx\\thaim",
      "ProcessGuid": "20525DD1-E8AA-6A2E-3914-000000002C00",
      "ProcessID": "3836",
      "Product": "Microsoft® Windows® Operating System",
      "Provider_Name": "Microsoft-Windows-Sysmon",
      "RuleName": "-",
      "SHA256": "7C7F386BB7C70263FD835DC58791B6DD73FC6617C27751B5503DBA8D0CDDA690",
      "SystemTime": "2026-06-14T17:45:14.796973Z",
      "Task": 1,
      "TerminalSessionId": 1,
      "ThreadID": 3864,
      "User": "thaimx\\thaim",
      "UserID": "S-1-5-18",
      "UtcTime": "2026-06-14 17:45:14.793",
      "Version": 5
    },
    {
      "row_id": 321,
      "Channel": "Microsoft-Windows-Sysmon/Operational",
      "CommandLine": "wmic  process call create \\\"rundll32.exe C:\\ProgramData\\mal.dll,DllRegisterServer /s /n /u\\\"",
      "Company": "Microsoft Corporation",
      "Computer": "thaimx",
      "CurrentDirectory": "C:\\DATN1\\",
      "Description": "WMI Commandline Utility",
      "EventID": 1,
      "EventRecordID": 210942,
      "FileVersion": "10.0.26100.5074 (WinBuild.160101.0800)",
      "Guid": "5770385F-C22A-43E0-BF4C-06F5698FFBD9",
      "Hashes": "MD5=2E51DA7B69836CFEBCB3F9AA47C08266,SHA256=7C7F386BB7C70263FD835DC58791B6DD73FC6617C27751B5503DBA8D0CDDA690,IMPHASH=43C6BE584D77B658A53A9A5C606724DD",
      "IMPHASH": "43C6BE584D77B658A53A9A5C606724DD",
      "Image": "C:\\Windows\\System32\\wbem\\WMIC.exe",
      "IntegrityLevel": "High",
      "Keywords": "0x8000000000000000",
      "Level": 4,
      "LogonGuid": "20525DD1-B76B-6A2E-D0C3-010000000000",
      "LogonId": "0x1c3d0",
      "MD5": "2E51DA7B69836CFEBCB3F9AA47C08266",
      "Opcode": 0,
      "OriginalFileName": "wmic.exe",
      "OriginalLogfile": "t1204.002__t1204.002_016.evtx",
      "ParentCommandLine": "cmd.exe /c \"wmic process call create \\\"rundll32.exe C:\\ProgramData\\mal.dll,DllRegisterServer /s /n /u\\\"\"",
      "ParentImage": "C:\\Windows\\System32\\cmd.exe",
      "ParentProcessGuid": "20525DD1-E8C2-6A2E-4F14-000000002C00",
      "ParentProcessId": 764,
      "ParentUser": "thaimx\\thaim",
      "ProcessGuid": "20525DD1-E8C2-6A2E-5014-000000002C00",
      "ProcessID": "3836",
      "Product": "Microsoft® Windows® Operating System",
      "Provider_Name": "Microsoft-Windows-Sysmon",
      "RuleName": "-",
      "SHA256": "7C7F386BB7C70263FD835DC58791B6DD73FC6617C27751B5503DBA8D0CDDA690",
      "SystemTime": "2026-06-14T17:45:38.423237Z",
      "Task": 1,
      "TerminalSessionId": 1,
      "ThreadID": 3864,
      "User": "thaimx\\thaim",
      "UserID": "S-1-5-18",
      "UtcTime": "2026-06-14 17:45:38.417",
      "Version": 5
    },
    {
      "row_id": 323,
      "Channel": "Microsoft-Windows-Sysmon/Operational",
      "CommandLine": "wmic  process call create \\\"rundll32.exe C:\\ProgramData\\mal.dll,DllRegisterServer /\\\"s\\\" /n -\\\"u\\\"\\\"",
      "Company": "Microsoft Corporation",
      "Computer": "thaimx",
      "CurrentDirectory": "C:\\DATN1\\",
      "Description": "WMI Commandline Utility",
      "EventID": 1,
      "EventRecordID": 210982,
      "FileVersion": "10.0.26100.5074 (WinBuild.160101.0800)",
      "Guid": "5770385F-C22A-43E0-BF4C-06F5698FFBD9",
      "Hashes": "MD5=2E51DA7B69836CFEBCB3F9AA47C08266,SHA256=7C7F386BB7C70263FD835DC58791B6DD73FC6617C27751B5503DBA8D0CDDA690,IMPHASH=43C6BE584D77B658A53A9A5C606724DD",
      "IMPHASH": "43C6BE584D77B658A53A9A5C606724DD",
      "Image": "C:\\Windows\\System32\\wbem\\WMIC.exe",
      "IntegrityLevel": "High",
      "Keywords": "0x8000000000000000",
      "Level": 4,
      "LogonGuid": "20525DD1-B76B-6A2E-D0C3-010000000000",
      "LogonId": "0x1c3d0",
      "MD5": "2E51DA7B69836CFEBCB3F9AA47C08266",
      "Opcode": 0,
      "OriginalFileName": "wmic.exe",
      "OriginalLogfile": "t1204.002__t1204.002_017.evtx",
      "ParentCommandLine": "cmd.exe /c \"wmic process call create \\\"rundll32.exe C:\\ProgramData\\mal.dll,DllRegisterServer /\\\"s\\\" /n -\\\"u\\\"\\\"\"",
      "ParentImage": "C:\\Windows\\System32\\cmd.exe",
      "ParentProcessGuid": "20525DD1-E8D8-6A2E-6314-000000002C00",
      "ParentProcessId": 8800,
      "ParentUser": "thaimx\\thaim",
      "ProcessGuid": "20525DD1-E8D8-6A2E-6414-000000002C00",
      "ProcessID": "3836",
      "Product": "Microsoft® Windows® Operating System",
      "Provider_Name": "Microsoft-Windows-Sysmon",
      "RuleName": "-",
      "SHA256": "7C7F386BB7C70263FD835DC58791B6DD73FC6617C27751B5503DBA8D0CDDA690",
      "SystemTime": "2026-06-14T17:46:00.407435Z",
      "Task": 1,
      "TerminalSessionId": 1,
      "ThreadID": 3864,
      "User": "thaimx\\thaim",
      "UserID": "S-1-5-18",
      "UtcTime": "2026-06-14 17:46:00.404",
      "Version": 5
    },
    {
      "row_id": 325,
      "Channel": "Microsoft-Windows-Sysmon/Operational",
      "CommandLine": "wmic  process call create \\\"rundll32.exe C:\\ProgramData\\mal.dll,DllRegisterServer /S /N /u\\\"",
      "Company": "Microsoft Corporation",
      "Computer": "thaimx",
      "CurrentDirectory": "C:\\DATN1\\",
      "Description": "WMI Commandline Utility",
      "EventID": 1,
      "EventRecordID": 211028,
      "FileVersion": "10.0.26100.5074 (WinBuild.160101.0800)",
      "Guid": "5770385F-C22A-43E0-BF4C-06F5698FFBD9",
      "Hashes": "MD5=2E51DA7B69836CFEBCB3F9AA47C08266,SHA256=7C7F386BB7C70263FD835DC58791B6DD73FC6617C27751B5503DBA8D0CDDA690,IMPHASH=43C6BE584D77B658A53A9A5C606724DD",
      "IMPHASH": "43C6BE584D77B658A53A9A5C606724DD",
      "Image": "C:\\Windows\\System32\\wbem\\WMIC.exe",
      "IntegrityLevel": "High",
      "Keywords": "0x8000000000000000",
      "Level": 4,
      "LogonGuid": "20525DD1-B76B-6A2E-D0C3-010000000000",
      "LogonId": "0x1c3d0",
      "MD5": "2E51DA7B69836CFEBCB3F9AA47C08266",
      "Opcode": 0,
      "OriginalFileName": "wmic.exe",
      "OriginalLogfile": "t1204.002__t1204.002_018.evtx",
      "ParentCommandLine": "cmd.exe /c \"wmic process call create \\\"rundll32.exe C:\\ProgramData\\mal.dll,DllRegisterServer /S /N /u\\\"\"",
      "ParentImage": "C:\\Windows\\System32\\cmd.exe",
      "ParentProcessGuid": "20525DD1-E8EA-6A2E-7A14-000000002C00",
      "ParentProcessId": 10876,
      "ParentUser": "thaimx\\thaim",
      "ProcessGuid": "20525DD1-E8EA-6A2E-7B14-000000002C00",
      "ProcessID": "3836",
      "Product": "Microsoft® Windows® Operating System",
      "Provider_Name": "Microsoft-Windows-Sysmon",
      "RuleName": "-",
      "SHA256": "7C7F386BB7C70263FD835DC58791B6DD73FC6617C27751B5503DBA8D0CDDA690",
      "SystemTime": "2026-06-14T17:46:18.811457Z",
      "Task": 1,
      "TerminalSessionId": 1,
      "ThreadID": 3864,
      "User": "thaimx\\thaim",
      "UserID": "S-1-5-18",
      "UtcTime": "2026-06-14 17:46:18.808",
      "Version": 5
    },
    {
      "row_id": 327,
      "Channel": "Microsoft-Windows-Sysmon/Operational",
      "CommandLine": "wmic  process call create \\\"rundll32.exe C:\\ProgramData\\mal.dll,DllRegisterServer /\\\"s\\\" /\\\"n\\\" /u\\\"",
      "Company": "Microsoft Corporation",
      "Computer": "thaimx",
      "CurrentDirectory": "C:\\DATN1\\",
      "Description": "WMI Commandline Utility",
      "EventID": 1,
      "EventRecordID": 211074,
      "FileVersion": "10.0.26100.5074 (WinBuild.160101.0800)",
      "Guid": "5770385F-C22A-43E0-BF4C-06F5698FFBD9",
      "Hashes": "MD5=2E51DA7B69836CFEBCB3F9AA47C08266,SHA256=7C7F386BB7C70263FD835DC58791B6DD73FC6617C27751B5503DBA8D0CDDA690,IMPHASH=43C6BE584D77B658A53A9A5C606724DD",
      "IMPHASH": "43C6BE584D77B658A53A9A5C606724DD",
      "Image": "C:\\Windows\\System32\\wbem\\WMIC.exe",
      "IntegrityLevel": "High",
      "Keywords": "0x8000000000000000",
      "Level": 4,
      "LogonGuid": "20525DD1-B76B-6A2E-D0C3-010000000000",
      "LogonId": "0x1c3d0",
      "MD5": "2E51DA7B69836CFEBCB3F9AA47C08266",
      "Opcode": 0,
      "OriginalFileName": "wmic.exe",
      "OriginalLogfile": "t1204.002__t1204.002_019.evtx",
      "ParentCommandLine": "cmd.exe /c \"wmic process call create \\\"rundll32.exe C:\\ProgramData\\mal.dll,DllRegisterServer /\\\"s\\\" /\\\"n\\\" /u\\\"\"",
      "ParentImage": "C:\\Windows\\System32\\cmd.exe",
      "ParentProcessGuid": "20525DD1-E8FE-6A2E-9114-000000002C00",
      "ParentProcessId": 8276,
      "ParentUser": "thaimx\\thaim",
      "ProcessGuid": "20525DD1-E8FE-6A2E-9214-000000002C00",
      "ProcessID": "3836",
      "Product": "Microsoft® Windows® Operating System",
      "Provider_Name": "Microsoft-Windows-Sysmon",
      "RuleName": "-",
      "SHA256": "7C7F386BB7C70263FD835DC58791B6DD73FC6617C27751B5503DBA8D0CDDA690",
      "SystemTime": "2026-06-14T17:46:38.528099Z",
      "Task": 1,
      "TerminalSessionId": 1,
      "ThreadID": 3864,
      "User": "thaimx\\thaim",
      "UserID": "S-1-5-18",
      "UtcTime": "2026-06-14 17:46:38.521",
      "Version": 5
    },
    {
      "row_id": 329,
      "Channel": "Microsoft-Windows-Sysmon/Operational",
      "CommandLine": "wmic  process call create \\\"rundll32.exe C:\\ProgramData\\mal.dll,DllRegisterServer /s /N /u\\\"",
      "Company": "Microsoft Corporation",
      "Computer": "thaimx",
      "CurrentDirectory": "C:\\DATN1\\",
      "Description": "WMI Commandline Utility",
      "EventID": 1,
      "EventRecordID": 211126,
      "FileVersion": "10.0.26100.5074 (WinBuild.160101.0800)",
      "Guid": "5770385F-C22A-43E0-BF4C-06F5698FFBD9",
      "Hashes": "MD5=2E51DA7B69836CFEBCB3F9AA47C08266,SHA256=7C7F386BB7C70263FD835DC58791B6DD73FC6617C27751B5503DBA8D0CDDA690,IMPHASH=43C6BE584D77B658A53A9A5C606724DD",
      "IMPHASH": "43C6BE584D77B658A53A9A5C606724DD",
      "Image": "C:\\Windows\\System32\\wbem\\WMIC.exe",
      "IntegrityLevel": "High",
      "Keywords": "0x8000000000000000",
      "Level": 4,
      "LogonGuid": "20525DD1-B76B-6A2E-D0C3-010000000000",
      "LogonId": "0x1c3d0",
      "MD5": "2E51DA7B69836CFEBCB3F9AA47C08266",
      "Opcode": 0,
      "OriginalFileName": "wmic.exe",
      "OriginalLogfile": "t1204.002__t1204.002_020.evtx",
      "ParentCommandLine": "cmd.exe /c \"wmic process call create \\\"rundll32.exe C:\\ProgramData\\mal.dll,DllRegisterServer /s /N /u\\\"\"",
      "ParentImage": "C:\\Windows\\System32\\cmd.exe",
      "ParentProcessGuid": "20525DD1-E913-6A2E-AB14-000000002C00",
      "ParentProcessId": 10356,
      "ParentUser": "thaimx\\thaim",
      "ProcessGuid": "20525DD1-E913-6A2E-AC14-000000002C00",
      "ProcessID": "3836",
      "Product": "Microsoft® Windows® Operating System",
      "Provider_Name": "Microsoft-Windows-Sysmon",
      "RuleName": "-",
      "SHA256": "7C7F386BB7C70263FD835DC58791B6DD73FC6617C27751B5503DBA8D0CDDA690",
      "SystemTime": "2026-06-14T17:46:59.107955Z",
      "Task": 1,
      "TerminalSessionId": 1,
      "ThreadID": 3864,
      "User": "thaimx\\thaim",
      "UserID": "S-1-5-18",
      "UtcTime": "2026-06-14 17:46:59.099",
      "Version": 5
    },
    {
      "row_id": 331,
      "Channel": "Microsoft-Windows-Sysmon/Operational",
      "CommandLine": "wmic  process call create \\\"rundll32.exe C:\\ProgramData\\mal.dll,DllRegisterServer /s /N /U\\\"",
      "Company": "Microsoft Corporation",
      "Computer": "thaimx",
      "CurrentDirectory": "C:\\DATN1\\",
      "Description": "WMI Commandline Utility",
      "EventID": 1,
      "EventRecordID": 211173,
      "FileVersion": "10.0.26100.5074 (WinBuild.160101.0800)",
      "Guid": "5770385F-C22A-43E0-BF4C-06F5698FFBD9",
      "Hashes": "MD5=2E51DA7B69836CFEBCB3F9AA47C08266,SHA256=7C7F386BB7C70263FD835DC58791B6DD73FC6617C27751B5503DBA8D0CDDA690,IMPHASH=43C6BE584D77B658A53A9A5C606724DD",
      "IMPHASH": "43C6BE584D77B658A53A9A5C606724DD",
      "Image": "C:\\Windows\\System32\\wbem\\WMIC.exe",
      "IntegrityLevel": "High",
      "Keywords": "0x8000000000000000",
      "Level": 4,
      "LogonGuid": "20525DD1-B76B-6A2E-D0C3-010000000000",
      "LogonId": "0x1c3d0",
      "MD5": "2E51DA7B69836CFEBCB3F9AA47C08266",
      "Opcode": 0,
      "OriginalFileName": "wmic.exe",
      "OriginalLogfile": "t1204.002__t1204.002_021.evtx",
      "ParentCommandLine": "cmd.exe /c \"wmic process call create \\\"rundll32.exe C:\\ProgramData\\mal.dll,DllRegisterServer /s /N /U\\\"\"",
      "ParentImage": "C:\\Windows\\System32\\cmd.exe",
      "ParentProcessGuid": "20525DD1-E927-6A2E-C214-000000002C00",
      "ParentProcessId": 11444,
      "ParentUser": "thaimx\\thaim",
      "ProcessGuid": "20525DD1-E927-6A2E-C314-000000002C00",
      "ProcessID": "3836",
      "Product": "Microsoft® Windows® Operating System",
      "Provider_Name": "Microsoft-Windows-Sysmon",
      "RuleName": "-",
      "SHA256": "7C7F386BB7C70263FD835DC58791B6DD73FC6617C27751B5503DBA8D0CDDA690",
      "SystemTime": "2026-06-14T17:47:19.089017Z",
      "Task": 1,
      "TerminalSessionId": 1,
      "ThreadID": 3864,
      "User": "thaimx\\thaim",
      "UserID": "S-1-5-18",
      "UtcTime": "2026-06-14 17:47:19.081",
      "Version": 5
    },
    {
      "row_id": 333,
      "Channel": "Microsoft-Windows-Sysmon/Operational",
      "CommandLine": "wmic  process call create \\\"rundll32.exe C:\\ProgramData\\mal.dll,DllRegisterServer -\\\"s\\\" -\\\"n\\\" /U\\\"",
      "Company": "Microsoft Corporation",
      "Computer": "thaimx",
      "CurrentDirectory": "C:\\DATN1\\",
      "Description": "WMI Commandline Utility",
      "EventID": 1,
      "EventRecordID": 211213,
      "FileVersion": "10.0.26100.5074 (WinBuild.160101.0800)",
      "Guid": "5770385F-C22A-43E0-BF4C-06F5698FFBD9",
      "Hashes": "MD5=2E51DA7B69836CFEBCB3F9AA47C08266,SHA256=7C7F386BB7C70263FD835DC58791B6DD73FC6617C27751B5503DBA8D0CDDA690,IMPHASH=43C6BE584D77B658A53A9A5C606724DD",
      "IMPHASH": "43C6BE584D77B658A53A9A5C606724DD",
      "Image": "C:\\Windows\\System32\\wbem\\WMIC.exe",
      "IntegrityLevel": "High",
      "Keywords": "0x8000000000000000",
      "Level": 4,
      "LogonGuid": "20525DD1-B76B-6A2E-D0C3-010000000000",
      "LogonId": "0x1c3d0",
      "MD5": "2E51DA7B69836CFEBCB3F9AA47C08266",
      "Opcode": 0,
      "OriginalFileName": "wmic.exe",
      "OriginalLogfile": "t1204.002__t1204.002_022.evtx",
      "ParentCommandLine": "cmd.exe /c \"wmic process call create \\\"rundll32.exe C:\\ProgramData\\mal.dll,DllRegisterServer -\\\"s\\\" -\\\"n\\\" /U\\\"\"",
      "ParentImage": "C:\\Windows\\System32\\cmd.exe",
      "ParentProcessGuid": "20525DD1-E93B-6A2E-D614-000000002C00",
      "ParentProcessId": 11472,
      "ParentUser": "thaimx\\thaim",
      "ProcessGuid": "20525DD1-E93B-6A2E-D714-000000002C00",
      "ProcessID": "3836",
      "Product": "Microsoft® Windows® Operating System",
      "Provider_Name": "Microsoft-Windows-Sysmon",
      "RuleName": "-",
      "SHA256": "7C7F386BB7C70263FD835DC58791B6DD73FC6617C27751B5503DBA8D0CDDA690",
      "SystemTime": "2026-06-14T17:47:39.171963Z",
      "Task": 1,
      "TerminalSessionId": 1,
      "ThreadID": 3864,
      "User": "thaimx\\thaim",
      "UserID": "S-1-5-18",
      "UtcTime": "2026-06-14 17:47:39.167",
      "Version": 5
    },
    {
      "row_id": 335,
      "Channel": "Microsoft-Windows-Sysmon/Operational",
      "CommandLine": "wmic  process call create \\\"rundll32.exe C:\\ProgramData\\mal.dll,DllRegisterServer -\\\"s\\\" /N /u\\\"",
      "Company": "Microsoft Corporation",
      "Computer": "thaimx",
      "CurrentDirectory": "C:\\DATN1\\",
      "Description": "WMI Commandline Utility",
      "EventID": 1,
      "EventRecordID": 211263,
      "FileVersion": "10.0.26100.5074 (WinBuild.160101.0800)",
      "Guid": "5770385F-C22A-43E0-BF4C-06F5698FFBD9",
      "Hashes": "MD5=2E51DA7B69836CFEBCB3F9AA47C08266,SHA256=7C7F386BB7C70263FD835DC58791B6DD73FC6617C27751B5503DBA8D0CDDA690,IMPHASH=43C6BE584D77B658A53A9A5C606724DD",
      "IMPHASH": "43C6BE584D77B658A53A9A5C606724DD",
      "Image": "C:\\Windows\\System32\\wbem\\WMIC.exe",
      "IntegrityLevel": "High",
      "Keywords": "0x8000000000000000",
      "Level": 4,
      "LogonGuid": "20525DD1-B76B-6A2E-D0C3-010000000000",
      "LogonId": "0x1c3d0",
      "MD5": "2E51DA7B69836CFEBCB3F9AA47C08266",
      "Opcode": 0,
      "OriginalFileName": "wmic.exe",
      "OriginalLogfile": "t1204.002__t1204.002_023.evtx",
      "ParentCommandLine": "cmd.exe /c \"wmic process call create \\\"rundll32.exe C:\\ProgramData\\mal.dll,DllRegisterServer -\\\"s\\\" /N /u\\\"\"",
      "ParentImage": "C:\\Windows\\System32\\cmd.exe",
      "ParentProcessGuid": "20525DD1-E950-6A2E-EF14-000000002C00",
      "ParentProcessId": 10628,
      "ParentUser": "thaimx\\thaim",
      "ProcessGuid": "20525DD1-E950-6A2E-F014-000000002C00",
      "ProcessID": "3836",
      "Product": "Microsoft® Windows® Operating System",
      "Provider_Name": "Microsoft-Windows-Sysmon",
      "RuleName": "-",
      "SHA256": "7C7F386BB7C70263FD835DC58791B6DD73FC6617C27751B5503DBA8D0CDDA690",
      "SystemTime": "2026-06-14T17:48:00.250333Z",
      "Task": 1,
      "TerminalSessionId": 1,
      "ThreadID": 3864,
      "User": "thaimx\\thaim",
      "UserID": "S-1-5-18",
      "UtcTime": "2026-06-14 17:48:00.246",
      "Version": 5
    },
    {
      "row_id": 337,
      "Channel": "Microsoft-Windows-Sysmon/Operational",
      "CommandLine": "wmic  process call create \\\"rundll32.exe C:\\ProgramData\\mal.dll,DllRegisterServer /s /n /\\\"u\\\"\\\"",
      "Company": "Microsoft Corporation",
      "Computer": "thaimx",
      "CurrentDirectory": "C:\\DATN1\\",
      "Description": "WMI Commandline Utility",
      "EventID": 1,
      "EventRecordID": 211309,
      "FileVersion": "10.0.26100.5074 (WinBuild.160101.0800)",
      "Guid": "5770385F-C22A-43E0-BF4C-06F5698FFBD9",
      "Hashes": "MD5=2E51DA7B69836CFEBCB3F9AA47C08266,SHA256=7C7F386BB7C70263FD835DC58791B6DD73FC6617C27751B5503DBA8D0CDDA690,IMPHASH=43C6BE584D77B658A53A9A5C606724DD",
      "IMPHASH": "43C6BE584D77B658A53A9A5C606724DD",
      "Image": "C:\\Windows\\System32\\wbem\\WMIC.exe",
      "IntegrityLevel": "High",
      "Keywords": "0x8000000000000000",
      "Level": 4,
      "LogonGuid": "20525DD1-B76B-6A2E-D0C3-010000000000",
      "LogonId": "0x1c3d0",
      "MD5": "2E51DA7B69836CFEBCB3F9AA47C08266",
      "Opcode": 0,
      "OriginalFileName": "wmic.exe",
      "OriginalLogfile": "t1204.002__t1204.002_024.evtx",
      "ParentCommandLine": "cmd.exe /c \"wmic process call create \\\"rundll32.exe C:\\ProgramData\\mal.dll,DllRegisterServer /s /n /\\\"u\\\"\\\"\"",
      "ParentImage": "C:\\Windows\\System32\\cmd.exe",
      "ParentProcessGuid": "20525DD1-E966-6A2E-0615-000000002C00",
      "ParentProcessId": 10756,
      "ParentUser": "thaimx\\thaim",
      "ProcessGuid": "20525DD1-E966-6A2E-0715-000000002C00",
      "ProcessID": "3836",
      "Product": "Microsoft® Windows® Operating System",
      "Provider_Name": "Microsoft-Windows-Sysmon",
      "RuleName": "-",
      "SHA256": "7C7F386BB7C70263FD835DC58791B6DD73FC6617C27751B5503DBA8D0CDDA690",
      "SystemTime": "2026-06-14T17:48:22.392413Z",
      "Task": 1,
      "TerminalSessionId": 1,
      "ThreadID": 3864,
      "User": "thaimx\\thaim",
      "UserID": "S-1-5-18",
      "UtcTime": "2026-06-14 17:48:22.389",
      "Version": 5
    },
    {
      "row_id": 339,
      "Channel": "Microsoft-Windows-Sysmon/Operational",
      "CommandLine": "wmic  process call create \\\"rundll32.exe C:\\ProgramData\\mal.dll,DllRegisterServer /s /n -\\\"u\\\"\\\"",
      "Company": "Microsoft Corporation",
      "Computer": "thaimx",
      "CurrentDirectory": "C:\\DATN1\\",
      "Description": "WMI Commandline Utility",
      "EventID": 1,
      "EventRecordID": 211353,
      "FileVersion": "10.0.26100.5074 (WinBuild.160101.0800)",
      "Guid": "5770385F-C22A-43E0-BF4C-06F5698FFBD9",
      "Hashes": "MD5=2E51DA7B69836CFEBCB3F9AA47C08266,SHA256=7C7F386BB7C70263FD835DC58791B6DD73FC6617C27751B5503DBA8D0CDDA690,IMPHASH=43C6BE584D77B658A53A9A5C606724DD",
      "IMPHASH": "43C6BE584D77B658A53A9A5C606724DD",
      "Image": "C:\\Windows\\System32\\wbem\\WMIC.exe",
      "IntegrityLevel": "High",
      "Keywords": "0x8000000000000000",
      "Level": 4,
      "LogonGuid": "20525DD1-B76B-6A2E-D0C3-010000000000",
      "LogonId": "0x1c3d0",
      "MD5": "2E51DA7B69836CFEBCB3F9AA47C08266",
      "Opcode": 0,
      "OriginalFileName": "wmic.exe",
      "OriginalLogfile": "t1204.002__t1204.002_025.evtx",
      "ParentCommandLine": "cmd.exe /c \"wmic process call create \\\"rundll32.exe C:\\ProgramData\\mal.dll,DllRegisterServer /s /n -\\\"u\\\"\\\"\"",
      "ParentImage": "C:\\Windows\\System32\\cmd.exe",
      "ParentProcessGuid": "20525DD1-E97C-6A2E-1C15-000000002C00",
      "ParentProcessId": 8560,
      "ParentUser": "thaimx\\thaim",
      "ProcessGuid": "20525DD1-E97C-6A2E-1E15-000000002C00",
      "ProcessID": "3836",
      "Product": "Microsoft® Windows® Operating System",
      "Provider_Name": "Microsoft-Windows-Sysmon",
      "RuleName": "-",
      "SHA256": "7C7F386BB7C70263FD835DC58791B6DD73FC6617C27751B5503DBA8D0CDDA690",
      "SystemTime": "2026-06-14T17:48:44.118929Z",
      "Task": 1,
      "TerminalSessionId": 1,
      "ThreadID": 3864,
      "User": "thaimx\\thaim",
      "UserID": "S-1-5-18",
      "UtcTime": "2026-06-14 17:48:44.112",
      "Version": 5
    },
    {
      "row_id": 341,
      "Channel": "Microsoft-Windows-Sysmon/Operational",
      "CommandLine": "wmic  process call create \\\"rundll32.exe C:\\ProgramData\\mal.dll,DllRegisterServer /s /\\\"n\\\" /\\\"u\\\"\\\"",
      "Company": "Microsoft Corporation",
      "Computer": "thaimx",
      "CurrentDirectory": "C:\\DATN1\\",
      "Description": "WMI Commandline Utility",
      "EventID": 1,
      "EventRecordID": 211395,
      "FileVersion": "10.0.26100.5074 (WinBuild.160101.0800)",
      "Guid": "5770385F-C22A-43E0-BF4C-06F5698FFBD9",
      "Hashes": "MD5=2E51DA7B69836CFEBCB3F9AA47C08266,SHA256=7C7F386BB7C70263FD835DC58791B6DD73FC6617C27751B5503DBA8D0CDDA690,IMPHASH=43C6BE584D77B658A53A9A5C606724DD",
      "IMPHASH": "43C6BE584D77B658A53A9A5C606724DD",
      "Image": "C:\\Windows\\System32\\wbem\\WMIC.exe",
      "IntegrityLevel": "High",
      "Keywords": "0x8000000000000000",
      "Level": 4,
      "LogonGuid": "20525DD1-B76B-6A2E-D0C3-010000000000",
      "LogonId": "0x1c3d0",
      "MD5": "2E51DA7B69836CFEBCB3F9AA47C08266",
      "Opcode": 0,
      "OriginalFileName": "wmic.exe",
      "OriginalLogfile": "t1204.002__t1204.002_026.evtx",
      "ParentCommandLine": "cmd.exe /c \"wmic process call create \\\"rundll32.exe C:\\ProgramData\\mal.dll,DllRegisterServer /s /\\\"n\\\" /\\\"u\\\"\\\"\"",
      "ParentImage": "C:\\Windows\\System32\\cmd.exe",
      "ParentProcessGuid": "20525DD1-E98E-6A2E-3115-000000002C00",
      "ParentProcessId": 11580,
      "ParentUser": "thaimx\\thaim",
      "ProcessGuid": "20525DD1-E98E-6A2E-3215-000000002C00",
      "ProcessID": "3836",
      "Product": "Microsoft® Windows® Operating System",
      "Provider_Name": "Microsoft-Windows-Sysmon",
      "RuleName": "-",
      "SHA256": "7C7F386BB7C70263FD835DC58791B6DD73FC6617C27751B5503DBA8D0CDDA690",
      "SystemTime": "2026-06-14T17:49:02.229580Z",
      "Task": 1,
      "TerminalSessionId": 1,
      "ThreadID": 3864,
      "User": "thaimx\\thaim",
      "UserID": "S-1-5-18",
      "UtcTime": "2026-06-14 17:49:02.226",
      "Version": 5
    }
  ]
},
{
  "title": "HH.EXE Execution",
  "id": "68c8acb4-1b60-4890-8e82-3ddf7a6dba84",
  "description": "Detects the execution of \"hh.exe\" to open \".chm\" files.",
  "sigmafile": "",
  "sigma": [
    "SELECT * FROM logs WHERE Channel='Microsoft-Windows-Sysmon/Operational' AND (EventID=1 AND ((OriginalFileName='HH.exe' OR Image LIKE '%\\\\hh.exe' ESCAPE '\\') AND CommandLine LIKE '%.chm%' ESCAPE '\\'))"
  ],
  "rule_level": "low",
  "tags": [
    "attack.defense-evasion",
    "attack.t1218.001"
  ],
  "count": 9,
  "matches": [
    {
      "row_id": 140,
      "Channel": "Microsoft-Windows-Sysmon/Operational",
      "CommandLine": "hh.exe  payload.chm",
      "Company": "Microsoft Corporation",
      "Computer": "thaimx",
      "CurrentDirectory": "C:\\Users\\Public\\Downloads\\",
      "Description": "Microsoft® HTML Help Executable",
      "EventID": 1,
      "EventRecordID": 203993,
      "FileVersion": "10.0.26100.8521 (WinBuild.160101.0800)",
      "Guid": "5770385F-C22A-43E0-BF4C-06F5698FFBD9",
      "Hashes": "MD5=0657259469A5ECF6839BC8D8B0D199B4,SHA256=A51637C9257070B2CA1841813FB9260FF5FD7909815B0240CE513870E8BD88E0,IMPHASH=786A82A3F99847EF889C873271103833",
      "IMPHASH": "786A82A3F99847EF889C873271103833",
      "Image": "C:\\Windows\\hh.exe",
      "IntegrityLevel": "High",
      "Keywords": "0x8000000000000000",
      "Level": 4,
      "LogonGuid": "20525DD1-B76B-6A2E-D0C3-010000000000",
      "LogonId": "0x1c3d0",
      "MD5": "0657259469A5ECF6839BC8D8B0D199B4",
      "Opcode": 0,
      "OriginalFileName": "HH.exe",
      "OriginalLogfile": "t1059.001__t1059.001_038.evtx",
      "ParentCommandLine": "cmd.exe /c \"cd C:\\Users\\Public\\Downloads && hh.exe payload.chm\"",
      "ParentImage": "C:\\Windows\\System32\\cmd.exe",
      "ParentProcessGuid": "20525DD1-D573-6A2E-BB06-000000002C00",
      "ParentProcessId": 1820,
      "ParentUser": "thaimx\\thaim",
      "ProcessGuid": "20525DD1-D573-6A2E-BC06-000000002C00",
      "ProcessID": "3836",
      "Product": "HTML Help",
      "Provider_Name": "Microsoft-Windows-Sysmon",
      "RuleName": "-",
      "SHA256": "A51637C9257070B2CA1841813FB9260FF5FD7909815B0240CE513870E8BD88E0",
      "SystemTime": "2026-06-14T16:23:15.091365Z",
      "Task": 1,
      "TerminalSessionId": 1,
      "ThreadID": 3864,
      "User": "thaimx\\thaim",
      "UserID": "S-1-5-18",
      "UtcTime": "2026-06-14 16:23:15.085",
      "Version": 5
    },
    {
      "row_id": 142,
      "Channel": "Microsoft-Windows-Sysmon/Operational",
      "CommandLine": "C:\\ProgramData\\not_hh.exe  C:\\Users\\thaim\\Documents\\payload.chm",
      "Company": "Microsoft Corporation",
      "Computer": "thaimx",
      "CurrentDirectory": "C:\\DATN1\\",
      "Description": "Microsoft® HTML Help Executable",
      "EventID": 1,
      "EventRecordID": 204054,
      "FileVersion": "10.0.26100.8521 (WinBuild.160101.0800)",
      "Guid": "5770385F-C22A-43E0-BF4C-06F5698FFBD9",
      "Hashes": "MD5=0657259469A5ECF6839BC8D8B0D199B4,SHA256=A51637C9257070B2CA1841813FB9260FF5FD7909815B0240CE513870E8BD88E0,IMPHASH=786A82A3F99847EF889C873271103833",
      "IMPHASH": "786A82A3F99847EF889C873271103833",
      "Image": "C:\\ProgramData\\not_hh.exe",
      "IntegrityLevel": "High",
      "Keywords": "0x8000000000000000",
      "Level": 4,
      "LogonGuid": "20525DD1-B76B-6A2E-D0C3-010000000000",
      "LogonId": "0x1c3d0",
      "MD5": "0657259469A5ECF6839BC8D8B0D199B4",
      "Opcode": 0,
      "OriginalFileName": "HH.exe",
      "OriginalLogfile": "t1059.001__t1059.001_040.evtx",
      "ParentCommandLine": "cmd.exe /c \"copy C:\\Windows\\hh.exe C:\\ProgramData\\not_hh.exe && C:\\ProgramData\\not_hh.exe C:\\Users\\%USERNAME%\\Documents\\payload.chm\"",
      "ParentImage": "C:\\Windows\\System32\\cmd.exe",
      "ParentProcessGuid": "20525DD1-D5AE-6A2E-D906-000000002C00",
      "ParentProcessId": 2204,
      "ParentUser": "thaimx\\thaim",
      "ProcessGuid": "20525DD1-D5AE-6A2E-DA06-000000002C00",
      "ProcessID": "3836",
      "Product": "HTML Help",
      "Provider_Name": "Microsoft-Windows-Sysmon",
      "RuleName": "-",
      "SHA256": "A51637C9257070B2CA1841813FB9260FF5FD7909815B0240CE513870E8BD88E0",
      "SystemTime": "2026-06-14T16:24:14.516138Z",
      "Task": 1,
      "TerminalSessionId": 1,
      "ThreadID": 3864,
      "User": "thaimx\\thaim",
      "UserID": "S-1-5-18",
      "UtcTime": "2026-06-14 16:24:14.503",
      "Version": 5
    },
    {
      "row_id": 144,
      "Channel": "Microsoft-Windows-Sysmon/Operational",
      "CommandLine": "hh.exe  payload.chm",
      "Company": "Microsoft Corporation",
      "Computer": "thaimx",
      "CurrentDirectory": "C:\\Users\\thaim\\Downloads\\",
      "Description": "Microsoft® HTML Help Executable",
      "EventID": 1,
      "EventRecordID": 204097,
      "FileVersion": "10.0.26100.8521 (WinBuild.160101.0800)",
      "Guid": "5770385F-C22A-43E0-BF4C-06F5698FFBD9",
      "Hashes": "MD5=0657259469A5ECF6839BC8D8B0D199B4,SHA256=A51637C9257070B2CA1841813FB9260FF5FD7909815B0240CE513870E8BD88E0,IMPHASH=786A82A3F99847EF889C873271103833",
      "IMPHASH": "786A82A3F99847EF889C873271103833",
      "Image": "C:\\Windows\\hh.exe",
      "IntegrityLevel": "High",
      "Keywords": "0x8000000000000000",
      "Level": 4,
      "LogonGuid": "20525DD1-B76B-6A2E-D0C3-010000000000",
      "LogonId": "0x1c3d0",
      "MD5": "0657259469A5ECF6839BC8D8B0D199B4",
      "Opcode": 0,
      "OriginalFileName": "HH.exe",
      "OriginalLogfile": "t1059.001__t1059.001_041.evtx",
      "ParentCommandLine": "cmd.exe /c \"cd %USERPROFILE%\\Downloads && hh.exe payload.chm\"",
      "ParentImage": "C:\\Windows\\System32\\cmd.exe",
      "ParentProcessGuid": "20525DD1-D5DC-6A2E-EE06-000000002C00",
      "ParentProcessId": 6196,
      "ParentUser": "thaimx\\thaim",
      "ProcessGuid": "20525DD1-D5DC-6A2E-EF06-000000002C00",
      "ProcessID": "3836",
      "Product": "HTML Help",
      "Provider_Name": "Microsoft-Windows-Sysmon",
      "RuleName": "-",
      "SHA256": "A51637C9257070B2CA1841813FB9260FF5FD7909815B0240CE513870E8BD88E0",
      "SystemTime": "2026-06-14T16:25:00.180756Z",
      "Task": 1,
      "TerminalSessionId": 1,
      "ThreadID": 3864,
      "User": "thaimx\\thaim",
      "UserID": "S-1-5-18",
      "UtcTime": "2026-06-14 16:25:00.166",
      "Version": 5
    },
    {
      "row_id": 343,
      "Channel": "Microsoft-Windows-Sysmon/Operational",
      "CommandLine": "hh.exe  payload.chm",
      "Company": "Microsoft Corporation",
      "Computer": "thaimx",
      "CurrentDirectory": "C:\\Users\\Public\\Downloads\\",
      "Description": "Microsoft® HTML Help Executable",
      "EventID": 1,
      "EventRecordID": 211463,
      "FileVersion": "10.0.26100.8521 (WinBuild.160101.0800)",
      "Guid": "5770385F-C22A-43E0-BF4C-06F5698FFBD9",
      "Hashes": "MD5=0657259469A5ECF6839BC8D8B0D199B4,SHA256=A51637C9257070B2CA1841813FB9260FF5FD7909815B0240CE513870E8BD88E0,IMPHASH=786A82A3F99847EF889C873271103833",
      "IMPHASH": "786A82A3F99847EF889C873271103833",
      "Image": "C:\\Windows\\hh.exe",
      "IntegrityLevel": "High",
      "Keywords": "0x8000000000000000",
      "Level": 4,
      "LogonGuid": "20525DD1-B76B-6A2E-D0C3-010000000000",
      "LogonId": "0x1c3d0",
      "MD5": "0657259469A5ECF6839BC8D8B0D199B4",
      "Opcode": 0,
      "OriginalFileName": "HH.exe",
      "OriginalLogfile": "t1566.001__t1566.001_004.evtx",
      "ParentCommandLine": "cmd.exe /c \"cd C:\\Users\\Public\\Downloads && hh.exe payload.chm\"",
      "ParentImage": "C:\\Windows\\System32\\cmd.exe",
      "ParentProcessGuid": "20525DD1-E9AA-6A2E-5315-000000002C00",
      "ParentProcessId": 4952,
      "ParentUser": "thaimx\\thaim",
      "ProcessGuid": "20525DD1-E9AA-6A2E-5415-000000002C00",
      "ProcessID": "3836",
      "Product": "HTML Help",
      "Provider_Name": "Microsoft-Windows-Sysmon",
      "RuleName": "-",
      "SHA256": "A51637C9257070B2CA1841813FB9260FF5FD7909815B0240CE513870E8BD88E0",
      "SystemTime": "2026-06-14T17:49:30.280832Z",
      "Task": 1,
      "TerminalSessionId": 1,
      "ThreadID": 3864,
      "User": "thaimx\\thaim",
      "UserID": "S-1-5-18",
      "UtcTime": "2026-06-14 17:49:30.276",
      "Version": 5
    },
    {
      "row_id": 345,
      "Channel": "Microsoft-Windows-Sysmon/Operational",
      "CommandLine": "C:\\ProgramData\\not_hh.exe  C:\\Users\\thaim\\Documents\\payload.chm",
      "Company": "Microsoft Corporation",
      "Computer": "thaimx",
      "CurrentDirectory": "C:\\DATN1\\",
      "Description": "Microsoft® HTML Help Executable",
      "EventID": 1,
      "EventRecordID": 211521,
      "FileVersion": "10.0.26100.8521 (WinBuild.160101.0800)",
      "Guid": "5770385F-C22A-43E0-BF4C-06F5698FFBD9",
      "Hashes": "MD5=0657259469A5ECF6839BC8D8B0D199B4,SHA256=A51637C9257070B2CA1841813FB9260FF5FD7909815B0240CE513870E8BD88E0,IMPHASH=786A82A3F99847EF889C873271103833",
      "IMPHASH": "786A82A3F99847EF889C873271103833",
      "Image": "C:\\ProgramData\\not_hh.exe",
      "IntegrityLevel": "High",
      "Keywords": "0x8000000000000000",
      "Level": 4,
      "LogonGuid": "20525DD1-B76B-6A2E-D0C3-010000000000",
      "LogonId": "0x1c3d0",
      "MD5": "0657259469A5ECF6839BC8D8B0D199B4",
      "Opcode": 0,
      "OriginalFileName": "HH.exe",
      "OriginalLogfile": "t1566.001__t1566.001_006.evtx",
      "ParentCommandLine": "cmd.exe /c \"copy C:\\Windows\\hh.exe C:\\ProgramData\\not_hh.exe && C:\\ProgramData\\not_hh.exe C:\\Users\\%USERNAME%\\Documents\\payload.chm\"",
      "ParentImage": "C:\\Windows\\System32\\cmd.exe",
      "ParentProcessGuid": "20525DD1-E9E6-6A2E-7015-000000002C00",
      "ParentProcessId": 11612,
      "ParentUser": "thaimx\\thaim",
      "ProcessGuid": "20525DD1-E9E6-6A2E-7115-000000002C00",
      "ProcessID": "3836",
      "Product": "HTML Help",
      "Provider_Name": "Microsoft-Windows-Sysmon",
      "RuleName": "-",
      "SHA256": "A51637C9257070B2CA1841813FB9260FF5FD7909815B0240CE513870E8BD88E0",
      "SystemTime": "2026-06-14T17:50:30.098791Z",
      "Task": 1,
      "TerminalSessionId": 1,
      "ThreadID": 3864,
      "User": "thaimx\\thaim",
      "UserID": "S-1-5-18",
      "UtcTime": "2026-06-14 17:50:30.093",
      "Version": 5
    },
    {
      "row_id": 347,
      "Channel": "Microsoft-Windows-Sysmon/Operational",
      "CommandLine": "hh.exe  payload.chm",
      "Company": "Microsoft Corporation",
      "Computer": "thaimx",
      "CurrentDirectory": "C:\\Users\\thaim\\Downloads\\",
      "Description": "Microsoft® HTML Help Executable",
      "EventID": 1,
      "EventRecordID": 211560,
      "FileVersion": "10.0.26100.8521 (WinBuild.160101.0800)",
      "Guid": "5770385F-C22A-43E0-BF4C-06F5698FFBD9",
      "Hashes": "MD5=0657259469A5ECF6839BC8D8B0D199B4,SHA256=A51637C9257070B2CA1841813FB9260FF5FD7909815B0240CE513870E8BD88E0,IMPHASH=786A82A3F99847EF889C873271103833",
      "IMPHASH": "786A82A3F99847EF889C873271103833",
      "Image": "C:\\Windows\\hh.exe",
      "IntegrityLevel": "High",
      "Keywords": "0x8000000000000000",
      "Level": 4,
      "LogonGuid": "20525DD1-B76B-6A2E-D0C3-010000000000",
      "LogonId": "0x1c3d0",
      "MD5": "0657259469A5ECF6839BC8D8B0D199B4",
      "Opcode": 0,
      "OriginalFileName": "HH.exe",
      "OriginalLogfile": "t1566.001__t1566.001_007.evtx",
      "ParentCommandLine": "cmd.exe /c \"cd %USERPROFILE%\\Downloads && hh.exe payload.chm\"",
      "ParentImage": "C:\\Windows\\System32\\cmd.exe",
      "ParentProcessGuid": "20525DD1-EA14-6A2E-8515-000000002C00",
      "ParentProcessId": 11348,
      "ParentUser": "thaimx\\thaim",
      "ProcessGuid": "20525DD1-EA14-6A2E-8615-000000002C00",
      "ProcessID": "3836",
      "Product": "HTML Help",
      "Provider_Name": "Microsoft-Windows-Sysmon",
      "RuleName": "-",
      "SHA256": "A51637C9257070B2CA1841813FB9260FF5FD7909815B0240CE513870E8BD88E0",
      "SystemTime": "2026-06-14T17:51:16.893930Z",
      "Task": 1,
      "TerminalSessionId": 1,
      "ThreadID": 3864,
      "User": "thaimx\\thaim",
      "UserID": "S-1-5-18",
      "UtcTime": "2026-06-14 17:51:16.888",
      "Version": 5
    },
    {
      "row_id": 349,
      "Channel": "Microsoft-Windows-Sysmon/Operational",
      "CommandLine": "hh.exe  payload.chm",
      "Company": "Microsoft Corporation",
      "Computer": "thaimx",
      "CurrentDirectory": "C:\\Users\\Public\\Downloads\\",
      "Description": "Microsoft® HTML Help Executable",
      "EventID": 1,
      "EventRecordID": 211618,
      "FileVersion": "10.0.26100.8521 (WinBuild.160101.0800)",
      "Guid": "5770385F-C22A-43E0-BF4C-06F5698FFBD9",
      "Hashes": "MD5=0657259469A5ECF6839BC8D8B0D199B4,SHA256=A51637C9257070B2CA1841813FB9260FF5FD7909815B0240CE513870E8BD88E0,IMPHASH=786A82A3F99847EF889C873271103833",
      "IMPHASH": "786A82A3F99847EF889C873271103833",
      "Image": "C:\\Windows\\hh.exe",
      "IntegrityLevel": "High",
      "Keywords": "0x8000000000000000",
      "Level": 4,
      "LogonGuid": "20525DD1-B76B-6A2E-D0C3-010000000000",
      "LogonId": "0x1c3d0",
      "MD5": "0657259469A5ECF6839BC8D8B0D199B4",
      "Opcode": 0,
      "OriginalFileName": "HH.exe",
      "OriginalLogfile": "t1566.001__t1566.001_008.evtx",
      "ParentCommandLine": "cmd.exe /c \"cd C:\\Users\\Public\\Downloads && hh.exe payload.chm\"",
      "ParentImage": "C:\\Windows\\System32\\cmd.exe",
      "ParentProcessGuid": "20525DD1-EA49-6A2E-A115-000000002C00",
      "ParentProcessId": 7204,
      "ParentUser": "thaimx\\thaim",
      "ProcessGuid": "20525DD1-EA49-6A2E-A215-000000002C00",
      "ProcessID": "3836",
      "Product": "HTML Help",
      "Provider_Name": "Microsoft-Windows-Sysmon",
      "RuleName": "-",
      "SHA256": "A51637C9257070B2CA1841813FB9260FF5FD7909815B0240CE513870E8BD88E0",
      "SystemTime": "2026-06-14T17:52:09.266257Z",
      "Task": 1,
      "TerminalSessionId": 1,
      "ThreadID": 3864,
      "User": "thaimx\\thaim",
      "UserID": "S-1-5-18",
      "UtcTime": "2026-06-14 17:52:09.261",
      "Version": 5
    },
    {
      "row_id": 351,
      "Channel": "Microsoft-Windows-Sysmon/Operational",
      "CommandLine": "C:\\ProgramData\\not_hh.exe  C:\\Users\\thaim\\Documents\\payload.chm",
      "Company": "Microsoft Corporation",
      "Computer": "thaimx",
      "CurrentDirectory": "C:\\DATN1\\",
      "Description": "Microsoft® HTML Help Executable",
      "EventID": 1,
      "EventRecordID": 211676,
      "FileVersion": "10.0.26100.8521 (WinBuild.160101.0800)",
      "Guid": "5770385F-C22A-43E0-BF4C-06F5698FFBD9",
      "Hashes": "MD5=0657259469A5ECF6839BC8D8B0D199B4,SHA256=A51637C9257070B2CA1841813FB9260FF5FD7909815B0240CE513870E8BD88E0,IMPHASH=786A82A3F99847EF889C873271103833",
      "IMPHASH": "786A82A3F99847EF889C873271103833",
      "Image": "C:\\ProgramData\\not_hh.exe",
      "IntegrityLevel": "High",
      "Keywords": "0x8000000000000000",
      "Level": 4,
      "LogonGuid": "20525DD1-B76B-6A2E-D0C3-010000000000",
      "LogonId": "0x1c3d0",
      "MD5": "0657259469A5ECF6839BC8D8B0D199B4",
      "Opcode": 0,
      "OriginalFileName": "HH.exe",
      "OriginalLogfile": "t1566.001__t1566.001_010.evtx",
      "ParentCommandLine": "cmd.exe /c \"copy C:\\Windows\\hh.exe C:\\ProgramData\\not_hh.exe && C:\\ProgramData\\not_hh.exe C:\\Users\\%USERNAME%\\Documents\\payload.chm\"",
      "ParentImage": "C:\\Windows\\System32\\cmd.exe",
      "ParentProcessGuid": "20525DD1-EA88-6A2E-BE15-000000002C00",
      "ParentProcessId": 5880,
      "ParentUser": "thaimx\\thaim",
      "ProcessGuid": "20525DD1-EA88-6A2E-BF15-000000002C00",
      "ProcessID": "3836",
      "Product": "HTML Help",
      "Provider_Name": "Microsoft-Windows-Sysmon",
      "RuleName": "-",
      "SHA256": "A51637C9257070B2CA1841813FB9260FF5FD7909815B0240CE513870E8BD88E0",
      "SystemTime": "2026-06-14T17:53:12.150711Z",
      "Task": 1,
      "TerminalSessionId": 1,
      "ThreadID": 3864,
      "User": "thaimx\\thaim",
      "UserID": "S-1-5-18",
      "UtcTime": "2026-06-14 17:53:12.147",
      "Version": 5
    },
    {
      "row_id": 353,
      "Channel": "Microsoft-Windows-Sysmon/Operational",
      "CommandLine": "hh.exe  payload.chm",
      "Company": "Microsoft Corporation",
      "Computer": "thaimx",
      "CurrentDirectory": "C:\\Users\\thaim\\Downloads\\",
      "Description": "Microsoft® HTML Help Executable",
      "EventID": 1,
      "EventRecordID": 211717,
      "FileVersion": "10.0.26100.8521 (WinBuild.160101.0800)",
      "Guid": "5770385F-C22A-43E0-BF4C-06F5698FFBD9",
      "Hashes": "MD5=0657259469A5ECF6839BC8D8B0D199B4,SHA256=A51637C9257070B2CA1841813FB9260FF5FD7909815B0240CE513870E8BD88E0,IMPHASH=786A82A3F99847EF889C873271103833",
      "IMPHASH": "786A82A3F99847EF889C873271103833",
      "Image": "C:\\Windows\\hh.exe",
      "IntegrityLevel": "High",
      "Keywords": "0x8000000000000000",
      "Level": 4,
      "LogonGuid": "20525DD1-B76B-6A2E-D0C3-010000000000",
      "LogonId": "0x1c3d0",
      "MD5": "0657259469A5ECF6839BC8D8B0D199B4",
      "Opcode": 0,
      "OriginalFileName": "HH.exe",
      "OriginalLogfile": "t1566.001__t1566.001_011.evtx",
      "ParentCommandLine": "cmd.exe /c \"cd %USERPROFILE%\\Downloads && hh.exe payload.chm\"",
      "ParentImage": "C:\\Windows\\System32\\cmd.exe",
      "ParentProcessGuid": "20525DD1-EAB6-6A2E-D315-000000002C00",
      "ParentProcessId": 8144,
      "ParentUser": "thaimx\\thaim",
      "ProcessGuid": "20525DD1-EAB6-6A2E-D415-000000002C00",
      "ProcessID": "3836",
      "Product": "HTML Help",
      "Provider_Name": "Microsoft-Windows-Sysmon",
      "RuleName": "-",
      "SHA256": "A51637C9257070B2CA1841813FB9260FF5FD7909815B0240CE513870E8BD88E0",
      "SystemTime": "2026-06-14T17:53:58.476602Z",
      "Task": 1,
      "TerminalSessionId": 1,
      "ThreadID": 3864,
      "User": "thaimx\\thaim",
      "UserID": "S-1-5-18",
      "UtcTime": "2026-06-14 17:53:58.473",
      "Version": 5
    }
  ]
},
