    {
      "row_id": 298,
      "Channel": "Microsoft-Windows-Sysmon/Operational",
      "CommandLine": "cmd.exe /c \"wmic process call create \\\"cmd.exe /c set __COMPAT_LAYER= && wscript.exe //E:jscript //Nologo C:\\Users\\Public\\impl.js\\\"\"",
      "Company": "Microsoft Corporation",
      "Computer": "thaimx",
      "CurrentDirectory": "C:\\DATN1\\",
      "Description": "Windows Command Processor",
      "EventID": 1,
      "EventRecordID": 210434,
      "FileVersion": "10.0.26100.8521 (WinBuild.160101.0800)",
      "Guid": "5770385F-C22A-43E0-BF4C-06F5698FFBD9",
      "Hashes": "MD5=D87E9FA4C7C878F4C1DC8885CEA7F9F0,SHA256=75320A519959CC6D089EA3EBA33C38CACCB7F138A025EA439BC9686CDB79DED4,IMPHASH=B0F049C014592B156EB1FA857E99CEB9",
      "IMPHASH": "B0F049C014592B156EB1FA857E99CEB9",
      "Image": "C:\\Windows\\System32\\cmd.exe",
      "IntegrityLevel": "High",
      "Keywords": "0x8000000000000000",
      "Level": 4,
      "LogonGuid": "20525DD1-B76B-6A2E-D0C3-010000000000",
      "LogonId": "0x1c3d0",
      "MD5": "D87E9FA4C7C878F4C1DC8885CEA7F9F0",
      "Opcode": 0,
      "OriginalFileName": "Cmd.Exe",
      "OriginalLogfile": "t1204.002__t1204.002_005.evtx",
      "ParentCommandLine": "python  -m src.sigma_rule_evaluator.cli --execute",
      "ParentImage": "C:\\Users\\thaim\\AppData\\Local\\Programs\\Python\\Python314\\python.exe",
      "ParentProcessGuid": "20525DD1-CF08-6A2E-7403-000000002C00",
      "ParentProcessId": 9080,
      "ParentUser": "thaimx\\thaim",
      "ProcessGuid": "20525DD1-E7DD-6A2E-5213-000000002C00",
      "ProcessID": "3836",
      "Product": "Microsoft® Windows® Operating System",
      "Provider_Name": "Microsoft-Windows-Sysmon",
      "RuleName": "-",
      "SHA256": "75320A519959CC6D089EA3EBA33C38CACCB7F138A025EA439BC9686CDB79DED4",
      "SystemTime": "2026-06-14T17:41:49.400742Z",
      "Task": 1,
      "TerminalSessionId": 1,
      "ThreadID": 3864,
      "User": "thaimx\\thaim",
      "UserID": "S-1-5-18",
      "UtcTime": "2026-06-14 17:41:49.397",
      "Version": 5
    },
    {
      "row_id": 299,
      "Channel": "Microsoft-Windows-Sysmon/Operational",
      "CommandLine": "wmic  process call create \\\"cmd.exe /c set __COMPAT_LAYER= && wscript.exe //E:jscript //Nologo C:\\Users\\Public\\impl.js\\\"",
      "Company": "Microsoft Corporation",
      "Computer": "thaimx",
      "CurrentDirectory": "C:\\DATN1\\",
      "Description": "WMI Commandline Utility",
      "EventID": 1,
      "EventRecordID": 210435,
      "FileVersion": "10.0.26100.5074 (WinBuild.160101.0800)",
      "Guid": "5770385F-C22A-43E0-BF4C-06F5698FFBD9",
      "Hashes": "MD5=2E51DA7B69836CFEBCB3F9AA47C08266,SHA256=7C7F386BB7C70263FD835DC58791B6DD73FC6617C27751B5503DBA8D0CDDA690,IMPHASH=43C6BE584D77B658A53A9A5C606724DD",
      "IMPHASH": "43C6BE584D77B658A53A9A5C606724DD",
      "Image": "C:\\Windows\\System32\\wbem\\WMIC.exe",
      "IntegrityLevel": "High",
      "Keywords": "0x8000000000000000",
      "Level": 4,
      "LogonGuid": "20525DD1-B76B-6A2E-D0C3-010000000000",
      "LogonId": "0x1c3d0",
      "MD5": "2E51DA7B69836CFEBCB3F9AA47C08266",
      "Opcode": 0,
      "OriginalFileName": "wmic.exe",
      "OriginalLogfile": "t1204.002__t1204.002_005.evtx",
      "ParentCommandLine": "cmd.exe /c \"wmic process call create \\\"cmd.exe /c set __COMPAT_LAYER= && wscript.exe //E:jscript //Nologo C:\\Users\\Public\\impl.js\\\"\"",
      "ParentImage": "C:\\Windows\\System32\\cmd.exe",
      "ParentProcessGuid": "20525DD1-E7DD-6A2E-5213-000000002C00",
      "ParentProcessId": 8048,
      "ParentUser": "thaimx\\thaim",
      "ProcessGuid": "20525DD1-E7DD-6A2E-5313-000000002C00",
      "ProcessID": "3836",
      "Product": "Microsoft® Windows® Operating System",
      "Provider_Name": "Microsoft-Windows-Sysmon",
      "RuleName": "-",
      "SHA256": "7C7F386BB7C70263FD835DC58791B6DD73FC6617C27751B5503DBA8D0CDDA690",
      "SystemTime": "2026-06-14T17:41:49.419321Z",
      "Task": 1,
      "TerminalSessionId": 1,
      "ThreadID": 3864,
      "User": "thaimx\\thaim",
      "UserID": "S-1-5-18",
      "UtcTime": "2026-06-14 17:41:49.416",
      "Version": 5
    },
    {
      "row_id": 300,
      "Channel": "Microsoft-Windows-Sysmon/Operational",
      "CommandLine": "cmd.exe /c \"wmic process call create \\\"cmd.exe /\\\"c\\\" set __COMPAT_LAYER= && wscript.exe //e:jSCRiPt -\\\"/Nologo\\\" C:\\Users\\Public\\impl.js\\\"\"",
      "Company": "Microsoft Corporation",
      "Computer": "thaimx",
      "CurrentDirectory": "C:\\DATN1\\",
      "Description": "Windows Command Processor",
      "EventID": 1,
      "EventRecordID": 210474,
      "FileVersion": "10.0.26100.8521 (WinBuild.160101.0800)",
      "Guid": "5770385F-C22A-43E0-BF4C-06F5698FFBD9",
      "Hashes": "MD5=D87E9FA4C7C878F4C1DC8885CEA7F9F0,SHA256=75320A519959CC6D089EA3EBA33C38CACCB7F138A025EA439BC9686CDB79DED4,IMPHASH=B0F049C014592B156EB1FA857E99CEB9",
      "IMPHASH": "B0F049C014592B156EB1FA857E99CEB9",
      "Image": "C:\\Windows\\System32\\cmd.exe",
      "IntegrityLevel": "High",
      "Keywords": "0x8000000000000000",
      "Level": 4,
      "LogonGuid": "20525DD1-B76B-6A2E-D0C3-010000000000",
      "LogonId": "0x1c3d0",
      "MD5": "D87E9FA4C7C878F4C1DC8885CEA7F9F0",
      "Opcode": 0,
      "OriginalFileName": "Cmd.Exe",
      "OriginalLogfile": "t1204.002__t1204.002_006.evtx",
      "ParentCommandLine": "python  -m src.sigma_rule_evaluator.cli --execute",
      "ParentImage": "C:\\Users\\thaim\\AppData\\Local\\Programs\\Python\\Python314\\python.exe",
      "ParentProcessGuid": "20525DD1-CF08-6A2E-7403-000000002C00",
      "ParentProcessId": 9080,
      "ParentUser": "thaimx\\thaim",
      "ProcessGuid": "20525DD1-E7F0-6A2E-6613-000000002C00",
      "ProcessID": "3836",
      "Product": "Microsoft® Windows® Operating System",
      "Provider_Name": "Microsoft-Windows-Sysmon",
      "RuleName": "-",
      "SHA256": "75320A519959CC6D089EA3EBA33C38CACCB7F138A025EA439BC9686CDB79DED4",
      "SystemTime": "2026-06-14T17:42:08.059100Z",
      "Task": 1,
      "TerminalSessionId": 1,
      "ThreadID": 3864,
      "User": "thaimx\\thaim",
      "UserID": "S-1-5-18",
      "UtcTime": "2026-06-14 17:42:08.053",
      "Version": 5
    },
    {
      "row_id": 301,
      "Channel": "Microsoft-Windows-Sysmon/Operational",
      "CommandLine": "wmic  process call create \\\"cmd.exe /\\\"c\\\" set __COMPAT_LAYER= && wscript.exe //e:jSCRiPt -\\\"/Nologo\\\" C:\\Users\\Public\\impl.js\\\"",
      "Company": "Microsoft Corporation",
      "Computer": "thaimx",
      "CurrentDirectory": "C:\\DATN1\\",
      "Description": "WMI Commandline Utility",
      "EventID": 1,
      "EventRecordID": 210475,
      "FileVersion": "10.0.26100.5074 (WinBuild.160101.0800)",
      "Guid": "5770385F-C22A-43E0-BF4C-06F5698FFBD9",
      "Hashes": "MD5=2E51DA7B69836CFEBCB3F9AA47C08266,SHA256=7C7F386BB7C70263FD835DC58791B6DD73FC6617C27751B5503DBA8D0CDDA690,IMPHASH=43C6BE584D77B658A53A9A5C606724DD",
      "IMPHASH": "43C6BE584D77B658A53A9A5C606724DD",
      "Image": "C:\\Windows\\System32\\wbem\\WMIC.exe",
      "IntegrityLevel": "High",
      "Keywords": "0x8000000000000000",
      "Level": 4,
      "LogonGuid": "20525DD1-B76B-6A2E-D0C3-010000000000",
      "LogonId": "0x1c3d0",
      "MD5": "2E51DA7B69836CFEBCB3F9AA47C08266",
      "Opcode": 0,
      "OriginalFileName": "wmic.exe",
      "OriginalLogfile": "t1204.002__t1204.002_006.evtx",
      "ParentCommandLine": "cmd.exe /c \"wmic process call create \\\"cmd.exe /\\\"c\\\" set __COMPAT_LAYER= && wscript.exe //e:jSCRiPt -\\\"/Nologo\\\" C:\\Users\\Public\\impl.js\\\"\"",
      "ParentImage": "C:\\Windows\\System32\\cmd.exe",
      "ParentProcessGuid": "20525DD1-E7F0-6A2E-6613-000000002C00",
      "ParentProcessId": 3952,
      "ParentUser": "thaimx\\thaim",
      "ProcessGuid": "20525DD1-E7F0-6A2E-6713-000000002C00",
      "ProcessID": "3836",
      "Product": "Microsoft® Windows® Operating System",
      "Provider_Name": "Microsoft-Windows-Sysmon",
      "RuleName": "-",
      "SHA256": "7C7F386BB7C70263FD835DC58791B6DD73FC6617C27751B5503DBA8D0CDDA690",
      "SystemTime": "2026-06-14T17:42:08.077111Z",
      "Task": 1,
      "TerminalSessionId": 1,
      "ThreadID": 3864,
      "User": "thaimx\\thaim",
      "UserID": "S-1-5-18",
      "UtcTime": "2026-06-14 17:42:08.074",
      "Version": 5
    },
    {
      "row_id": 302,
      "Channel": "Microsoft-Windows-Sysmon/Operational",
      "CommandLine": "cmd.exe /c \"wmic process call create \\\"cmd.exe /\\\"c\\\" set __COMPAT_LAYER= && wscript.exe //E:jscript //nolOgO C:\\Users\\Public\\impl.js\\\"\"",
      "Company": "Microsoft Corporation",
      "Computer": "thaimx",
      "CurrentDirectory": "C:\\DATN1\\",
      "Description": "Windows Command Processor",
      "EventID": 1,
      "EventRecordID": 210518,
      "FileVersion": "10.0.26100.8521 (WinBuild.160101.0800)",
      "Guid": "5770385F-C22A-43E0-BF4C-06F5698FFBD9",
      "Hashes": "MD5=D87E9FA4C7C878F4C1DC8885CEA7F9F0,SHA256=75320A519959CC6D089EA3EBA33C38CACCB7F138A025EA439BC9686CDB79DED4,IMPHASH=B0F049C014592B156EB1FA857E99CEB9",
      "IMPHASH": "B0F049C014592B156EB1FA857E99CEB9",
      "Image": "C:\\Windows\\System32\\cmd.exe",
      "IntegrityLevel": "High",
      "Keywords": "0x8000000000000000",
      "Level": 4,
      "LogonGuid": "20525DD1-B76B-6A2E-D0C3-010000000000",
      "LogonId": "0x1c3d0",
      "MD5": "D87E9FA4C7C878F4C1DC8885CEA7F9F0",
      "Opcode": 0,
      "OriginalFileName": "Cmd.Exe",
      "OriginalLogfile": "t1204.002__t1204.002_007.evtx",
      "ParentCommandLine": "python  -m src.sigma_rule_evaluator.cli --execute",
      "ParentImage": "C:\\Users\\thaim\\AppData\\Local\\Programs\\Python\\Python314\\python.exe",
      "ParentProcessGuid": "20525DD1-CF08-6A2E-7403-000000002C00",
      "ParentProcessId": 9080,
      "ParentUser": "thaimx\\thaim",
      "ProcessGuid": "20525DD1-E802-6A2E-7C13-000000002C00",
      "ProcessID": "3836",
      "Product": "Microsoft® Windows® Operating System",
      "Provider_Name": "Microsoft-Windows-Sysmon",
      "RuleName": "-",
      "SHA256": "75320A519959CC6D089EA3EBA33C38CACCB7F138A025EA439BC9686CDB79DED4",
      "SystemTime": "2026-06-14T17:42:26.913981Z",
      "Task": 1,
      "TerminalSessionId": 1,
      "ThreadID": 3864,
      "User": "thaimx\\thaim",
      "UserID": "S-1-5-18",
      "UtcTime": "2026-06-14 17:42:26.899",
      "Version": 5
    },
    {
      "row_id": 303,
      "Channel": "Microsoft-Windows-Sysmon/Operational",
      "CommandLine": "wmic  process call create \\\"cmd.exe /\\\"c\\\" set __COMPAT_LAYER= && wscript.exe //E:jscript //nolOgO C:\\Users\\Public\\impl.js\\\"",
      "Company": "Microsoft Corporation",
      "Computer": "thaimx",
      "CurrentDirectory": "C:\\DATN1\\",
      "Description": "WMI Commandline Utility",
      "EventID": 1,
      "EventRecordID": 210521,
      "FileVersion": "10.0.26100.5074 (WinBuild.160101.0800)",
      "Guid": "5770385F-C22A-43E0-BF4C-06F5698FFBD9",
      "Hashes": "MD5=2E51DA7B69836CFEBCB3F9AA47C08266,SHA256=7C7F386BB7C70263FD835DC58791B6DD73FC6617C27751B5503DBA8D0CDDA690,IMPHASH=43C6BE584D77B658A53A9A5C606724DD",
      "IMPHASH": "43C6BE584D77B658A53A9A5C606724DD",
      "Image": "C:\\Windows\\System32\\wbem\\WMIC.exe",
      "IntegrityLevel": "High",
      "Keywords": "0x8000000000000000",
      "Level": 4,
      "LogonGuid": "20525DD1-B76B-6A2E-D0C3-010000000000",
      "LogonId": "0x1c3d0",
      "MD5": "2E51DA7B69836CFEBCB3F9AA47C08266",
      "Opcode": 0,
      "OriginalFileName": "wmic.exe",
      "OriginalLogfile": "t1204.002__t1204.002_007.evtx",
      "ParentCommandLine": "cmd.exe /c \"wmic process call create \\\"cmd.exe /\\\"c\\\" set __COMPAT_LAYER= && wscript.exe //E:jscript //nolOgO C:\\Users\\Public\\impl.js\\\"\"",
      "ParentImage": "C:\\Windows\\System32\\cmd.exe",
      "ParentProcessGuid": "20525DD1-E802-6A2E-7C13-000000002C00",
      "ParentProcessId": 10640,
      "ParentUser": "thaimx\\thaim",
      "ProcessGuid": "20525DD1-E802-6A2E-7F13-000000002C00",
      "ProcessID": "3836",
      "Product": "Microsoft® Windows® Operating System",
      "Provider_Name": "Microsoft-Windows-Sysmon",
      "RuleName": "-",
      "SHA256": "7C7F386BB7C70263FD835DC58791B6DD73FC6617C27751B5503DBA8D0CDDA690",
      "SystemTime": "2026-06-14T17:42:26.976304Z",
      "Task": 1,
      "TerminalSessionId": 1,
      "ThreadID": 3864,
      "User": "thaimx\\thaim",
      "UserID": "S-1-5-18",
      "UtcTime": "2026-06-14 17:42:26.957",
      "Version": 5
    },
    {
      "row_id": 304,
      "Channel": "Microsoft-Windows-Sysmon/Operational",
      "CommandLine": "cmd.exe /c \"wmic process call create \\\"cmd.exe /c set __COMPAT_LAYER= && wscript.exe -\\\"/E:jscript\\\" //Nologo C:\\Users\\Public\\impl.js\\\"\"",
      "Company": "Microsoft Corporation",
      "Computer": "thaimx",
      "CurrentDirectory": "C:\\DATN1\\",
      "Description": "Windows Command Processor",
      "EventID": 1,
      "EventRecordID": 210564,
      "FileVersion": "10.0.26100.8521 (WinBuild.160101.0800)",
      "Guid": "5770385F-C22A-43E0-BF4C-06F5698FFBD9",
      "Hashes": "MD5=D87E9FA4C7C878F4C1DC8885CEA7F9F0,SHA256=75320A519959CC6D089EA3EBA33C38CACCB7F138A025EA439BC9686CDB79DED4,IMPHASH=B0F049C014592B156EB1FA857E99CEB9",
      "IMPHASH": "B0F049C014592B156EB1FA857E99CEB9",
      "Image": "C:\\Windows\\System32\\cmd.exe",
      "IntegrityLevel": "High",
      "Keywords": "0x8000000000000000",
      "Level": 4,
      "LogonGuid": "20525DD1-B76B-6A2E-D0C3-010000000000",
      "LogonId": "0x1c3d0",
      "MD5": "D87E9FA4C7C878F4C1DC8885CEA7F9F0",
      "Opcode": 0,
      "OriginalFileName": "Cmd.Exe",
      "OriginalLogfile": "t1204.002__t1204.002_008.evtx",
      "ParentCommandLine": "python  -m src.sigma_rule_evaluator.cli --execute",
      "ParentImage": "C:\\Users\\thaim\\AppData\\Local\\Programs\\Python\\Python314\\python.exe",
      "ParentProcessGuid": "20525DD1-CF08-6A2E-7403-000000002C00",
      "ParentProcessId": 9080,
      "ParentUser": "thaimx\\thaim",
      "ProcessGuid": "20525DD1-E817-6A2E-9313-000000002C00",
      "ProcessID": "3836",
      "Product": "Microsoft® Windows® Operating System",
      "Provider_Name": "Microsoft-Windows-Sysmon",
      "RuleName": "-",
      "SHA256": "75320A519959CC6D089EA3EBA33C38CACCB7F138A025EA439BC9686CDB79DED4",
      "SystemTime": "2026-06-14T17:42:47.334442Z",
      "Task": 1,
      "TerminalSessionId": 1,
      "ThreadID": 3864,
      "User": "thaimx\\thaim",
      "UserID": "S-1-5-18",
      "UtcTime": "2026-06-14 17:42:47.330",
      "Version": 5
    },
    {
      "row_id": 305,
      "Channel": "Microsoft-Windows-Sysmon/Operational",
      "CommandLine": "wmic  process call create \\\"cmd.exe /c set __COMPAT_LAYER= && wscript.exe -\\\"/E:jscript\\\" //Nologo C:\\Users\\Public\\impl.js\\\"",
      "Company": "Microsoft Corporation",
      "Computer": "thaimx",
      "CurrentDirectory": "C:\\DATN1\\",
      "Description": "WMI Commandline Utility",
      "EventID": 1,
      "EventRecordID": 210565,
      "FileVersion": "10.0.26100.5074 (WinBuild.160101.0800)",
      "Guid": "5770385F-C22A-43E0-BF4C-06F5698FFBD9",
      "Hashes": "MD5=2E51DA7B69836CFEBCB3F9AA47C08266,SHA256=7C7F386BB7C70263FD835DC58791B6DD73FC6617C27751B5503DBA8D0CDDA690,IMPHASH=43C6BE584D77B658A53A9A5C606724DD",
      "IMPHASH": "43C6BE584D77B658A53A9A5C606724DD",
      "Image": "C:\\Windows\\System32\\wbem\\WMIC.exe",
      "IntegrityLevel": "High",
      "Keywords": "0x8000000000000000",
      "Level": 4,
      "LogonGuid": "20525DD1-B76B-6A2E-D0C3-010000000000",
      "LogonId": "0x1c3d0",
      "MD5": "2E51DA7B69836CFEBCB3F9AA47C08266",
      "Opcode": 0,
      "OriginalFileName": "wmic.exe",
      "OriginalLogfile": "t1204.002__t1204.002_008.evtx",
      "ParentCommandLine": "cmd.exe /c \"wmic process call create \\\"cmd.exe /c set __COMPAT_LAYER= && wscript.exe -\\\"/E:jscript\\\" //Nologo C:\\Users\\Public\\impl.js\\\"\"",
      "ParentImage": "C:\\Windows\\System32\\cmd.exe",
      "ParentProcessGuid": "20525DD1-E817-6A2E-9313-000000002C00",
      "ParentProcessId": 3140,
      "ParentUser": "thaimx\\thaim",
      "ProcessGuid": "20525DD1-E817-6A2E-9413-000000002C00",
      "ProcessID": "3836",
      "Product": "Microsoft® Windows® Operating System",
      "Provider_Name": "Microsoft-Windows-Sysmon",
      "RuleName": "-",
      "SHA256": "7C7F386BB7C70263FD835DC58791B6DD73FC6617C27751B5503DBA8D0CDDA690",
      "SystemTime": "2026-06-14T17:42:47.353225Z",
      "Task": 1,
      "TerminalSessionId": 1,
      "ThreadID": 3864,
      "User": "thaimx\\thaim",
      "UserID": "S-1-5-18",
      "UtcTime": "2026-06-14 17:42:47.350",
      "Version": 5
    },
    {
      "row_id": 306,
      "Channel": "Microsoft-Windows-Sysmon/Operational",
      "CommandLine": "cmd.exe /c \"wmic process call create \\\"cmd.exe /\\\"c\\\" set __COMPAT_LAYER= && wscript.exe //E:jscript //NoLOGO C:\\Users\\Public\\impl.js\\\"\"",
      "Company": "Microsoft Corporation",
      "Computer": "thaimx",
      "CurrentDirectory": "C:\\DATN1\\",
      "Description": "Windows Command Processor",
      "EventID": 1,
      "EventRecordID": 210611,
      "FileVersion": "10.0.26100.8521 (WinBuild.160101.0800)",
      "Guid": "5770385F-C22A-43E0-BF4C-06F5698FFBD9",
      "Hashes": "MD5=D87E9FA4C7C878F4C1DC8885CEA7F9F0,SHA256=75320A519959CC6D089EA3EBA33C38CACCB7F138A025EA439BC9686CDB79DED4,IMPHASH=B0F049C014592B156EB1FA857E99CEB9",
      "IMPHASH": "B0F049C014592B156EB1FA857E99CEB9",
      "Image": "C:\\Windows\\System32\\cmd.exe",
      "IntegrityLevel": "High",
      "Keywords": "0x8000000000000000",
      "Level": 4,
      "LogonGuid": "20525DD1-B76B-6A2E-D0C3-010000000000",
      "LogonId": "0x1c3d0",
      "MD5": "D87E9FA4C7C878F4C1DC8885CEA7F9F0",
      "Opcode": 0,
      "OriginalFileName": "Cmd.Exe",
      "OriginalLogfile": "t1204.002__t1204.002_009.evtx",
      "ParentCommandLine": "python  -m src.sigma_rule_evaluator.cli --execute",
      "ParentImage": "C:\\Users\\thaim\\AppData\\Local\\Programs\\Python\\Python314\\python.exe",
      "ParentProcessGuid": "20525DD1-CF08-6A2E-7403-000000002C00",
      "ParentProcessId": 9080,
      "ParentUser": "thaimx\\thaim",
      "ProcessGuid": "20525DD1-E82B-6A2E-AA13-000000002C00",
      "ProcessID": "3836",
      "Product": "Microsoft® Windows® Operating System",
      "Provider_Name": "Microsoft-Windows-Sysmon",
      "RuleName": "-",
      "SHA256": "75320A519959CC6D089EA3EBA33C38CACCB7F138A025EA439BC9686CDB79DED4",
      "SystemTime": "2026-06-14T17:43:07.221370Z",
      "Task": 1,
      "TerminalSessionId": 1,
      "ThreadID": 3864,
      "User": "thaimx\\thaim",
      "UserID": "S-1-5-18",
      "UtcTime": "2026-06-14 17:43:07.218",
      "Version": 5
    },
    {
      "row_id": 307,
      "Channel": "Microsoft-Windows-Sysmon/Operational",
      "CommandLine": "wmic  process call create \\\"cmd.exe /\\\"c\\\" set __COMPAT_LAYER= && wscript.exe //E:jscript //NoLOGO C:\\Users\\Public\\impl.js\\\"",
      "Company": "Microsoft Corporation",
      "Computer": "thaimx",
      "CurrentDirectory": "C:\\DATN1\\",
      "Description": "WMI Commandline Utility",
      "EventID": 1,
      "EventRecordID": 210612,
      "FileVersion": "10.0.26100.5074 (WinBuild.160101.0800)",
      "Guid": "5770385F-C22A-43E0-BF4C-06F5698FFBD9",
      "Hashes": "MD5=2E51DA7B69836CFEBCB3F9AA47C08266,SHA256=7C7F386BB7C70263FD835DC58791B6DD73FC6617C27751B5503DBA8D0CDDA690,IMPHASH=43C6BE584D77B658A53A9A5C606724DD",
      "IMPHASH": "43C6BE584D77B658A53A9A5C606724DD",
      "Image": "C:\\Windows\\System32\\wbem\\WMIC.exe",
      "IntegrityLevel": "High",
      "Keywords": "0x8000000000000000",
      "Level": 4,
      "LogonGuid": "20525DD1-B76B-6A2E-D0C3-010000000000",
      "LogonId": "0x1c3d0",
      "MD5": "2E51DA7B69836CFEBCB3F9AA47C08266",
      "Opcode": 0,
      "OriginalFileName": "wmic.exe",
      "OriginalLogfile": "t1204.002__t1204.002_009.evtx",
      "ParentCommandLine": "cmd.exe /c \"wmic process call create \\\"cmd.exe /\\\"c\\\" set __COMPAT_LAYER= && wscript.exe //E:jscript //NoLOGO C:\\Users\\Public\\impl.js\\\"\"",
      "ParentImage": "C:\\Windows\\System32\\cmd.exe",
      "ParentProcessGuid": "20525DD1-E82B-6A2E-AA13-000000002C00",
      "ParentProcessId": 7704,
      "ParentUser": "thaimx\\thaim",
      "ProcessGuid": "20525DD1-E82B-6A2E-AB13-000000002C00",
      "ProcessID": "3836",
      "Product": "Microsoft® Windows® Operating System",
      "Provider_Name": "Microsoft-Windows-Sysmon",
      "RuleName": "-",
      "SHA256": "7C7F386BB7C70263FD835DC58791B6DD73FC6617C27751B5503DBA8D0CDDA690",
      "SystemTime": "2026-06-14T17:43:07.237098Z",
      "Task": 1,
      "TerminalSessionId": 1,
      "ThreadID": 3864,
      "User": "thaimx\\thaim",
      "UserID": "S-1-5-18",
      "UtcTime": "2026-06-14 17:43:07.234",
      "Version": 5
    },
    {
      "row_id": 308,
      "Channel": "Microsoft-Windows-Sysmon/Operational",
      "CommandLine": "cmd.exe /c \"wmic process call create \\\"cmd.exe /c set __COMPAT_LAYER= && wscript.exe //E:jscript /\\\"/Nologo\\\" C:\\Users\\Public\\impl.js\\\"\"",
      "Company": "Microsoft Corporation",
      "Computer": "thaimx",
      "CurrentDirectory": "C:\\DATN1\\",
      "Description": "Windows Command Processor",
      "EventID": 1,
      "EventRecordID": 210659,
      "FileVersion": "10.0.26100.8521 (WinBuild.160101.0800)",
      "Guid": "5770385F-C22A-43E0-BF4C-06F5698FFBD9",
      "Hashes": "MD5=D87E9FA4C7C878F4C1DC8885CEA7F9F0,SHA256=75320A519959CC6D089EA3EBA33C38CACCB7F138A025EA439BC9686CDB79DED4,IMPHASH=B0F049C014592B156EB1FA857E99CEB9",
      "IMPHASH": "B0F049C014592B156EB1FA857E99CEB9",
      "Image": "C:\\Windows\\System32\\cmd.exe",
      "IntegrityLevel": "High",
      "Keywords": "0x8000000000000000",
      "Level": 4,
      "LogonGuid": "20525DD1-B76B-6A2E-D0C3-010000000000",
      "LogonId": "0x1c3d0",
      "MD5": "D87E9FA4C7C878F4C1DC8885CEA7F9F0",
      "Opcode": 0,
      "OriginalFileName": "Cmd.Exe",
      "OriginalLogfile": "t1204.002__t1204.002_010.evtx",
      "ParentCommandLine": "python  -m src.sigma_rule_evaluator.cli --execute",
      "ParentImage": "C:\\Users\\thaim\\AppData\\Local\\Programs\\Python\\Python314\\python.exe",
      "ParentProcessGuid": "20525DD1-CF08-6A2E-7403-000000002C00",
      "ParentProcessId": 9080,
      "ParentUser": "thaimx\\thaim",
      "ProcessGuid": "20525DD1-E83E-6A2E-C313-000000002C00",
      "ProcessID": "3836",
      "Product": "Microsoft® Windows® Operating System",
      "Provider_Name": "Microsoft-Windows-Sysmon",
      "RuleName": "-",
      "SHA256": "75320A519959CC6D089EA3EBA33C38CACCB7F138A025EA439BC9686CDB79DED4",
      "SystemTime": "2026-06-14T17:43:26.595235Z",
      "Task": 1,
      "TerminalSessionId": 1,
      "ThreadID": 3864,
      "User": "thaimx\\thaim",
      "UserID": "S-1-5-18",
      "UtcTime": "2026-06-14 17:43:26.592",
      "Version": 5
    },
    {
      "row_id": 309,
      "Channel": "Microsoft-Windows-Sysmon/Operational",
      "CommandLine": "wmic  process call create \\\"cmd.exe /c set __COMPAT_LAYER= && wscript.exe //E:jscript /\\\"/Nologo\\\" C:\\Users\\Public\\impl.js\\\"",
      "Company": "Microsoft Corporation",
      "Computer": "thaimx",
      "CurrentDirectory": "C:\\DATN1\\",
      "Description": "WMI Commandline Utility",
      "EventID": 1,
      "EventRecordID": 210662,
      "FileVersion": "10.0.26100.5074 (WinBuild.160101.0800)",
      "Guid": "5770385F-C22A-43E0-BF4C-06F5698FFBD9",
      "Hashes": "MD5=2E51DA7B69836CFEBCB3F9AA47C08266,SHA256=7C7F386BB7C70263FD835DC58791B6DD73FC6617C27751B5503DBA8D0CDDA690,IMPHASH=43C6BE584D77B658A53A9A5C606724DD",
      "IMPHASH": "43C6BE584D77B658A53A9A5C606724DD",
      "Image": "C:\\Windows\\System32\\wbem\\WMIC.exe",
      "IntegrityLevel": "High",
      "Keywords": "0x8000000000000000",
      "Level": 4,
      "LogonGuid": "20525DD1-B76B-6A2E-D0C3-010000000000",
      "LogonId": "0x1c3d0",
      "MD5": "2E51DA7B69836CFEBCB3F9AA47C08266",
      "Opcode": 0,
      "OriginalFileName": "wmic.exe",
      "OriginalLogfile": "t1204.002__t1204.002_010.evtx",
      "ParentCommandLine": "cmd.exe /c \"wmic process call create \\\"cmd.exe /c set __COMPAT_LAYER= && wscript.exe //E:jscript /\\\"/Nologo\\\" C:\\Users\\Public\\impl.js\\\"\"",
      "ParentImage": "C:\\Windows\\System32\\cmd.exe",
      "ParentProcessGuid": "20525DD1-E83E-6A2E-C313-000000002C00",
      "ParentProcessId": 10328,
      "ParentUser": "thaimx\\thaim",
      "ProcessGuid": "20525DD1-E83E-6A2E-C513-000000002C00",
      "ProcessID": "3836",
      "Product": "Microsoft® Windows® Operating System",
      "Provider_Name": "Microsoft-Windows-Sysmon",
      "RuleName": "-",
      "SHA256": "7C7F386BB7C70263FD835DC58791B6DD73FC6617C27751B5503DBA8D0CDDA690",
      "SystemTime": "2026-06-14T17:43:26.684829Z",
      "Task": 1,
      "TerminalSessionId": 1,
      "ThreadID": 3864,
      "User": "thaimx\\thaim",
      "UserID": "S-1-5-18",
      "UtcTime": "2026-06-14 17:43:26.679",
      "Version": 5
    },
    {
      "row_id": 310,
      "Channel": "Microsoft-Windows-Sysmon/Operational",
      "CommandLine": "cmd.exe /c \"wmic process call create \\\"cmd.exe /C set __COMPAT_LAYER= && wscript.exe /\\\"/E:jscript\\\" //Nologo C:\\Users\\Public\\impl.js\\\"\"",
      "Company": "Microsoft Corporation",
      "Computer": "thaimx",
      "CurrentDirectory": "C:\\DATN1\\",
      "Description": "Windows Command Processor",
      "EventID": 1,
      "EventRecordID": 210703,
      "FileVersion": "10.0.26100.8521 (WinBuild.160101.0800)",
      "Guid": "5770385F-C22A-43E0-BF4C-06F5698FFBD9",
      "Hashes": "MD5=D87E9FA4C7C878F4C1DC8885CEA7F9F0,SHA256=75320A519959CC6D089EA3EBA33C38CACCB7F138A025EA439BC9686CDB79DED4,IMPHASH=B0F049C014592B156EB1FA857E99CEB9",
      "IMPHASH": "B0F049C014592B156EB1FA857E99CEB9",
      "Image": "C:\\Windows\\System32\\cmd.exe",
      "IntegrityLevel": "High",
      "Keywords": "0x8000000000000000",
      "Level": 4,
      "LogonGuid": "20525DD1-B76B-6A2E-D0C3-010000000000",
      "LogonId": "0x1c3d0",
      "MD5": "D87E9FA4C7C878F4C1DC8885CEA7F9F0",
      "Opcode": 0,
      "OriginalFileName": "Cmd.Exe",
      "OriginalLogfile": "t1204.002__t1204.002_011.evtx",
      "ParentCommandLine": "python  -m src.sigma_rule_evaluator.cli --execute",
      "ParentImage": "C:\\Users\\thaim\\AppData\\Local\\Programs\\Python\\Python314\\python.exe",
      "ParentProcessGuid": "20525DD1-CF08-6A2E-7403-000000002C00",
      "ParentProcessId": 9080,
      "ParentUser": "thaimx\\thaim",
      "ProcessGuid": "20525DD1-E852-6A2E-D813-000000002C00",
      "ProcessID": "3836",
      "Product": "Microsoft® Windows® Operating System",
      "Provider_Name": "Microsoft-Windows-Sysmon",
      "RuleName": "-",
      "SHA256": "75320A519959CC6D089EA3EBA33C38CACCB7F138A025EA439BC9686CDB79DED4",
      "SystemTime": "2026-06-14T17:43:46.279680Z",
      "Task": 1,
      "TerminalSessionId": 1,
      "ThreadID": 3864,
      "User": "thaimx\\thaim",
      "UserID": "S-1-5-18",
      "UtcTime": "2026-06-14 17:43:46.276",
      "Version": 5
    },
    {
      "row_id": 311,
      "Channel": "Microsoft-Windows-Sysmon/Operational",
      "CommandLine": "wmic  process call create \\\"cmd.exe /C set __COMPAT_LAYER= && wscript.exe /\\\"/E:jscript\\\" //Nologo C:\\Users\\Public\\impl.js\\\"",
      "Company": "Microsoft Corporation",
      "Computer": "thaimx",
      "CurrentDirectory": "C:\\DATN1\\",
      "Description": "WMI Commandline Utility",
      "EventID": 1,
      "EventRecordID": 210704,
      "FileVersion": "10.0.26100.5074 (WinBuild.160101.0800)",
      "Guid": "5770385F-C22A-43E0-BF4C-06F5698FFBD9",
      "Hashes": "MD5=2E51DA7B69836CFEBCB3F9AA47C08266,SHA256=7C7F386BB7C70263FD835DC58791B6DD73FC6617C27751B5503DBA8D0CDDA690,IMPHASH=43C6BE584D77B658A53A9A5C606724DD",
      "IMPHASH": "43C6BE584D77B658A53A9A5C606724DD",
      "Image": "C:\\Windows\\System32\\wbem\\WMIC.exe",
      "IntegrityLevel": "High",
      "Keywords": "0x8000000000000000",
      "Level": 4,
      "LogonGuid": "20525DD1-B76B-6A2E-D0C3-010000000000",
      "LogonId": "0x1c3d0",
      "MD5": "2E51DA7B69836CFEBCB3F9AA47C08266",
      "Opcode": 0,
      "OriginalFileName": "wmic.exe",
      "OriginalLogfile": "t1204.002__t1204.002_011.evtx",
      "ParentCommandLine": "cmd.exe /c \"wmic process call create \\\"cmd.exe /C set __COMPAT_LAYER= && wscript.exe /\\\"/E:jscript\\\" //Nologo C:\\Users\\Public\\impl.js\\\"\"",
      "ParentImage": "C:\\Windows\\System32\\cmd.exe",
      "ParentProcessGuid": "20525DD1-E852-6A2E-D813-000000002C00",
      "ParentProcessId": 11468,
      "ParentUser": "thaimx\\thaim",
      "ProcessGuid": "20525DD1-E852-6A2E-D913-000000002C00",
      "ProcessID": "3836",
      "Product": "Microsoft® Windows® Operating System",
      "Provider_Name": "Microsoft-Windows-Sysmon",
      "RuleName": "-",
      "SHA256": "7C7F386BB7C70263FD835DC58791B6DD73FC6617C27751B5503DBA8D0CDDA690",
      "SystemTime": "2026-06-14T17:43:46.294977Z",
      "Task": 1,
      "TerminalSessionId": 1,
      "ThreadID": 3864,
      "User": "thaimx\\thaim",
      "UserID": "S-1-5-18",
      "UtcTime": "2026-06-14 17:43:46.292",
      "Version": 5
    },
    {
      "row_id": 312,
      "Channel": "Microsoft-Windows-Sysmon/Operational",
      "CommandLine": "cmd.exe /c \"wmic process call create \\\"cmd.exe /c set __COMPAT_LAYER= && wscript.exe //E:jscript //nOloGo C:\\Users\\Public\\impl.js\\\"\"",
      "Company": "Microsoft Corporation",
      "Computer": "thaimx",
      "CurrentDirectory": "C:\\DATN1\\",
      "Description": "Windows Command Processor",
      "EventID": 1,
      "EventRecordID": 210749,
      "FileVersion": "10.0.26100.8521 (WinBuild.160101.0800)",
      "Guid": "5770385F-C22A-43E0-BF4C-06F5698FFBD9",
      "Hashes": "MD5=D87E9FA4C7C878F4C1DC8885CEA7F9F0,SHA256=75320A519959CC6D089EA3EBA33C38CACCB7F138A025EA439BC9686CDB79DED4,IMPHASH=B0F049C014592B156EB1FA857E99CEB9",
      "IMPHASH": "B0F049C014592B156EB1FA857E99CEB9",
      "Image": "C:\\Windows\\System32\\cmd.exe",
      "IntegrityLevel": "High",
      "Keywords": "0x8000000000000000",
      "Level": 4,
      "LogonGuid": "20525DD1-B76B-6A2E-D0C3-010000000000",
      "LogonId": "0x1c3d0",
      "MD5": "D87E9FA4C7C878F4C1DC8885CEA7F9F0",
      "Opcode": 0,
      "OriginalFileName": "Cmd.Exe",
      "OriginalLogfile": "t1204.002__t1204.002_012.evtx",
      "ParentCommandLine": "python  -m src.sigma_rule_evaluator.cli --execute",
      "ParentImage": "C:\\Users\\thaim\\AppData\\Local\\Programs\\Python\\Python314\\python.exe",
      "ParentProcessGuid": "20525DD1-CF08-6A2E-7403-000000002C00",
      "ParentProcessId": 9080,
      "ParentUser": "thaimx\\thaim",
      "ProcessGuid": "20525DD1-E864-6A2E-EF13-000000002C00",
      "ProcessID": "3836",
      "Product": "Microsoft® Windows® Operating System",
      "Provider_Name": "Microsoft-Windows-Sysmon",
      "RuleName": "-",
      "SHA256": "75320A519959CC6D089EA3EBA33C38CACCB7F138A025EA439BC9686CDB79DED4",
      "SystemTime": "2026-06-14T17:44:04.956208Z",
      "Task": 1,
      "TerminalSessionId": 1,
      "ThreadID": 3864,
      "User": "thaimx\\thaim",
      "UserID": "S-1-5-18",
      "UtcTime": "2026-06-14 17:44:04.952",
      "Version": 5
    },
    {
      "row_id": 313,
      "Channel": "Microsoft-Windows-Sysmon/Operational",
      "CommandLine": "wmic  process call create \\\"cmd.exe /c set __COMPAT_LAYER= && wscript.exe //E:jscript //nOloGo C:\\Users\\Public\\impl.js\\\"",
      "Company": "Microsoft Corporation",
      "Computer": "thaimx",
      "CurrentDirectory": "C:\\DATN1\\",
      "Description": "WMI Commandline Utility",
      "EventID": 1,
      "EventRecordID": 210750,
      "FileVersion": "10.0.26100.5074 (WinBuild.160101.0800)",
      "Guid": "5770385F-C22A-43E0-BF4C-06F5698FFBD9",
      "Hashes": "MD5=2E51DA7B69836CFEBCB3F9AA47C08266,SHA256=7C7F386BB7C70263FD835DC58791B6DD73FC6617C27751B5503DBA8D0CDDA690,IMPHASH=43C6BE584D77B658A53A9A5C606724DD",
      "IMPHASH": "43C6BE584D77B658A53A9A5C606724DD",
      "Image": "C:\\Windows\\System32\\wbem\\WMIC.exe",
      "IntegrityLevel": "High",
      "Keywords": "0x8000000000000000",
      "Level": 4,
      "LogonGuid": "20525DD1-B76B-6A2E-D0C3-010000000000",
      "LogonId": "0x1c3d0",
      "MD5": "2E51DA7B69836CFEBCB3F9AA47C08266",
      "Opcode": 0,
      "OriginalFileName": "wmic.exe",
      "OriginalLogfile": "t1204.002__t1204.002_012.evtx",
      "ParentCommandLine": "cmd.exe /c \"wmic process call create \\\"cmd.exe /c set __COMPAT_LAYER= && wscript.exe //E:jscript //nOloGo C:\\Users\\Public\\impl.js\\\"\"",
      "ParentImage": "C:\\Windows\\System32\\cmd.exe",
      "ParentProcessGuid": "20525DD1-E864-6A2E-EF13-000000002C00",
      "ParentProcessId": 11044,
      "ParentUser": "thaimx\\thaim",
      "ProcessGuid": "20525DD1-E864-6A2E-F013-000000002C00",
      "ProcessID": "3836",
      "Product": "Microsoft® Windows® Operating System",
      "Provider_Name": "Microsoft-Windows-Sysmon",
      "RuleName": "-",
      "SHA256": "7C7F386BB7C70263FD835DC58791B6DD73FC6617C27751B5503DBA8D0CDDA690",
      "SystemTime": "2026-06-14T17:44:04.981479Z",
      "Task": 1,
      "TerminalSessionId": 1,
      "ThreadID": 3864,
      "User": "thaimx\\thaim",
      "UserID": "S-1-5-18",
      "UtcTime": "2026-06-14 17:44:04.969",
      "Version": 5
    },
    {
      "row_id": 314,
      "Channel": "Microsoft-Windows-Sysmon/Operational",
      "CommandLine": "cmd.exe /c \"wmic process call create \\\"cmd.exe -\\\"c\\\" set __COMPAT_LAYER= && wscript.exe /\\\"/E:jscript\\\" -\\\"/Nologo\\\" C:\\Users\\Public\\impl.js\\\"\"",
      "Company": "Microsoft Corporation",
      "Computer": "thaimx",
      "CurrentDirectory": "C:\\DATN1\\",
      "Description": "Windows Command Processor",
      "EventID": 1,
      "EventRecordID": 210799,
      "FileVersion": "10.0.26100.8521 (WinBuild.160101.0800)",
      "Guid": "5770385F-C22A-43E0-BF4C-06F5698FFBD9",
      "Hashes": "MD5=D87E9FA4C7C878F4C1DC8885CEA7F9F0,SHA256=75320A519959CC6D089EA3EBA33C38CACCB7F138A025EA439BC9686CDB79DED4,IMPHASH=B0F049C014592B156EB1FA857E99CEB9",
      "IMPHASH": "B0F049C014592B156EB1FA857E99CEB9",
      "Image": "C:\\Windows\\System32\\cmd.exe",
      "IntegrityLevel": "High",
      "Keywords": "0x8000000000000000",
      "Level": 4,
      "LogonGuid": "20525DD1-B76B-6A2E-D0C3-010000000000",
      "LogonId": "0x1c3d0",
      "MD5": "D87E9FA4C7C878F4C1DC8885CEA7F9F0",
      "Opcode": 0,
      "OriginalFileName": "Cmd.Exe",
      "OriginalLogfile": "t1204.002__t1204.002_013.evtx",
      "ParentCommandLine": "python  -m src.sigma_rule_evaluator.cli --execute",
      "ParentImage": "C:\\Users\\thaim\\AppData\\Local\\Programs\\Python\\Python314\\python.exe",
      "ParentProcessGuid": "20525DD1-CF08-6A2E-7403-000000002C00",
      "ParentProcessId": 9080,
      "ParentUser": "thaimx\\thaim",
      "ProcessGuid": "20525DD1-E87B-6A2E-0914-000000002C00",
      "ProcessID": "3836",
      "Product": "Microsoft® Windows® Operating System",
      "Provider_Name": "Microsoft-Windows-Sysmon",
      "RuleName": "-",
      "SHA256": "75320A519959CC6D089EA3EBA33C38CACCB7F138A025EA439BC9686CDB79DED4",
      "SystemTime": "2026-06-14T17:44:27.796941Z",
      "Task": 1,
      "TerminalSessionId": 1,
      "ThreadID": 3864,
      "User": "thaimx\\thaim",
      "UserID": "S-1-5-18",
      "UtcTime": "2026-06-14 17:44:27.717",
      "Version": 5
    },
    {
      "row_id": 315,
      "Channel": "Microsoft-Windows-Sysmon/Operational",
      "CommandLine": "wmic  process call create \\\"cmd.exe -\\\"c\\\" set __COMPAT_LAYER= && wscript.exe /\\\"/E:jscript\\\" -\\\"/Nologo\\\" C:\\Users\\Public\\impl.js\\\"",
      "Company": "Microsoft Corporation",
      "Computer": "thaimx",
      "CurrentDirectory": "C:\\DATN1\\",
      "Description": "WMI Commandline Utility",
      "EventID": 1,
      "EventRecordID": 210802,
      "FileVersion": "10.0.26100.5074 (WinBuild.160101.0800)",
      "Guid": "5770385F-C22A-43E0-BF4C-06F5698FFBD9",
      "Hashes": "MD5=2E51DA7B69836CFEBCB3F9AA47C08266,SHA256=7C7F386BB7C70263FD835DC58791B6DD73FC6617C27751B5503DBA8D0CDDA690,IMPHASH=43C6BE584D77B658A53A9A5C606724DD",
      "IMPHASH": "43C6BE584D77B658A53A9A5C606724DD",
      "Image": "C:\\Windows\\System32\\wbem\\WMIC.exe",
      "IntegrityLevel": "High",
      "Keywords": "0x8000000000000000",
      "Level": 4,
      "LogonGuid": "20525DD1-B76B-6A2E-D0C3-010000000000",
      "LogonId": "0x1c3d0",
      "MD5": "2E51DA7B69836CFEBCB3F9AA47C08266",
      "Opcode": 0,
      "OriginalFileName": "wmic.exe",
      "OriginalLogfile": "t1204.002__t1204.002_013.evtx",
      "ParentCommandLine": "cmd.exe /c \"wmic process call create \\\"cmd.exe -\\\"c\\\" set __COMPAT_LAYER= && wscript.exe /\\\"/E:jscript\\\" -\\\"/Nologo\\\" C:\\Users\\Public\\impl.js\\\"\"",
      "ParentImage": "C:\\Windows\\System32\\cmd.exe",
      "ParentProcessGuid": "20525DD1-E87B-6A2E-0914-000000002C00",
      "ParentProcessId": 4668,
      "ParentUser": "thaimx\\thaim",
      "ProcessGuid": "20525DD1-E87B-6A2E-0A14-000000002C00",
      "ProcessID": "3836",
      "Product": "Microsoft® Windows® Operating System",
      "Provider_Name": "Microsoft-Windows-Sysmon",
      "RuleName": "-",
      "SHA256": "7C7F386BB7C70263FD835DC58791B6DD73FC6617C27751B5503DBA8D0CDDA690",
      "SystemTime": "2026-06-14T17:44:27.833641Z",
      "Task": 1,
      "TerminalSessionId": 1,
      "ThreadID": 3864,
      "User": "thaimx\\thaim",
      "UserID": "S-1-5-18",
      "UtcTime": "2026-06-14 17:44:27.829",
      "Version": 5
    },
    {
      "row_id": 316,
      "Channel": "Microsoft-Windows-Sysmon/Operational",
      "CommandLine": "cmd.exe /c \"wmic process call create \\\"cmd.exe -\\\"c\\\" set __COMPAT_LAYER= && wscript.exe /\\\"/E:jscript\\\" //Nologo C:\\Users\\Public\\impl.js\\\"\"",
      "Company": "Microsoft Corporation",
      "Computer": "thaimx",
      "CurrentDirectory": "C:\\DATN1\\",
      "Description": "Windows Command Processor",
      "EventID": 1,
      "EventRecordID": 210845,
      "FileVersion": "10.0.26100.8521 (WinBuild.160101.0800)",
      "Guid": "5770385F-C22A-43E0-BF4C-06F5698FFBD9",
      "Hashes": "MD5=D87E9FA4C7C878F4C1DC8885CEA7F9F0,SHA256=75320A519959CC6D089EA3EBA33C38CACCB7F138A025EA439BC9686CDB79DED4,IMPHASH=B0F049C014592B156EB1FA857E99CEB9",
      "IMPHASH": "B0F049C014592B156EB1FA857E99CEB9",
      "Image": "C:\\Windows\\System32\\cmd.exe",
      "IntegrityLevel": "High",
      "Keywords": "0x8000000000000000",
      "Level": 4,
      "LogonGuid": "20525DD1-B76B-6A2E-D0C3-010000000000",
      "LogonId": "0x1c3d0",
      "MD5": "D87E9FA4C7C878F4C1DC8885CEA7F9F0",
      "Opcode": 0,
      "OriginalFileName": "Cmd.Exe",
      "OriginalLogfile": "t1204.002__t1204.002_014.evtx",
      "ParentCommandLine": "python  -m src.sigma_rule_evaluator.cli --execute",
      "ParentImage": "C:\\Users\\thaim\\AppData\\Local\\Programs\\Python\\Python314\\python.exe",
      "ParentProcessGuid": "20525DD1-CF08-6A2E-7403-000000002C00",
      "ParentProcessId": 9080,
      "ParentUser": "thaimx\\thaim",
      "ProcessGuid": "20525DD1-E892-6A2E-1F14-000000002C00",
      "ProcessID": "3836",
      "Product": "Microsoft® Windows® Operating System",
      "Provider_Name": "Microsoft-Windows-Sysmon",
      "RuleName": "-",
      "SHA256": "75320A519959CC6D089EA3EBA33C38CACCB7F138A025EA439BC9686CDB79DED4",
      "SystemTime": "2026-06-14T17:44:50.474887Z",
      "Task": 1,
      "TerminalSessionId": 1,
      "ThreadID": 3864,
      "User": "thaimx\\thaim",
      "UserID": "S-1-5-18",
      "UtcTime": "2026-06-14 17:44:50.469",
      "Version": 5
    },
    {
      "row_id": 317,
      "Channel": "Microsoft-Windows-Sysmon/Operational",
      "CommandLine": "wmic  process call create \\\"cmd.exe -\\\"c\\\" set __COMPAT_LAYER= && wscript.exe /\\\"/E:jscript\\\" //Nologo C:\\Users\\Public\\impl.js\\\"",
      "Company": "Microsoft Corporation",
      "Computer": "thaimx",
      "CurrentDirectory": "C:\\DATN1\\",
      "Description": "WMI Commandline Utility",
      "EventID": 1,
      "EventRecordID": 210846,
      "FileVersion": "10.0.26100.5074 (WinBuild.160101.0800)",
      "Guid": "5770385F-C22A-43E0-BF4C-06F5698FFBD9",
      "Hashes": "MD5=2E51DA7B69836CFEBCB3F9AA47C08266,SHA256=7C7F386BB7C70263FD835DC58791B6DD73FC6617C27751B5503DBA8D0CDDA690,IMPHASH=43C6BE584D77B658A53A9A5C606724DD",
      "IMPHASH": "43C6BE584D77B658A53A9A5C606724DD",
      "Image": "C:\\Windows\\System32\\wbem\\WMIC.exe",
      "IntegrityLevel": "High",
      "Keywords": "0x8000000000000000",
      "Level": 4,
      "LogonGuid": "20525DD1-B76B-6A2E-D0C3-010000000000",
      "LogonId": "0x1c3d0",
      "MD5": "2E51DA7B69836CFEBCB3F9AA47C08266",
      "Opcode": 0,
      "OriginalFileName": "wmic.exe",
      "OriginalLogfile": "t1204.002__t1204.002_014.evtx",
      "ParentCommandLine": "cmd.exe /c \"wmic process call create \\\"cmd.exe -\\\"c\\\" set __COMPAT_LAYER= && wscript.exe /\\\"/E:jscript\\\" //Nologo C:\\Users\\Public\\impl.js\\\"\"",
      "ParentImage": "C:\\Windows\\System32\\cmd.exe",
      "ParentProcessGuid": "20525DD1-E892-6A2E-1F14-000000002C00",
      "ParentProcessId": 7092,
      "ParentUser": "thaimx\\thaim",
      "ProcessGuid": "20525DD1-E892-6A2E-2014-000000002C00",
      "ProcessID": "3836",
      "Product": "Microsoft® Windows® Operating System",
      "Provider_Name": "Microsoft-Windows-Sysmon",
      "RuleName": "-",
      "SHA256": "7C7F386BB7C70263FD835DC58791B6DD73FC6617C27751B5503DBA8D0CDDA690",
      "SystemTime": "2026-06-14T17:44:50.498566Z",
      "Task": 1,
      "TerminalSessionId": 1,
      "ThreadID": 3864,
      "User": "thaimx\\thaim",
      "UserID": "S-1-5-18",
      "UtcTime": "2026-06-14 17:44:50.495",
      "Version": 5
    },
    {
      "row_id": 318,
      "Channel": "Microsoft-Windows-Sysmon/Operational",
      "CommandLine": "cmd.exe /c \"wmic process call create \\\"cmd.exe /\\\"c\\\" set __COMPAT_LAYER= && wscript.exe -\\\"/E:jscript\\\" -\\\"/Nologo\\\" C:\\Users\\Public\\impl.js\\\"\"",
      "Company": "Microsoft Corporation",
      "Computer": "thaimx",
      "CurrentDirectory": "C:\\DATN1\\",
      "Description": "Windows Command Processor",
      "EventID": 1,
      "EventRecordID": 210895,
      "FileVersion": "10.0.26100.8521 (WinBuild.160101.0800)",
      "Guid": "5770385F-C22A-43E0-BF4C-06F5698FFBD9",
      "Hashes": "MD5=D87E9FA4C7C878F4C1DC8885CEA7F9F0,SHA256=75320A519959CC6D089EA3EBA33C38CACCB7F138A025EA439BC9686CDB79DED4,IMPHASH=B0F049C014592B156EB1FA857E99CEB9",
      "IMPHASH": "B0F049C014592B156EB1FA857E99CEB9",
      "Image": "C:\\Windows\\System32\\cmd.exe",
      "IntegrityLevel": "High",
      "Keywords": "0x8000000000000000",
      "Level": 4,
      "LogonGuid": "20525DD1-B76B-6A2E-D0C3-010000000000",
      "LogonId": "0x1c3d0",
      "MD5": "D87E9FA4C7C878F4C1DC8885CEA7F9F0",
      "Opcode": 0,
      "OriginalFileName": "Cmd.Exe",
      "OriginalLogfile": "t1204.002__t1204.002_015.evtx",
      "ParentCommandLine": "python  -m src.sigma_rule_evaluator.cli --execute",
      "ParentImage": "C:\\Users\\thaim\\AppData\\Local\\Programs\\Python\\Python314\\python.exe",
      "ParentProcessGuid": "20525DD1-CF08-6A2E-7403-000000002C00",
      "ParentProcessId": 9080,
      "ParentUser": "thaimx\\thaim",
      "ProcessGuid": "20525DD1-E8AA-6A2E-3814-000000002C00",
      "ProcessID": "3836",
      "Product": "Microsoft® Windows® Operating System",
      "Provider_Name": "Microsoft-Windows-Sysmon",
      "RuleName": "-",
      "SHA256": "75320A519959CC6D089EA3EBA33C38CACCB7F138A025EA439BC9686CDB79DED4",
      "SystemTime": "2026-06-14T17:45:14.778122Z",
      "Task": 1,
      "TerminalSessionId": 1,
      "ThreadID": 3864,
      "User": "thaimx\\thaim",
      "UserID": "S-1-5-18",
      "UtcTime": "2026-06-14 17:45:14.774",
      "Version": 5
    },
    {
      "row_id": 319,
      "Channel": "Microsoft-Windows-Sysmon/Operational",
      "CommandLine": "wmic  process call create \\\"cmd.exe /\\\"c\\\" set __COMPAT_LAYER= && wscript.exe -\\\"/E:jscript\\\" -\\\"/Nologo\\\" C:\\Users\\Public\\impl.js\\\"",
      "Company": "Microsoft Corporation",
      "Computer": "thaimx",
      "CurrentDirectory": "C:\\DATN1\\",
      "Description": "WMI Commandline Utility",
      "EventID": 1,
      "EventRecordID": 210896,
      "FileVersion": "10.0.26100.5074 (WinBuild.160101.0800)",
      "Guid": "5770385F-C22A-43E0-BF4C-06F5698FFBD9",
      "Hashes": "MD5=2E51DA7B69836CFEBCB3F9AA47C08266,SHA256=7C7F386BB7C70263FD835DC58791B6DD73FC6617C27751B5503DBA8D0CDDA690,IMPHASH=43C6BE584D77B658A53A9A5C606724DD",
      "IMPHASH": "43C6BE584D77B658A53A9A5C606724DD",
      "Image": "C:\\Windows\\System32\\wbem\\WMIC.exe",
      "IntegrityLevel": "High",
      "Keywords": "0x8000000000000000",
      "Level": 4,
      "LogonGuid": "20525DD1-B76B-6A2E-D0C3-010000000000",
      "LogonId": "0x1c3d0",
      "MD5": "2E51DA7B69836CFEBCB3F9AA47C08266",
      "Opcode": 0,
      "OriginalFileName": "wmic.exe",
      "OriginalLogfile": "t1204.002__t1204.002_015.evtx",
      "ParentCommandLine": "cmd.exe /c \"wmic process call create \\\"cmd.exe /\\\"c\\\" set __COMPAT_LAYER= && wscript.exe -\\\"/E:jscript\\\" -\\\"/Nologo\\\" C:\\Users\\Public\\impl.js\\\"\"",
      "ParentImage": "C:\\Windows\\System32\\cmd.exe",
      "ParentProcessGuid": "20525DD1-E8AA-6A2E-3814-000000002C00",
      "ParentProcessId": 7832,
      "ParentUser": "thaimx\\thaim",
      "ProcessGuid": "20525DD1-E8AA-6A2E-3914-000000002C00",
      "ProcessID": "3836",
      "Product": "Microsoft® Windows® Operating System",
      "Provider_Name": "Microsoft-Windows-Sysmon",
      "RuleName": "-",
      "SHA256": "7C7F386BB7C70263FD835DC58791B6DD73FC6617C27751B5503DBA8D0CDDA690",
      "SystemTime": "2026-06-14T17:45:14.796973Z",
      "Task": 1,
      "TerminalSessionId": 1,
      "ThreadID": 3864,
      "User": "thaimx\\thaim",
      "UserID": "S-1-5-18",
      "UtcTime": "2026-06-14 17:45:14.793",
      "Version": 5
    },
    {
      "row_id": 320,
      "Channel": "Microsoft-Windows-Sysmon/Operational",
      "CommandLine": "cmd.exe /c \"wmic process call create \\\"rundll32.exe C:\\ProgramData\\mal.dll,DllRegisterServer /s /n /u\\\"\"",
      "Company": "Microsoft Corporation",
      "Computer": "thaimx",
      "CurrentDirectory": "C:\\DATN1\\",
      "Description": "Windows Command Processor",
      "EventID": 1,
      "EventRecordID": 210941,
      "FileVersion": "10.0.26100.8521 (WinBuild.160101.0800)",
      "Guid": "5770385F-C22A-43E0-BF4C-06F5698FFBD9",
      "Hashes": "MD5=D87E9FA4C7C878F4C1DC8885CEA7F9F0,SHA256=75320A519959CC6D089EA3EBA33C38CACCB7F138A025EA439BC9686CDB79DED4,IMPHASH=B0F049C014592B156EB1FA857E99CEB9",
      "IMPHASH": "B0F049C014592B156EB1FA857E99CEB9",
      "Image": "C:\\Windows\\System32\\cmd.exe",
      "IntegrityLevel": "High",
      "Keywords": "0x8000000000000000",
      "Level": 4,
      "LogonGuid": "20525DD1-B76B-6A2E-D0C3-010000000000",
      "LogonId": "0x1c3d0",
      "MD5": "D87E9FA4C7C878F4C1DC8885CEA7F9F0",
      "Opcode": 0,
      "OriginalFileName": "Cmd.Exe",
      "OriginalLogfile": "t1204.002__t1204.002_016.evtx",
      "ParentCommandLine": "python  -m src.sigma_rule_evaluator.cli --execute",
      "ParentImage": "C:\\Users\\thaim\\AppData\\Local\\Programs\\Python\\Python314\\python.exe",
      "ParentProcessGuid": "20525DD1-CF08-6A2E-7403-000000002C00",
      "ParentProcessId": 9080,
      "ParentUser": "thaimx\\thaim",
      "ProcessGuid": "20525DD1-E8C2-6A2E-4F14-000000002C00",
      "ProcessID": "3836",
      "Product": "Microsoft® Windows® Operating System",
      "Provider_Name": "Microsoft-Windows-Sysmon",
      "RuleName": "-",
      "SHA256": "75320A519959CC6D089EA3EBA33C38CACCB7F138A025EA439BC9686CDB79DED4",
      "SystemTime": "2026-06-14T17:45:38.398401Z",
      "Task": 1,
      "TerminalSessionId": 1,
      "ThreadID": 3864,
      "User": "thaimx\\thaim",
      "UserID": "S-1-5-18",
      "UtcTime": "2026-06-14 17:45:38.394",
      "Version": 5
    },
