{
  "title": "Suspicious PowerShell Parameter Substring",
  "id": "36210e0d-5b19-485d-a087-c096088885f0",
  "description": "Detects suspicious PowerShell invocation with a parameter substring",
  "sigmafile": "",
  "sigma": [
    "SELECT * FROM logs WHERE Channel='Microsoft-Windows-Sysmon/Operational' AND (EventID=1 AND ((Image LIKE '%\\\\powershell.exe' ESCAPE '\\' OR Image LIKE '%\\\\pwsh.exe' ESCAPE '\\') AND (CommandLine LIKE '% -windowstyle h %' ESCAPE '\\' OR CommandLine LIKE '% -windowstyl h%' ESCAPE '\\' OR CommandLine LIKE '% -windowsty h%' ESCAPE '\\' OR CommandLine LIKE '% -windowst h%' ESCAPE '\\' OR CommandLine LIKE '% -windows h%' ESCAPE '\\' OR CommandLine LIKE '% -windo h%' ESCAPE '\\' OR CommandLine LIKE '% -wind h%' ESCAPE '\\' OR CommandLine LIKE '% -win h%' ESCAPE '\\' OR CommandLine LIKE '% -wi h%' ESCAPE '\\' OR CommandLine LIKE '% -win h %' ESCAPE '\\' OR CommandLine LIKE '% -win hi %' ESCAPE '\\' OR CommandLine LIKE '% -win hid %' ESCAPE '\\' OR CommandLine LIKE '% -win hidd %' ESCAPE '\\' OR CommandLine LIKE '% -win hidde %' ESCAPE '\\' OR CommandLine LIKE '% -NoPr %' ESCAPE '\\' OR CommandLine LIKE '% -NoPro %' ESCAPE '\\' OR CommandLine LIKE '% -NoProf %' ESCAPE '\\' OR CommandLine LIKE '% -NoProfi %' ESCAPE '\\' OR CommandLine LIKE '% -NoProfil %' ESCAPE '\\' OR CommandLine LIKE '% -nonin %' ESCAPE '\\' OR CommandLine LIKE '% -nonint %' ESCAPE '\\' OR CommandLine LIKE '% -noninte %' ESCAPE '\\' OR CommandLine LIKE '% -noninter %' ESCAPE '\\' OR CommandLine LIKE '% -nonintera %' ESCAPE '\\' OR CommandLine LIKE '% -noninterac %' ESCAPE '\\' OR CommandLine LIKE '% -noninteract %' ESCAPE '\\' OR CommandLine LIKE '% -noninteracti %' ESCAPE '\\' OR CommandLine LIKE '% -noninteractiv %' ESCAPE '\\' OR CommandLine LIKE '% -ec %' ESCAPE '\\' OR CommandLine LIKE '% -encodedComman %' ESCAPE '\\' OR CommandLine LIKE '% -encodedComma %' ESCAPE '\\' OR CommandLine LIKE '% -encodedComm %' ESCAPE '\\' OR CommandLine LIKE '% -encodedCom %' ESCAPE '\\' OR CommandLine LIKE '% -encodedCo %' ESCAPE '\\' OR CommandLine LIKE '% -encodedC %' ESCAPE '\\' OR CommandLine LIKE '% -encoded %' ESCAPE '\\' OR CommandLine LIKE '% -encode %' ESCAPE '\\' OR CommandLine LIKE '% -encod %' ESCAPE '\\' OR CommandLine LIKE '% -enco %' ESCAPE '\\' OR CommandLine LIKE '% -en %' ESCAPE '\\' OR CommandLine LIKE '% -executionpolic %' ESCAPE '\\' OR CommandLine LIKE '% -executionpoli %' ESCAPE '\\' OR CommandLine LIKE '% -executionpol %' ESCAPE '\\' OR CommandLine LIKE '% -executionpo %' ESCAPE '\\' OR CommandLine LIKE '% -executionp %' ESCAPE '\\' OR CommandLine LIKE '% -execution bypass%' ESCAPE '\\' OR CommandLine LIKE '% -executio bypass%' ESCAPE '\\' OR CommandLine LIKE '% -executi bypass%' ESCAPE '\\' OR CommandLine LIKE '% -execut bypass%' ESCAPE '\\' OR CommandLine LIKE '% -execu bypass%' ESCAPE '\\' OR CommandLine LIKE '% -exec bypass%' ESCAPE '\\' OR CommandLine LIKE '% -exe bypass%' ESCAPE '\\' OR CommandLine LIKE '% -ex bypass%' ESCAPE '\\' OR CommandLine LIKE '% -ep bypass%' ESCAPE '\\' OR CommandLine LIKE '% /windowstyle h %' ESCAPE '\\' OR CommandLine LIKE '% /windowstyl h%' ESCAPE '\\' OR CommandLine LIKE '% /windowsty h%' ESCAPE '\\' OR CommandLine LIKE '% /windowst h%' ESCAPE '\\' OR CommandLine LIKE '% /windows h%' ESCAPE '\\' OR CommandLine LIKE '% /windo h%' ESCAPE '\\' OR CommandLine LIKE '% /wind h%' ESCAPE '\\' OR CommandLine LIKE '% /win h%' ESCAPE '\\' OR CommandLine LIKE '% /wi h%' ESCAPE '\\' OR CommandLine LIKE '% /win h %' ESCAPE '\\' OR CommandLine LIKE '% /win hi %' ESCAPE '\\' OR CommandLine LIKE '% /win hid %' ESCAPE '\\' OR CommandLine LIKE '% /win hidd %' ESCAPE '\\' OR CommandLine LIKE '% /win hidde %' ESCAPE '\\' OR CommandLine LIKE '% /NoPr %' ESCAPE '\\' OR CommandLine LIKE '% /NoPro %' ESCAPE '\\' OR CommandLine LIKE '% /NoProf %' ESCAPE '\\' OR CommandLine LIKE '% /NoProfi %' ESCAPE '\\' OR CommandLine LIKE '% /NoProfil %' ESCAPE '\\' OR CommandLine LIKE '% /nonin %' ESCAPE '\\' OR CommandLine LIKE '% /nonint %' ESCAPE '\\' OR CommandLine LIKE '% /noninte %' ESCAPE '\\' OR CommandLine LIKE '% /noninter %' ESCAPE '\\' OR CommandLine LIKE '% /nonintera %' ESCAPE '\\' OR CommandLine LIKE '% /noninterac %' ESCAPE '\\' OR CommandLine LIKE '% /noninteract %' ESCAPE '\\' OR CommandLine LIKE '% /noninteracti %' ESCAPE '\\' OR CommandLine LIKE '% /noninteractiv %' ESCAPE '\\' OR CommandLine LIKE '% /ec %' ESCAPE '\\' OR CommandLine LIKE '% /encodedComman %' ESCAPE '\\' OR CommandLine LIKE '% /encodedComma %' ESCAPE '\\' OR CommandLine LIKE '% /encodedComm %' ESCAPE '\\' OR CommandLine LIKE '% /encodedCom %' ESCAPE '\\' OR CommandLine LIKE '% /encodedCo %' ESCAPE '\\' OR CommandLine LIKE '% /encodedC %' ESCAPE '\\' OR CommandLine LIKE '% /encoded %' ESCAPE '\\' OR CommandLine LIKE '% /encode %' ESCAPE '\\' OR CommandLine LIKE '% /encod %' ESCAPE '\\' OR CommandLine LIKE '% /enco %' ESCAPE '\\' OR CommandLine LIKE '% /en %' ESCAPE '\\' OR CommandLine LIKE '% /executionpolic %' ESCAPE '\\' OR CommandLine LIKE '% /executionpoli %' ESCAPE '\\' OR CommandLine LIKE '% /executionpol %' ESCAPE '\\' OR CommandLine LIKE '% /executionpo %' ESCAPE '\\' OR CommandLine LIKE '% /executionp %' ESCAPE '\\' OR CommandLine LIKE '% /execution bypass%' ESCAPE '\\' OR CommandLine LIKE '% /executio bypass%' ESCAPE '\\' OR CommandLine LIKE '% /executi bypass%' ESCAPE '\\' OR CommandLine LIKE '% /execut bypass%' ESCAPE '\\' OR CommandLine LIKE '% /execu bypass%' ESCAPE '\\' OR CommandLine LIKE '% /exec bypass%' ESCAPE '\\' OR CommandLine LIKE '% /exe bypass%' ESCAPE '\\' OR CommandLine LIKE '% /ex bypass%' ESCAPE '\\' OR CommandLine LIKE '% /ep bypass%' ESCAPE '\\')))"
  ],
  "rule_level": "high",
  "tags": [
    "attack.execution",
    "attack.t1059.001"
  ],
  "count": 6,
  "matches": [
    {
      "row_id": 146,
      "Channel": "Microsoft-Windows-Sysmon/Operational",
      "CommandLine": "powershell.exe  -\\\"nop\\\" -noni -w 1 -exEC bypass -Command \\\"Write-Host 'Test'\\\"",
      "Company": "Microsoft Corporation",
      "Computer": "thaimx",
      "CurrentDirectory": "C:\\DATN1\\",
      "Description": "Windows PowerShell",
      "EventID": 1,
      "EventRecordID": 204264,
      "FileVersion": "10.0.26100.5074 (WinBuild.160101.0800)",
      "Guid": "5770385F-C22A-43E0-BF4C-06F5698FFBD9",
      "Hashes": "MD5=A97E6573B97B44C96122BFA543A82EA1,SHA256=0FF6F2C94BC7E2833A5F7E16DE1622E5DBA70396F31C7D5F56381870317E8C46,IMPHASH=AFACF6DC9041114B198160AAB4D0AE77",
      "IMPHASH": "AFACF6DC9041114B198160AAB4D0AE77",
      "Image": "C:\\Windows\\System32\\WindowsPowerShell\\v1.0\\powershell.exe",
      "IntegrityLevel": "High",
      "Keywords": "0x8000000000000000",
      "Level": 4,
      "LogonGuid": "20525DD1-B76B-6A2E-D0C3-010000000000",
      "LogonId": "0x1c3d0",
      "MD5": "A97E6573B97B44C96122BFA543A82EA1",
      "Opcode": 0,
      "OriginalFileName": "PowerShell.EXE",
      "OriginalLogfile": "t1059.001__t1059.001_061.evtx",
      "ParentCommandLine": "cmd.exe /c \"powershell.exe -\\\"nop\\\" -noni -w 1 -exEC bypass -Command \\\"Write-Host 'Test'\\\"\"",
      "ParentImage": "C:\\Windows\\System32\\cmd.exe",
      "ParentProcessGuid": "20525DD1-D64A-6A2E-4107-000000002C00",
      "ParentProcessId": 8876,
      "ParentUser": "thaimx\\thaim",
      "ProcessGuid": "20525DD1-D64A-6A2E-4207-000000002C00",
      "ProcessID": "3836",
      "Product": "Microsoft® Windows® Operating System",
      "Provider_Name": "Microsoft-Windows-Sysmon",
      "RuleName": "-",
      "SHA256": "0FF6F2C94BC7E2833A5F7E16DE1622E5DBA70396F31C7D5F56381870317E8C46",
      "SystemTime": "2026-06-14T16:26:50.611359Z",
      "Task": 1,
      "TerminalSessionId": 1,
      "ThreadID": 3864,
      "User": "thaimx\\thaim",
      "UserID": "S-1-5-18",
      "UtcTime": "2026-06-14 16:26:50.584",
      "Version": 5
    },
    {
      "row_id": 165,
      "Channel": "Microsoft-Windows-Sysmon/Operational",
      "CommandLine": "powershell.exe  /\"nop\" -ep bypass -\"c\" \"Write-Host 'Bypass'\"",
      "Company": "Microsoft Corporation",
      "Computer": "thaimx",
      "CurrentDirectory": "C:\\DATN1\\",
      "Description": "Windows PowerShell",
      "EventID": 1,
      "EventRecordID": 206914,
      "FileVersion": "10.0.26100.5074 (WinBuild.160101.0800)",
      "Guid": "5770385F-C22A-43E0-BF4C-06F5698FFBD9",
      "Hashes": "MD5=A97E6573B97B44C96122BFA543A82EA1,SHA256=0FF6F2C94BC7E2833A5F7E16DE1622E5DBA70396F31C7D5F56381870317E8C46,IMPHASH=AFACF6DC9041114B198160AAB4D0AE77",
      "IMPHASH": "AFACF6DC9041114B198160AAB4D0AE77",
      "Image": "C:\\Windows\\System32\\WindowsPowerShell\\v1.0\\powershell.exe",
      "IntegrityLevel": "High",
      "Keywords": "0x8000000000000000",
      "Level": 4,
      "LogonGuid": "20525DD1-B76B-6A2E-D0C3-010000000000",
      "LogonId": "0x1c3d0",
      "MD5": "A97E6573B97B44C96122BFA543A82EA1",
      "Opcode": 0,
      "OriginalFileName": "PowerShell.EXE",
      "OriginalLogfile": "t1059.001__t1059.001_449.evtx",
      "ParentCommandLine": "C:\\Windows\\System32\\cmd.exe /c p^o^w^e^r^s^h^e^l^l.exe /\"nop\" -ep bypass -\"c\" \"Write-Host 'Bypass'\"",
      "ParentImage": "C:\\Windows\\System32\\cmd.exe",
      "ParentProcessGuid": "20525DD1-DF9E-6A2E-700C-000000002C00",
      "ParentProcessId": 11632,
      "ParentUser": "thaimx\\thaim",
      "ProcessGuid": "20525DD1-DF9E-6A2E-710C-000000002C00",
      "ProcessID": "3836",
      "Product": "Microsoft® Windows® Operating System",
      "Provider_Name": "Microsoft-Windows-Sysmon",
      "RuleName": "-",
      "SHA256": "0FF6F2C94BC7E2833A5F7E16DE1622E5DBA70396F31C7D5F56381870317E8C46",
      "SystemTime": "2026-06-14T17:06:38.125174Z",
      "Task": 1,
      "TerminalSessionId": 1,
      "ThreadID": 3864,
      "User": "thaimx\\thaim",
      "UserID": "S-1-5-18",
      "UtcTime": "2026-06-14 17:06:38.119",
      "Version": 5
    },
    {
      "row_id": 169,
      "Channel": "Microsoft-Windows-Sysmon/Operational",
      "CommandLine": "powershell.exe  -\"nop\" -Ep bypass -C \"Start-Process calc.exe\"",
      "Company": "Microsoft Corporation",
      "Computer": "thaimx",
      "CurrentDirectory": "C:\\DATN1\\",
      "Description": "Windows PowerShell",
      "EventID": 1,
      "EventRecordID": 207003,
      "FileVersion": "10.0.26100.5074 (WinBuild.160101.0800)",
      "Guid": "5770385F-C22A-43E0-BF4C-06F5698FFBD9",
      "Hashes": "MD5=A97E6573B97B44C96122BFA543A82EA1,SHA256=0FF6F2C94BC7E2833A5F7E16DE1622E5DBA70396F31C7D5F56381870317E8C46,IMPHASH=AFACF6DC9041114B198160AAB4D0AE77",
      "IMPHASH": "AFACF6DC9041114B198160AAB4D0AE77",
      "Image": "C:\\Windows\\System32\\WindowsPowerShell\\v1.0\\powershell.exe",
      "IntegrityLevel": "High",
      "Keywords": "0x8000000000000000",
      "Level": 4,
      "LogonGuid": "20525DD1-B76B-6A2E-D0C3-010000000000",
      "LogonId": "0x1c3d0",
      "MD5": "A97E6573B97B44C96122BFA543A82EA1",
      "Opcode": 0,
      "OriginalFileName": "PowerShell.EXE",
      "OriginalLogfile": "t1059.001__t1059.001_451.evtx",
      "ParentCommandLine": "C:\\Windows\\System32\\cmd.exe /c powershell.exe -\"nop\" -Ep bypass -C \"Start-Process calc.exe\"",
      "ParentImage": "C:\\Windows\\System32\\cmd.exe",
      "ParentProcessGuid": "20525DD1-DFD0-6A2E-9C0C-000000002C00",
      "ParentProcessId": 11064,
      "ParentUser": "thaimx\\thaim",
      "ProcessGuid": "20525DD1-DFD0-6A2E-9F0C-000000002C00",
      "ProcessID": "3836",
      "Product": "Microsoft® Windows® Operating System",
      "Provider_Name": "Microsoft-Windows-Sysmon",
      "RuleName": "-",
      "SHA256": "0FF6F2C94BC7E2833A5F7E16DE1622E5DBA70396F31C7D5F56381870317E8C46",
      "SystemTime": "2026-06-14T17:07:28.513603Z",
      "Task": 1,
      "TerminalSessionId": 1,
      "ThreadID": 3864,
      "User": "thaimx\\thaim",
      "UserID": "S-1-5-18",
      "UtcTime": "2026-06-14 17:07:28.507",
      "Version": 5
    },
    {
      "row_id": 172,
      "Channel": "Microsoft-Windows-Sysmon/Operational",
      "CommandLine": "powershell.exe  /\"nop\" -ep bypass -c \"Start-Process calc.exe\"",
      "Company": "Microsoft Corporation",
      "Computer": "thaimx",
      "CurrentDirectory": "C:\\DATN1\\",
      "Description": "Windows PowerShell",
      "EventID": 1,
      "EventRecordID": 207063,
      "FileVersion": "10.0.26100.5074 (WinBuild.160101.0800)",
      "Guid": "5770385F-C22A-43E0-BF4C-06F5698FFBD9",
      "Hashes": "MD5=A97E6573B97B44C96122BFA543A82EA1,SHA256=0FF6F2C94BC7E2833A5F7E16DE1622E5DBA70396F31C7D5F56381870317E8C46,IMPHASH=AFACF6DC9041114B198160AAB4D0AE77",
      "IMPHASH": "AFACF6DC9041114B198160AAB4D0AE77",
      "Image": "C:\\Windows\\System32\\WindowsPowerShell\\v1.0\\powershell.exe",
      "IntegrityLevel": "High",
      "Keywords": "0x8000000000000000",
      "Level": 4,
      "LogonGuid": "20525DD1-B76B-6A2E-D0C3-010000000000",
      "LogonId": "0x1c3d0",
      "MD5": "A97E6573B97B44C96122BFA543A82EA1",
      "Opcode": 0,
      "OriginalFileName": "PowerShell.EXE",
      "OriginalLogfile": "t1059.001__t1059.001_452.evtx",
      "ParentCommandLine": "C:\\Windows\\System32\\cmd.exe /C powershell.exe /\"nop\" -ep bypass -c \"Start-Process calc.exe\"",
      "ParentImage": "C:\\Windows\\System32\\cmd.exe",
      "ParentProcessGuid": "20525DD1-DFED-6A2E-BE0C-000000002C00",
      "ParentProcessId": 11136,
      "ParentUser": "thaimx\\thaim",
      "ProcessGuid": "20525DD1-DFED-6A2E-BF0C-000000002C00",
      "ProcessID": "3836",
      "Product": "Microsoft® Windows® Operating System",
      "Provider_Name": "Microsoft-Windows-Sysmon",
      "RuleName": "-",
      "SHA256": "0FF6F2C94BC7E2833A5F7E16DE1622E5DBA70396F31C7D5F56381870317E8C46",
      "SystemTime": "2026-06-14T17:07:57.731859Z",
      "Task": 1,
      "TerminalSessionId": 1,
      "ThreadID": 3864,
      "User": "thaimx\\thaim",
      "UserID": "S-1-5-18",
      "UtcTime": "2026-06-14 17:07:57.727",
      "Version": 5
    },
    {
      "row_id": 178,
      "Channel": "Microsoft-Windows-Sysmon/Operational",
      "CommandLine": "powershell.exe  -nop -ep bypass /\"c\" \"Start-Process calc.exe\"",
      "Company": "Microsoft Corporation",
      "Computer": "thaimx",
      "CurrentDirectory": "C:\\DATN1\\",
      "Description": "Windows PowerShell",
      "EventID": 1,
      "EventRecordID": 207157,
      "FileVersion": "10.0.26100.5074 (WinBuild.160101.0800)",
      "Guid": "5770385F-C22A-43E0-BF4C-06F5698FFBD9",
      "Hashes": "MD5=A97E6573B97B44C96122BFA543A82EA1,SHA256=0FF6F2C94BC7E2833A5F7E16DE1622E5DBA70396F31C7D5F56381870317E8C46,IMPHASH=AFACF6DC9041114B198160AAB4D0AE77",
      "IMPHASH": "AFACF6DC9041114B198160AAB4D0AE77",
      "Image": "C:\\Windows\\System32\\WindowsPowerShell\\v1.0\\powershell.exe",
      "IntegrityLevel": "High",
      "Keywords": "0x8000000000000000",
      "Level": 4,
      "LogonGuid": "20525DD1-B76B-6A2E-D0C3-010000000000",
      "LogonId": "0x1c3d0",
      "MD5": "A97E6573B97B44C96122BFA543A82EA1",
      "Opcode": 0,
      "OriginalFileName": "PowerShell.EXE",
      "OriginalLogfile": "t1059.001__t1059.001_454.evtx",
      "ParentCommandLine": "C:\\Windows\\System32\\cmd.exe /C powershell.exe -nop -ep bypass /\"c\" \"Start-Process calc.exe\"",
      "ParentImage": "C:\\Windows\\System32\\cmd.exe",
      "ParentProcessGuid": "20525DD1-E01E-6A2E-ED0C-000000002C00",
      "ParentProcessId": 7156,
      "ParentUser": "thaimx\\thaim",
      "ProcessGuid": "20525DD1-E01E-6A2E-EE0C-000000002C00",
      "ProcessID": "3836",
      "Product": "Microsoft® Windows® Operating System",
      "Provider_Name": "Microsoft-Windows-Sysmon",
      "RuleName": "-",
      "SHA256": "0FF6F2C94BC7E2833A5F7E16DE1622E5DBA70396F31C7D5F56381870317E8C46",
      "SystemTime": "2026-06-14T17:08:46.602155Z",
      "Task": 1,
      "TerminalSessionId": 1,
      "ThreadID": 3864,
      "User": "thaimx\\thaim",
      "UserID": "S-1-5-18",
      "UtcTime": "2026-06-14 17:08:46.599",
      "Version": 5
    },
    {
      "row_id": 187,
      "Channel": "Microsoft-Windows-Sysmon/Operational",
      "CommandLine": "powershell.exe  -\"nop\" -EP bypass -C \"Start-Process calc.exe\"",
      "Company": "Microsoft Corporation",
      "Computer": "thaimx",
      "CurrentDirectory": "C:\\DATN1\\",
      "Description": "Windows PowerShell",
      "EventID": 1,
      "EventRecordID": 207302,
      "FileVersion": "10.0.26100.5074 (WinBuild.160101.0800)",
      "Guid": "5770385F-C22A-43E0-BF4C-06F5698FFBD9",
      "Hashes": "MD5=A97E6573B97B44C96122BFA543A82EA1,SHA256=0FF6F2C94BC7E2833A5F7E16DE1622E5DBA70396F31C7D5F56381870317E8C46,IMPHASH=AFACF6DC9041114B198160AAB4D0AE77",
      "IMPHASH": "AFACF6DC9041114B198160AAB4D0AE77",
      "Image": "C:\\Windows\\System32\\WindowsPowerShell\\v1.0\\powershell.exe",
      "IntegrityLevel": "High",
      "Keywords": "0x8000000000000000",
      "Level": 4,
      "LogonGuid": "20525DD1-B76B-6A2E-D0C3-010000000000",
      "LogonId": "0x1c3d0",
      "MD5": "A97E6573B97B44C96122BFA543A82EA1",
      "Opcode": 0,
      "OriginalFileName": "PowerShell.EXE",
      "OriginalLogfile": "t1059.001__t1059.001_457.evtx",
      "ParentCommandLine": "C:\\Windows\\System32\\cmd.exe /C powershell.exe -\"nop\" -EP bypass -C \"Start-Process calc.exe\"",
      "ParentImage": "C:\\Windows\\System32\\cmd.exe",
      "ParentProcessGuid": "20525DD1-E063-6A2E-370D-000000002C00",
      "ParentProcessId": 11508,
      "ParentUser": "thaimx\\thaim",
      "ProcessGuid": "20525DD1-E063-6A2E-380D-000000002C00",
      "ProcessID": "3836",
      "Product": "Microsoft® Windows® Operating System",
      "Provider_Name": "Microsoft-Windows-Sysmon",
      "RuleName": "-",
      "SHA256": "0FF6F2C94BC7E2833A5F7E16DE1622E5DBA70396F31C7D5F56381870317E8C46",
      "SystemTime": "2026-06-14T17:09:55.861888Z",
      "Task": 1,
      "TerminalSessionId": 1,
      "ThreadID": 3864,
      "User": "thaimx\\thaim",
      "UserID": "S-1-5-18",
      "UtcTime": "2026-06-14 17:09:55.858",
      "Version": 5
    }
  ]
},
{
  "title": "Dumping of Sensitive Hives Via Reg.EXE",
  "id": "fd877b94-9bb5-4191-bb25-d79cbd93c167",
  "description": "Detects the usage of \"reg.exe\" in order to dump sensitive registry hives. This includes SAM, SYSTEM and SECURITY hives.",
  "sigmafile": "",
  "sigma": [
    "SELECT * FROM logs WHERE Channel='Microsoft-Windows-Sysmon/Operational' AND (EventID=1 AND ((Image LIKE '%\\\\reg.exe' ESCAPE '\\' OR OriginalFileName='reg.exe') AND (CommandLine LIKE '% save %' ESCAPE '\\' OR CommandLine LIKE '% export %' ESCAPE '\\' OR CommandLine LIKE '% ˢave %' ESCAPE '\\' OR CommandLine LIKE '% eˣport %' ESCAPE '\\') AND (CommandLine LIKE '%hklm%' ESCAPE '\\' OR CommandLine LIKE '%hk˪m%' ESCAPE '\\' OR CommandLine LIKE '%hkey\\_local\\_machine%' ESCAPE '\\' OR CommandLine LIKE '%hkey\\_˪ocal\\_machine%' ESCAPE '\\' OR CommandLine LIKE '%hkey\\_loca˪\\_machine%' ESCAPE '\\' OR CommandLine LIKE '%hkey\\_˪oca˪\\_machine%' ESCAPE '\\') AND (CommandLine LIKE '%\\\\system%' ESCAPE '\\' OR CommandLine LIKE '%\\\\sam%' ESCAPE '\\' OR CommandLine LIKE '%\\\\security%' ESCAPE '\\' OR CommandLine LIKE '%\\\\ˢystem%' ESCAPE '\\' OR CommandLine LIKE '%\\\\syˢtem%' ESCAPE '\\' OR CommandLine LIKE '%\\\\ˢyˢtem%' ESCAPE '\\' OR CommandLine LIKE '%\\\\ˢam%' ESCAPE '\\' OR CommandLine LIKE '%\\\\ˢecurity%' ESCAPE '\\')))"
  ],
  "rule_level": "high",
  "tags": [
    "attack.credential-access",
    "attack.t1003.002",
    "attack.t1003.004",
    "attack.t1003.005",
    "car.2013-07-001"
  ],
  "count": 1,
  "matches": [
    {
      "row_id": 22,
      "Channel": "Microsoft-Windows-Sysmon/Operational",
      "CommandLine": "reg.exe  save HKLM\\SAM C:\\temp\\sam.save",
      "Company": "Microsoft Corporation",
      "Computer": "thaimx",
      "CurrentDirectory": "C:\\DATN1\\",
      "Description": "Registry Console Tool",
      "EventID": 1,
      "EventRecordID": 212916,
      "FileVersion": "10.0.26100.5074 (WinBuild.160101.0800)",
      "Guid": "5770385F-C22A-43E0-BF4C-06F5698FFBD9",
      "Hashes": "MD5=F6E3559DDDDCCC843A12CFD50178C554,SHA256=EF37663B44AC66920C6F33694DEEA01ACB78AE3F3012884819373FA04C3EB5F0,IMPHASH=2DC6AE94704E0DBEAFC5A2BB00BD87F0",
      "IMPHASH": "2DC6AE94704E0DBEAFC5A2BB00BD87F0",
      "Image": "C:\\Windows\\System32\\reg.exe",
      "IntegrityLevel": "High",
      "Keywords": "0x8000000000000000",
      "Level": 4,
      "LogonGuid": "20525DD1-B76B-6A2E-D0C3-010000000000",
      "LogonId": "0x1c3d0",
      "MD5": "F6E3559DDDDCCC843A12CFD50178C554",
      "Opcode": 0,
      "OriginalFileName": "reg.exe",
      "OriginalLogfile": "t1012__t1012_134.evtx",
      "ParentCommandLine": "cmd.exe /c \"reg.exe save HKLM\\SAM C:\\temp\\sam.save\"",
      "ParentImage": "C:\\Windows\\System32\\cmd.exe",
      "ParentProcessGuid": "20525DD1-EE4B-6A2E-2B18-000000002C00",
      "ParentProcessId": 12128,
      "ParentUser": "thaimx\\thaim",
      "ProcessGuid": "20525DD1-EE4B-6A2E-2C18-000000002C00",
      "ProcessID": "3836",
      "Product": "Microsoft® Windows® Operating System",
      "Provider_Name": "Microsoft-Windows-Sysmon",
      "RuleName": "-",
      "SHA256": "EF37663B44AC66920C6F33694DEEA01ACB78AE3F3012884819373FA04C3EB5F0",
      "SystemTime": "2026-06-14T18:09:15.825457Z",
      "Task": 1,
      "TerminalSessionId": 1,
      "ThreadID": 3864,
      "User": "thaimx\\thaim",
      "UserID": "S-1-5-18",
      "UtcTime": "2026-06-14 18:09:15.822",
      "Version": 5
    }
  ]
},
{
  "title": "Potential Renamed Rundll32 Execution",
  "id": "2569ed8c-1147-498a-9b8c-2ad3656b10ed",
  "description": "Detects when 'DllRegisterServer' is called in the commandline and the image is not rundll32. This could mean that the 'rundll32' utility has been renamed in order to avoid detection",
  "sigmafile": "",
  "sigma": [
    "SELECT * FROM logs WHERE Channel='Microsoft-Windows-Sysmon/Operational' AND (EventID=1 AND (CommandLine LIKE '%DllRegisterServer%' ESCAPE '\\' AND (NOT Image LIKE '%\\\\rundll32.exe' ESCAPE '\\')))"
  ],
  "rule_level": "high",
  "tags": [
    "attack.execution"
  ],
  "count": 44,
  "matches": [
    {
      "row_id": 270,
      "Channel": "Microsoft-Windows-Sysmon/Operational",
      "CommandLine": "cmd.exe /c \"wmic process call create \\\"rundll32.exe C:\\ProgramData\\mal.dll,DllRegisterServer /s /n /u\\\"\"",
      "Company": "Microsoft Corporation",
      "Computer": "thaimx",
      "CurrentDirectory": "C:\\DATN1\\",
      "Description": "Windows Command Processor",
      "EventID": 1,
      "EventRecordID": 209722,
      "FileVersion": "10.0.26100.8521 (WinBuild.160101.0800)",
      "Guid": "5770385F-C22A-43E0-BF4C-06F5698FFBD9",
      "Hashes": "MD5=D87E9FA4C7C878F4C1DC8885CEA7F9F0,SHA256=75320A519959CC6D089EA3EBA33C38CACCB7F138A025EA439BC9686CDB79DED4,IMPHASH=B0F049C014592B156EB1FA857E99CEB9",
      "IMPHASH": "B0F049C014592B156EB1FA857E99CEB9",
      "Image": "C:\\Windows\\System32\\cmd.exe",
      "IntegrityLevel": "High",
      "Keywords": "0x8000000000000000",
      "Level": 4,
      "LogonGuid": "20525DD1-B76B-6A2E-D0C3-010000000000",
      "LogonId": "0x1c3d0",
      "MD5": "D87E9FA4C7C878F4C1DC8885CEA7F9F0",
      "Opcode": 0,
      "OriginalFileName": "Cmd.Exe",
      "OriginalLogfile": "t1114__t1114_035.evtx",
      "ParentCommandLine": "python  -m src.sigma_rule_evaluator.cli --execute",
      "ParentImage": "C:\\Users\\thaim\\AppData\\Local\\Programs\\Python\\Python314\\python.exe",
      "ParentProcessGuid": "20525DD1-CF08-6A2E-7403-000000002C00",
      "ParentProcessId": 9080,
      "ParentUser": "thaimx\\thaim",
      "ProcessGuid": "20525DD1-E65F-6A2E-EF11-000000002C00",
      "ProcessID": "3836",
      "Product": "Microsoft® Windows® Operating System",
      "Provider_Name": "Microsoft-Windows-Sysmon",
      "RuleName": "-",
      "SHA256": "75320A519959CC6D089EA3EBA33C38CACCB7F138A025EA439BC9686CDB79DED4",
      "SystemTime": "2026-06-14T17:35:27.368812Z",
      "Task": 1,
      "TerminalSessionId": 1,
      "ThreadID": 3864,
      "User": "thaimx\\thaim",
      "UserID": "S-1-5-18",
      "UtcTime": "2026-06-14 17:35:27.363",
      "Version": 5
    },
    {
      "row_id": 271,
      "Channel": "Microsoft-Windows-Sysmon/Operational",
      "CommandLine": "wmic  process call create \\\"rundll32.exe C:\\ProgramData\\mal.dll,DllRegisterServer /s /n /u\\\"",
      "Company": "Microsoft Corporation",
      "Computer": "thaimx",
      "CurrentDirectory": "C:\\DATN1\\",
      "Description": "WMI Commandline Utility",
      "EventID": 1,
      "EventRecordID": 209723,
      "FileVersion": "10.0.26100.5074 (WinBuild.160101.0800)",
      "Guid": "5770385F-C22A-43E0-BF4C-06F5698FFBD9",
      "Hashes": "MD5=2E51DA7B69836CFEBCB3F9AA47C08266,SHA256=7C7F386BB7C70263FD835DC58791B6DD73FC6617C27751B5503DBA8D0CDDA690,IMPHASH=43C6BE584D77B658A53A9A5C606724DD",
      "IMPHASH": "43C6BE584D77B658A53A9A5C606724DD",
      "Image": "C:\\Windows\\System32\\wbem\\WMIC.exe",
      "IntegrityLevel": "High",
      "Keywords": "0x8000000000000000",
      "Level": 4,
      "LogonGuid": "20525DD1-B76B-6A2E-D0C3-010000000000",
      "LogonId": "0x1c3d0",
      "MD5": "2E51DA7B69836CFEBCB3F9AA47C08266",
      "Opcode": 0,
      "OriginalFileName": "wmic.exe",
      "OriginalLogfile": "t1114__t1114_035.evtx",
      "ParentCommandLine": "cmd.exe /c \"wmic process call create \\\"rundll32.exe C:\\ProgramData\\mal.dll,DllRegisterServer /s /n /u\\\"\"",
      "ParentImage": "C:\\Windows\\System32\\cmd.exe",
      "ParentProcessGuid": "20525DD1-E65F-6A2E-EF11-000000002C00",
      "ParentProcessId": 800,
      "ParentUser": "thaimx\\thaim",
      "ProcessGuid": "20525DD1-E65F-6A2E-F011-000000002C00",
      "ProcessID": "3836",
      "Product": "Microsoft® Windows® Operating System",
      "Provider_Name": "Microsoft-Windows-Sysmon",
      "RuleName": "-",
      "SHA256": "7C7F386BB7C70263FD835DC58791B6DD73FC6617C27751B5503DBA8D0CDDA690",
      "SystemTime": "2026-06-14T17:35:27.386961Z",
      "Task": 1,
      "TerminalSessionId": 1,
      "ThreadID": 3864,
      "User": "thaimx\\thaim",
      "UserID": "S-1-5-18",
      "UtcTime": "2026-06-14 17:35:27.383",
      "Version": 5
    },
    {
      "row_id": 272,
      "Channel": "Microsoft-Windows-Sysmon/Operational",
      "CommandLine": "cmd.exe /c \"wmic process call create \\\"rundll32.exe C:\\ProgramData\\mal.dll,DllRegisterServer /\\\"s\\\" /n -\\\"u\\\"\\\"\"",
      "Company": "Microsoft Corporation",
      "Computer": "thaimx",
      "CurrentDirectory": "C:\\DATN1\\",
      "Description": "Windows Command Processor",
      "EventID": 1,
      "EventRecordID": 209766,
      "FileVersion": "10.0.26100.8521 (WinBuild.160101.0800)",
      "Guid": "5770385F-C22A-43E0-BF4C-06F5698FFBD9",
      "Hashes": "MD5=D87E9FA4C7C878F4C1DC8885CEA7F9F0,SHA256=75320A519959CC6D089EA3EBA33C38CACCB7F138A025EA439BC9686CDB79DED4,IMPHASH=B0F049C014592B156EB1FA857E99CEB9",
      "IMPHASH": "B0F049C014592B156EB1FA857E99CEB9",
      "Image": "C:\\Windows\\System32\\cmd.exe",
      "IntegrityLevel": "High",
      "Keywords": "0x8000000000000000",
      "Level": 4,
      "LogonGuid": "20525DD1-B76B-6A2E-D0C3-010000000000",
      "LogonId": "0x1c3d0",
      "MD5": "D87E9FA4C7C878F4C1DC8885CEA7F9F0",
      "Opcode": 0,
      "OriginalFileName": "Cmd.Exe",
      "OriginalLogfile": "t1114__t1114_036.evtx",
      "ParentCommandLine": "python  -m src.sigma_rule_evaluator.cli --execute",
      "ParentImage": "C:\\Users\\thaim\\AppData\\Local\\Programs\\Python\\Python314\\python.exe",
      "ParentProcessGuid": "20525DD1-CF08-6A2E-7403-000000002C00",
      "ParentProcessId": 9080,
      "ParentUser": "thaimx\\thaim",
      "ProcessGuid": "20525DD1-E673-6A2E-0512-000000002C00",
      "ProcessID": "3836",
      "Product": "Microsoft® Windows® Operating System",
      "Provider_Name": "Microsoft-Windows-Sysmon",
      "RuleName": "-",
      "SHA256": "75320A519959CC6D089EA3EBA33C38CACCB7F138A025EA439BC9686CDB79DED4",
      "SystemTime": "2026-06-14T17:35:47.686792Z",
      "Task": 1,
      "TerminalSessionId": 1,
      "ThreadID": 3864,
      "User": "thaimx\\thaim",
      "UserID": "S-1-5-18",
      "UtcTime": "2026-06-14 17:35:47.680",
      "Version": 5
    },
    {
      "row_id": 273,
      "Channel": "Microsoft-Windows-Sysmon/Operational",
      "CommandLine": "wmic  process call create \\\"rundll32.exe C:\\ProgramData\\mal.dll,DllRegisterServer /\\\"s\\\" /n -\\\"u\\\"\\\"",
      "Company": "Microsoft Corporation",
      "Computer": "thaimx",
      "CurrentDirectory": "C:\\DATN1\\",
      "Description": "WMI Commandline Utility",
      "EventID": 1,
      "EventRecordID": 209767,
      "FileVersion": "10.0.26100.5074 (WinBuild.160101.0800)",
      "Guid": "5770385F-C22A-43E0-BF4C-06F5698FFBD9",
      "Hashes": "MD5=2E51DA7B69836CFEBCB3F9AA47C08266,SHA256=7C7F386BB7C70263FD835DC58791B6DD73FC6617C27751B5503DBA8D0CDDA690,IMPHASH=43C6BE584D77B658A53A9A5C606724DD",
      "IMPHASH": "43C6BE584D77B658A53A9A5C606724DD",
      "Image": "C:\\Windows\\System32\\wbem\\WMIC.exe",
      "IntegrityLevel": "High",
      "Keywords": "0x8000000000000000",
      "Level": 4,
      "LogonGuid": "20525DD1-B76B-6A2E-D0C3-010000000000",
      "LogonId": "0x1c3d0",
      "MD5": "2E51DA7B69836CFEBCB3F9AA47C08266",
      "Opcode": 0,
      "OriginalFileName": "wmic.exe",
      "OriginalLogfile": "t1114__t1114_036.evtx",
      "ParentCommandLine": "cmd.exe /c \"wmic process call create \\\"rundll32.exe C:\\ProgramData\\mal.dll,DllRegisterServer /\\\"s\\\" /n -\\\"u\\\"\\\"\"",
      "ParentImage": "C:\\Windows\\System32\\cmd.exe",
      "ParentProcessGuid": "20525DD1-E673-6A2E-0512-000000002C00",
      "ParentProcessId": 7064,
      "ParentUser": "thaimx\\thaim",
      "ProcessGuid": "20525DD1-E673-6A2E-0612-000000002C00",
      "ProcessID": "3836",
      "Product": "Microsoft® Windows® Operating System",
      "Provider_Name": "Microsoft-Windows-Sysmon",
      "RuleName": "-",
      "SHA256": "7C7F386BB7C70263FD835DC58791B6DD73FC6617C27751B5503DBA8D0CDDA690",
      "SystemTime": "2026-06-14T17:35:47.709523Z",
      "Task": 1,
      "TerminalSessionId": 1,
      "ThreadID": 3864,
      "User": "thaimx\\thaim",
      "UserID": "S-1-5-18",
      "UtcTime": "2026-06-14 17:35:47.702",
      "Version": 5
    },
    {
      "row_id": 274,
      "Channel": "Microsoft-Windows-Sysmon/Operational",
      "CommandLine": "cmd.exe /c \"wmic process call create \\\"rundll32.exe C:\\ProgramData\\mal.dll,DllRegisterServer /S /N /u\\\"\"",
      "Company": "Microsoft Corporation",
      "Computer": "thaimx",
      "CurrentDirectory": "C:\\DATN1\\",
      "Description": "Windows Command Processor",
      "EventID": 1,
      "EventRecordID": 209810,
      "FileVersion": "10.0.26100.8521 (WinBuild.160101.0800)",
      "Guid": "5770385F-C22A-43E0-BF4C-06F5698FFBD9",
      "Hashes": "MD5=D87E9FA4C7C878F4C1DC8885CEA7F9F0,SHA256=75320A519959CC6D089EA3EBA33C38CACCB7F138A025EA439BC9686CDB79DED4,IMPHASH=B0F049C014592B156EB1FA857E99CEB9",
      "IMPHASH": "B0F049C014592B156EB1FA857E99CEB9",
      "Image": "C:\\Windows\\System32\\cmd.exe",
      "IntegrityLevel": "High",
      "Keywords": "0x8000000000000000",
      "Level": 4,
      "LogonGuid": "20525DD1-B76B-6A2E-D0C3-010000000000",
      "LogonId": "0x1c3d0",
      "MD5": "D87E9FA4C7C878F4C1DC8885CEA7F9F0",
      "Opcode": 0,
      "OriginalFileName": "Cmd.Exe",
      "OriginalLogfile": "t1114__t1114_037.evtx",
      "ParentCommandLine": "python  -m src.sigma_rule_evaluator.cli --execute",
      "ParentImage": "C:\\Users\\thaim\\AppData\\Local\\Programs\\Python\\Python314\\python.exe",
      "ParentProcessGuid": "20525DD1-CF08-6A2E-7403-000000002C00",
      "ParentProcessId": 9080,
      "ParentUser": "thaimx\\thaim",
      "ProcessGuid": "20525DD1-E687-6A2E-1B12-000000002C00",
      "ProcessID": "3836",
      "Product": "Microsoft® Windows® Operating System",
      "Provider_Name": "Microsoft-Windows-Sysmon",
      "RuleName": "-",
      "SHA256": "75320A519959CC6D089EA3EBA33C38CACCB7F138A025EA439BC9686CDB79DED4",
      "SystemTime": "2026-06-14T17:36:07.971936Z",
      "Task": 1,
      "TerminalSessionId": 1,
      "ThreadID": 3864,
      "User": "thaimx\\thaim",
      "UserID": "S-1-5-18",
      "UtcTime": "2026-06-14 17:36:07.967",
      "Version": 5
    },
    {
      "row_id": 275,
      "Channel": "Microsoft-Windows-Sysmon/Operational",
      "CommandLine": "wmic  process call create \\\"rundll32.exe C:\\ProgramData\\mal.dll,DllRegisterServer /S /N /u\\\"",
      "Company": "Microsoft Corporation",
      "Computer": "thaimx",
      "CurrentDirectory": "C:\\DATN1\\",
      "Description": "WMI Commandline Utility",
      "EventID": 1,
      "EventRecordID": 209811,
      "FileVersion": "10.0.26100.5074 (WinBuild.160101.0800)",
      "Guid": "5770385F-C22A-43E0-BF4C-06F5698FFBD9",
      "Hashes": "MD5=2E51DA7B69836CFEBCB3F9AA47C08266,SHA256=7C7F386BB7C70263FD835DC58791B6DD73FC6617C27751B5503DBA8D0CDDA690,IMPHASH=43C6BE584D77B658A53A9A5C606724DD",
      "IMPHASH": "43C6BE584D77B658A53A9A5C606724DD",
      "Image": "C:\\Windows\\System32\\wbem\\WMIC.exe",
      "IntegrityLevel": "High",
      "Keywords": "0x8000000000000000",
      "Level": 4,
      "LogonGuid": "20525DD1-B76B-6A2E-D0C3-010000000000",
      "LogonId": "0x1c3d0",
      "MD5": "2E51DA7B69836CFEBCB3F9AA47C08266",
      "Opcode": 0,
      "OriginalFileName": "wmic.exe",
      "OriginalLogfile": "t1114__t1114_037.evtx",
      "ParentCommandLine": "cmd.exe /c \"wmic process call create \\\"rundll32.exe C:\\ProgramData\\mal.dll,DllRegisterServer /S /N /u\\\"\"",
      "ParentImage": "C:\\Windows\\System32\\cmd.exe",
      "ParentProcessGuid": "20525DD1-E687-6A2E-1B12-000000002C00",
      "ParentProcessId": 11640,
      "ParentUser": "thaimx\\thaim",
      "ProcessGuid": "20525DD1-E687-6A2E-1C12-000000002C00",
      "ProcessID": "3836",
      "Product": "Microsoft® Windows® Operating System",
      "Provider_Name": "Microsoft-Windows-Sysmon",
      "RuleName": "-",
      "SHA256": "7C7F386BB7C70263FD835DC58791B6DD73FC6617C27751B5503DBA8D0CDDA690",
      "SystemTime": "2026-06-14T17:36:07.992574Z",
      "Task": 1,
      "TerminalSessionId": 1,
      "ThreadID": 3864,
      "User": "thaimx\\thaim",
      "UserID": "S-1-5-18",
      "UtcTime": "2026-06-14 17:36:07.988",
      "Version": 5
    },
    {
      "row_id": 276,
      "Channel": "Microsoft-Windows-Sysmon/Operational",
      "CommandLine": "cmd.exe /c \"wmic process call create \\\"rundll32.exe C:\\ProgramData\\mal.dll,DllRegisterServer /\\\"s\\\" /\\\"n\\\" /u\\\"\"",
      "Company": "Microsoft Corporation",
      "Computer": "thaimx",
      "CurrentDirectory": "C:\\DATN1\\",
      "Description": "Windows Command Processor",
      "EventID": 1,
      "EventRecordID": 209856,
      "FileVersion": "10.0.26100.8521 (WinBuild.160101.0800)",
      "Guid": "5770385F-C22A-43E0-BF4C-06F5698FFBD9",
      "Hashes": "MD5=D87E9FA4C7C878F4C1DC8885CEA7F9F0,SHA256=75320A519959CC6D089EA3EBA33C38CACCB7F138A025EA439BC9686CDB79DED4,IMPHASH=B0F049C014592B156EB1FA857E99CEB9",
      "IMPHASH": "B0F049C014592B156EB1FA857E99CEB9",
      "Image": "C:\\Windows\\System32\\cmd.exe",
      "IntegrityLevel": "High",
      "Keywords": "0x8000000000000000",
      "Level": 4,
      "LogonGuid": "20525DD1-B76B-6A2E-D0C3-010000000000",
      "LogonId": "0x1c3d0",
      "MD5": "D87E9FA4C7C878F4C1DC8885CEA7F9F0",
      "Opcode": 0,
      "OriginalFileName": "Cmd.Exe",
      "OriginalLogfile": "t1114__t1114_038.evtx",
      "ParentCommandLine": "python  -m src.sigma_rule_evaluator.cli --execute",
      "ParentImage": "C:\\Users\\thaim\\AppData\\Local\\Programs\\Python\\Python314\\python.exe",
      "ParentProcessGuid": "20525DD1-CF08-6A2E-7403-000000002C00",
      "ParentProcessId": 9080,
      "ParentUser": "thaimx\\thaim",
      "ProcessGuid": "20525DD1-E69F-6A2E-3212-000000002C00",
      "ProcessID": "3836",
      "Product": "Microsoft® Windows® Operating System",
      "Provider_Name": "Microsoft-Windows-Sysmon",
      "RuleName": "-",
      "SHA256": "75320A519959CC6D089EA3EBA33C38CACCB7F138A025EA439BC9686CDB79DED4",
      "SystemTime": "2026-06-14T17:36:31.771161Z",
      "Task": 1,
      "TerminalSessionId": 1,
      "ThreadID": 3864,
      "User": "thaimx\\thaim",
      "UserID": "S-1-5-18",
      "UtcTime": "2026-06-14 17:36:31.765",
      "Version": 5
    },
    {
      "row_id": 277,
      "Channel": "Microsoft-Windows-Sysmon/Operational",
      "CommandLine": "wmic  process call create \\\"rundll32.exe C:\\ProgramData\\mal.dll,DllRegisterServer /\\\"s\\\" /\\\"n\\\" /u\\\"",
      "Company": "Microsoft Corporation",
      "Computer": "thaimx",
      "CurrentDirectory": "C:\\DATN1\\",
      "Description": "WMI Commandline Utility",
      "EventID": 1,
      "EventRecordID": 209857,
      "FileVersion": "10.0.26100.5074 (WinBuild.160101.0800)",
      "Guid": "5770385F-C22A-43E0-BF4C-06F5698FFBD9",
      "Hashes": "MD5=2E51DA7B69836CFEBCB3F9AA47C08266,SHA256=7C7F386BB7C70263FD835DC58791B6DD73FC6617C27751B5503DBA8D0CDDA690,IMPHASH=43C6BE584D77B658A53A9A5C606724DD",
      "IMPHASH": "43C6BE584D77B658A53A9A5C606724DD",
      "Image": "C:\\Windows\\System32\\wbem\\WMIC.exe",
      "IntegrityLevel": "High",
      "Keywords": "0x8000000000000000",
      "Level": 4,
      "LogonGuid": "20525DD1-B76B-6A2E-D0C3-010000000000",
      "LogonId": "0x1c3d0",
      "MD5": "2E51DA7B69836CFEBCB3F9AA47C08266",
      "Opcode": 0,
      "OriginalFileName": "wmic.exe",
      "OriginalLogfile": "t1114__t1114_038.evtx",
      "ParentCommandLine": "cmd.exe /c \"wmic process call create \\\"rundll32.exe C:\\ProgramData\\mal.dll,DllRegisterServer /\\\"s\\\" /\\\"n\\\" /u\\\"\"",
      "ParentImage": "C:\\Windows\\System32\\cmd.exe",
      "ParentProcessGuid": "20525DD1-E69F-6A2E-3212-000000002C00",
      "ParentProcessId": 12032,
      "ParentUser": "thaimx\\thaim",
      "ProcessGuid": "20525DD1-E69F-6A2E-3312-000000002C00",
      "ProcessID": "3836",
      "Product": "Microsoft® Windows® Operating System",
      "Provider_Name": "Microsoft-Windows-Sysmon",
      "RuleName": "-",
      "SHA256": "7C7F386BB7C70263FD835DC58791B6DD73FC6617C27751B5503DBA8D0CDDA690",
      "SystemTime": "2026-06-14T17:36:31.793057Z",
      "Task": 1,
      "TerminalSessionId": 1,
      "ThreadID": 3864,
      "User": "thaimx\\thaim",
      "UserID": "S-1-5-18",
      "UtcTime": "2026-06-14 17:36:31.788",
      "Version": 5
    },
    {
      "row_id": 278,
      "Channel": "Microsoft-Windows-Sysmon/Operational",
      "CommandLine": "cmd.exe /c \"wmic process call create \\\"rundll32.exe C:\\ProgramData\\mal.dll,DllRegisterServer /s /N /u\\\"\"",
      "Company": "Microsoft Corporation",
      "Computer": "thaimx",
      "CurrentDirectory": "C:\\DATN1\\",
      "Description": "Windows Command Processor",
      "EventID": 1,
      "EventRecordID": 209902,
      "FileVersion": "10.0.26100.8521 (WinBuild.160101.0800)",
      "Guid": "5770385F-C22A-43E0-BF4C-06F5698FFBD9",
      "Hashes": "MD5=D87E9FA4C7C878F4C1DC8885CEA7F9F0,SHA256=75320A519959CC6D089EA3EBA33C38CACCB7F138A025EA439BC9686CDB79DED4,IMPHASH=B0F049C014592B156EB1FA857E99CEB9",
      "IMPHASH": "B0F049C014592B156EB1FA857E99CEB9",
      "Image": "C:\\Windows\\System32\\cmd.exe",
      "IntegrityLevel": "High",
      "Keywords": "0x8000000000000000",
      "Level": 4,
      "LogonGuid": "20525DD1-B76B-6A2E-D0C3-010000000000",
      "LogonId": "0x1c3d0",
      "MD5": "D87E9FA4C7C878F4C1DC8885CEA7F9F0",
      "Opcode": 0,
      "OriginalFileName": "Cmd.Exe",
      "OriginalLogfile": "t1114__t1114_039.evtx",
      "ParentCommandLine": "python  -m src.sigma_rule_evaluator.cli --execute",
      "ParentImage": "C:\\Users\\thaim\\AppData\\Local\\Programs\\Python\\Python314\\python.exe",
      "ParentProcessGuid": "20525DD1-CF08-6A2E-7403-000000002C00",
      "ParentProcessId": 9080,
      "ParentUser": "thaimx\\thaim",
      "ProcessGuid": "20525DD1-E6B3-6A2E-4912-000000002C00",
      "ProcessID": "3836",
      "Product": "Microsoft® Windows® Operating System",
      "Provider_Name": "Microsoft-Windows-Sysmon",
      "RuleName": "-",
      "SHA256": "75320A519959CC6D089EA3EBA33C38CACCB7F138A025EA439BC9686CDB79DED4",
      "SystemTime": "2026-06-14T17:36:51.497327Z",
      "Task": 1,
      "TerminalSessionId": 1,
      "ThreadID": 3864,
      "User": "thaimx\\thaim",
      "UserID": "S-1-5-18",
      "UtcTime": "2026-06-14 17:36:51.493",
      "Version": 5
    },
    {
      "row_id": 279,
      "Channel": "Microsoft-Windows-Sysmon/Operational",
      "CommandLine": "wmic  process call create \\\"rundll32.exe C:\\ProgramData\\mal.dll,DllRegisterServer /s /N /u\\\"",
      "Company": "Microsoft Corporation",
      "Computer": "thaimx",
      "CurrentDirectory": "C:\\DATN1\\",
      "Description": "WMI Commandline Utility",
      "EventID": 1,
      "EventRecordID": 209903,
      "FileVersion": "10.0.26100.5074 (WinBuild.160101.0800)",
      "Guid": "5770385F-C22A-43E0-BF4C-06F5698FFBD9",
      "Hashes": "MD5=2E51DA7B69836CFEBCB3F9AA47C08266,SHA256=7C7F386BB7C70263FD835DC58791B6DD73FC6617C27751B5503DBA8D0CDDA690,IMPHASH=43C6BE584D77B658A53A9A5C606724DD",
      "IMPHASH": "43C6BE584D77B658A53A9A5C606724DD",
      "Image": "C:\\Windows\\System32\\wbem\\WMIC.exe",
      "IntegrityLevel": "High",
      "Keywords": "0x8000000000000000",
      "Level": 4,
      "LogonGuid": "20525DD1-B76B-6A2E-D0C3-010000000000",
      "LogonId": "0x1c3d0",
      "MD5": "2E51DA7B69836CFEBCB3F9AA47C08266",
      "Opcode": 0,
      "OriginalFileName": "wmic.exe",
      "OriginalLogfile": "t1114__t1114_039.evtx",
      "ParentCommandLine": "cmd.exe /c \"wmic process call create \\\"rundll32.exe C:\\ProgramData\\mal.dll,DllRegisterServer /s /N /u\\\"\"",
      "ParentImage": "C:\\Windows\\System32\\cmd.exe",
      "ParentProcessGuid": "20525DD1-E6B3-6A2E-4912-000000002C00",
      "ParentProcessId": 5996,
      "ParentUser": "thaimx\\thaim",
      "ProcessGuid": "20525DD1-E6B3-6A2E-4A12-000000002C00",
      "ProcessID": "3836",
      "Product": "Microsoft® Windows® Operating System",
      "Provider_Name": "Microsoft-Windows-Sysmon",
      "RuleName": "-",
      "SHA256": "7C7F386BB7C70263FD835DC58791B6DD73FC6617C27751B5503DBA8D0CDDA690",
      "SystemTime": "2026-06-14T17:36:51.514853Z",
      "Task": 1,
      "TerminalSessionId": 1,
      "ThreadID": 3864,
      "User": "thaimx\\thaim",
      "UserID": "S-1-5-18",
      "UtcTime": "2026-06-14 17:36:51.511",
      "Version": 5
    },
    {
      "row_id": 280,
      "Channel": "Microsoft-Windows-Sysmon/Operational",
      "CommandLine": "cmd.exe /c \"wmic process call create \\\"rundll32.exe C:\\ProgramData\\mal.dll,DllRegisterServer /s /N /U\\\"\"",
      "Company": "Microsoft Corporation",
      "Computer": "thaimx",
      "CurrentDirectory": "C:\\DATN1\\",
      "Description": "Windows Command Processor",
      "EventID": 1,
      "EventRecordID": 209948,
      "FileVersion": "10.0.26100.8521 (WinBuild.160101.0800)",
      "Guid": "5770385F-C22A-43E0-BF4C-06F5698FFBD9",
      "Hashes": "MD5=D87E9FA4C7C878F4C1DC8885CEA7F9F0,SHA256=75320A519959CC6D089EA3EBA33C38CACCB7F138A025EA439BC9686CDB79DED4,IMPHASH=B0F049C014592B156EB1FA857E99CEB9",
      "IMPHASH": "B0F049C014592B156EB1FA857E99CEB9",
      "Image": "C:\\Windows\\System32\\cmd.exe",
      "IntegrityLevel": "High",
      "Keywords": "0x8000000000000000",
      "Level": 4,
      "LogonGuid": "20525DD1-B76B-6A2E-D0C3-010000000000",
      "LogonId": "0x1c3d0",
      "MD5": "D87E9FA4C7C878F4C1DC8885CEA7F9F0",
      "Opcode": 0,
      "OriginalFileName": "Cmd.Exe",
      "OriginalLogfile": "t1114__t1114_040.evtx",
      "ParentCommandLine": "python  -m src.sigma_rule_evaluator.cli --execute",
      "ParentImage": "C:\\Users\\thaim\\AppData\\Local\\Programs\\Python\\Python314\\python.exe",
      "ParentProcessGuid": "20525DD1-CF08-6A2E-7403-000000002C00",
      "ParentProcessId": 9080,
      "ParentUser": "thaimx\\thaim",
      "ProcessGuid": "20525DD1-E6C7-6A2E-6012-000000002C00",
      "ProcessID": "3836",
      "Product": "Microsoft® Windows® Operating System",
      "Provider_Name": "Microsoft-Windows-Sysmon",
      "RuleName": "-",
      "SHA256": "75320A519959CC6D089EA3EBA33C38CACCB7F138A025EA439BC9686CDB79DED4",
      "SystemTime": "2026-06-14T17:37:11.319918Z",
      "Task": 1,
      "TerminalSessionId": 1,
      "ThreadID": 3864,
      "User": "thaimx\\thaim",
      "UserID": "S-1-5-18",
      "UtcTime": "2026-06-14 17:37:11.316",
      "Version": 5
    },
    {
      "row_id": 281,
      "Channel": "Microsoft-Windows-Sysmon/Operational",
      "CommandLine": "wmic  process call create \\\"rundll32.exe C:\\ProgramData\\mal.dll,DllRegisterServer /s /N /U\\\"",
      "Company": "Microsoft Corporation",
      "Computer": "thaimx",
      "CurrentDirectory": "C:\\DATN1\\",
      "Description": "WMI Commandline Utility",
      "EventID": 1,
      "EventRecordID": 209949,
      "FileVersion": "10.0.26100.5074 (WinBuild.160101.0800)",
      "Guid": "5770385F-C22A-43E0-BF4C-06F5698FFBD9",
      "Hashes": "MD5=2E51DA7B69836CFEBCB3F9AA47C08266,SHA256=7C7F386BB7C70263FD835DC58791B6DD73FC6617C27751B5503DBA8D0CDDA690,IMPHASH=43C6BE584D77B658A53A9A5C606724DD",
      "IMPHASH": "43C6BE584D77B658A53A9A5C606724DD",
      "Image": "C:\\Windows\\System32\\wbem\\WMIC.exe",
      "IntegrityLevel": "High",
      "Keywords": "0x8000000000000000",
      "Level": 4,
      "LogonGuid": "20525DD1-B76B-6A2E-D0C3-010000000000",
      "LogonId": "0x1c3d0",
      "MD5": "2E51DA7B69836CFEBCB3F9AA47C08266",
      "Opcode": 0,
      "OriginalFileName": "wmic.exe",
      "OriginalLogfile": "t1114__t1114_040.evtx",
      "ParentCommandLine": "cmd.exe /c \"wmic process call create \\\"rundll32.exe C:\\ProgramData\\mal.dll,DllRegisterServer /s /N /U\\\"\"",
      "ParentImage": "C:\\Windows\\System32\\cmd.exe",
      "ParentProcessGuid": "20525DD1-E6C7-6A2E-6012-000000002C00",
      "ParentProcessId": 10356,
      "ParentUser": "thaimx\\thaim",
      "ProcessGuid": "20525DD1-E6C7-6A2E-6112-000000002C00",
      "ProcessID": "3836",
      "Product": "Microsoft® Windows® Operating System",
      "Provider_Name": "Microsoft-Windows-Sysmon",
      "RuleName": "-",
      "SHA256": "7C7F386BB7C70263FD835DC58791B6DD73FC6617C27751B5503DBA8D0CDDA690",
      "SystemTime": "2026-06-14T17:37:11.336487Z",
      "Task": 1,
      "TerminalSessionId": 1,
      "ThreadID": 3864,
      "User": "thaimx\\thaim",
      "UserID": "S-1-5-18",
      "UtcTime": "2026-06-14 17:37:11.333",
      "Version": 5
    },
    {
      "row_id": 282,
      "Channel": "Microsoft-Windows-Sysmon/Operational",
      "CommandLine": "cmd.exe /c \"wmic process call create \\\"rundll32.exe C:\\ProgramData\\mal.dll,DllRegisterServer -\\\"s\\\" -\\\"n\\\" /U\\\"\"",
      "Company": "Microsoft Corporation",
      "Computer": "thaimx",
      "CurrentDirectory": "C:\\DATN1\\",
      "Description": "Windows Command Processor",
      "EventID": 1,
      "EventRecordID": 209990,
      "FileVersion": "10.0.26100.8521 (WinBuild.160101.0800)",
      "Guid": "5770385F-C22A-43E0-BF4C-06F5698FFBD9",
      "Hashes": "MD5=D87E9FA4C7C878F4C1DC8885CEA7F9F0,SHA256=75320A519959CC6D089EA3EBA33C38CACCB7F138A025EA439BC9686CDB79DED4,IMPHASH=B0F049C014592B156EB1FA857E99CEB9",
      "IMPHASH": "B0F049C014592B156EB1FA857E99CEB9",
      "Image": "C:\\Windows\\System32\\cmd.exe",
      "IntegrityLevel": "High",
      "Keywords": "0x8000000000000000",
      "Level": 4,
      "LogonGuid": "20525DD1-B76B-6A2E-D0C3-010000000000",
      "LogonId": "0x1c3d0",
      "MD5": "D87E9FA4C7C878F4C1DC8885CEA7F9F0",
      "Opcode": 0,
      "OriginalFileName": "Cmd.Exe",
      "OriginalLogfile": "t1114__t1114_041.evtx",
      "ParentCommandLine": "python  -m src.sigma_rule_evaluator.cli --execute",
      "ParentImage": "C:\\Users\\thaim\\AppData\\Local\\Programs\\Python\\Python314\\python.exe",
      "ParentProcessGuid": "20525DD1-CF08-6A2E-7403-000000002C00",
      "ParentProcessId": 9080,
      "ParentUser": "thaimx\\thaim",
      "ProcessGuid": "20525DD1-E703-6A2E-7512-000000002C00",
      "ProcessID": "3836",
      "Product": "Microsoft® Windows® Operating System",
      "Provider_Name": "Microsoft-Windows-Sysmon",
      "RuleName": "-",
      "SHA256": "75320A519959CC6D089EA3EBA33C38CACCB7F138A025EA439BC9686CDB79DED4",
      "SystemTime": "2026-06-14T17:38:11.871865Z",
      "Task": 1,
      "TerminalSessionId": 1,
      "ThreadID": 3864,
      "User": "thaimx\\thaim",
      "UserID": "S-1-5-18",
      "UtcTime": "2026-06-14 17:38:11.868",
      "Version": 5
    },
