    {
      "row_id": 335,
      "Channel": "Microsoft-Windows-Sysmon/Operational",
      "CommandLine": "wmic  process call create \\\"rundll32.exe C:\\ProgramData\\mal.dll,DllRegisterServer -\\\"s\\\" /N /u\\\"",
      "Company": "Microsoft Corporation",
      "Computer": "thaimx",
      "CurrentDirectory": "C:\\DATN1\\",
      "Description": "WMI Commandline Utility",
      "EventID": 1,
      "EventRecordID": 211263,
      "FileVersion": "10.0.26100.5074 (WinBuild.160101.0800)",
      "Guid": "5770385F-C22A-43E0-BF4C-06F5698FFBD9",
      "Hashes": "MD5=2E51DA7B69836CFEBCB3F9AA47C08266,SHA256=7C7F386BB7C70263FD835DC58791B6DD73FC6617C27751B5503DBA8D0CDDA690,IMPHASH=43C6BE584D77B658A53A9A5C606724DD",
      "IMPHASH": "43C6BE584D77B658A53A9A5C606724DD",
      "Image": "C:\\Windows\\System32\\wbem\\WMIC.exe",
      "IntegrityLevel": "High",
      "Keywords": "0x8000000000000000",
      "Level": 4,
      "LogonGuid": "20525DD1-B76B-6A2E-D0C3-010000000000",
      "LogonId": "0x1c3d0",
      "MD5": "2E51DA7B69836CFEBCB3F9AA47C08266",
      "Opcode": 0,
      "OriginalFileName": "wmic.exe",
      "OriginalLogfile": "t1204.002__t1204.002_023.evtx",
      "ParentCommandLine": "cmd.exe /c \"wmic process call create \\\"rundll32.exe C:\\ProgramData\\mal.dll,DllRegisterServer -\\\"s\\\" /N /u\\\"\"",
      "ParentImage": "C:\\Windows\\System32\\cmd.exe",
      "ParentProcessGuid": "20525DD1-E950-6A2E-EF14-000000002C00",
      "ParentProcessId": 10628,
      "ParentUser": "thaimx\\thaim",
      "ProcessGuid": "20525DD1-E950-6A2E-F014-000000002C00",
      "ProcessID": "3836",
      "Product": "Microsoft® Windows® Operating System",
      "Provider_Name": "Microsoft-Windows-Sysmon",
      "RuleName": "-",
      "SHA256": "7C7F386BB7C70263FD835DC58791B6DD73FC6617C27751B5503DBA8D0CDDA690",
      "SystemTime": "2026-06-14T17:48:00.250333Z",
      "Task": 1,
      "TerminalSessionId": 1,
      "ThreadID": 3864,
      "User": "thaimx\\thaim",
      "UserID": "S-1-5-18",
      "UtcTime": "2026-06-14 17:48:00.246",
      "Version": 5
    },
    {
      "row_id": 336,
      "Channel": "Microsoft-Windows-Sysmon/Operational",
      "CommandLine": "cmd.exe /c \"wmic process call create \\\"rundll32.exe C:\\ProgramData\\mal.dll,DllRegisterServer /s /n /\\\"u\\\"\\\"\"",
      "Company": "Microsoft Corporation",
      "Computer": "thaimx",
      "CurrentDirectory": "C:\\DATN1\\",
      "Description": "Windows Command Processor",
      "EventID": 1,
      "EventRecordID": 211308,
      "FileVersion": "10.0.26100.8521 (WinBuild.160101.0800)",
      "Guid": "5770385F-C22A-43E0-BF4C-06F5698FFBD9",
      "Hashes": "MD5=D87E9FA4C7C878F4C1DC8885CEA7F9F0,SHA256=75320A519959CC6D089EA3EBA33C38CACCB7F138A025EA439BC9686CDB79DED4,IMPHASH=B0F049C014592B156EB1FA857E99CEB9",
      "IMPHASH": "B0F049C014592B156EB1FA857E99CEB9",
      "Image": "C:\\Windows\\System32\\cmd.exe",
      "IntegrityLevel": "High",
      "Keywords": "0x8000000000000000",
      "Level": 4,
      "LogonGuid": "20525DD1-B76B-6A2E-D0C3-010000000000",
      "LogonId": "0x1c3d0",
      "MD5": "D87E9FA4C7C878F4C1DC8885CEA7F9F0",
      "Opcode": 0,
      "OriginalFileName": "Cmd.Exe",
      "OriginalLogfile": "t1204.002__t1204.002_024.evtx",
      "ParentCommandLine": "python  -m src.sigma_rule_evaluator.cli --execute",
      "ParentImage": "C:\\Users\\thaim\\AppData\\Local\\Programs\\Python\\Python314\\python.exe",
      "ParentProcessGuid": "20525DD1-CF08-6A2E-7403-000000002C00",
      "ParentProcessId": 9080,
      "ParentUser": "thaimx\\thaim",
      "ProcessGuid": "20525DD1-E966-6A2E-0615-000000002C00",
      "ProcessID": "3836",
      "Product": "Microsoft® Windows® Operating System",
      "Provider_Name": "Microsoft-Windows-Sysmon",
      "RuleName": "-",
      "SHA256": "75320A519959CC6D089EA3EBA33C38CACCB7F138A025EA439BC9686CDB79DED4",
      "SystemTime": "2026-06-14T17:48:22.374870Z",
      "Task": 1,
      "TerminalSessionId": 1,
      "ThreadID": 3864,
      "User": "thaimx\\thaim",
      "UserID": "S-1-5-18",
      "UtcTime": "2026-06-14 17:48:22.371",
      "Version": 5
    },
    {
      "row_id": 337,
      "Channel": "Microsoft-Windows-Sysmon/Operational",
      "CommandLine": "wmic  process call create \\\"rundll32.exe C:\\ProgramData\\mal.dll,DllRegisterServer /s /n /\\\"u\\\"\\\"",
      "Company": "Microsoft Corporation",
      "Computer": "thaimx",
      "CurrentDirectory": "C:\\DATN1\\",
      "Description": "WMI Commandline Utility",
      "EventID": 1,
      "EventRecordID": 211309,
      "FileVersion": "10.0.26100.5074 (WinBuild.160101.0800)",
      "Guid": "5770385F-C22A-43E0-BF4C-06F5698FFBD9",
      "Hashes": "MD5=2E51DA7B69836CFEBCB3F9AA47C08266,SHA256=7C7F386BB7C70263FD835DC58791B6DD73FC6617C27751B5503DBA8D0CDDA690,IMPHASH=43C6BE584D77B658A53A9A5C606724DD",
      "IMPHASH": "43C6BE584D77B658A53A9A5C606724DD",
      "Image": "C:\\Windows\\System32\\wbem\\WMIC.exe",
      "IntegrityLevel": "High",
      "Keywords": "0x8000000000000000",
      "Level": 4,
      "LogonGuid": "20525DD1-B76B-6A2E-D0C3-010000000000",
      "LogonId": "0x1c3d0",
      "MD5": "2E51DA7B69836CFEBCB3F9AA47C08266",
      "Opcode": 0,
      "OriginalFileName": "wmic.exe",
      "OriginalLogfile": "t1204.002__t1204.002_024.evtx",
      "ParentCommandLine": "cmd.exe /c \"wmic process call create \\\"rundll32.exe C:\\ProgramData\\mal.dll,DllRegisterServer /s /n /\\\"u\\\"\\\"\"",
      "ParentImage": "C:\\Windows\\System32\\cmd.exe",
      "ParentProcessGuid": "20525DD1-E966-6A2E-0615-000000002C00",
      "ParentProcessId": 10756,
      "ParentUser": "thaimx\\thaim",
      "ProcessGuid": "20525DD1-E966-6A2E-0715-000000002C00",
      "ProcessID": "3836",
      "Product": "Microsoft® Windows® Operating System",
      "Provider_Name": "Microsoft-Windows-Sysmon",
      "RuleName": "-",
      "SHA256": "7C7F386BB7C70263FD835DC58791B6DD73FC6617C27751B5503DBA8D0CDDA690",
      "SystemTime": "2026-06-14T17:48:22.392413Z",
      "Task": 1,
      "TerminalSessionId": 1,
      "ThreadID": 3864,
      "User": "thaimx\\thaim",
      "UserID": "S-1-5-18",
      "UtcTime": "2026-06-14 17:48:22.389",
      "Version": 5
    },
    {
      "row_id": 338,
      "Channel": "Microsoft-Windows-Sysmon/Operational",
      "CommandLine": "cmd.exe /c \"wmic process call create \\\"rundll32.exe C:\\ProgramData\\mal.dll,DllRegisterServer /s /n -\\\"u\\\"\\\"\"",
      "Company": "Microsoft Corporation",
      "Computer": "thaimx",
      "CurrentDirectory": "C:\\DATN1\\",
      "Description": "Windows Command Processor",
      "EventID": 1,
      "EventRecordID": 211350,
      "FileVersion": "10.0.26100.8521 (WinBuild.160101.0800)",
      "Guid": "5770385F-C22A-43E0-BF4C-06F5698FFBD9",
      "Hashes": "MD5=D87E9FA4C7C878F4C1DC8885CEA7F9F0,SHA256=75320A519959CC6D089EA3EBA33C38CACCB7F138A025EA439BC9686CDB79DED4,IMPHASH=B0F049C014592B156EB1FA857E99CEB9",
      "IMPHASH": "B0F049C014592B156EB1FA857E99CEB9",
      "Image": "C:\\Windows\\System32\\cmd.exe",
      "IntegrityLevel": "High",
      "Keywords": "0x8000000000000000",
      "Level": 4,
      "LogonGuid": "20525DD1-B76B-6A2E-D0C3-010000000000",
      "LogonId": "0x1c3d0",
      "MD5": "D87E9FA4C7C878F4C1DC8885CEA7F9F0",
      "Opcode": 0,
      "OriginalFileName": "Cmd.Exe",
      "OriginalLogfile": "t1204.002__t1204.002_025.evtx",
      "ParentCommandLine": "python  -m src.sigma_rule_evaluator.cli --execute",
      "ParentImage": "C:\\Users\\thaim\\AppData\\Local\\Programs\\Python\\Python314\\python.exe",
      "ParentProcessGuid": "20525DD1-CF08-6A2E-7403-000000002C00",
      "ParentProcessId": 9080,
      "ParentUser": "thaimx\\thaim",
      "ProcessGuid": "20525DD1-E97C-6A2E-1C15-000000002C00",
      "ProcessID": "3836",
      "Product": "Microsoft® Windows® Operating System",
      "Provider_Name": "Microsoft-Windows-Sysmon",
      "RuleName": "-",
      "SHA256": "75320A519959CC6D089EA3EBA33C38CACCB7F138A025EA439BC9686CDB79DED4",
      "SystemTime": "2026-06-14T17:48:44.066238Z",
      "Task": 1,
      "TerminalSessionId": 1,
      "ThreadID": 3864,
      "User": "thaimx\\thaim",
      "UserID": "S-1-5-18",
      "UtcTime": "2026-06-14 17:48:44.055",
      "Version": 5
    },
    {
      "row_id": 339,
      "Channel": "Microsoft-Windows-Sysmon/Operational",
      "CommandLine": "wmic  process call create \\\"rundll32.exe C:\\ProgramData\\mal.dll,DllRegisterServer /s /n -\\\"u\\\"\\\"",
      "Company": "Microsoft Corporation",
      "Computer": "thaimx",
      "CurrentDirectory": "C:\\DATN1\\",
      "Description": "WMI Commandline Utility",
      "EventID": 1,
      "EventRecordID": 211353,
      "FileVersion": "10.0.26100.5074 (WinBuild.160101.0800)",
      "Guid": "5770385F-C22A-43E0-BF4C-06F5698FFBD9",
      "Hashes": "MD5=2E51DA7B69836CFEBCB3F9AA47C08266,SHA256=7C7F386BB7C70263FD835DC58791B6DD73FC6617C27751B5503DBA8D0CDDA690,IMPHASH=43C6BE584D77B658A53A9A5C606724DD",
      "IMPHASH": "43C6BE584D77B658A53A9A5C606724DD",
      "Image": "C:\\Windows\\System32\\wbem\\WMIC.exe",
      "IntegrityLevel": "High",
      "Keywords": "0x8000000000000000",
      "Level": 4,
      "LogonGuid": "20525DD1-B76B-6A2E-D0C3-010000000000",
      "LogonId": "0x1c3d0",
      "MD5": "2E51DA7B69836CFEBCB3F9AA47C08266",
      "Opcode": 0,
      "OriginalFileName": "wmic.exe",
      "OriginalLogfile": "t1204.002__t1204.002_025.evtx",
      "ParentCommandLine": "cmd.exe /c \"wmic process call create \\\"rundll32.exe C:\\ProgramData\\mal.dll,DllRegisterServer /s /n -\\\"u\\\"\\\"\"",
      "ParentImage": "C:\\Windows\\System32\\cmd.exe",
      "ParentProcessGuid": "20525DD1-E97C-6A2E-1C15-000000002C00",
      "ParentProcessId": 8560,
      "ParentUser": "thaimx\\thaim",
      "ProcessGuid": "20525DD1-E97C-6A2E-1E15-000000002C00",
      "ProcessID": "3836",
      "Product": "Microsoft® Windows® Operating System",
      "Provider_Name": "Microsoft-Windows-Sysmon",
      "RuleName": "-",
      "SHA256": "7C7F386BB7C70263FD835DC58791B6DD73FC6617C27751B5503DBA8D0CDDA690",
      "SystemTime": "2026-06-14T17:48:44.118929Z",
      "Task": 1,
      "TerminalSessionId": 1,
      "ThreadID": 3864,
      "User": "thaimx\\thaim",
      "UserID": "S-1-5-18",
      "UtcTime": "2026-06-14 17:48:44.112",
      "Version": 5
    },
    {
      "row_id": 340,
      "Channel": "Microsoft-Windows-Sysmon/Operational",
      "CommandLine": "cmd.exe /c \"wmic process call create \\\"rundll32.exe C:\\ProgramData\\mal.dll,DllRegisterServer /s /\\\"n\\\" /\\\"u\\\"\\\"\"",
      "Company": "Microsoft Corporation",
      "Computer": "thaimx",
      "CurrentDirectory": "C:\\DATN1\\",
      "Description": "Windows Command Processor",
      "EventID": 1,
      "EventRecordID": 211394,
      "FileVersion": "10.0.26100.8521 (WinBuild.160101.0800)",
      "Guid": "5770385F-C22A-43E0-BF4C-06F5698FFBD9",
      "Hashes": "MD5=D87E9FA4C7C878F4C1DC8885CEA7F9F0,SHA256=75320A519959CC6D089EA3EBA33C38CACCB7F138A025EA439BC9686CDB79DED4,IMPHASH=B0F049C014592B156EB1FA857E99CEB9",
      "IMPHASH": "B0F049C014592B156EB1FA857E99CEB9",
      "Image": "C:\\Windows\\System32\\cmd.exe",
      "IntegrityLevel": "High",
      "Keywords": "0x8000000000000000",
      "Level": 4,
      "LogonGuid": "20525DD1-B76B-6A2E-D0C3-010000000000",
      "LogonId": "0x1c3d0",
      "MD5": "D87E9FA4C7C878F4C1DC8885CEA7F9F0",
      "Opcode": 0,
      "OriginalFileName": "Cmd.Exe",
      "OriginalLogfile": "t1204.002__t1204.002_026.evtx",
      "ParentCommandLine": "python  -m src.sigma_rule_evaluator.cli --execute",
      "ParentImage": "C:\\Users\\thaim\\AppData\\Local\\Programs\\Python\\Python314\\python.exe",
      "ParentProcessGuid": "20525DD1-CF08-6A2E-7403-000000002C00",
      "ParentProcessId": 9080,
      "ParentUser": "thaimx\\thaim",
      "ProcessGuid": "20525DD1-E98E-6A2E-3115-000000002C00",
      "ProcessID": "3836",
      "Product": "Microsoft® Windows® Operating System",
      "Provider_Name": "Microsoft-Windows-Sysmon",
      "RuleName": "-",
      "SHA256": "75320A519959CC6D089EA3EBA33C38CACCB7F138A025EA439BC9686CDB79DED4",
      "SystemTime": "2026-06-14T17:49:02.203885Z",
      "Task": 1,
      "TerminalSessionId": 1,
      "ThreadID": 3864,
      "User": "thaimx\\thaim",
      "UserID": "S-1-5-18",
      "UtcTime": "2026-06-14 17:49:02.199",
      "Version": 5
    },
    {
      "row_id": 341,
      "Channel": "Microsoft-Windows-Sysmon/Operational",
      "CommandLine": "wmic  process call create \\\"rundll32.exe C:\\ProgramData\\mal.dll,DllRegisterServer /s /\\\"n\\\" /\\\"u\\\"\\\"",
      "Company": "Microsoft Corporation",
      "Computer": "thaimx",
      "CurrentDirectory": "C:\\DATN1\\",
      "Description": "WMI Commandline Utility",
      "EventID": 1,
      "EventRecordID": 211395,
      "FileVersion": "10.0.26100.5074 (WinBuild.160101.0800)",
      "Guid": "5770385F-C22A-43E0-BF4C-06F5698FFBD9",
      "Hashes": "MD5=2E51DA7B69836CFEBCB3F9AA47C08266,SHA256=7C7F386BB7C70263FD835DC58791B6DD73FC6617C27751B5503DBA8D0CDDA690,IMPHASH=43C6BE584D77B658A53A9A5C606724DD",
      "IMPHASH": "43C6BE584D77B658A53A9A5C606724DD",
      "Image": "C:\\Windows\\System32\\wbem\\WMIC.exe",
      "IntegrityLevel": "High",
      "Keywords": "0x8000000000000000",
      "Level": 4,
      "LogonGuid": "20525DD1-B76B-6A2E-D0C3-010000000000",
      "LogonId": "0x1c3d0",
      "MD5": "2E51DA7B69836CFEBCB3F9AA47C08266",
      "Opcode": 0,
      "OriginalFileName": "wmic.exe",
      "OriginalLogfile": "t1204.002__t1204.002_026.evtx",
      "ParentCommandLine": "cmd.exe /c \"wmic process call create \\\"rundll32.exe C:\\ProgramData\\mal.dll,DllRegisterServer /s /\\\"n\\\" /\\\"u\\\"\\\"\"",
      "ParentImage": "C:\\Windows\\System32\\cmd.exe",
      "ParentProcessGuid": "20525DD1-E98E-6A2E-3115-000000002C00",
      "ParentProcessId": 11580,
      "ParentUser": "thaimx\\thaim",
      "ProcessGuid": "20525DD1-E98E-6A2E-3215-000000002C00",
      "ProcessID": "3836",
      "Product": "Microsoft® Windows® Operating System",
      "Provider_Name": "Microsoft-Windows-Sysmon",
      "RuleName": "-",
      "SHA256": "7C7F386BB7C70263FD835DC58791B6DD73FC6617C27751B5503DBA8D0CDDA690",
      "SystemTime": "2026-06-14T17:49:02.229580Z",
      "Task": 1,
      "TerminalSessionId": 1,
      "ThreadID": 3864,
      "User": "thaimx\\thaim",
      "UserID": "S-1-5-18",
      "UtcTime": "2026-06-14 17:49:02.226",
      "Version": 5
    }
  ]
},
{
  "title": "Script Interpreter Execution From Suspicious Folder",
  "id": "1228c958-e64e-4e71-92ad-7d429f4138ba",
  "description": "Detects a suspicious script execution in temporary folders or folders accessible by environment variables",
  "sigmafile": "",
  "sigma": [
    "SELECT * FROM logs WHERE Channel='Microsoft-Windows-Sysmon/Operational' AND (EventID=1 AND (((Image LIKE '%\\\\cscript.exe' ESCAPE '\\' OR Image LIKE '%\\\\mshta.exe' ESCAPE '\\' OR Image LIKE '%\\\\wscript.exe' ESCAPE '\\') OR (CommandLine LIKE '% -ep bypass %' ESCAPE '\\' OR CommandLine LIKE '% -ExecutionPolicy bypass %' ESCAPE '\\' OR CommandLine LIKE '% -w hidden %' ESCAPE '\\' OR CommandLine LIKE '%/e:javascript %' ESCAPE '\\' OR CommandLine LIKE '%/e:Jscript %' ESCAPE '\\' OR CommandLine LIKE '%/e:vbscript %' ESCAPE '\\') OR (OriginalFileName='cscript.exe' OR OriginalFileName='mshta.exe' OR OriginalFileName='wscript.exe')) AND ((CommandLine LIKE '%:\\\\Perflogs\\\\%' ESCAPE '\\' OR CommandLine LIKE '%:\\\\Users\\\\Public\\\\%' ESCAPE '\\' OR CommandLine LIKE '%\\\\AppData\\\\Local\\\\Temp%' ESCAPE '\\' OR CommandLine LIKE '%\\\\AppData\\\\Roaming\\\\Temp%' ESCAPE '\\' OR CommandLine LIKE '%\\\\Temporary Internet%' ESCAPE '\\' OR CommandLine LIKE '%\\\\Windows\\\\Temp%' ESCAPE '\\') OR ((CommandLine LIKE '%:\\\\Users\\\\%' ESCAPE '\\' AND CommandLine LIKE '%\\\\Favorites\\\\%' ESCAPE '\\') OR (CommandLine LIKE '%:\\\\Users\\\\%' ESCAPE '\\' AND CommandLine LIKE '%\\\\Favourites\\\\%' ESCAPE '\\') OR (CommandLine LIKE '%:\\\\Users\\\\%' ESCAPE '\\' AND CommandLine LIKE '%\\\\Contacts\\\\%' ESCAPE '\\')))))"
  ],
  "rule_level": "high",
  "tags": [
    "attack.execution",
    "attack.t1059"
  ],
  "count": 24,
  "matches": [
    {
      "row_id": 248,
      "Channel": "Microsoft-Windows-Sysmon/Operational",
      "CommandLine": "cmd.exe /c \"wmic process call create \\\"cmd.exe /c set __COMPAT_LAYER= && wscript.exe //E:jscript //Nologo C:\\Users\\Public\\impl.js\\\"\"",
      "Company": "Microsoft Corporation",
      "Computer": "thaimx",
      "CurrentDirectory": "C:\\DATN1\\",
      "Description": "Windows Command Processor",
      "EventID": 1,
      "EventRecordID": 209216,
      "FileVersion": "10.0.26100.8521 (WinBuild.160101.0800)",
      "Guid": "5770385F-C22A-43E0-BF4C-06F5698FFBD9",
      "Hashes": "MD5=D87E9FA4C7C878F4C1DC8885CEA7F9F0,SHA256=75320A519959CC6D089EA3EBA33C38CACCB7F138A025EA439BC9686CDB79DED4,IMPHASH=B0F049C014592B156EB1FA857E99CEB9",
      "IMPHASH": "B0F049C014592B156EB1FA857E99CEB9",
      "Image": "C:\\Windows\\System32\\cmd.exe",
      "IntegrityLevel": "High",
      "Keywords": "0x8000000000000000",
      "Level": 4,
      "LogonGuid": "20525DD1-B76B-6A2E-D0C3-010000000000",
      "LogonId": "0x1c3d0",
      "MD5": "D87E9FA4C7C878F4C1DC8885CEA7F9F0",
      "Opcode": 0,
      "OriginalFileName": "Cmd.Exe",
      "OriginalLogfile": "t1114__t1114_024.evtx",
      "ParentCommandLine": "python  -m src.sigma_rule_evaluator.cli --execute",
      "ParentImage": "C:\\Users\\thaim\\AppData\\Local\\Programs\\Python\\Python314\\python.exe",
      "ParentProcessGuid": "20525DD1-CF08-6A2E-7403-000000002C00",
      "ParentProcessId": 9080,
      "ParentUser": "thaimx\\thaim",
      "ProcessGuid": "20525DD1-E57C-6A2E-F210-000000002C00",
      "ProcessID": "3836",
      "Product": "Microsoft® Windows® Operating System",
      "Provider_Name": "Microsoft-Windows-Sysmon",
      "RuleName": "-",
      "SHA256": "75320A519959CC6D089EA3EBA33C38CACCB7F138A025EA439BC9686CDB79DED4",
      "SystemTime": "2026-06-14T17:31:40.493939Z",
      "Task": 1,
      "TerminalSessionId": 1,
      "ThreadID": 3864,
      "User": "thaimx\\thaim",
      "UserID": "S-1-5-18",
      "UtcTime": "2026-06-14 17:31:40.490",
      "Version": 5
    },
    {
      "row_id": 249,
      "Channel": "Microsoft-Windows-Sysmon/Operational",
      "CommandLine": "wmic  process call create \\\"cmd.exe /c set __COMPAT_LAYER= && wscript.exe //E:jscript //Nologo C:\\Users\\Public\\impl.js\\\"",
      "Company": "Microsoft Corporation",
      "Computer": "thaimx",
      "CurrentDirectory": "C:\\DATN1\\",
      "Description": "WMI Commandline Utility",
      "EventID": 1,
      "EventRecordID": 209217,
      "FileVersion": "10.0.26100.5074 (WinBuild.160101.0800)",
      "Guid": "5770385F-C22A-43E0-BF4C-06F5698FFBD9",
      "Hashes": "MD5=2E51DA7B69836CFEBCB3F9AA47C08266,SHA256=7C7F386BB7C70263FD835DC58791B6DD73FC6617C27751B5503DBA8D0CDDA690,IMPHASH=43C6BE584D77B658A53A9A5C606724DD",
      "IMPHASH": "43C6BE584D77B658A53A9A5C606724DD",
      "Image": "C:\\Windows\\System32\\wbem\\WMIC.exe",
      "IntegrityLevel": "High",
      "Keywords": "0x8000000000000000",
      "Level": 4,
      "LogonGuid": "20525DD1-B76B-6A2E-D0C3-010000000000",
      "LogonId": "0x1c3d0",
      "MD5": "2E51DA7B69836CFEBCB3F9AA47C08266",
      "Opcode": 0,
      "OriginalFileName": "wmic.exe",
      "OriginalLogfile": "t1114__t1114_024.evtx",
      "ParentCommandLine": "cmd.exe /c \"wmic process call create \\\"cmd.exe /c set __COMPAT_LAYER= && wscript.exe //E:jscript //Nologo C:\\Users\\Public\\impl.js\\\"\"",
      "ParentImage": "C:\\Windows\\System32\\cmd.exe",
      "ParentProcessGuid": "20525DD1-E57C-6A2E-F210-000000002C00",
      "ParentProcessId": 10128,
      "ParentUser": "thaimx\\thaim",
      "ProcessGuid": "20525DD1-E57C-6A2E-F310-000000002C00",
      "ProcessID": "3836",
      "Product": "Microsoft® Windows® Operating System",
      "Provider_Name": "Microsoft-Windows-Sysmon",
      "RuleName": "-",
      "SHA256": "7C7F386BB7C70263FD835DC58791B6DD73FC6617C27751B5503DBA8D0CDDA690",
      "SystemTime": "2026-06-14T17:31:40.511366Z",
      "Task": 1,
      "TerminalSessionId": 1,
      "ThreadID": 3864,
      "User": "thaimx\\thaim",
      "UserID": "S-1-5-18",
      "UtcTime": "2026-06-14 17:31:40.508",
      "Version": 5
    },
    {
      "row_id": 250,
      "Channel": "Microsoft-Windows-Sysmon/Operational",
      "CommandLine": "cmd.exe /c \"wmic process call create \\\"cmd.exe /\\\"c\\\" set __COMPAT_LAYER= && wscript.exe //e:jSCRiPt -\\\"/Nologo\\\" C:\\Users\\Public\\impl.js\\\"\"",
      "Company": "Microsoft Corporation",
      "Computer": "thaimx",
      "CurrentDirectory": "C:\\DATN1\\",
      "Description": "Windows Command Processor",
      "EventID": 1,
      "EventRecordID": 209262,
      "FileVersion": "10.0.26100.8521 (WinBuild.160101.0800)",
      "Guid": "5770385F-C22A-43E0-BF4C-06F5698FFBD9",
      "Hashes": "MD5=D87E9FA4C7C878F4C1DC8885CEA7F9F0,SHA256=75320A519959CC6D089EA3EBA33C38CACCB7F138A025EA439BC9686CDB79DED4,IMPHASH=B0F049C014592B156EB1FA857E99CEB9",
      "IMPHASH": "B0F049C014592B156EB1FA857E99CEB9",
      "Image": "C:\\Windows\\System32\\cmd.exe",
      "IntegrityLevel": "High",
      "Keywords": "0x8000000000000000",
      "Level": 4,
      "LogonGuid": "20525DD1-B76B-6A2E-D0C3-010000000000",
      "LogonId": "0x1c3d0",
      "MD5": "D87E9FA4C7C878F4C1DC8885CEA7F9F0",
      "Opcode": 0,
      "OriginalFileName": "Cmd.Exe",
      "OriginalLogfile": "t1114__t1114_025.evtx",
      "ParentCommandLine": "python  -m src.sigma_rule_evaluator.cli --execute",
      "ParentImage": "C:\\Users\\thaim\\AppData\\Local\\Programs\\Python\\Python314\\python.exe",
      "ParentProcessGuid": "20525DD1-CF08-6A2E-7403-000000002C00",
      "ParentProcessId": 9080,
      "ParentUser": "thaimx\\thaim",
      "ProcessGuid": "20525DD1-E58F-6A2E-0911-000000002C00",
      "ProcessID": "3836",
      "Product": "Microsoft® Windows® Operating System",
      "Provider_Name": "Microsoft-Windows-Sysmon",
      "RuleName": "-",
      "SHA256": "75320A519959CC6D089EA3EBA33C38CACCB7F138A025EA439BC9686CDB79DED4",
      "SystemTime": "2026-06-14T17:31:59.033724Z",
      "Task": 1,
      "TerminalSessionId": 1,
      "ThreadID": 3864,
      "User": "thaimx\\thaim",
      "UserID": "S-1-5-18",
      "UtcTime": "2026-06-14 17:31:59.030",
      "Version": 5
    },
    {
      "row_id": 251,
      "Channel": "Microsoft-Windows-Sysmon/Operational",
      "CommandLine": "wmic  process call create \\\"cmd.exe /\\\"c\\\" set __COMPAT_LAYER= && wscript.exe //e:jSCRiPt -\\\"/Nologo\\\" C:\\Users\\Public\\impl.js\\\"",
      "Company": "Microsoft Corporation",
      "Computer": "thaimx",
      "CurrentDirectory": "C:\\DATN1\\",
      "Description": "WMI Commandline Utility",
      "EventID": 1,
      "EventRecordID": 209263,
      "FileVersion": "10.0.26100.5074 (WinBuild.160101.0800)",
      "Guid": "5770385F-C22A-43E0-BF4C-06F5698FFBD9",
      "Hashes": "MD5=2E51DA7B69836CFEBCB3F9AA47C08266,SHA256=7C7F386BB7C70263FD835DC58791B6DD73FC6617C27751B5503DBA8D0CDDA690,IMPHASH=43C6BE584D77B658A53A9A5C606724DD",
      "IMPHASH": "43C6BE584D77B658A53A9A5C606724DD",
      "Image": "C:\\Windows\\System32\\wbem\\WMIC.exe",
      "IntegrityLevel": "High",
      "Keywords": "0x8000000000000000",
      "Level": 4,
      "LogonGuid": "20525DD1-B76B-6A2E-D0C3-010000000000",
      "LogonId": "0x1c3d0",
      "MD5": "2E51DA7B69836CFEBCB3F9AA47C08266",
      "Opcode": 0,
      "OriginalFileName": "wmic.exe",
      "OriginalLogfile": "t1114__t1114_025.evtx",
      "ParentCommandLine": "cmd.exe /c \"wmic process call create \\\"cmd.exe /\\\"c\\\" set __COMPAT_LAYER= && wscript.exe //e:jSCRiPt -\\\"/Nologo\\\" C:\\Users\\Public\\impl.js\\\"\"",
      "ParentImage": "C:\\Windows\\System32\\cmd.exe",
      "ParentProcessGuid": "20525DD1-E58F-6A2E-0911-000000002C00",
      "ParentProcessId": 11624,
      "ParentUser": "thaimx\\thaim",
      "ProcessGuid": "20525DD1-E58F-6A2E-0A11-000000002C00",
      "ProcessID": "3836",
      "Product": "Microsoft® Windows® Operating System",
      "Provider_Name": "Microsoft-Windows-Sysmon",
      "RuleName": "-",
      "SHA256": "7C7F386BB7C70263FD835DC58791B6DD73FC6617C27751B5503DBA8D0CDDA690",
      "SystemTime": "2026-06-14T17:31:59.050778Z",
      "Task": 1,
      "TerminalSessionId": 1,
      "ThreadID": 3864,
      "User": "thaimx\\thaim",
      "UserID": "S-1-5-18",
      "UtcTime": "2026-06-14 17:31:59.048",
      "Version": 5
    },
    {
      "row_id": 252,
      "Channel": "Microsoft-Windows-Sysmon/Operational",
      "CommandLine": "cmd.exe /c \"wmic process call create \\\"cmd.exe /\\\"c\\\" set __COMPAT_LAYER= && wscript.exe //E:jscript //nolOgO C:\\Users\\Public\\impl.js\\\"\"",
      "Company": "Microsoft Corporation",
      "Computer": "thaimx",
      "CurrentDirectory": "C:\\DATN1\\",
      "Description": "Windows Command Processor",
      "EventID": 1,
      "EventRecordID": 209308,
      "FileVersion": "10.0.26100.8521 (WinBuild.160101.0800)",
      "Guid": "5770385F-C22A-43E0-BF4C-06F5698FFBD9",
      "Hashes": "MD5=D87E9FA4C7C878F4C1DC8885CEA7F9F0,SHA256=75320A519959CC6D089EA3EBA33C38CACCB7F138A025EA439BC9686CDB79DED4,IMPHASH=B0F049C014592B156EB1FA857E99CEB9",
      "IMPHASH": "B0F049C014592B156EB1FA857E99CEB9",
      "Image": "C:\\Windows\\System32\\cmd.exe",
      "IntegrityLevel": "High",
      "Keywords": "0x8000000000000000",
      "Level": 4,
      "LogonGuid": "20525DD1-B76B-6A2E-D0C3-010000000000",
      "LogonId": "0x1c3d0",
      "MD5": "D87E9FA4C7C878F4C1DC8885CEA7F9F0",
      "Opcode": 0,
      "OriginalFileName": "Cmd.Exe",
      "OriginalLogfile": "t1114__t1114_026.evtx",
      "ParentCommandLine": "python  -m src.sigma_rule_evaluator.cli --execute",
      "ParentImage": "C:\\Users\\thaim\\AppData\\Local\\Programs\\Python\\Python314\\python.exe",
      "ParentProcessGuid": "20525DD1-CF08-6A2E-7403-000000002C00",
      "ParentProcessId": 9080,
      "ParentUser": "thaimx\\thaim",
      "ProcessGuid": "20525DD1-E5A2-6A2E-2011-000000002C00",
      "ProcessID": "3836",
      "Product": "Microsoft® Windows® Operating System",
      "Provider_Name": "Microsoft-Windows-Sysmon",
      "RuleName": "-",
      "SHA256": "75320A519959CC6D089EA3EBA33C38CACCB7F138A025EA439BC9686CDB79DED4",
      "SystemTime": "2026-06-14T17:32:18.977034Z",
      "Task": 1,
      "TerminalSessionId": 1,
      "ThreadID": 3864,
      "User": "thaimx\\thaim",
      "UserID": "S-1-5-18",
      "UtcTime": "2026-06-14 17:32:18.973",
      "Version": 5
    },
    {
      "row_id": 253,
      "Channel": "Microsoft-Windows-Sysmon/Operational",
      "CommandLine": "wmic  process call create \\\"cmd.exe /\\\"c\\\" set __COMPAT_LAYER= && wscript.exe //E:jscript //nolOgO C:\\Users\\Public\\impl.js\\\"",
      "Company": "Microsoft Corporation",
      "Computer": "thaimx",
      "CurrentDirectory": "C:\\DATN1\\",
      "Description": "WMI Commandline Utility",
      "EventID": 1,
      "EventRecordID": 209309,
      "FileVersion": "10.0.26100.5074 (WinBuild.160101.0800)",
      "Guid": "5770385F-C22A-43E0-BF4C-06F5698FFBD9",
      "Hashes": "MD5=2E51DA7B69836CFEBCB3F9AA47C08266,SHA256=7C7F386BB7C70263FD835DC58791B6DD73FC6617C27751B5503DBA8D0CDDA690,IMPHASH=43C6BE584D77B658A53A9A5C606724DD",
      "IMPHASH": "43C6BE584D77B658A53A9A5C606724DD",
      "Image": "C:\\Windows\\System32\\wbem\\WMIC.exe",
      "IntegrityLevel": "High",
      "Keywords": "0x8000000000000000",
      "Level": 4,
      "LogonGuid": "20525DD1-B76B-6A2E-D0C3-010000000000",
      "LogonId": "0x1c3d0",
      "MD5": "2E51DA7B69836CFEBCB3F9AA47C08266",
      "Opcode": 0,
      "OriginalFileName": "wmic.exe",
      "OriginalLogfile": "t1114__t1114_026.evtx",
      "ParentCommandLine": "cmd.exe /c \"wmic process call create \\\"cmd.exe /\\\"c\\\" set __COMPAT_LAYER= && wscript.exe //E:jscript //nolOgO C:\\Users\\Public\\impl.js\\\"\"",
      "ParentImage": "C:\\Windows\\System32\\cmd.exe",
      "ParentProcessGuid": "20525DD1-E5A2-6A2E-2011-000000002C00",
      "ParentProcessId": 9484,
      "ParentUser": "thaimx\\thaim",
      "ProcessGuid": "20525DD1-E5A2-6A2E-2111-000000002C00",
      "ProcessID": "3836",
      "Product": "Microsoft® Windows® Operating System",
      "Provider_Name": "Microsoft-Windows-Sysmon",
      "RuleName": "-",
      "SHA256": "7C7F386BB7C70263FD835DC58791B6DD73FC6617C27751B5503DBA8D0CDDA690",
      "SystemTime": "2026-06-14T17:32:18.994247Z",
      "Task": 1,
      "TerminalSessionId": 1,
      "ThreadID": 3864,
      "User": "thaimx\\thaim",
      "UserID": "S-1-5-18",
      "UtcTime": "2026-06-14 17:32:18.991",
      "Version": 5
    },
    {
      "row_id": 256,
      "Channel": "Microsoft-Windows-Sysmon/Operational",
      "CommandLine": "cmd.exe /c \"wmic process call create \\\"cmd.exe /\\\"c\\\" set __COMPAT_LAYER= && wscript.exe //E:jscript //NoLOGO C:\\Users\\Public\\impl.js\\\"\"",
      "Company": "Microsoft Corporation",
      "Computer": "thaimx",
      "CurrentDirectory": "C:\\DATN1\\",
      "Description": "Windows Command Processor",
      "EventID": 1,
      "EventRecordID": 209400,
      "FileVersion": "10.0.26100.8521 (WinBuild.160101.0800)",
      "Guid": "5770385F-C22A-43E0-BF4C-06F5698FFBD9",
      "Hashes": "MD5=D87E9FA4C7C878F4C1DC8885CEA7F9F0,SHA256=75320A519959CC6D089EA3EBA33C38CACCB7F138A025EA439BC9686CDB79DED4,IMPHASH=B0F049C014592B156EB1FA857E99CEB9",
      "IMPHASH": "B0F049C014592B156EB1FA857E99CEB9",
      "Image": "C:\\Windows\\System32\\cmd.exe",
      "IntegrityLevel": "High",
      "Keywords": "0x8000000000000000",
      "Level": 4,
      "LogonGuid": "20525DD1-B76B-6A2E-D0C3-010000000000",
      "LogonId": "0x1c3d0",
      "MD5": "D87E9FA4C7C878F4C1DC8885CEA7F9F0",
      "Opcode": 0,
      "OriginalFileName": "Cmd.Exe",
      "OriginalLogfile": "t1114__t1114_028.evtx",
      "ParentCommandLine": "python  -m src.sigma_rule_evaluator.cli --execute",
      "ParentImage": "C:\\Users\\thaim\\AppData\\Local\\Programs\\Python\\Python314\\python.exe",
      "ParentProcessGuid": "20525DD1-CF08-6A2E-7403-000000002C00",
      "ParentProcessId": 9080,
      "ParentUser": "thaimx\\thaim",
      "ProcessGuid": "20525DD1-E5C9-6A2E-4E11-000000002C00",
      "ProcessID": "3836",
      "Product": "Microsoft® Windows® Operating System",
      "Provider_Name": "Microsoft-Windows-Sysmon",
      "RuleName": "-",
      "SHA256": "75320A519959CC6D089EA3EBA33C38CACCB7F138A025EA439BC9686CDB79DED4",
      "SystemTime": "2026-06-14T17:32:57.036293Z",
      "Task": 1,
      "TerminalSessionId": 1,
      "ThreadID": 3864,
      "User": "thaimx\\thaim",
      "UserID": "S-1-5-18",
      "UtcTime": "2026-06-14 17:32:57.032",
      "Version": 5
    },
    {
      "row_id": 257,
      "Channel": "Microsoft-Windows-Sysmon/Operational",
      "CommandLine": "wmic  process call create \\\"cmd.exe /\\\"c\\\" set __COMPAT_LAYER= && wscript.exe //E:jscript //NoLOGO C:\\Users\\Public\\impl.js\\\"",
      "Company": "Microsoft Corporation",
      "Computer": "thaimx",
      "CurrentDirectory": "C:\\DATN1\\",
      "Description": "WMI Commandline Utility",
      "EventID": 1,
      "EventRecordID": 209401,
      "FileVersion": "10.0.26100.5074 (WinBuild.160101.0800)",
      "Guid": "5770385F-C22A-43E0-BF4C-06F5698FFBD9",
      "Hashes": "MD5=2E51DA7B69836CFEBCB3F9AA47C08266,SHA256=7C7F386BB7C70263FD835DC58791B6DD73FC6617C27751B5503DBA8D0CDDA690,IMPHASH=43C6BE584D77B658A53A9A5C606724DD",
      "IMPHASH": "43C6BE584D77B658A53A9A5C606724DD",
      "Image": "C:\\Windows\\System32\\wbem\\WMIC.exe",
      "IntegrityLevel": "High",
      "Keywords": "0x8000000000000000",
      "Level": 4,
      "LogonGuid": "20525DD1-B76B-6A2E-D0C3-010000000000",
      "LogonId": "0x1c3d0",
      "MD5": "2E51DA7B69836CFEBCB3F9AA47C08266",
      "Opcode": 0,
      "OriginalFileName": "wmic.exe",
      "OriginalLogfile": "t1114__t1114_028.evtx",
      "ParentCommandLine": "cmd.exe /c \"wmic process call create \\\"cmd.exe /\\\"c\\\" set __COMPAT_LAYER= && wscript.exe //E:jscript //NoLOGO C:\\Users\\Public\\impl.js\\\"\"",
      "ParentImage": "C:\\Windows\\System32\\cmd.exe",
      "ParentProcessGuid": "20525DD1-E5C9-6A2E-4E11-000000002C00",
      "ParentProcessId": 12220,
      "ParentUser": "thaimx\\thaim",
      "ProcessGuid": "20525DD1-E5C9-6A2E-4F11-000000002C00",
      "ProcessID": "3836",
      "Product": "Microsoft® Windows® Operating System",
      "Provider_Name": "Microsoft-Windows-Sysmon",
      "RuleName": "-",
      "SHA256": "7C7F386BB7C70263FD835DC58791B6DD73FC6617C27751B5503DBA8D0CDDA690",
      "SystemTime": "2026-06-14T17:32:57.054735Z",
      "Task": 1,
      "TerminalSessionId": 1,
      "ThreadID": 3864,
      "User": "thaimx\\thaim",
      "UserID": "S-1-5-18",
      "UtcTime": "2026-06-14 17:32:57.051",
      "Version": 5
    },
    {
      "row_id": 258,
      "Channel": "Microsoft-Windows-Sysmon/Operational",
      "CommandLine": "cmd.exe /c \"wmic process call create \\\"cmd.exe /c set __COMPAT_LAYER= && wscript.exe //E:jscript /\\\"/Nologo\\\" C:\\Users\\Public\\impl.js\\\"\"",
      "Company": "Microsoft Corporation",
      "Computer": "thaimx",
      "CurrentDirectory": "C:\\DATN1\\",
      "Description": "Windows Command Processor",
      "EventID": 1,
      "EventRecordID": 209446,
      "FileVersion": "10.0.26100.8521 (WinBuild.160101.0800)",
      "Guid": "5770385F-C22A-43E0-BF4C-06F5698FFBD9",
      "Hashes": "MD5=D87E9FA4C7C878F4C1DC8885CEA7F9F0,SHA256=75320A519959CC6D089EA3EBA33C38CACCB7F138A025EA439BC9686CDB79DED4,IMPHASH=B0F049C014592B156EB1FA857E99CEB9",
      "IMPHASH": "B0F049C014592B156EB1FA857E99CEB9",
      "Image": "C:\\Windows\\System32\\cmd.exe",
      "IntegrityLevel": "High",
      "Keywords": "0x8000000000000000",
      "Level": 4,
      "LogonGuid": "20525DD1-B76B-6A2E-D0C3-010000000000",
      "LogonId": "0x1c3d0",
      "MD5": "D87E9FA4C7C878F4C1DC8885CEA7F9F0",
      "Opcode": 0,
      "OriginalFileName": "Cmd.Exe",
      "OriginalLogfile": "t1114__t1114_029.evtx",
      "ParentCommandLine": "python  -m src.sigma_rule_evaluator.cli --execute",
      "ParentImage": "C:\\Users\\thaim\\AppData\\Local\\Programs\\Python\\Python314\\python.exe",
      "ParentProcessGuid": "20525DD1-CF08-6A2E-7403-000000002C00",
      "ParentProcessId": 9080,
      "ParentUser": "thaimx\\thaim",
      "ProcessGuid": "20525DD1-E5DE-6A2E-6511-000000002C00",
      "ProcessID": "3836",
      "Product": "Microsoft® Windows® Operating System",
      "Provider_Name": "Microsoft-Windows-Sysmon",
      "RuleName": "-",
      "SHA256": "75320A519959CC6D089EA3EBA33C38CACCB7F138A025EA439BC9686CDB79DED4",
      "SystemTime": "2026-06-14T17:33:18.024659Z",
      "Task": 1,
      "TerminalSessionId": 1,
      "ThreadID": 3864,
      "User": "thaimx\\thaim",
      "UserID": "S-1-5-18",
      "UtcTime": "2026-06-14 17:33:18.021",
      "Version": 5
    },
    {
      "row_id": 259,
      "Channel": "Microsoft-Windows-Sysmon/Operational",
      "CommandLine": "wmic  process call create \\\"cmd.exe /c set __COMPAT_LAYER= && wscript.exe //E:jscript /\\\"/Nologo\\\" C:\\Users\\Public\\impl.js\\\"",
      "Company": "Microsoft Corporation",
      "Computer": "thaimx",
      "CurrentDirectory": "C:\\DATN1\\",
      "Description": "WMI Commandline Utility",
      "EventID": 1,
      "EventRecordID": 209447,
      "FileVersion": "10.0.26100.5074 (WinBuild.160101.0800)",
      "Guid": "5770385F-C22A-43E0-BF4C-06F5698FFBD9",
      "Hashes": "MD5=2E51DA7B69836CFEBCB3F9AA47C08266,SHA256=7C7F386BB7C70263FD835DC58791B6DD73FC6617C27751B5503DBA8D0CDDA690,IMPHASH=43C6BE584D77B658A53A9A5C606724DD",
      "IMPHASH": "43C6BE584D77B658A53A9A5C606724DD",
      "Image": "C:\\Windows\\System32\\wbem\\WMIC.exe",
      "IntegrityLevel": "High",
      "Keywords": "0x8000000000000000",
      "Level": 4,
      "LogonGuid": "20525DD1-B76B-6A2E-D0C3-010000000000",
      "LogonId": "0x1c3d0",
      "MD5": "2E51DA7B69836CFEBCB3F9AA47C08266",
      "Opcode": 0,
      "OriginalFileName": "wmic.exe",
      "OriginalLogfile": "t1114__t1114_029.evtx",
      "ParentCommandLine": "cmd.exe /c \"wmic process call create \\\"cmd.exe /c set __COMPAT_LAYER= && wscript.exe //E:jscript /\\\"/Nologo\\\" C:\\Users\\Public\\impl.js\\\"\"",
      "ParentImage": "C:\\Windows\\System32\\cmd.exe",
      "ParentProcessGuid": "20525DD1-E5DE-6A2E-6511-000000002C00",
      "ParentProcessId": 388,
      "ParentUser": "thaimx\\thaim",
      "ProcessGuid": "20525DD1-E5DE-6A2E-6611-000000002C00",
      "ProcessID": "3836",
      "Product": "Microsoft® Windows® Operating System",
      "Provider_Name": "Microsoft-Windows-Sysmon",
      "RuleName": "-",
      "SHA256": "7C7F386BB7C70263FD835DC58791B6DD73FC6617C27751B5503DBA8D0CDDA690",
      "SystemTime": "2026-06-14T17:33:18.042104Z",
      "Task": 1,
      "TerminalSessionId": 1,
      "ThreadID": 3864,
      "User": "thaimx\\thaim",
      "UserID": "S-1-5-18",
      "UtcTime": "2026-06-14 17:33:18.039",
      "Version": 5
    },
    {
      "row_id": 262,
      "Channel": "Microsoft-Windows-Sysmon/Operational",
      "CommandLine": "cmd.exe /c \"wmic process call create \\\"cmd.exe /c set __COMPAT_LAYER= && wscript.exe //E:jscript //nOloGo C:\\Users\\Public\\impl.js\\\"\"",
      "Company": "Microsoft Corporation",
      "Computer": "thaimx",
      "CurrentDirectory": "C:\\DATN1\\",
      "Description": "Windows Command Processor",
      "EventID": 1,
      "EventRecordID": 209534,
      "FileVersion": "10.0.26100.8521 (WinBuild.160101.0800)",
      "Guid": "5770385F-C22A-43E0-BF4C-06F5698FFBD9",
      "Hashes": "MD5=D87E9FA4C7C878F4C1DC8885CEA7F9F0,SHA256=75320A519959CC6D089EA3EBA33C38CACCB7F138A025EA439BC9686CDB79DED4,IMPHASH=B0F049C014592B156EB1FA857E99CEB9",
      "IMPHASH": "B0F049C014592B156EB1FA857E99CEB9",
      "Image": "C:\\Windows\\System32\\cmd.exe",
      "IntegrityLevel": "High",
      "Keywords": "0x8000000000000000",
      "Level": 4,
      "LogonGuid": "20525DD1-B76B-6A2E-D0C3-010000000000",
      "LogonId": "0x1c3d0",
      "MD5": "D87E9FA4C7C878F4C1DC8885CEA7F9F0",
      "Opcode": 0,
      "OriginalFileName": "Cmd.Exe",
      "OriginalLogfile": "t1114__t1114_031.evtx",
      "ParentCommandLine": "python  -m src.sigma_rule_evaluator.cli --execute",
      "ParentImage": "C:\\Users\\thaim\\AppData\\Local\\Programs\\Python\\Python314\\python.exe",
      "ParentProcessGuid": "20525DD1-CF08-6A2E-7403-000000002C00",
      "ParentProcessId": 9080,
      "ParentUser": "thaimx\\thaim",
      "ProcessGuid": "20525DD1-E606-6A2E-9211-000000002C00",
      "ProcessID": "3836",
      "Product": "Microsoft® Windows® Operating System",
      "Provider_Name": "Microsoft-Windows-Sysmon",
      "RuleName": "-",
      "SHA256": "75320A519959CC6D089EA3EBA33C38CACCB7F138A025EA439BC9686CDB79DED4",
      "SystemTime": "2026-06-14T17:33:58.354526Z",
      "Task": 1,
      "TerminalSessionId": 1,
      "ThreadID": 3864,
      "User": "thaimx\\thaim",
      "UserID": "S-1-5-18",
      "UtcTime": "2026-06-14 17:33:58.341",
      "Version": 5
    },
    {
      "row_id": 263,
      "Channel": "Microsoft-Windows-Sysmon/Operational",
      "CommandLine": "wmic  process call create \\\"cmd.exe /c set __COMPAT_LAYER= && wscript.exe //E:jscript //nOloGo C:\\Users\\Public\\impl.js\\\"",
      "Company": "Microsoft Corporation",
      "Computer": "thaimx",
      "CurrentDirectory": "C:\\DATN1\\",
      "Description": "WMI Commandline Utility",
      "EventID": 1,
      "EventRecordID": 209538,
      "FileVersion": "10.0.26100.5074 (WinBuild.160101.0800)",
      "Guid": "5770385F-C22A-43E0-BF4C-06F5698FFBD9",
      "Hashes": "MD5=2E51DA7B69836CFEBCB3F9AA47C08266,SHA256=7C7F386BB7C70263FD835DC58791B6DD73FC6617C27751B5503DBA8D0CDDA690,IMPHASH=43C6BE584D77B658A53A9A5C606724DD",
      "IMPHASH": "43C6BE584D77B658A53A9A5C606724DD",
      "Image": "C:\\Windows\\System32\\wbem\\WMIC.exe",
      "IntegrityLevel": "High",
      "Keywords": "0x8000000000000000",
      "Level": 4,
      "LogonGuid": "20525DD1-B76B-6A2E-D0C3-010000000000",
      "LogonId": "0x1c3d0",
      "MD5": "2E51DA7B69836CFEBCB3F9AA47C08266",
      "Opcode": 0,
      "OriginalFileName": "wmic.exe",
      "OriginalLogfile": "t1114__t1114_031.evtx",
      "ParentCommandLine": "cmd.exe /c \"wmic process call create \\\"cmd.exe /c set __COMPAT_LAYER= && wscript.exe //E:jscript //nOloGo C:\\Users\\Public\\impl.js\\\"\"",
      "ParentImage": "C:\\Windows\\System32\\cmd.exe",
      "ParentProcessGuid": "20525DD1-E606-6A2E-9211-000000002C00",
      "ParentProcessId": 10700,
      "ParentUser": "thaimx\\thaim",
      "ProcessGuid": "20525DD1-E606-6A2E-9411-000000002C00",
      "ProcessID": "3836",
      "Product": "Microsoft® Windows® Operating System",
      "Provider_Name": "Microsoft-Windows-Sysmon",
      "RuleName": "-",
      "SHA256": "7C7F386BB7C70263FD835DC58791B6DD73FC6617C27751B5503DBA8D0CDDA690",
      "SystemTime": "2026-06-14T17:33:58.405628Z",
      "Task": 1,
      "TerminalSessionId": 1,
      "ThreadID": 3864,
      "User": "thaimx\\thaim",
      "UserID": "S-1-5-18",
      "UtcTime": "2026-06-14 17:33:58.402",
      "Version": 5
    },
    {
      "row_id": 298,
      "Channel": "Microsoft-Windows-Sysmon/Operational",
      "CommandLine": "cmd.exe /c \"wmic process call create \\\"cmd.exe /c set __COMPAT_LAYER= && wscript.exe //E:jscript //Nologo C:\\Users\\Public\\impl.js\\\"\"",
      "Company": "Microsoft Corporation",
      "Computer": "thaimx",
      "CurrentDirectory": "C:\\DATN1\\",
      "Description": "Windows Command Processor",
      "EventID": 1,
      "EventRecordID": 210434,
      "FileVersion": "10.0.26100.8521 (WinBuild.160101.0800)",
      "Guid": "5770385F-C22A-43E0-BF4C-06F5698FFBD9",
      "Hashes": "MD5=D87E9FA4C7C878F4C1DC8885CEA7F9F0,SHA256=75320A519959CC6D089EA3EBA33C38CACCB7F138A025EA439BC9686CDB79DED4,IMPHASH=B0F049C014592B156EB1FA857E99CEB9",
      "IMPHASH": "B0F049C014592B156EB1FA857E99CEB9",
      "Image": "C:\\Windows\\System32\\cmd.exe",
      "IntegrityLevel": "High",
      "Keywords": "0x8000000000000000",
      "Level": 4,
      "LogonGuid": "20525DD1-B76B-6A2E-D0C3-010000000000",
      "LogonId": "0x1c3d0",
      "MD5": "D87E9FA4C7C878F4C1DC8885CEA7F9F0",
      "Opcode": 0,
      "OriginalFileName": "Cmd.Exe",
      "OriginalLogfile": "t1204.002__t1204.002_005.evtx",
      "ParentCommandLine": "python  -m src.sigma_rule_evaluator.cli --execute",
      "ParentImage": "C:\\Users\\thaim\\AppData\\Local\\Programs\\Python\\Python314\\python.exe",
      "ParentProcessGuid": "20525DD1-CF08-6A2E-7403-000000002C00",
      "ParentProcessId": 9080,
      "ParentUser": "thaimx\\thaim",
      "ProcessGuid": "20525DD1-E7DD-6A2E-5213-000000002C00",
      "ProcessID": "3836",
      "Product": "Microsoft® Windows® Operating System",
      "Provider_Name": "Microsoft-Windows-Sysmon",
      "RuleName": "-",
      "SHA256": "75320A519959CC6D089EA3EBA33C38CACCB7F138A025EA439BC9686CDB79DED4",
      "SystemTime": "2026-06-14T17:41:49.400742Z",
      "Task": 1,
      "TerminalSessionId": 1,
      "ThreadID": 3864,
      "User": "thaimx\\thaim",
      "UserID": "S-1-5-18",
      "UtcTime": "2026-06-14 17:41:49.397",
      "Version": 5
    },
    {
      "row_id": 299,
      "Channel": "Microsoft-Windows-Sysmon/Operational",
      "CommandLine": "wmic  process call create \\\"cmd.exe /c set __COMPAT_LAYER= && wscript.exe //E:jscript //Nologo C:\\Users\\Public\\impl.js\\\"",
      "Company": "Microsoft Corporation",
      "Computer": "thaimx",
      "CurrentDirectory": "C:\\DATN1\\",
      "Description": "WMI Commandline Utility",
      "EventID": 1,
      "EventRecordID": 210435,
      "FileVersion": "10.0.26100.5074 (WinBuild.160101.0800)",
      "Guid": "5770385F-C22A-43E0-BF4C-06F5698FFBD9",
      "Hashes": "MD5=2E51DA7B69836CFEBCB3F9AA47C08266,SHA256=7C7F386BB7C70263FD835DC58791B6DD73FC6617C27751B5503DBA8D0CDDA690,IMPHASH=43C6BE584D77B658A53A9A5C606724DD",
      "IMPHASH": "43C6BE584D77B658A53A9A5C606724DD",
      "Image": "C:\\Windows\\System32\\wbem\\WMIC.exe",
      "IntegrityLevel": "High",
      "Keywords": "0x8000000000000000",
      "Level": 4,
      "LogonGuid": "20525DD1-B76B-6A2E-D0C3-010000000000",
      "LogonId": "0x1c3d0",
      "MD5": "2E51DA7B69836CFEBCB3F9AA47C08266",
      "Opcode": 0,
      "OriginalFileName": "wmic.exe",
      "OriginalLogfile": "t1204.002__t1204.002_005.evtx",
      "ParentCommandLine": "cmd.exe /c \"wmic process call create \\\"cmd.exe /c set __COMPAT_LAYER= && wscript.exe //E:jscript //Nologo C:\\Users\\Public\\impl.js\\\"\"",
      "ParentImage": "C:\\Windows\\System32\\cmd.exe",
      "ParentProcessGuid": "20525DD1-E7DD-6A2E-5213-000000002C00",
      "ParentProcessId": 8048,
      "ParentUser": "thaimx\\thaim",
      "ProcessGuid": "20525DD1-E7DD-6A2E-5313-000000002C00",
      "ProcessID": "3836",
      "Product": "Microsoft® Windows® Operating System",
      "Provider_Name": "Microsoft-Windows-Sysmon",
      "RuleName": "-",
      "SHA256": "7C7F386BB7C70263FD835DC58791B6DD73FC6617C27751B5503DBA8D0CDDA690",
      "SystemTime": "2026-06-14T17:41:49.419321Z",
      "Task": 1,
      "TerminalSessionId": 1,
      "ThreadID": 3864,
      "User": "thaimx\\thaim",
      "UserID": "S-1-5-18",
      "UtcTime": "2026-06-14 17:41:49.416",
      "Version": 5
    },
    {
      "row_id": 300,
      "Channel": "Microsoft-Windows-Sysmon/Operational",
      "CommandLine": "cmd.exe /c \"wmic process call create \\\"cmd.exe /\\\"c\\\" set __COMPAT_LAYER= && wscript.exe //e:jSCRiPt -\\\"/Nologo\\\" C:\\Users\\Public\\impl.js\\\"\"",
      "Company": "Microsoft Corporation",
      "Computer": "thaimx",
      "CurrentDirectory": "C:\\DATN1\\",
      "Description": "Windows Command Processor",
      "EventID": 1,
      "EventRecordID": 210474,
      "FileVersion": "10.0.26100.8521 (WinBuild.160101.0800)",
      "Guid": "5770385F-C22A-43E0-BF4C-06F5698FFBD9",
      "Hashes": "MD5=D87E9FA4C7C878F4C1DC8885CEA7F9F0,SHA256=75320A519959CC6D089EA3EBA33C38CACCB7F138A025EA439BC9686CDB79DED4,IMPHASH=B0F049C014592B156EB1FA857E99CEB9",
      "IMPHASH": "B0F049C014592B156EB1FA857E99CEB9",
      "Image": "C:\\Windows\\System32\\cmd.exe",
      "IntegrityLevel": "High",
      "Keywords": "0x8000000000000000",
      "Level": 4,
      "LogonGuid": "20525DD1-B76B-6A2E-D0C3-010000000000",
      "LogonId": "0x1c3d0",
      "MD5": "D87E9FA4C7C878F4C1DC8885CEA7F9F0",
      "Opcode": 0,
      "OriginalFileName": "Cmd.Exe",
      "OriginalLogfile": "t1204.002__t1204.002_006.evtx",
      "ParentCommandLine": "python  -m src.sigma_rule_evaluator.cli --execute",
      "ParentImage": "C:\\Users\\thaim\\AppData\\Local\\Programs\\Python\\Python314\\python.exe",
      "ParentProcessGuid": "20525DD1-CF08-6A2E-7403-000000002C00",
      "ParentProcessId": 9080,
      "ParentUser": "thaimx\\thaim",
      "ProcessGuid": "20525DD1-E7F0-6A2E-6613-000000002C00",
      "ProcessID": "3836",
      "Product": "Microsoft® Windows® Operating System",
      "Provider_Name": "Microsoft-Windows-Sysmon",
      "RuleName": "-",
      "SHA256": "75320A519959CC6D089EA3EBA33C38CACCB7F138A025EA439BC9686CDB79DED4",
      "SystemTime": "2026-06-14T17:42:08.059100Z",
      "Task": 1,
      "TerminalSessionId": 1,
      "ThreadID": 3864,
      "User": "thaimx\\thaim",
      "UserID": "S-1-5-18",
      "UtcTime": "2026-06-14 17:42:08.053",
      "Version": 5
    },
    {
      "row_id": 301,
      "Channel": "Microsoft-Windows-Sysmon/Operational",
      "CommandLine": "wmic  process call create \\\"cmd.exe /\\\"c\\\" set __COMPAT_LAYER= && wscript.exe //e:jSCRiPt -\\\"/Nologo\\\" C:\\Users\\Public\\impl.js\\\"",
      "Company": "Microsoft Corporation",
      "Computer": "thaimx",
      "CurrentDirectory": "C:\\DATN1\\",
      "Description": "WMI Commandline Utility",
      "EventID": 1,
      "EventRecordID": 210475,
      "FileVersion": "10.0.26100.5074 (WinBuild.160101.0800)",
      "Guid": "5770385F-C22A-43E0-BF4C-06F5698FFBD9",
      "Hashes": "MD5=2E51DA7B69836CFEBCB3F9AA47C08266,SHA256=7C7F386BB7C70263FD835DC58791B6DD73FC6617C27751B5503DBA8D0CDDA690,IMPHASH=43C6BE584D77B658A53A9A5C606724DD",
      "IMPHASH": "43C6BE584D77B658A53A9A5C606724DD",
      "Image": "C:\\Windows\\System32\\wbem\\WMIC.exe",
      "IntegrityLevel": "High",
      "Keywords": "0x8000000000000000",
      "Level": 4,
      "LogonGuid": "20525DD1-B76B-6A2E-D0C3-010000000000",
      "LogonId": "0x1c3d0",
      "MD5": "2E51DA7B69836CFEBCB3F9AA47C08266",
      "Opcode": 0,
      "OriginalFileName": "wmic.exe",
      "OriginalLogfile": "t1204.002__t1204.002_006.evtx",
      "ParentCommandLine": "cmd.exe /c \"wmic process call create \\\"cmd.exe /\\\"c\\\" set __COMPAT_LAYER= && wscript.exe //e:jSCRiPt -\\\"/Nologo\\\" C:\\Users\\Public\\impl.js\\\"\"",
      "ParentImage": "C:\\Windows\\System32\\cmd.exe",
      "ParentProcessGuid": "20525DD1-E7F0-6A2E-6613-000000002C00",
      "ParentProcessId": 3952,
      "ParentUser": "thaimx\\thaim",
      "ProcessGuid": "20525DD1-E7F0-6A2E-6713-000000002C00",
      "ProcessID": "3836",
      "Product": "Microsoft® Windows® Operating System",
      "Provider_Name": "Microsoft-Windows-Sysmon",
      "RuleName": "-",
      "SHA256": "7C7F386BB7C70263FD835DC58791B6DD73FC6617C27751B5503DBA8D0CDDA690",
      "SystemTime": "2026-06-14T17:42:08.077111Z",
      "Task": 1,
      "TerminalSessionId": 1,
      "ThreadID": 3864,
      "User": "thaimx\\thaim",
      "UserID": "S-1-5-18",
      "UtcTime": "2026-06-14 17:42:08.074",
      "Version": 5
    },
