    {
      "row_id": 283,
      "Channel": "Microsoft-Windows-Sysmon/Operational",
      "CommandLine": "wmic  process call create \\\"rundll32.exe C:\\ProgramData\\mal.dll,DllRegisterServer -\\\"s\\\" -\\\"n\\\" /U\\\"",
      "Company": "Microsoft Corporation",
      "Computer": "thaimx",
      "CurrentDirectory": "C:\\DATN1\\",
      "Description": "WMI Commandline Utility",
      "EventID": 1,
      "EventRecordID": 209991,
      "FileVersion": "10.0.26100.5074 (WinBuild.160101.0800)",
      "Guid": "5770385F-C22A-43E0-BF4C-06F5698FFBD9",
      "Hashes": "MD5=2E51DA7B69836CFEBCB3F9AA47C08266,SHA256=7C7F386BB7C70263FD835DC58791B6DD73FC6617C27751B5503DBA8D0CDDA690,IMPHASH=43C6BE584D77B658A53A9A5C606724DD",
      "IMPHASH": "43C6BE584D77B658A53A9A5C606724DD",
      "Image": "C:\\Windows\\System32\\wbem\\WMIC.exe",
      "IntegrityLevel": "High",
      "Keywords": "0x8000000000000000",
      "Level": 4,
      "LogonGuid": "20525DD1-B76B-6A2E-D0C3-010000000000",
      "LogonId": "0x1c3d0",
      "MD5": "2E51DA7B69836CFEBCB3F9AA47C08266",
      "Opcode": 0,
      "OriginalFileName": "wmic.exe",
      "OriginalLogfile": "t1114__t1114_041.evtx",
      "ParentCommandLine": "cmd.exe /c \"wmic process call create \\\"rundll32.exe C:\\ProgramData\\mal.dll,DllRegisterServer -\\\"s\\\" -\\\"n\\\" /U\\\"\"",
      "ParentImage": "C:\\Windows\\System32\\cmd.exe",
      "ParentProcessGuid": "20525DD1-E703-6A2E-7512-000000002C00",
      "ParentProcessId": 10224,
      "ParentUser": "thaimx\\thaim",
      "ProcessGuid": "20525DD1-E703-6A2E-7612-000000002C00",
      "ProcessID": "3836",
      "Product": "Microsoft® Windows® Operating System",
      "Provider_Name": "Microsoft-Windows-Sysmon",
      "RuleName": "-",
      "SHA256": "7C7F386BB7C70263FD835DC58791B6DD73FC6617C27751B5503DBA8D0CDDA690",
      "SystemTime": "2026-06-14T17:38:11.889147Z",
      "Task": 1,
      "TerminalSessionId": 1,
      "ThreadID": 3864,
      "User": "thaimx\\thaim",
      "UserID": "S-1-5-18",
      "UtcTime": "2026-06-14 17:38:11.886",
      "Version": 5
    },
    {
      "row_id": 284,
      "Channel": "Microsoft-Windows-Sysmon/Operational",
      "CommandLine": "cmd.exe /c \"wmic process call create \\\"rundll32.exe C:\\ProgramData\\mal.dll,DllRegisterServer -\\\"s\\\" /N /u\\\"\"",
      "Company": "Microsoft Corporation",
      "Computer": "thaimx",
      "CurrentDirectory": "C:\\DATN1\\",
      "Description": "Windows Command Processor",
      "EventID": 1,
      "EventRecordID": 210033,
      "FileVersion": "10.0.26100.8521 (WinBuild.160101.0800)",
      "Guid": "5770385F-C22A-43E0-BF4C-06F5698FFBD9",
      "Hashes": "MD5=D87E9FA4C7C878F4C1DC8885CEA7F9F0,SHA256=75320A519959CC6D089EA3EBA33C38CACCB7F138A025EA439BC9686CDB79DED4,IMPHASH=B0F049C014592B156EB1FA857E99CEB9",
      "IMPHASH": "B0F049C014592B156EB1FA857E99CEB9",
      "Image": "C:\\Windows\\System32\\cmd.exe",
      "IntegrityLevel": "High",
      "Keywords": "0x8000000000000000",
      "Level": 4,
      "LogonGuid": "20525DD1-B76B-6A2E-D0C3-010000000000",
      "LogonId": "0x1c3d0",
      "MD5": "D87E9FA4C7C878F4C1DC8885CEA7F9F0",
      "Opcode": 0,
      "OriginalFileName": "Cmd.Exe",
      "OriginalLogfile": "t1114__t1114_042.evtx",
      "ParentCommandLine": "python  -m src.sigma_rule_evaluator.cli --execute",
      "ParentImage": "C:\\Users\\thaim\\AppData\\Local\\Programs\\Python\\Python314\\python.exe",
      "ParentProcessGuid": "20525DD1-CF08-6A2E-7403-000000002C00",
      "ParentProcessId": 9080,
      "ParentUser": "thaimx\\thaim",
      "ProcessGuid": "20525DD1-E715-6A2E-8C12-000000002C00",
      "ProcessID": "3836",
      "Product": "Microsoft® Windows® Operating System",
      "Provider_Name": "Microsoft-Windows-Sysmon",
      "RuleName": "-",
      "SHA256": "75320A519959CC6D089EA3EBA33C38CACCB7F138A025EA439BC9686CDB79DED4",
      "SystemTime": "2026-06-14T17:38:29.649673Z",
      "Task": 1,
      "TerminalSessionId": 1,
      "ThreadID": 3864,
      "User": "thaimx\\thaim",
      "UserID": "S-1-5-18",
      "UtcTime": "2026-06-14 17:38:29.637",
      "Version": 5
    },
    {
      "row_id": 285,
      "Channel": "Microsoft-Windows-Sysmon/Operational",
      "CommandLine": "wmic  process call create \\\"rundll32.exe C:\\ProgramData\\mal.dll,DllRegisterServer -\\\"s\\\" /N /u\\\"",
      "Company": "Microsoft Corporation",
      "Computer": "thaimx",
      "CurrentDirectory": "C:\\DATN1\\",
      "Description": "WMI Commandline Utility",
      "EventID": 1,
      "EventRecordID": 210036,
      "FileVersion": "10.0.26100.5074 (WinBuild.160101.0800)",
      "Guid": "5770385F-C22A-43E0-BF4C-06F5698FFBD9",
      "Hashes": "MD5=2E51DA7B69836CFEBCB3F9AA47C08266,SHA256=7C7F386BB7C70263FD835DC58791B6DD73FC6617C27751B5503DBA8D0CDDA690,IMPHASH=43C6BE584D77B658A53A9A5C606724DD",
      "IMPHASH": "43C6BE584D77B658A53A9A5C606724DD",
      "Image": "C:\\Windows\\System32\\wbem\\WMIC.exe",
      "IntegrityLevel": "High",
      "Keywords": "0x8000000000000000",
      "Level": 4,
      "LogonGuid": "20525DD1-B76B-6A2E-D0C3-010000000000",
      "LogonId": "0x1c3d0",
      "MD5": "2E51DA7B69836CFEBCB3F9AA47C08266",
      "Opcode": 0,
      "OriginalFileName": "wmic.exe",
      "OriginalLogfile": "t1114__t1114_042.evtx",
      "ParentCommandLine": "cmd.exe /c \"wmic process call create \\\"rundll32.exe C:\\ProgramData\\mal.dll,DllRegisterServer -\\\"s\\\" /N /u\\\"\"",
      "ParentImage": "C:\\Windows\\System32\\cmd.exe",
      "ParentProcessGuid": "20525DD1-E715-6A2E-8C12-000000002C00",
      "ParentProcessId": 10904,
      "ParentUser": "thaimx\\thaim",
      "ProcessGuid": "20525DD1-E715-6A2E-8D12-000000002C00",
      "ProcessID": "3836",
      "Product": "Microsoft® Windows® Operating System",
      "Provider_Name": "Microsoft-Windows-Sysmon",
      "RuleName": "-",
      "SHA256": "7C7F386BB7C70263FD835DC58791B6DD73FC6617C27751B5503DBA8D0CDDA690",
      "SystemTime": "2026-06-14T17:38:29.710448Z",
      "Task": 1,
      "TerminalSessionId": 1,
      "ThreadID": 3864,
      "User": "thaimx\\thaim",
      "UserID": "S-1-5-18",
      "UtcTime": "2026-06-14 17:38:29.702",
      "Version": 5
    },
    {
      "row_id": 286,
      "Channel": "Microsoft-Windows-Sysmon/Operational",
      "CommandLine": "cmd.exe /c \"wmic process call create \\\"rundll32.exe C:\\ProgramData\\mal.dll,DllRegisterServer /s /n /\\\"u\\\"\\\"\"",
      "Company": "Microsoft Corporation",
      "Computer": "thaimx",
      "CurrentDirectory": "C:\\DATN1\\",
      "Description": "Windows Command Processor",
      "EventID": 1,
      "EventRecordID": 210083,
      "FileVersion": "10.0.26100.8521 (WinBuild.160101.0800)",
      "Guid": "5770385F-C22A-43E0-BF4C-06F5698FFBD9",
      "Hashes": "MD5=D87E9FA4C7C878F4C1DC8885CEA7F9F0,SHA256=75320A519959CC6D089EA3EBA33C38CACCB7F138A025EA439BC9686CDB79DED4,IMPHASH=B0F049C014592B156EB1FA857E99CEB9",
      "IMPHASH": "B0F049C014592B156EB1FA857E99CEB9",
      "Image": "C:\\Windows\\System32\\cmd.exe",
      "IntegrityLevel": "High",
      "Keywords": "0x8000000000000000",
      "Level": 4,
      "LogonGuid": "20525DD1-B76B-6A2E-D0C3-010000000000",
      "LogonId": "0x1c3d0",
      "MD5": "D87E9FA4C7C878F4C1DC8885CEA7F9F0",
      "Opcode": 0,
      "OriginalFileName": "Cmd.Exe",
      "OriginalLogfile": "t1114__t1114_043.evtx",
      "ParentCommandLine": "python  -m src.sigma_rule_evaluator.cli --execute",
      "ParentImage": "C:\\Users\\thaim\\AppData\\Local\\Programs\\Python\\Python314\\python.exe",
      "ParentProcessGuid": "20525DD1-CF08-6A2E-7403-000000002C00",
      "ParentProcessId": 9080,
      "ParentUser": "thaimx\\thaim",
      "ProcessGuid": "20525DD1-E728-6A2E-A312-000000002C00",
      "ProcessID": "3836",
      "Product": "Microsoft® Windows® Operating System",
      "Provider_Name": "Microsoft-Windows-Sysmon",
      "RuleName": "-",
      "SHA256": "75320A519959CC6D089EA3EBA33C38CACCB7F138A025EA439BC9686CDB79DED4",
      "SystemTime": "2026-06-14T17:38:48.834169Z",
      "Task": 1,
      "TerminalSessionId": 1,
      "ThreadID": 3864,
      "User": "thaimx\\thaim",
      "UserID": "S-1-5-18",
      "UtcTime": "2026-06-14 17:38:48.830",
      "Version": 5
    },
    {
      "row_id": 287,
      "Channel": "Microsoft-Windows-Sysmon/Operational",
      "CommandLine": "wmic  process call create \\\"rundll32.exe C:\\ProgramData\\mal.dll,DllRegisterServer /s /n /\\\"u\\\"\\\"",
      "Company": "Microsoft Corporation",
      "Computer": "thaimx",
      "CurrentDirectory": "C:\\DATN1\\",
      "Description": "WMI Commandline Utility",
      "EventID": 1,
      "EventRecordID": 210084,
      "FileVersion": "10.0.26100.5074 (WinBuild.160101.0800)",
      "Guid": "5770385F-C22A-43E0-BF4C-06F5698FFBD9",
      "Hashes": "MD5=2E51DA7B69836CFEBCB3F9AA47C08266,SHA256=7C7F386BB7C70263FD835DC58791B6DD73FC6617C27751B5503DBA8D0CDDA690,IMPHASH=43C6BE584D77B658A53A9A5C606724DD",
      "IMPHASH": "43C6BE584D77B658A53A9A5C606724DD",
      "Image": "C:\\Windows\\System32\\wbem\\WMIC.exe",
      "IntegrityLevel": "High",
      "Keywords": "0x8000000000000000",
      "Level": 4,
      "LogonGuid": "20525DD1-B76B-6A2E-D0C3-010000000000",
      "LogonId": "0x1c3d0",
      "MD5": "2E51DA7B69836CFEBCB3F9AA47C08266",
      "Opcode": 0,
      "OriginalFileName": "wmic.exe",
      "OriginalLogfile": "t1114__t1114_043.evtx",
      "ParentCommandLine": "cmd.exe /c \"wmic process call create \\\"rundll32.exe C:\\ProgramData\\mal.dll,DllRegisterServer /s /n /\\\"u\\\"\\\"\"",
      "ParentImage": "C:\\Windows\\System32\\cmd.exe",
      "ParentProcessGuid": "20525DD1-E728-6A2E-A312-000000002C00",
      "ParentProcessId": 388,
      "ParentUser": "thaimx\\thaim",
      "ProcessGuid": "20525DD1-E728-6A2E-A412-000000002C00",
      "ProcessID": "3836",
      "Product": "Microsoft® Windows® Operating System",
      "Provider_Name": "Microsoft-Windows-Sysmon",
      "RuleName": "-",
      "SHA256": "7C7F386BB7C70263FD835DC58791B6DD73FC6617C27751B5503DBA8D0CDDA690",
      "SystemTime": "2026-06-14T17:38:48.948835Z",
      "Task": 1,
      "TerminalSessionId": 1,
      "ThreadID": 3864,
      "User": "thaimx\\thaim",
      "UserID": "S-1-5-18",
      "UtcTime": "2026-06-14 17:38:48.945",
      "Version": 5
    },
    {
      "row_id": 288,
      "Channel": "Microsoft-Windows-Sysmon/Operational",
      "CommandLine": "cmd.exe /c \"wmic process call create \\\"rundll32.exe C:\\ProgramData\\mal.dll,DllRegisterServer /s /n -\\\"u\\\"\\\"\"",
      "Company": "Microsoft Corporation",
      "Computer": "thaimx",
      "CurrentDirectory": "C:\\DATN1\\",
      "Description": "Windows Command Processor",
      "EventID": 1,
      "EventRecordID": 210129,
      "FileVersion": "10.0.26100.8521 (WinBuild.160101.0800)",
      "Guid": "5770385F-C22A-43E0-BF4C-06F5698FFBD9",
      "Hashes": "MD5=D87E9FA4C7C878F4C1DC8885CEA7F9F0,SHA256=75320A519959CC6D089EA3EBA33C38CACCB7F138A025EA439BC9686CDB79DED4,IMPHASH=B0F049C014592B156EB1FA857E99CEB9",
      "IMPHASH": "B0F049C014592B156EB1FA857E99CEB9",
      "Image": "C:\\Windows\\System32\\cmd.exe",
      "IntegrityLevel": "High",
      "Keywords": "0x8000000000000000",
      "Level": 4,
      "LogonGuid": "20525DD1-B76B-6A2E-D0C3-010000000000",
      "LogonId": "0x1c3d0",
      "MD5": "D87E9FA4C7C878F4C1DC8885CEA7F9F0",
      "Opcode": 0,
      "OriginalFileName": "Cmd.Exe",
      "OriginalLogfile": "t1114__t1114_044.evtx",
      "ParentCommandLine": "python  -m src.sigma_rule_evaluator.cli --execute",
      "ParentImage": "C:\\Users\\thaim\\AppData\\Local\\Programs\\Python\\Python314\\python.exe",
      "ParentProcessGuid": "20525DD1-CF08-6A2E-7403-000000002C00",
      "ParentProcessId": 9080,
      "ParentUser": "thaimx\\thaim",
      "ProcessGuid": "20525DD1-E73C-6A2E-BA12-000000002C00",
      "ProcessID": "3836",
      "Product": "Microsoft® Windows® Operating System",
      "Provider_Name": "Microsoft-Windows-Sysmon",
      "RuleName": "-",
      "SHA256": "75320A519959CC6D089EA3EBA33C38CACCB7F138A025EA439BC9686CDB79DED4",
      "SystemTime": "2026-06-14T17:39:08.031397Z",
      "Task": 1,
      "TerminalSessionId": 1,
      "ThreadID": 3864,
      "User": "thaimx\\thaim",
      "UserID": "S-1-5-18",
      "UtcTime": "2026-06-14 17:39:08.028",
      "Version": 5
    },
    {
      "row_id": 289,
      "Channel": "Microsoft-Windows-Sysmon/Operational",
      "CommandLine": "wmic  process call create \\\"rundll32.exe C:\\ProgramData\\mal.dll,DllRegisterServer /s /n -\\\"u\\\"\\\"",
      "Company": "Microsoft Corporation",
      "Computer": "thaimx",
      "CurrentDirectory": "C:\\DATN1\\",
      "Description": "WMI Commandline Utility",
      "EventID": 1,
      "EventRecordID": 210130,
      "FileVersion": "10.0.26100.5074 (WinBuild.160101.0800)",
      "Guid": "5770385F-C22A-43E0-BF4C-06F5698FFBD9",
      "Hashes": "MD5=2E51DA7B69836CFEBCB3F9AA47C08266,SHA256=7C7F386BB7C70263FD835DC58791B6DD73FC6617C27751B5503DBA8D0CDDA690,IMPHASH=43C6BE584D77B658A53A9A5C606724DD",
      "IMPHASH": "43C6BE584D77B658A53A9A5C606724DD",
      "Image": "C:\\Windows\\System32\\wbem\\WMIC.exe",
      "IntegrityLevel": "High",
      "Keywords": "0x8000000000000000",
      "Level": 4,
      "LogonGuid": "20525DD1-B76B-6A2E-D0C3-010000000000",
      "LogonId": "0x1c3d0",
      "MD5": "2E51DA7B69836CFEBCB3F9AA47C08266",
      "Opcode": 0,
      "OriginalFileName": "wmic.exe",
      "OriginalLogfile": "t1114__t1114_044.evtx",
      "ParentCommandLine": "cmd.exe /c \"wmic process call create \\\"rundll32.exe C:\\ProgramData\\mal.dll,DllRegisterServer /s /n -\\\"u\\\"\\\"\"",
      "ParentImage": "C:\\Windows\\System32\\cmd.exe",
      "ParentProcessGuid": "20525DD1-E73C-6A2E-BA12-000000002C00",
      "ParentProcessId": 1772,
      "ParentUser": "thaimx\\thaim",
      "ProcessGuid": "20525DD1-E73C-6A2E-BB12-000000002C00",
      "ProcessID": "3836",
      "Product": "Microsoft® Windows® Operating System",
      "Provider_Name": "Microsoft-Windows-Sysmon",
      "RuleName": "-",
      "SHA256": "7C7F386BB7C70263FD835DC58791B6DD73FC6617C27751B5503DBA8D0CDDA690",
      "SystemTime": "2026-06-14T17:39:08.048748Z",
      "Task": 1,
      "TerminalSessionId": 1,
      "ThreadID": 3864,
      "User": "thaimx\\thaim",
      "UserID": "S-1-5-18",
      "UtcTime": "2026-06-14 17:39:08.045",
      "Version": 5
    },
    {
      "row_id": 290,
      "Channel": "Microsoft-Windows-Sysmon/Operational",
      "CommandLine": "cmd.exe /c \"wmic process call create \\\"rundll32.exe C:\\ProgramData\\mal.dll,DllRegisterServer /s /\\\"n\\\" /\\\"u\\\"\\\"\"",
      "Company": "Microsoft Corporation",
      "Computer": "thaimx",
      "CurrentDirectory": "C:\\DATN1\\",
      "Description": "Windows Command Processor",
      "EventID": 1,
      "EventRecordID": 210181,
      "FileVersion": "10.0.26100.8521 (WinBuild.160101.0800)",
      "Guid": "5770385F-C22A-43E0-BF4C-06F5698FFBD9",
      "Hashes": "MD5=D87E9FA4C7C878F4C1DC8885CEA7F9F0,SHA256=75320A519959CC6D089EA3EBA33C38CACCB7F138A025EA439BC9686CDB79DED4,IMPHASH=B0F049C014592B156EB1FA857E99CEB9",
      "IMPHASH": "B0F049C014592B156EB1FA857E99CEB9",
      "Image": "C:\\Windows\\System32\\cmd.exe",
      "IntegrityLevel": "High",
      "Keywords": "0x8000000000000000",
      "Level": 4,
      "LogonGuid": "20525DD1-B76B-6A2E-D0C3-010000000000",
      "LogonId": "0x1c3d0",
      "MD5": "D87E9FA4C7C878F4C1DC8885CEA7F9F0",
      "Opcode": 0,
      "OriginalFileName": "Cmd.Exe",
      "OriginalLogfile": "t1114__t1114_045.evtx",
      "ParentCommandLine": "python  -m src.sigma_rule_evaluator.cli --execute",
      "ParentImage": "C:\\Users\\thaim\\AppData\\Local\\Programs\\Python\\Python314\\python.exe",
      "ParentProcessGuid": "20525DD1-CF08-6A2E-7403-000000002C00",
      "ParentProcessId": 9080,
      "ParentUser": "thaimx\\thaim",
      "ProcessGuid": "20525DD1-E74F-6A2E-D412-000000002C00",
      "ProcessID": "3836",
      "Product": "Microsoft® Windows® Operating System",
      "Provider_Name": "Microsoft-Windows-Sysmon",
      "RuleName": "-",
      "SHA256": "75320A519959CC6D089EA3EBA33C38CACCB7F138A025EA439BC9686CDB79DED4",
      "SystemTime": "2026-06-14T17:39:27.882955Z",
      "Task": 1,
      "TerminalSessionId": 1,
      "ThreadID": 3864,
      "User": "thaimx\\thaim",
      "UserID": "S-1-5-18",
      "UtcTime": "2026-06-14 17:39:27.879",
      "Version": 5
    },
    {
      "row_id": 291,
      "Channel": "Microsoft-Windows-Sysmon/Operational",
      "CommandLine": "wmic  process call create \\\"rundll32.exe C:\\ProgramData\\mal.dll,DllRegisterServer /s /\\\"n\\\" /\\\"u\\\"\\\"",
      "Company": "Microsoft Corporation",
      "Computer": "thaimx",
      "CurrentDirectory": "C:\\DATN1\\",
      "Description": "WMI Commandline Utility",
      "EventID": 1,
      "EventRecordID": 210182,
      "FileVersion": "10.0.26100.5074 (WinBuild.160101.0800)",
      "Guid": "5770385F-C22A-43E0-BF4C-06F5698FFBD9",
      "Hashes": "MD5=2E51DA7B69836CFEBCB3F9AA47C08266,SHA256=7C7F386BB7C70263FD835DC58791B6DD73FC6617C27751B5503DBA8D0CDDA690,IMPHASH=43C6BE584D77B658A53A9A5C606724DD",
      "IMPHASH": "43C6BE584D77B658A53A9A5C606724DD",
      "Image": "C:\\Windows\\System32\\wbem\\WMIC.exe",
      "IntegrityLevel": "High",
      "Keywords": "0x8000000000000000",
      "Level": 4,
      "LogonGuid": "20525DD1-B76B-6A2E-D0C3-010000000000",
      "LogonId": "0x1c3d0",
      "MD5": "2E51DA7B69836CFEBCB3F9AA47C08266",
      "Opcode": 0,
      "OriginalFileName": "wmic.exe",
      "OriginalLogfile": "t1114__t1114_045.evtx",
      "ParentCommandLine": "cmd.exe /c \"wmic process call create \\\"rundll32.exe C:\\ProgramData\\mal.dll,DllRegisterServer /s /\\\"n\\\" /\\\"u\\\"\\\"\"",
      "ParentImage": "C:\\Windows\\System32\\cmd.exe",
      "ParentProcessGuid": "20525DD1-E74F-6A2E-D412-000000002C00",
      "ParentProcessId": 10416,
      "ParentUser": "thaimx\\thaim",
      "ProcessGuid": "20525DD1-E74F-6A2E-D512-000000002C00",
      "ProcessID": "3836",
      "Product": "Microsoft® Windows® Operating System",
      "Provider_Name": "Microsoft-Windows-Sysmon",
      "RuleName": "-",
      "SHA256": "7C7F386BB7C70263FD835DC58791B6DD73FC6617C27751B5503DBA8D0CDDA690",
      "SystemTime": "2026-06-14T17:39:27.899515Z",
      "Task": 1,
      "TerminalSessionId": 1,
      "ThreadID": 3864,
      "User": "thaimx\\thaim",
      "UserID": "S-1-5-18",
      "UtcTime": "2026-06-14 17:39:27.896",
      "Version": 5
    },
    {
      "row_id": 320,
      "Channel": "Microsoft-Windows-Sysmon/Operational",
      "CommandLine": "cmd.exe /c \"wmic process call create \\\"rundll32.exe C:\\ProgramData\\mal.dll,DllRegisterServer /s /n /u\\\"\"",
      "Company": "Microsoft Corporation",
      "Computer": "thaimx",
      "CurrentDirectory": "C:\\DATN1\\",
      "Description": "Windows Command Processor",
      "EventID": 1,
      "EventRecordID": 210941,
      "FileVersion": "10.0.26100.8521 (WinBuild.160101.0800)",
      "Guid": "5770385F-C22A-43E0-BF4C-06F5698FFBD9",
      "Hashes": "MD5=D87E9FA4C7C878F4C1DC8885CEA7F9F0,SHA256=75320A519959CC6D089EA3EBA33C38CACCB7F138A025EA439BC9686CDB79DED4,IMPHASH=B0F049C014592B156EB1FA857E99CEB9",
      "IMPHASH": "B0F049C014592B156EB1FA857E99CEB9",
      "Image": "C:\\Windows\\System32\\cmd.exe",
      "IntegrityLevel": "High",
      "Keywords": "0x8000000000000000",
      "Level": 4,
      "LogonGuid": "20525DD1-B76B-6A2E-D0C3-010000000000",
      "LogonId": "0x1c3d0",
      "MD5": "D87E9FA4C7C878F4C1DC8885CEA7F9F0",
      "Opcode": 0,
      "OriginalFileName": "Cmd.Exe",
      "OriginalLogfile": "t1204.002__t1204.002_016.evtx",
      "ParentCommandLine": "python  -m src.sigma_rule_evaluator.cli --execute",
      "ParentImage": "C:\\Users\\thaim\\AppData\\Local\\Programs\\Python\\Python314\\python.exe",
      "ParentProcessGuid": "20525DD1-CF08-6A2E-7403-000000002C00",
      "ParentProcessId": 9080,
      "ParentUser": "thaimx\\thaim",
      "ProcessGuid": "20525DD1-E8C2-6A2E-4F14-000000002C00",
      "ProcessID": "3836",
      "Product": "Microsoft® Windows® Operating System",
      "Provider_Name": "Microsoft-Windows-Sysmon",
      "RuleName": "-",
      "SHA256": "75320A519959CC6D089EA3EBA33C38CACCB7F138A025EA439BC9686CDB79DED4",
      "SystemTime": "2026-06-14T17:45:38.398401Z",
      "Task": 1,
      "TerminalSessionId": 1,
      "ThreadID": 3864,
      "User": "thaimx\\thaim",
      "UserID": "S-1-5-18",
      "UtcTime": "2026-06-14 17:45:38.394",
      "Version": 5
    },
    {
      "row_id": 321,
      "Channel": "Microsoft-Windows-Sysmon/Operational",
      "CommandLine": "wmic  process call create \\\"rundll32.exe C:\\ProgramData\\mal.dll,DllRegisterServer /s /n /u\\\"",
      "Company": "Microsoft Corporation",
      "Computer": "thaimx",
      "CurrentDirectory": "C:\\DATN1\\",
      "Description": "WMI Commandline Utility",
      "EventID": 1,
      "EventRecordID": 210942,
      "FileVersion": "10.0.26100.5074 (WinBuild.160101.0800)",
      "Guid": "5770385F-C22A-43E0-BF4C-06F5698FFBD9",
      "Hashes": "MD5=2E51DA7B69836CFEBCB3F9AA47C08266,SHA256=7C7F386BB7C70263FD835DC58791B6DD73FC6617C27751B5503DBA8D0CDDA690,IMPHASH=43C6BE584D77B658A53A9A5C606724DD",
      "IMPHASH": "43C6BE584D77B658A53A9A5C606724DD",
      "Image": "C:\\Windows\\System32\\wbem\\WMIC.exe",
      "IntegrityLevel": "High",
      "Keywords": "0x8000000000000000",
      "Level": 4,
      "LogonGuid": "20525DD1-B76B-6A2E-D0C3-010000000000",
      "LogonId": "0x1c3d0",
      "MD5": "2E51DA7B69836CFEBCB3F9AA47C08266",
      "Opcode": 0,
      "OriginalFileName": "wmic.exe",
      "OriginalLogfile": "t1204.002__t1204.002_016.evtx",
      "ParentCommandLine": "cmd.exe /c \"wmic process call create \\\"rundll32.exe C:\\ProgramData\\mal.dll,DllRegisterServer /s /n /u\\\"\"",
      "ParentImage": "C:\\Windows\\System32\\cmd.exe",
      "ParentProcessGuid": "20525DD1-E8C2-6A2E-4F14-000000002C00",
      "ParentProcessId": 764,
      "ParentUser": "thaimx\\thaim",
      "ProcessGuid": "20525DD1-E8C2-6A2E-5014-000000002C00",
      "ProcessID": "3836",
      "Product": "Microsoft® Windows® Operating System",
      "Provider_Name": "Microsoft-Windows-Sysmon",
      "RuleName": "-",
      "SHA256": "7C7F386BB7C70263FD835DC58791B6DD73FC6617C27751B5503DBA8D0CDDA690",
      "SystemTime": "2026-06-14T17:45:38.423237Z",
      "Task": 1,
      "TerminalSessionId": 1,
      "ThreadID": 3864,
      "User": "thaimx\\thaim",
      "UserID": "S-1-5-18",
      "UtcTime": "2026-06-14 17:45:38.417",
      "Version": 5
    },
    {
      "row_id": 322,
      "Channel": "Microsoft-Windows-Sysmon/Operational",
      "CommandLine": "cmd.exe /c \"wmic process call create \\\"rundll32.exe C:\\ProgramData\\mal.dll,DllRegisterServer /\\\"s\\\" /n -\\\"u\\\"\\\"\"",
      "Company": "Microsoft Corporation",
      "Computer": "thaimx",
      "CurrentDirectory": "C:\\DATN1\\",
      "Description": "Windows Command Processor",
      "EventID": 1,
      "EventRecordID": 210981,
      "FileVersion": "10.0.26100.8521 (WinBuild.160101.0800)",
      "Guid": "5770385F-C22A-43E0-BF4C-06F5698FFBD9",
      "Hashes": "MD5=D87E9FA4C7C878F4C1DC8885CEA7F9F0,SHA256=75320A519959CC6D089EA3EBA33C38CACCB7F138A025EA439BC9686CDB79DED4,IMPHASH=B0F049C014592B156EB1FA857E99CEB9",
      "IMPHASH": "B0F049C014592B156EB1FA857E99CEB9",
      "Image": "C:\\Windows\\System32\\cmd.exe",
      "IntegrityLevel": "High",
      "Keywords": "0x8000000000000000",
      "Level": 4,
      "LogonGuid": "20525DD1-B76B-6A2E-D0C3-010000000000",
      "LogonId": "0x1c3d0",
      "MD5": "D87E9FA4C7C878F4C1DC8885CEA7F9F0",
      "Opcode": 0,
      "OriginalFileName": "Cmd.Exe",
      "OriginalLogfile": "t1204.002__t1204.002_017.evtx",
      "ParentCommandLine": "python  -m src.sigma_rule_evaluator.cli --execute",
      "ParentImage": "C:\\Users\\thaim\\AppData\\Local\\Programs\\Python\\Python314\\python.exe",
      "ParentProcessGuid": "20525DD1-CF08-6A2E-7403-000000002C00",
      "ParentProcessId": 9080,
      "ParentUser": "thaimx\\thaim",
      "ProcessGuid": "20525DD1-E8D8-6A2E-6314-000000002C00",
      "ProcessID": "3836",
      "Product": "Microsoft® Windows® Operating System",
      "Provider_Name": "Microsoft-Windows-Sysmon",
      "RuleName": "-",
      "SHA256": "75320A519959CC6D089EA3EBA33C38CACCB7F138A025EA439BC9686CDB79DED4",
      "SystemTime": "2026-06-14T17:46:00.390991Z",
      "Task": 1,
      "TerminalSessionId": 1,
      "ThreadID": 3864,
      "User": "thaimx\\thaim",
      "UserID": "S-1-5-18",
      "UtcTime": "2026-06-14 17:46:00.387",
      "Version": 5
    },
    {
      "row_id": 323,
      "Channel": "Microsoft-Windows-Sysmon/Operational",
      "CommandLine": "wmic  process call create \\\"rundll32.exe C:\\ProgramData\\mal.dll,DllRegisterServer /\\\"s\\\" /n -\\\"u\\\"\\\"",
      "Company": "Microsoft Corporation",
      "Computer": "thaimx",
      "CurrentDirectory": "C:\\DATN1\\",
      "Description": "WMI Commandline Utility",
      "EventID": 1,
      "EventRecordID": 210982,
      "FileVersion": "10.0.26100.5074 (WinBuild.160101.0800)",
      "Guid": "5770385F-C22A-43E0-BF4C-06F5698FFBD9",
      "Hashes": "MD5=2E51DA7B69836CFEBCB3F9AA47C08266,SHA256=7C7F386BB7C70263FD835DC58791B6DD73FC6617C27751B5503DBA8D0CDDA690,IMPHASH=43C6BE584D77B658A53A9A5C606724DD",
      "IMPHASH": "43C6BE584D77B658A53A9A5C606724DD",
      "Image": "C:\\Windows\\System32\\wbem\\WMIC.exe",
      "IntegrityLevel": "High",
      "Keywords": "0x8000000000000000",
      "Level": 4,
      "LogonGuid": "20525DD1-B76B-6A2E-D0C3-010000000000",
      "LogonId": "0x1c3d0",
      "MD5": "2E51DA7B69836CFEBCB3F9AA47C08266",
      "Opcode": 0,
      "OriginalFileName": "wmic.exe",
      "OriginalLogfile": "t1204.002__t1204.002_017.evtx",
      "ParentCommandLine": "cmd.exe /c \"wmic process call create \\\"rundll32.exe C:\\ProgramData\\mal.dll,DllRegisterServer /\\\"s\\\" /n -\\\"u\\\"\\\"\"",
      "ParentImage": "C:\\Windows\\System32\\cmd.exe",
      "ParentProcessGuid": "20525DD1-E8D8-6A2E-6314-000000002C00",
      "ParentProcessId": 8800,
      "ParentUser": "thaimx\\thaim",
      "ProcessGuid": "20525DD1-E8D8-6A2E-6414-000000002C00",
      "ProcessID": "3836",
      "Product": "Microsoft® Windows® Operating System",
      "Provider_Name": "Microsoft-Windows-Sysmon",
      "RuleName": "-",
      "SHA256": "7C7F386BB7C70263FD835DC58791B6DD73FC6617C27751B5503DBA8D0CDDA690",
      "SystemTime": "2026-06-14T17:46:00.407435Z",
      "Task": 1,
      "TerminalSessionId": 1,
      "ThreadID": 3864,
      "User": "thaimx\\thaim",
      "UserID": "S-1-5-18",
      "UtcTime": "2026-06-14 17:46:00.404",
      "Version": 5
    },
    {
      "row_id": 324,
      "Channel": "Microsoft-Windows-Sysmon/Operational",
      "CommandLine": "cmd.exe /c \"wmic process call create \\\"rundll32.exe C:\\ProgramData\\mal.dll,DllRegisterServer /S /N /u\\\"\"",
      "Company": "Microsoft Corporation",
      "Computer": "thaimx",
      "CurrentDirectory": "C:\\DATN1\\",
      "Description": "Windows Command Processor",
      "EventID": 1,
      "EventRecordID": 211027,
      "FileVersion": "10.0.26100.8521 (WinBuild.160101.0800)",
      "Guid": "5770385F-C22A-43E0-BF4C-06F5698FFBD9",
      "Hashes": "MD5=D87E9FA4C7C878F4C1DC8885CEA7F9F0,SHA256=75320A519959CC6D089EA3EBA33C38CACCB7F138A025EA439BC9686CDB79DED4,IMPHASH=B0F049C014592B156EB1FA857E99CEB9",
      "IMPHASH": "B0F049C014592B156EB1FA857E99CEB9",
      "Image": "C:\\Windows\\System32\\cmd.exe",
      "IntegrityLevel": "High",
      "Keywords": "0x8000000000000000",
      "Level": 4,
      "LogonGuid": "20525DD1-B76B-6A2E-D0C3-010000000000",
      "LogonId": "0x1c3d0",
      "MD5": "D87E9FA4C7C878F4C1DC8885CEA7F9F0",
      "Opcode": 0,
      "OriginalFileName": "Cmd.Exe",
      "OriginalLogfile": "t1204.002__t1204.002_018.evtx",
      "ParentCommandLine": "python  -m src.sigma_rule_evaluator.cli --execute",
      "ParentImage": "C:\\Users\\thaim\\AppData\\Local\\Programs\\Python\\Python314\\python.exe",
      "ParentProcessGuid": "20525DD1-CF08-6A2E-7403-000000002C00",
      "ParentProcessId": 9080,
      "ParentUser": "thaimx\\thaim",
      "ProcessGuid": "20525DD1-E8EA-6A2E-7A14-000000002C00",
      "ProcessID": "3836",
      "Product": "Microsoft® Windows® Operating System",
      "Provider_Name": "Microsoft-Windows-Sysmon",
      "RuleName": "-",
      "SHA256": "75320A519959CC6D089EA3EBA33C38CACCB7F138A025EA439BC9686CDB79DED4",
      "SystemTime": "2026-06-14T17:46:18.793285Z",
      "Task": 1,
      "TerminalSessionId": 1,
      "ThreadID": 3864,
      "User": "thaimx\\thaim",
      "UserID": "S-1-5-18",
      "UtcTime": "2026-06-14 17:46:18.785",
      "Version": 5
    },
    {
      "row_id": 325,
      "Channel": "Microsoft-Windows-Sysmon/Operational",
      "CommandLine": "wmic  process call create \\\"rundll32.exe C:\\ProgramData\\mal.dll,DllRegisterServer /S /N /u\\\"",
      "Company": "Microsoft Corporation",
      "Computer": "thaimx",
      "CurrentDirectory": "C:\\DATN1\\",
      "Description": "WMI Commandline Utility",
      "EventID": 1,
      "EventRecordID": 211028,
      "FileVersion": "10.0.26100.5074 (WinBuild.160101.0800)",
      "Guid": "5770385F-C22A-43E0-BF4C-06F5698FFBD9",
      "Hashes": "MD5=2E51DA7B69836CFEBCB3F9AA47C08266,SHA256=7C7F386BB7C70263FD835DC58791B6DD73FC6617C27751B5503DBA8D0CDDA690,IMPHASH=43C6BE584D77B658A53A9A5C606724DD",
      "IMPHASH": "43C6BE584D77B658A53A9A5C606724DD",
      "Image": "C:\\Windows\\System32\\wbem\\WMIC.exe",
      "IntegrityLevel": "High",
      "Keywords": "0x8000000000000000",
      "Level": 4,
      "LogonGuid": "20525DD1-B76B-6A2E-D0C3-010000000000",
      "LogonId": "0x1c3d0",
      "MD5": "2E51DA7B69836CFEBCB3F9AA47C08266",
      "Opcode": 0,
      "OriginalFileName": "wmic.exe",
      "OriginalLogfile": "t1204.002__t1204.002_018.evtx",
      "ParentCommandLine": "cmd.exe /c \"wmic process call create \\\"rundll32.exe C:\\ProgramData\\mal.dll,DllRegisterServer /S /N /u\\\"\"",
      "ParentImage": "C:\\Windows\\System32\\cmd.exe",
      "ParentProcessGuid": "20525DD1-E8EA-6A2E-7A14-000000002C00",
      "ParentProcessId": 10876,
      "ParentUser": "thaimx\\thaim",
      "ProcessGuid": "20525DD1-E8EA-6A2E-7B14-000000002C00",
      "ProcessID": "3836",
      "Product": "Microsoft® Windows® Operating System",
      "Provider_Name": "Microsoft-Windows-Sysmon",
      "RuleName": "-",
      "SHA256": "7C7F386BB7C70263FD835DC58791B6DD73FC6617C27751B5503DBA8D0CDDA690",
      "SystemTime": "2026-06-14T17:46:18.811457Z",
      "Task": 1,
      "TerminalSessionId": 1,
      "ThreadID": 3864,
      "User": "thaimx\\thaim",
      "UserID": "S-1-5-18",
      "UtcTime": "2026-06-14 17:46:18.808",
      "Version": 5
    },
    {
      "row_id": 326,
      "Channel": "Microsoft-Windows-Sysmon/Operational",
      "CommandLine": "cmd.exe /c \"wmic process call create \\\"rundll32.exe C:\\ProgramData\\mal.dll,DllRegisterServer /\\\"s\\\" /\\\"n\\\" /u\\\"\"",
      "Company": "Microsoft Corporation",
      "Computer": "thaimx",
      "CurrentDirectory": "C:\\DATN1\\",
      "Description": "Windows Command Processor",
      "EventID": 1,
      "EventRecordID": 211073,
      "FileVersion": "10.0.26100.8521 (WinBuild.160101.0800)",
      "Guid": "5770385F-C22A-43E0-BF4C-06F5698FFBD9",
      "Hashes": "MD5=D87E9FA4C7C878F4C1DC8885CEA7F9F0,SHA256=75320A519959CC6D089EA3EBA33C38CACCB7F138A025EA439BC9686CDB79DED4,IMPHASH=B0F049C014592B156EB1FA857E99CEB9",
      "IMPHASH": "B0F049C014592B156EB1FA857E99CEB9",
      "Image": "C:\\Windows\\System32\\cmd.exe",
      "IntegrityLevel": "High",
      "Keywords": "0x8000000000000000",
      "Level": 4,
      "LogonGuid": "20525DD1-B76B-6A2E-D0C3-010000000000",
      "LogonId": "0x1c3d0",
      "MD5": "D87E9FA4C7C878F4C1DC8885CEA7F9F0",
      "Opcode": 0,
      "OriginalFileName": "Cmd.Exe",
      "OriginalLogfile": "t1204.002__t1204.002_019.evtx",
      "ParentCommandLine": "python  -m src.sigma_rule_evaluator.cli --execute",
      "ParentImage": "C:\\Users\\thaim\\AppData\\Local\\Programs\\Python\\Python314\\python.exe",
      "ParentProcessGuid": "20525DD1-CF08-6A2E-7403-000000002C00",
      "ParentProcessId": 9080,
      "ParentUser": "thaimx\\thaim",
      "ProcessGuid": "20525DD1-E8FE-6A2E-9114-000000002C00",
      "ProcessID": "3836",
      "Product": "Microsoft® Windows® Operating System",
      "Provider_Name": "Microsoft-Windows-Sysmon",
      "RuleName": "-",
      "SHA256": "75320A519959CC6D089EA3EBA33C38CACCB7F138A025EA439BC9686CDB79DED4",
      "SystemTime": "2026-06-14T17:46:38.476454Z",
      "Task": 1,
      "TerminalSessionId": 1,
      "ThreadID": 3864,
      "User": "thaimx\\thaim",
      "UserID": "S-1-5-18",
      "UtcTime": "2026-06-14 17:46:38.471",
      "Version": 5
    },
    {
      "row_id": 327,
      "Channel": "Microsoft-Windows-Sysmon/Operational",
      "CommandLine": "wmic  process call create \\\"rundll32.exe C:\\ProgramData\\mal.dll,DllRegisterServer /\\\"s\\\" /\\\"n\\\" /u\\\"",
      "Company": "Microsoft Corporation",
      "Computer": "thaimx",
      "CurrentDirectory": "C:\\DATN1\\",
      "Description": "WMI Commandline Utility",
      "EventID": 1,
      "EventRecordID": 211074,
      "FileVersion": "10.0.26100.5074 (WinBuild.160101.0800)",
      "Guid": "5770385F-C22A-43E0-BF4C-06F5698FFBD9",
      "Hashes": "MD5=2E51DA7B69836CFEBCB3F9AA47C08266,SHA256=7C7F386BB7C70263FD835DC58791B6DD73FC6617C27751B5503DBA8D0CDDA690,IMPHASH=43C6BE584D77B658A53A9A5C606724DD",
      "IMPHASH": "43C6BE584D77B658A53A9A5C606724DD",
      "Image": "C:\\Windows\\System32\\wbem\\WMIC.exe",
      "IntegrityLevel": "High",
      "Keywords": "0x8000000000000000",
      "Level": 4,
      "LogonGuid": "20525DD1-B76B-6A2E-D0C3-010000000000",
      "LogonId": "0x1c3d0",
      "MD5": "2E51DA7B69836CFEBCB3F9AA47C08266",
      "Opcode": 0,
      "OriginalFileName": "wmic.exe",
      "OriginalLogfile": "t1204.002__t1204.002_019.evtx",
      "ParentCommandLine": "cmd.exe /c \"wmic process call create \\\"rundll32.exe C:\\ProgramData\\mal.dll,DllRegisterServer /\\\"s\\\" /\\\"n\\\" /u\\\"\"",
      "ParentImage": "C:\\Windows\\System32\\cmd.exe",
      "ParentProcessGuid": "20525DD1-E8FE-6A2E-9114-000000002C00",
      "ParentProcessId": 8276,
      "ParentUser": "thaimx\\thaim",
      "ProcessGuid": "20525DD1-E8FE-6A2E-9214-000000002C00",
      "ProcessID": "3836",
      "Product": "Microsoft® Windows® Operating System",
      "Provider_Name": "Microsoft-Windows-Sysmon",
      "RuleName": "-",
      "SHA256": "7C7F386BB7C70263FD835DC58791B6DD73FC6617C27751B5503DBA8D0CDDA690",
      "SystemTime": "2026-06-14T17:46:38.528099Z",
      "Task": 1,
      "TerminalSessionId": 1,
      "ThreadID": 3864,
      "User": "thaimx\\thaim",
      "UserID": "S-1-5-18",
      "UtcTime": "2026-06-14 17:46:38.521",
      "Version": 5
    },
    {
      "row_id": 328,
      "Channel": "Microsoft-Windows-Sysmon/Operational",
      "CommandLine": "cmd.exe /c \"wmic process call create \\\"rundll32.exe C:\\ProgramData\\mal.dll,DllRegisterServer /s /N /u\\\"\"",
      "Company": "Microsoft Corporation",
      "Computer": "thaimx",
      "CurrentDirectory": "C:\\DATN1\\",
      "Description": "Windows Command Processor",
      "EventID": 1,
      "EventRecordID": 211125,
      "FileVersion": "10.0.26100.8521 (WinBuild.160101.0800)",
      "Guid": "5770385F-C22A-43E0-BF4C-06F5698FFBD9",
      "Hashes": "MD5=D87E9FA4C7C878F4C1DC8885CEA7F9F0,SHA256=75320A519959CC6D089EA3EBA33C38CACCB7F138A025EA439BC9686CDB79DED4,IMPHASH=B0F049C014592B156EB1FA857E99CEB9",
      "IMPHASH": "B0F049C014592B156EB1FA857E99CEB9",
      "Image": "C:\\Windows\\System32\\cmd.exe",
      "IntegrityLevel": "High",
      "Keywords": "0x8000000000000000",
      "Level": 4,
      "LogonGuid": "20525DD1-B76B-6A2E-D0C3-010000000000",
      "LogonId": "0x1c3d0",
      "MD5": "D87E9FA4C7C878F4C1DC8885CEA7F9F0",
      "Opcode": 0,
      "OriginalFileName": "Cmd.Exe",
      "OriginalLogfile": "t1204.002__t1204.002_020.evtx",
      "ParentCommandLine": "python  -m src.sigma_rule_evaluator.cli --execute",
      "ParentImage": "C:\\Users\\thaim\\AppData\\Local\\Programs\\Python\\Python314\\python.exe",
      "ParentProcessGuid": "20525DD1-CF08-6A2E-7403-000000002C00",
      "ParentProcessId": 9080,
      "ParentUser": "thaimx\\thaim",
      "ProcessGuid": "20525DD1-E913-6A2E-AB14-000000002C00",
      "ProcessID": "3836",
      "Product": "Microsoft® Windows® Operating System",
      "Provider_Name": "Microsoft-Windows-Sysmon",
      "RuleName": "-",
      "SHA256": "75320A519959CC6D089EA3EBA33C38CACCB7F138A025EA439BC9686CDB79DED4",
      "SystemTime": "2026-06-14T17:46:59.082498Z",
      "Task": 1,
      "TerminalSessionId": 1,
      "ThreadID": 3864,
      "User": "thaimx\\thaim",
      "UserID": "S-1-5-18",
      "UtcTime": "2026-06-14 17:46:59.078",
      "Version": 5
    },
    {
      "row_id": 329,
      "Channel": "Microsoft-Windows-Sysmon/Operational",
      "CommandLine": "wmic  process call create \\\"rundll32.exe C:\\ProgramData\\mal.dll,DllRegisterServer /s /N /u\\\"",
      "Company": "Microsoft Corporation",
      "Computer": "thaimx",
      "CurrentDirectory": "C:\\DATN1\\",
      "Description": "WMI Commandline Utility",
      "EventID": 1,
      "EventRecordID": 211126,
      "FileVersion": "10.0.26100.5074 (WinBuild.160101.0800)",
      "Guid": "5770385F-C22A-43E0-BF4C-06F5698FFBD9",
      "Hashes": "MD5=2E51DA7B69836CFEBCB3F9AA47C08266,SHA256=7C7F386BB7C70263FD835DC58791B6DD73FC6617C27751B5503DBA8D0CDDA690,IMPHASH=43C6BE584D77B658A53A9A5C606724DD",
      "IMPHASH": "43C6BE584D77B658A53A9A5C606724DD",
      "Image": "C:\\Windows\\System32\\wbem\\WMIC.exe",
      "IntegrityLevel": "High",
      "Keywords": "0x8000000000000000",
      "Level": 4,
      "LogonGuid": "20525DD1-B76B-6A2E-D0C3-010000000000",
      "LogonId": "0x1c3d0",
      "MD5": "2E51DA7B69836CFEBCB3F9AA47C08266",
      "Opcode": 0,
      "OriginalFileName": "wmic.exe",
      "OriginalLogfile": "t1204.002__t1204.002_020.evtx",
      "ParentCommandLine": "cmd.exe /c \"wmic process call create \\\"rundll32.exe C:\\ProgramData\\mal.dll,DllRegisterServer /s /N /u\\\"\"",
      "ParentImage": "C:\\Windows\\System32\\cmd.exe",
      "ParentProcessGuid": "20525DD1-E913-6A2E-AB14-000000002C00",
      "ParentProcessId": 10356,
      "ParentUser": "thaimx\\thaim",
      "ProcessGuid": "20525DD1-E913-6A2E-AC14-000000002C00",
      "ProcessID": "3836",
      "Product": "Microsoft® Windows® Operating System",
      "Provider_Name": "Microsoft-Windows-Sysmon",
      "RuleName": "-",
      "SHA256": "7C7F386BB7C70263FD835DC58791B6DD73FC6617C27751B5503DBA8D0CDDA690",
      "SystemTime": "2026-06-14T17:46:59.107955Z",
      "Task": 1,
      "TerminalSessionId": 1,
      "ThreadID": 3864,
      "User": "thaimx\\thaim",
      "UserID": "S-1-5-18",
      "UtcTime": "2026-06-14 17:46:59.099",
      "Version": 5
    },
    {
      "row_id": 330,
      "Channel": "Microsoft-Windows-Sysmon/Operational",
      "CommandLine": "cmd.exe /c \"wmic process call create \\\"rundll32.exe C:\\ProgramData\\mal.dll,DllRegisterServer /s /N /U\\\"\"",
      "Company": "Microsoft Corporation",
      "Computer": "thaimx",
      "CurrentDirectory": "C:\\DATN1\\",
      "Description": "Windows Command Processor",
      "EventID": 1,
      "EventRecordID": 211172,
      "FileVersion": "10.0.26100.8521 (WinBuild.160101.0800)",
      "Guid": "5770385F-C22A-43E0-BF4C-06F5698FFBD9",
      "Hashes": "MD5=D87E9FA4C7C878F4C1DC8885CEA7F9F0,SHA256=75320A519959CC6D089EA3EBA33C38CACCB7F138A025EA439BC9686CDB79DED4,IMPHASH=B0F049C014592B156EB1FA857E99CEB9",
      "IMPHASH": "B0F049C014592B156EB1FA857E99CEB9",
      "Image": "C:\\Windows\\System32\\cmd.exe",
      "IntegrityLevel": "High",
      "Keywords": "0x8000000000000000",
      "Level": 4,
      "LogonGuid": "20525DD1-B76B-6A2E-D0C3-010000000000",
      "LogonId": "0x1c3d0",
      "MD5": "D87E9FA4C7C878F4C1DC8885CEA7F9F0",
      "Opcode": 0,
      "OriginalFileName": "Cmd.Exe",
      "OriginalLogfile": "t1204.002__t1204.002_021.evtx",
      "ParentCommandLine": "python  -m src.sigma_rule_evaluator.cli --execute",
      "ParentImage": "C:\\Users\\thaim\\AppData\\Local\\Programs\\Python\\Python314\\python.exe",
      "ParentProcessGuid": "20525DD1-CF08-6A2E-7403-000000002C00",
      "ParentProcessId": 9080,
      "ParentUser": "thaimx\\thaim",
      "ProcessGuid": "20525DD1-E927-6A2E-C214-000000002C00",
      "ProcessID": "3836",
      "Product": "Microsoft® Windows® Operating System",
      "Provider_Name": "Microsoft-Windows-Sysmon",
      "RuleName": "-",
      "SHA256": "75320A519959CC6D089EA3EBA33C38CACCB7F138A025EA439BC9686CDB79DED4",
      "SystemTime": "2026-06-14T17:47:19.050870Z",
      "Task": 1,
      "TerminalSessionId": 1,
      "ThreadID": 3864,
      "User": "thaimx\\thaim",
      "UserID": "S-1-5-18",
      "UtcTime": "2026-06-14 17:47:19.043",
      "Version": 5
    },
    {
      "row_id": 331,
      "Channel": "Microsoft-Windows-Sysmon/Operational",
      "CommandLine": "wmic  process call create \\\"rundll32.exe C:\\ProgramData\\mal.dll,DllRegisterServer /s /N /U\\\"",
      "Company": "Microsoft Corporation",
      "Computer": "thaimx",
      "CurrentDirectory": "C:\\DATN1\\",
      "Description": "WMI Commandline Utility",
      "EventID": 1,
      "EventRecordID": 211173,
      "FileVersion": "10.0.26100.5074 (WinBuild.160101.0800)",
      "Guid": "5770385F-C22A-43E0-BF4C-06F5698FFBD9",
      "Hashes": "MD5=2E51DA7B69836CFEBCB3F9AA47C08266,SHA256=7C7F386BB7C70263FD835DC58791B6DD73FC6617C27751B5503DBA8D0CDDA690,IMPHASH=43C6BE584D77B658A53A9A5C606724DD",
      "IMPHASH": "43C6BE584D77B658A53A9A5C606724DD",
      "Image": "C:\\Windows\\System32\\wbem\\WMIC.exe",
      "IntegrityLevel": "High",
      "Keywords": "0x8000000000000000",
      "Level": 4,
      "LogonGuid": "20525DD1-B76B-6A2E-D0C3-010000000000",
      "LogonId": "0x1c3d0",
      "MD5": "2E51DA7B69836CFEBCB3F9AA47C08266",
      "Opcode": 0,
      "OriginalFileName": "wmic.exe",
      "OriginalLogfile": "t1204.002__t1204.002_021.evtx",
      "ParentCommandLine": "cmd.exe /c \"wmic process call create \\\"rundll32.exe C:\\ProgramData\\mal.dll,DllRegisterServer /s /N /U\\\"\"",
      "ParentImage": "C:\\Windows\\System32\\cmd.exe",
      "ParentProcessGuid": "20525DD1-E927-6A2E-C214-000000002C00",
      "ParentProcessId": 11444,
      "ParentUser": "thaimx\\thaim",
      "ProcessGuid": "20525DD1-E927-6A2E-C314-000000002C00",
      "ProcessID": "3836",
      "Product": "Microsoft® Windows® Operating System",
      "Provider_Name": "Microsoft-Windows-Sysmon",
      "RuleName": "-",
      "SHA256": "7C7F386BB7C70263FD835DC58791B6DD73FC6617C27751B5503DBA8D0CDDA690",
      "SystemTime": "2026-06-14T17:47:19.089017Z",
      "Task": 1,
      "TerminalSessionId": 1,
      "ThreadID": 3864,
      "User": "thaimx\\thaim",
      "UserID": "S-1-5-18",
      "UtcTime": "2026-06-14 17:47:19.081",
      "Version": 5
    },
    {
      "row_id": 332,
      "Channel": "Microsoft-Windows-Sysmon/Operational",
      "CommandLine": "cmd.exe /c \"wmic process call create \\\"rundll32.exe C:\\ProgramData\\mal.dll,DllRegisterServer -\\\"s\\\" -\\\"n\\\" /U\\\"\"",
      "Company": "Microsoft Corporation",
      "Computer": "thaimx",
      "CurrentDirectory": "C:\\DATN1\\",
      "Description": "Windows Command Processor",
      "EventID": 1,
      "EventRecordID": 211212,
      "FileVersion": "10.0.26100.8521 (WinBuild.160101.0800)",
      "Guid": "5770385F-C22A-43E0-BF4C-06F5698FFBD9",
      "Hashes": "MD5=D87E9FA4C7C878F4C1DC8885CEA7F9F0,SHA256=75320A519959CC6D089EA3EBA33C38CACCB7F138A025EA439BC9686CDB79DED4,IMPHASH=B0F049C014592B156EB1FA857E99CEB9",
      "IMPHASH": "B0F049C014592B156EB1FA857E99CEB9",
      "Image": "C:\\Windows\\System32\\cmd.exe",
      "IntegrityLevel": "High",
      "Keywords": "0x8000000000000000",
      "Level": 4,
      "LogonGuid": "20525DD1-B76B-6A2E-D0C3-010000000000",
      "LogonId": "0x1c3d0",
      "MD5": "D87E9FA4C7C878F4C1DC8885CEA7F9F0",
      "Opcode": 0,
      "OriginalFileName": "Cmd.Exe",
      "OriginalLogfile": "t1204.002__t1204.002_022.evtx",
      "ParentCommandLine": "python  -m src.sigma_rule_evaluator.cli --execute",
      "ParentImage": "C:\\Users\\thaim\\AppData\\Local\\Programs\\Python\\Python314\\python.exe",
      "ParentProcessGuid": "20525DD1-CF08-6A2E-7403-000000002C00",
      "ParentProcessId": 9080,
      "ParentUser": "thaimx\\thaim",
      "ProcessGuid": "20525DD1-E93B-6A2E-D614-000000002C00",
      "ProcessID": "3836",
      "Product": "Microsoft® Windows® Operating System",
      "Provider_Name": "Microsoft-Windows-Sysmon",
      "RuleName": "-",
      "SHA256": "75320A519959CC6D089EA3EBA33C38CACCB7F138A025EA439BC9686CDB79DED4",
      "SystemTime": "2026-06-14T17:47:39.149184Z",
      "Task": 1,
      "TerminalSessionId": 1,
      "ThreadID": 3864,
      "User": "thaimx\\thaim",
      "UserID": "S-1-5-18",
      "UtcTime": "2026-06-14 17:47:39.145",
      "Version": 5
    },
    {
      "row_id": 333,
      "Channel": "Microsoft-Windows-Sysmon/Operational",
      "CommandLine": "wmic  process call create \\\"rundll32.exe C:\\ProgramData\\mal.dll,DllRegisterServer -\\\"s\\\" -\\\"n\\\" /U\\\"",
      "Company": "Microsoft Corporation",
      "Computer": "thaimx",
      "CurrentDirectory": "C:\\DATN1\\",
      "Description": "WMI Commandline Utility",
      "EventID": 1,
      "EventRecordID": 211213,
      "FileVersion": "10.0.26100.5074 (WinBuild.160101.0800)",
      "Guid": "5770385F-C22A-43E0-BF4C-06F5698FFBD9",
      "Hashes": "MD5=2E51DA7B69836CFEBCB3F9AA47C08266,SHA256=7C7F386BB7C70263FD835DC58791B6DD73FC6617C27751B5503DBA8D0CDDA690,IMPHASH=43C6BE584D77B658A53A9A5C606724DD",
      "IMPHASH": "43C6BE584D77B658A53A9A5C606724DD",
      "Image": "C:\\Windows\\System32\\wbem\\WMIC.exe",
      "IntegrityLevel": "High",
      "Keywords": "0x8000000000000000",
      "Level": 4,
      "LogonGuid": "20525DD1-B76B-6A2E-D0C3-010000000000",
      "LogonId": "0x1c3d0",
      "MD5": "2E51DA7B69836CFEBCB3F9AA47C08266",
      "Opcode": 0,
      "OriginalFileName": "wmic.exe",
      "OriginalLogfile": "t1204.002__t1204.002_022.evtx",
      "ParentCommandLine": "cmd.exe /c \"wmic process call create \\\"rundll32.exe C:\\ProgramData\\mal.dll,DllRegisterServer -\\\"s\\\" -\\\"n\\\" /U\\\"\"",
      "ParentImage": "C:\\Windows\\System32\\cmd.exe",
      "ParentProcessGuid": "20525DD1-E93B-6A2E-D614-000000002C00",
      "ParentProcessId": 11472,
      "ParentUser": "thaimx\\thaim",
      "ProcessGuid": "20525DD1-E93B-6A2E-D714-000000002C00",
      "ProcessID": "3836",
      "Product": "Microsoft® Windows® Operating System",
      "Provider_Name": "Microsoft-Windows-Sysmon",
      "RuleName": "-",
      "SHA256": "7C7F386BB7C70263FD835DC58791B6DD73FC6617C27751B5503DBA8D0CDDA690",
      "SystemTime": "2026-06-14T17:47:39.171963Z",
      "Task": 1,
      "TerminalSessionId": 1,
      "ThreadID": 3864,
      "User": "thaimx\\thaim",
      "UserID": "S-1-5-18",
      "UtcTime": "2026-06-14 17:47:39.167",
      "Version": 5
    },
    {
      "row_id": 334,
      "Channel": "Microsoft-Windows-Sysmon/Operational",
      "CommandLine": "cmd.exe /c \"wmic process call create \\\"rundll32.exe C:\\ProgramData\\mal.dll,DllRegisterServer -\\\"s\\\" /N /u\\\"\"",
      "Company": "Microsoft Corporation",
      "Computer": "thaimx",
      "CurrentDirectory": "C:\\DATN1\\",
      "Description": "Windows Command Processor",
      "EventID": 1,
      "EventRecordID": 211262,
      "FileVersion": "10.0.26100.8521 (WinBuild.160101.0800)",
      "Guid": "5770385F-C22A-43E0-BF4C-06F5698FFBD9",
      "Hashes": "MD5=D87E9FA4C7C878F4C1DC8885CEA7F9F0,SHA256=75320A519959CC6D089EA3EBA33C38CACCB7F138A025EA439BC9686CDB79DED4,IMPHASH=B0F049C014592B156EB1FA857E99CEB9",
      "IMPHASH": "B0F049C014592B156EB1FA857E99CEB9",
      "Image": "C:\\Windows\\System32\\cmd.exe",
      "IntegrityLevel": "High",
      "Keywords": "0x8000000000000000",
      "Level": 4,
      "LogonGuid": "20525DD1-B76B-6A2E-D0C3-010000000000",
      "LogonId": "0x1c3d0",
      "MD5": "D87E9FA4C7C878F4C1DC8885CEA7F9F0",
      "Opcode": 0,
      "OriginalFileName": "Cmd.Exe",
      "OriginalLogfile": "t1204.002__t1204.002_023.evtx",
      "ParentCommandLine": "python  -m src.sigma_rule_evaluator.cli --execute",
      "ParentImage": "C:\\Users\\thaim\\AppData\\Local\\Programs\\Python\\Python314\\python.exe",
      "ParentProcessGuid": "20525DD1-CF08-6A2E-7403-000000002C00",
      "ParentProcessId": 9080,
      "ParentUser": "thaimx\\thaim",
      "ProcessGuid": "20525DD1-E950-6A2E-EF14-000000002C00",
      "ProcessID": "3836",
      "Product": "Microsoft® Windows® Operating System",
      "Provider_Name": "Microsoft-Windows-Sysmon",
      "RuleName": "-",
      "SHA256": "75320A519959CC6D089EA3EBA33C38CACCB7F138A025EA439BC9686CDB79DED4",
      "SystemTime": "2026-06-14T17:48:00.228727Z",
      "Task": 1,
      "TerminalSessionId": 1,
      "ThreadID": 3864,
      "User": "thaimx\\thaim",
      "UserID": "S-1-5-18",
      "UtcTime": "2026-06-14 17:48:00.223",
      "Version": 5
    },
